# build-tree --verbose=1 --max-leaves=2000 --cluster-thresh=-1 exp/tri1/treeacc data/lang/phones/roots.int exp/tri1/questions.qst data/lang/topo exp/tri1/tree 
# Started at Sat Nov 11 18:40:13 EST 2017
#
build-tree --verbose=1 --max-leaves=2000 --cluster-thresh=-1 exp/tri1/treeacc data/lang/phones/roots.int exp/tri1/questions.qst data/lang/topo exp/tri1/tree 
LOG (build-tree[5.2.134~1-ecd4]:main():build-tree.cc:100) Number of separate statistics is 173
LOG (build-tree[5.2.134~1-ecd4]:BuildTree():build-tree.cc:159) BuildTree: before building trees, map has 22 leaves.
LOG (build-tree[5.2.134~1-ecd4]:SplitDecisionTree():build-tree-utils.cc:577) DoDecisionTreeSplit: split 88 times, #leaves now 110
LOG (build-tree[5.2.134~1-ecd4]:BuildTree():build-tree.cc:185) Setting clustering threshold to smallest split 304.303
VLOG[1] (build-tree[5.2.134~1-ecd4]:BuildTree():build-tree.cc:194) After decision tree split, num-leaves = 110, like-impr = 6.5198 per frame over 34902 frames.
VLOG[1] (build-tree[5.2.134~1-ecd4]:BuildTree():build-tree.cc:198) Including just phones that were split, improvement is 6.5198 per frame over 34902 frames.
LOG (build-tree[5.2.134~1-ecd4]:BuildTree():build-tree.cc:213) BuildTree: removed 5 leaves.
VLOG[1] (build-tree[5.2.134~1-ecd4]:BuildTree():build-tree.cc:220) Objf change due to clustering -0.024404 per frame.
VLOG[1] (build-tree[5.2.134~1-ecd4]:BuildTree():build-tree.cc:223) Normalizing over only split phones, this is: -0.024404 per frame.
VLOG[1] (build-tree[5.2.134~1-ecd4]:BuildTree():build-tree.cc:226) Num-leaves is now 105
VLOG[1] (build-tree[5.2.134~1-ecd4]:main():build-tree.cc:138) For pdf-id 1, low count 0
VLOG[1] (build-tree[5.2.134~1-ecd4]:main():build-tree.cc:138) For pdf-id 6, low count 19
VLOG[1] (build-tree[5.2.134~1-ecd4]:main():build-tree.cc:138) For pdf-id 7, low count 39
VLOG[1] (build-tree[5.2.134~1-ecd4]:main():build-tree.cc:138) For pdf-id 12, low count 69
VLOG[1] (build-tree[5.2.134~1-ecd4]:main():build-tree.cc:138) For pdf-id 17, low count 83
VLOG[1] (build-tree[5.2.134~1-ecd4]:main():build-tree.cc:138) For pdf-id 26, low count 34
VLOG[1] (build-tree[5.2.134~1-ecd4]:main():build-tree.cc:138) For pdf-id 47, low count 44
VLOG[1] (build-tree[5.2.134~1-ecd4]:main():build-tree.cc:138) For pdf-id 48, low count 31
VLOG[1] (build-tree[5.2.134~1-ecd4]:main():build-tree.cc:138) For pdf-id 51, low count 25
VLOG[1] (build-tree[5.2.134~1-ecd4]:main():build-tree.cc:138) For pdf-id 98, low count 69
VLOG[1] (build-tree[5.2.134~1-ecd4]:main():build-tree.cc:138) For pdf-id 100, low count 11
VLOG[1] (build-tree[5.2.134~1-ecd4]:main():build-tree.cc:138) For pdf-id 104, low count 33
WARNING (build-tree[5.2.134~1-ecd4]:main():build-tree.cc:180) Saw no stats for following phones: 2 3 4 5 6 7 8 9 10 11 12 14 15 16 18 19 20 22 23 24 26 28 29 30 32 33 34 36 37 38 39 40 42 43 46 47 48 50 53 54 55 57 58 59 62 65 66 69 70 72 73 74 75 77 78 80 82 83 86 88 89 90 
LOG (build-tree[5.2.134~1-ecd4]:main():build-tree.cc:184) Wrote tree
# Accounting: time=1 threads=1
# Ended (code 0) at Sat Nov 11 18:40:14 EST 2017, elapsed time 1 seconds
