# gmm-init-model --write-occs=exp/tri1/1.occs exp/tri1/tree exp/tri1/treeacc data/lang/topo exp/tri1/1.mdl 
# Started at Sat Nov 11 18:40:14 EST 2017
#
gmm-init-model --write-occs=exp/tri1/1.occs exp/tri1/tree exp/tri1/treeacc data/lang/topo exp/tri1/1.mdl 
LOG (gmm-init-model[5.2.134~1-ecd4]:main():gmm-init-model.cc:271) Number of separate statistics is 173
WARNING (gmm-init-model[5.2.134~1-ecd4]:InitAmGmm():gmm-init-model.cc:55) Tree has pdf-id 1 with no stats; corresponding phone list: 6 7 8 9 10 
WARNING (gmm-init-model[5.2.134~1-ecd4]:InitAmGmm():gmm-init-model.cc:83) Very small count for state 6: 19; corresponding phone list: 27 28 29 30 
WARNING (gmm-init-model[5.2.134~1-ecd4]:InitAmGmm():gmm-init-model.cc:83) Very small count for state 7: 39; corresponding phone list: 31 32 33 34 
WARNING (gmm-init-model[5.2.134~1-ecd4]:InitAmGmm():gmm-init-model.cc:83) Very small count for state 12: 69; corresponding phone list: 51 52 53 54 
WARNING (gmm-init-model[5.2.134~1-ecd4]:InitAmGmm():gmm-init-model.cc:83) Very small count for state 17: 83; corresponding phone list: 71 72 73 74 
WARNING (gmm-init-model[5.2.134~1-ecd4]:InitAmGmm():gmm-init-model.cc:83) Very small count for state 26: 34; corresponding phone list: 67 68 69 70 
WARNING (gmm-init-model[5.2.134~1-ecd4]:InitAmGmm():gmm-init-model.cc:83) Very small count for state 47: 44; corresponding phone list: 67 68 69 70 
WARNING (gmm-init-model[5.2.134~1-ecd4]:InitAmGmm():gmm-init-model.cc:83) Very small count for state 48: 31; corresponding phone list: 39 40 41 42 
WARNING (gmm-init-model[5.2.134~1-ecd4]:InitAmGmm():gmm-init-model.cc:83) Very small count for state 51: 25; corresponding phone list: 31 32 33 34 
WARNING (gmm-init-model[5.2.134~1-ecd4]:InitAmGmm():gmm-init-model.cc:83) Very small count for state 98: 69; corresponding phone list: 67 68 69 70 
WARNING (gmm-init-model[5.2.134~1-ecd4]:InitAmGmm():gmm-init-model.cc:83) Very small count for state 100: 11; corresponding phone list: 59 60 61 62 
WARNING (gmm-init-model[5.2.134~1-ecd4]:InitAmGmm():gmm-init-model.cc:83) Very small count for state 104: 33; corresponding phone list: 67 68 69 70 
LOG (gmm-init-model[5.2.134~1-ecd4]:main():gmm-init-model.cc:306) Wrote model.
# Accounting: time=0 threads=1
# Ended (code 0) at Sat Nov 11 18:40:14 EST 2017, elapsed time 0 seconds
