# gmm-est --mix-up=5240 --power=0.25 --write-occs=exp/tri1/11.occs exp/tri1/10.mdl "gmm-sum-accs - exp/tri1/10.*.acc |" exp/tri1/11.mdl 
# Started at Sat Nov 11 18:40:21 EST 2017
#
gmm-est --mix-up=5240 --power=0.25 --write-occs=exp/tri1/11.occs exp/tri1/10.mdl 'gmm-sum-accs - exp/tri1/10.*.acc |' exp/tri1/11.mdl 
gmm-sum-accs - exp/tri1/10.1.acc 
LOG (gmm-sum-accs[5.2.134~1-ecd4]:main():gmm-sum-accs.cc:63) Summed 1 stats, total count 34902, avg like/frame -73.5401
LOG (gmm-sum-accs[5.2.134~1-ecd4]:main():gmm-sum-accs.cc:66) Total count of stats is 34902
LOG (gmm-sum-accs[5.2.134~1-ecd4]:main():gmm-sum-accs.cc:67) Written stats to -
LOG (gmm-est[5.2.134~1-ecd4]:MleUpdate():transition-model.cc:517) TransitionModel::Update, objf change is 0.00271015 per frame over 34902 frames. 
LOG (gmm-est[5.2.134~1-ecd4]:MleUpdate():transition-model.cc:520) 14 probabilities floored, 378 out of 494 transition-states skipped due to insuffient data (it is normal to have some skipped.)
LOG (gmm-est[5.2.134~1-ecd4]:main():gmm-est.cc:102) Transition model update: Overall 0.00271015 log-like improvement per frame over 34902 frames.
WARNING (gmm-est[5.2.134~1-ecd4]:MleDiagGmmUpdate():mle-diag-gmm.cc:365) Gaussian has too little data but not removing it because it is the last Gaussian: i = 0, occ = 0, weight = 1
WARNING (gmm-est[5.2.134~1-ecd4]:MleDiagGmmUpdate():mle-diag-gmm.cc:359) Too little data - removing Gaussian (weight 0.024225, occupation count 7.509787, vector size 39)
WARNING (gmm-est[5.2.134~1-ecd4]:MleDiagGmmUpdate():mle-diag-gmm.cc:359) Too little data - removing Gaussian (weight 0.015175, occupation count 9.818082, vector size 39)
WARNING (gmm-est[5.2.134~1-ecd4]:MleDiagGmmUpdate():mle-diag-gmm.cc:359) Too little data - removing Gaussian (weight 0.029513, occupation count 9.030849, vector size 39)
WARNING (gmm-est[5.2.134~1-ecd4]:MleDiagGmmUpdate():mle-diag-gmm.cc:359) Too little data - removing Gaussian (weight 0.014415, occupation count 9.182066, vector size 39)
WARNING (gmm-est[5.2.134~1-ecd4]:MleDiagGmmUpdate():mle-diag-gmm.cc:359) Too little data - removing Gaussian (weight 0.012280, occupation count 9.995570, vector size 39)
LOG (gmm-est[5.2.134~1-ecd4]:MleAmDiagGmmUpdate():mle-am-diag-gmm.cc:225) 0 variance elements floored in 0 Gaussians, out of 1692
LOG (gmm-est[5.2.134~1-ecd4]:MleAmDiagGmmUpdate():mle-am-diag-gmm.cc:229) Removed 5 Gaussians due to counts < --min-gaussian-occupancy=10 and --remove-low-count-gaussians=true
LOG (gmm-est[5.2.134~1-ecd4]:main():gmm-est.cc:113) GMM update: Overall 0.160765 objective function improvement per frame over 34902 frames
LOG (gmm-est[5.2.134~1-ecd4]:main():gmm-est.cc:116) GMM update: Overall avg like per frame = -73.5401 over 34902 frames.
WARNING (gmm-est[5.2.134~1-ecd4]:GetSplitTargets():model-common.cc:134) Could not split up to 5240 due to min-count = 20 (or no counts at all)
LOG (gmm-est[5.2.134~1-ecd4]:SplitByCount():am-diag-gmm.cc:116) Split 105 states with target = 5240, power = 0.25, perturb_factor = 0.01 and min_count = 20, split #Gauss from 1692 to 1700
LOG (gmm-est[5.2.134~1-ecd4]:main():gmm-est.cc:146) Written model to exp/tri1/11.mdl
# Accounting: time=0 threads=1
# Ended (code 0) at Sat Nov 11 18:40:21 EST 2017, elapsed time 0 seconds
