# gmm-est --mix-up=3440 --power=0.25 --write-occs=exp/tri1/6.occs exp/tri1/5.mdl "gmm-sum-accs - exp/tri1/5.*.acc |" exp/tri1/6.mdl 
# Started at Sat Nov 11 18:40:18 EST 2017
#
gmm-est --mix-up=3440 --power=0.25 --write-occs=exp/tri1/6.occs exp/tri1/5.mdl 'gmm-sum-accs - exp/tri1/5.*.acc |' exp/tri1/6.mdl 
gmm-sum-accs - exp/tri1/5.1.acc 
LOG (gmm-sum-accs[5.2.134~1-ecd4]:main():gmm-sum-accs.cc:63) Summed 1 stats, total count 34902, avg like/frame -76.5747
LOG (gmm-sum-accs[5.2.134~1-ecd4]:main():gmm-sum-accs.cc:66) Total count of stats is 34902
LOG (gmm-sum-accs[5.2.134~1-ecd4]:main():gmm-sum-accs.cc:67) Written stats to -
LOG (gmm-est[5.2.134~1-ecd4]:MleUpdate():transition-model.cc:517) TransitionModel::Update, objf change is 0 per frame over 34902 frames. 
LOG (gmm-est[5.2.134~1-ecd4]:MleUpdate():transition-model.cc:520) 8 probabilities floored, 377 out of 494 transition-states skipped due to insuffient data (it is normal to have some skipped.)
LOG (gmm-est[5.2.134~1-ecd4]:main():gmm-est.cc:102) Transition model update: Overall 0 log-like improvement per frame over 34902 frames.
WARNING (gmm-est[5.2.134~1-ecd4]:MleDiagGmmUpdate():mle-diag-gmm.cc:365) Gaussian has too little data but not removing it because it is the last Gaussian: i = 0, occ = 0, weight = 1
WARNING (gmm-est[5.2.134~1-ecd4]:MleDiagGmmUpdate():mle-diag-gmm.cc:359) Too little data - removing Gaussian (weight 0.036112, occupation count 9.100291, vector size 39)
WARNING (gmm-est[5.2.134~1-ecd4]:MleDiagGmmUpdate():mle-diag-gmm.cc:359) Too little data - removing Gaussian (weight 0.035793, occupation count 9.019814, vector size 39)
WARNING (gmm-est[5.2.134~1-ecd4]:MleDiagGmmUpdate():mle-diag-gmm.cc:359) Too little data - removing Gaussian (weight 0.032412, occupation count 9.010634, vector size 39)
WARNING (gmm-est[5.2.134~1-ecd4]:MleDiagGmmUpdate():mle-diag-gmm.cc:359) Too little data - removing Gaussian (weight 0.035617, occupation count 9.901555, vector size 39)
WARNING (gmm-est[5.2.134~1-ecd4]:MleDiagGmmUpdate():mle-diag-gmm.cc:359) Too little data - removing Gaussian (weight 0.028270, occupation count 9.244256, vector size 39)
WARNING (gmm-est[5.2.134~1-ecd4]:MleDiagGmmUpdate():mle-diag-gmm.cc:359) Too little data - removing Gaussian (weight 0.030386, occupation count 9.936200, vector size 39)
WARNING (gmm-est[5.2.134~1-ecd4]:MleDiagGmmUpdate():mle-diag-gmm.cc:359) Too little data - removing Gaussian (weight 0.024142, occupation count 9.656957, vector size 39)
WARNING (gmm-est[5.2.134~1-ecd4]:MleDiagGmmUpdate():mle-diag-gmm.cc:359) Too little data - removing Gaussian (weight 0.017141, occupation count 9.564433, vector size 39)
WARNING (gmm-est[5.2.134~1-ecd4]:MleDiagGmmUpdate():mle-diag-gmm.cc:359) Too little data - removing Gaussian (weight 0.017626, occupation count 9.835560, vector size 39)
WARNING (gmm-est[5.2.134~1-ecd4]:MleDiagGmmUpdate():mle-diag-gmm.cc:359) Too little data - removing Gaussian (weight 0.021318, occupation count 9.508027, vector size 39)
WARNING (gmm-est[5.2.134~1-ecd4]:MleDiagGmmUpdate():mle-diag-gmm.cc:359) Too little data - removing Gaussian (weight 0.020154, occupation count 8.988468, vector size 39)
WARNING (gmm-est[5.2.134~1-ecd4]:MleDiagGmmUpdate():mle-diag-gmm.cc:359) Too little data - removing Gaussian (weight 0.023154, occupation count 9.909815, vector size 39)
WARNING (gmm-est[5.2.134~1-ecd4]:MleDiagGmmUpdate():mle-diag-gmm.cc:359) Too little data - removing Gaussian (weight 0.022502, occupation count 9.630681, vector size 39)
WARNING (gmm-est[5.2.134~1-ecd4]:MleDiagGmmUpdate():mle-diag-gmm.cc:359) Too little data - removing Gaussian (weight 0.022420, occupation count 9.595762, vector size 39)
WARNING (gmm-est[5.2.134~1-ecd4]:MleDiagGmmUpdate():mle-diag-gmm.cc:359) Too little data - removing Gaussian (weight 0.033715, occupation count 9.069380, vector size 39)
WARNING (gmm-est[5.2.134~1-ecd4]:MleDiagGmmUpdate():mle-diag-gmm.cc:359) Too little data - removing Gaussian (weight 0.044561, occupation count 8.644757, vector size 39)
WARNING (gmm-est[5.2.134~1-ecd4]:MleDiagGmmUpdate():mle-diag-gmm.cc:359) Too little data - removing Gaussian (weight 0.023594, occupation count 9.932958, vector size 39)
LOG (gmm-est[5.2.134~1-ecd4]:MleAmDiagGmmUpdate():mle-am-diag-gmm.cc:225) 0 variance elements floored in 0 Gaussians, out of 1680
LOG (gmm-est[5.2.134~1-ecd4]:MleAmDiagGmmUpdate():mle-am-diag-gmm.cc:229) Removed 17 Gaussians due to counts < --min-gaussian-occupancy=10 and --remove-low-count-gaussians=true
LOG (gmm-est[5.2.134~1-ecd4]:main():gmm-est.cc:113) GMM update: Overall 0.593177 objective function improvement per frame over 34902 frames
LOG (gmm-est[5.2.134~1-ecd4]:main():gmm-est.cc:116) GMM update: Overall avg like per frame = -76.5747 over 34902 frames.
WARNING (gmm-est[5.2.134~1-ecd4]:GetSplitTargets():model-common.cc:134) Could not split up to 3440 due to min-count = 20 (or no counts at all)
LOG (gmm-est[5.2.134~1-ecd4]:SplitByCount():am-diag-gmm.cc:116) Split 105 states with target = 3440, power = 0.25, perturb_factor = 0.01 and min_count = 20, split #Gauss from 1680 to 1697
LOG (gmm-est[5.2.134~1-ecd4]:main():gmm-est.cc:146) Written model to exp/tri1/6.mdl
# Accounting: time=0 threads=1
# Ended (code 0) at Sat Nov 11 18:40:18 EST 2017, elapsed time 0 seconds
