# gmm-est --mix-up=4520 --power=0.25 --write-occs=exp/tri1/9.occs exp/tri1/8.mdl "gmm-sum-accs - exp/tri1/8.*.acc |" exp/tri1/9.mdl 
# Started at Sun Oct 29 19:40:46 EDT 2017
#
gmm-est --mix-up=4520 --power=0.25 --write-occs=exp/tri1/9.occs exp/tri1/8.mdl 'gmm-sum-accs - exp/tri1/8.*.acc |' exp/tri1/9.mdl 
gmm-sum-accs - exp/tri1/8.1.acc 
LOG (gmm-sum-accs[5.2.134~1-ecd4]:main():gmm-sum-accs.cc:63) Summed 1 stats, total count 59729, avg like/frame -76.4144
LOG (gmm-sum-accs[5.2.134~1-ecd4]:main():gmm-sum-accs.cc:66) Total count of stats is 59729
LOG (gmm-sum-accs[5.2.134~1-ecd4]:main():gmm-sum-accs.cc:67) Written stats to -
LOG (gmm-est[5.2.134~1-ecd4]:MleUpdate():transition-model.cc:517) TransitionModel::Update, objf change is 0 per frame over 59729 frames. 
LOG (gmm-est[5.2.134~1-ecd4]:MleUpdate():transition-model.cc:520) 8 probabilities floored, 373 out of 490 transition-states skipped due to insuffient data (it is normal to have some skipped.)
LOG (gmm-est[5.2.134~1-ecd4]:main():gmm-est.cc:102) Transition model update: Overall 0 log-like improvement per frame over 59729 frames.
WARNING (gmm-est[5.2.134~1-ecd4]:MleDiagGmmUpdate():mle-diag-gmm.cc:359) Too little data - removing Gaussian (weight 0.014461, occupation count 9.992360, vector size 39)
WARNING (gmm-est[5.2.134~1-ecd4]:MleDiagGmmUpdate():mle-diag-gmm.cc:365) Gaussian has too little data but not removing it because it is the last Gaussian: i = 0, occ = 0, weight = 1
WARNING (gmm-est[5.2.134~1-ecd4]:MleDiagGmmUpdate():mle-diag-gmm.cc:359) Too little data - removing Gaussian (weight 0.006768, occupation count 9.908813, vector size 39)
WARNING (gmm-est[5.2.134~1-ecd4]:MleDiagGmmUpdate():mle-diag-gmm.cc:359) Too little data - removing Gaussian (weight 0.006755, occupation count 9.889256, vector size 39)
WARNING (gmm-est[5.2.134~1-ecd4]:MleDiagGmmUpdate():mle-diag-gmm.cc:359) Too little data - removing Gaussian (weight 0.008207, occupation count 9.544574, vector size 39)
WARNING (gmm-est[5.2.134~1-ecd4]:MleDiagGmmUpdate():mle-diag-gmm.cc:359) Too little data - removing Gaussian (weight 0.007092, occupation count 9.637555, vector size 39)
WARNING (gmm-est[5.2.134~1-ecd4]:MleDiagGmmUpdate():mle-diag-gmm.cc:359) Too little data - removing Gaussian (weight 0.006427, occupation count 9.242358, vector size 39)
WARNING (gmm-est[5.2.134~1-ecd4]:MleDiagGmmUpdate():mle-diag-gmm.cc:359) Too little data - removing Gaussian (weight 0.009092, occupation count 9.401156, vector size 39)
WARNING (gmm-est[5.2.134~1-ecd4]:MleDiagGmmUpdate():mle-diag-gmm.cc:359) Too little data - removing Gaussian (weight 0.008273, occupation count 8.562847, vector size 39)
WARNING (gmm-est[5.2.134~1-ecd4]:MleDiagGmmUpdate():mle-diag-gmm.cc:359) Too little data - removing Gaussian (weight 0.009784, occupation count 9.402160, vector size 39)
WARNING (gmm-est[5.2.134~1-ecd4]:MleDiagGmmUpdate():mle-diag-gmm.cc:359) Too little data - removing Gaussian (weight 0.017693, occupation count 8.934752, vector size 39)
WARNING (gmm-est[5.2.134~1-ecd4]:MleDiagGmmUpdate():mle-diag-gmm.cc:359) Too little data - removing Gaussian (weight 0.014010, occupation count 9.624653, vector size 39)
WARNING (gmm-est[5.2.134~1-ecd4]:MleDiagGmmUpdate():mle-diag-gmm.cc:359) Too little data - removing Gaussian (weight 0.009948, occupation count 9.947942, vector size 39)
WARNING (gmm-est[5.2.134~1-ecd4]:MleDiagGmmUpdate():mle-diag-gmm.cc:359) Too little data - removing Gaussian (weight 0.007288, occupation count 9.765875, vector size 39)
WARNING (gmm-est[5.2.134~1-ecd4]:MleDiagGmmUpdate():mle-diag-gmm.cc:359) Too little data - removing Gaussian (weight 0.010930, occupation count 8.995714, vector size 39)
WARNING (gmm-est[5.2.134~1-ecd4]:MleDiagGmmUpdate():mle-diag-gmm.cc:359) Too little data - removing Gaussian (weight 0.006635, occupation count 7.836017, vector size 39)
WARNING (gmm-est[5.2.134~1-ecd4]:MleDiagGmmUpdate():mle-diag-gmm.cc:359) Too little data - removing Gaussian (weight 0.008401, occupation count 9.921052, vector size 39)
WARNING (gmm-est[5.2.134~1-ecd4]:MleDiagGmmUpdate():mle-diag-gmm.cc:359) Too little data - removing Gaussian (weight 0.010287, occupation count 9.937304, vector size 39)
WARNING (gmm-est[5.2.134~1-ecd4]:MleDiagGmmUpdate():mle-diag-gmm.cc:359) Too little data - removing Gaussian (weight 0.026549, occupation count 9.610576, vector size 39)
WARNING (gmm-est[5.2.134~1-ecd4]:MleDiagGmmUpdate():mle-diag-gmm.cc:359) Too little data - removing Gaussian (weight 0.009472, occupation count 9.537819, vector size 39)
WARNING (gmm-est[5.2.134~1-ecd4]:MleDiagGmmUpdate():mle-diag-gmm.cc:359) Too little data - removing Gaussian (weight 0.026301, occupation count 9.994508, vector size 39)
WARNING (gmm-est[5.2.134~1-ecd4]:MleDiagGmmUpdate():mle-diag-gmm.cc:359) Too little data - removing Gaussian (weight 0.017438, occupation count 9.137475, vector size 39)
WARNING (gmm-est[5.2.134~1-ecd4]:MleDiagGmmUpdate():mle-diag-gmm.cc:359) Too little data - removing Gaussian (weight 0.024249, occupation count 9.408447, vector size 39)
WARNING (gmm-est[5.2.134~1-ecd4]:MleDiagGmmUpdate():mle-diag-gmm.cc:359) Too little data - removing Gaussian (weight 0.015704, occupation count 9.705342, vector size 39)
WARNING (gmm-est[5.2.134~1-ecd4]:MleDiagGmmUpdate():mle-diag-gmm.cc:359) Too little data - removing Gaussian (weight 0.015904, occupation count 9.621993, vector size 39)
WARNING (gmm-est[5.2.134~1-ecd4]:MleDiagGmmUpdate():mle-diag-gmm.cc:359) Too little data - removing Gaussian (weight 0.047752, occupation count 9.980149, vector size 39)
WARNING (gmm-est[5.2.134~1-ecd4]:MleDiagGmmUpdate():mle-diag-gmm.cc:359) Too little data - removing Gaussian (weight 0.017865, occupation count 7.145994, vector size 39)
WARNING (gmm-est[5.2.134~1-ecd4]:MleDiagGmmUpdate():mle-diag-gmm.cc:359) Too little data - removing Gaussian (weight 0.020657, occupation count 9.873889, vector size 39)
LOG (gmm-est[5.2.134~1-ecd4]:MleAmDiagGmmUpdate():mle-am-diag-gmm.cc:225) 0 variance elements floored in 0 Gaussians, out of 2907
LOG (gmm-est[5.2.134~1-ecd4]:MleAmDiagGmmUpdate():mle-am-diag-gmm.cc:229) Removed 27 Gaussians due to counts < --min-gaussian-occupancy=10 and --remove-low-count-gaussians=true
LOG (gmm-est[5.2.134~1-ecd4]:main():gmm-est.cc:113) GMM update: Overall 0.373524 objective function improvement per frame over 59729 frames
LOG (gmm-est[5.2.134~1-ecd4]:main():gmm-est.cc:116) GMM update: Overall avg like per frame = -76.4144 over 59729 frames.
WARNING (gmm-est[5.2.134~1-ecd4]:GetSplitTargets():model-common.cc:134) Could not split up to 4520 due to min-count = 20 (or no counts at all)
LOG (gmm-est[5.2.134~1-ecd4]:SplitByCount():am-diag-gmm.cc:116) Split 108 states with target = 4520, power = 0.25, perturb_factor = 0.01 and min_count = 20, split #Gauss from 2907 to 2934
LOG (gmm-est[5.2.134~1-ecd4]:main():gmm-est.cc:146) Written model to exp/tri1/9.mdl
# Accounting: time=0 threads=1
# Ended (code 0) at Sun Oct 29 19:40:46 EDT 2017, elapsed time 0 seconds
