# gmm-est --mix-up=4880 --power=0.25 --write-occs=exp/tri1/10.occs exp/tri1/9.mdl "gmm-sum-accs - exp/tri1/9.*.acc |" exp/tri1/10.mdl 
# Started at Sun Oct 29 19:40:47 EDT 2017
#
gmm-est --mix-up=4880 --power=0.25 --write-occs=exp/tri1/10.occs exp/tri1/9.mdl 'gmm-sum-accs - exp/tri1/9.*.acc |' exp/tri1/10.mdl 
gmm-sum-accs - exp/tri1/9.1.acc 
LOG (gmm-sum-accs[5.2.134~1-ecd4]:main():gmm-sum-accs.cc:63) Summed 1 stats, total count 59729, avg like/frame -75.9278
LOG (gmm-sum-accs[5.2.134~1-ecd4]:main():gmm-sum-accs.cc:66) Total count of stats is 59729
LOG (gmm-sum-accs[5.2.134~1-ecd4]:main():gmm-sum-accs.cc:67) Written stats to -
LOG (gmm-est[5.2.134~1-ecd4]:MleUpdate():transition-model.cc:517) TransitionModel::Update, objf change is 0 per frame over 59729 frames. 
LOG (gmm-est[5.2.134~1-ecd4]:MleUpdate():transition-model.cc:520) 8 probabilities floored, 373 out of 490 transition-states skipped due to insuffient data (it is normal to have some skipped.)
LOG (gmm-est[5.2.134~1-ecd4]:main():gmm-est.cc:102) Transition model update: Overall 0 log-like improvement per frame over 59729 frames.
WARNING (gmm-est[5.2.134~1-ecd4]:MleDiagGmmUpdate():mle-diag-gmm.cc:365) Gaussian has too little data but not removing it because it is the last Gaussian: i = 0, occ = 0, weight = 1
WARNING (gmm-est[5.2.134~1-ecd4]:MleDiagGmmUpdate():mle-diag-gmm.cc:359) Too little data - removing Gaussian (weight 0.034416, occupation count 9.808682, vector size 39)
WARNING (gmm-est[5.2.134~1-ecd4]:MleDiagGmmUpdate():mle-diag-gmm.cc:359) Too little data - removing Gaussian (weight 0.006592, occupation count 9.650961, vector size 39)
WARNING (gmm-est[5.2.134~1-ecd4]:MleDiagGmmUpdate():mle-diag-gmm.cc:359) Too little data - removing Gaussian (weight 0.006876, occupation count 9.887704, vector size 39)
WARNING (gmm-est[5.2.134~1-ecd4]:MleDiagGmmUpdate():mle-diag-gmm.cc:359) Too little data - removing Gaussian (weight 0.006764, occupation count 9.726990, vector size 39)
WARNING (gmm-est[5.2.134~1-ecd4]:MleDiagGmmUpdate():mle-diag-gmm.cc:359) Too little data - removing Gaussian (weight 0.009421, occupation count 9.741156, vector size 39)
WARNING (gmm-est[5.2.134~1-ecd4]:MleDiagGmmUpdate():mle-diag-gmm.cc:359) Too little data - removing Gaussian (weight 0.008549, occupation count 8.839288, vector size 39)
WARNING (gmm-est[5.2.134~1-ecd4]:MleDiagGmmUpdate():mle-diag-gmm.cc:359) Too little data - removing Gaussian (weight 0.010300, occupation count 9.898648, vector size 39)
WARNING (gmm-est[5.2.134~1-ecd4]:MleDiagGmmUpdate():mle-diag-gmm.cc:359) Too little data - removing Gaussian (weight 0.010896, occupation count 9.936724, vector size 39)
WARNING (gmm-est[5.2.134~1-ecd4]:MleDiagGmmUpdate():mle-diag-gmm.cc:359) Too little data - removing Gaussian (weight 0.059930, occupation count 6.832008, vector size 39)
WARNING (gmm-est[5.2.134~1-ecd4]:MleDiagGmmUpdate():mle-diag-gmm.cc:359) Too little data - removing Gaussian (weight 0.013827, occupation count 9.180976, vector size 39)
WARNING (gmm-est[5.2.134~1-ecd4]:MleDiagGmmUpdate():mle-diag-gmm.cc:359) Too little data - removing Gaussian (weight 0.010052, occupation count 9.710560, vector size 39)
WARNING (gmm-est[5.2.134~1-ecd4]:MleDiagGmmUpdate():mle-diag-gmm.cc:359) Too little data - removing Gaussian (weight 0.025096, occupation count 9.084801, vector size 39)
WARNING (gmm-est[5.2.134~1-ecd4]:MleDiagGmmUpdate():mle-diag-gmm.cc:359) Too little data - removing Gaussian (weight 0.006228, occupation count 8.526616, vector size 39)
WARNING (gmm-est[5.2.134~1-ecd4]:MleDiagGmmUpdate():mle-diag-gmm.cc:359) Too little data - removing Gaussian (weight 0.018413, occupation count 8.691090, vector size 39)
WARNING (gmm-est[5.2.134~1-ecd4]:MleDiagGmmUpdate():mle-diag-gmm.cc:359) Too little data - removing Gaussian (weight 0.016528, occupation count 9.999495, vector size 39)
WARNING (gmm-est[5.2.134~1-ecd4]:MleDiagGmmUpdate():mle-diag-gmm.cc:359) Too little data - removing Gaussian (weight 0.011622, occupation count 9.960343, vector size 39)
WARNING (gmm-est[5.2.134~1-ecd4]:MleDiagGmmUpdate():mle-diag-gmm.cc:359) Too little data - removing Gaussian (weight 0.012796, occupation count 9.853281, vector size 39)
WARNING (gmm-est[5.2.134~1-ecd4]:MleDiagGmmUpdate():mle-diag-gmm.cc:359) Too little data - removing Gaussian (weight 0.024279, occupation count 9.711705, vector size 39)
LOG (gmm-est[5.2.134~1-ecd4]:MleAmDiagGmmUpdate():mle-am-diag-gmm.cc:225) 0 variance elements floored in 0 Gaussians, out of 2916
LOG (gmm-est[5.2.134~1-ecd4]:MleAmDiagGmmUpdate():mle-am-diag-gmm.cc:229) Removed 18 Gaussians due to counts < --min-gaussian-occupancy=10 and --remove-low-count-gaussians=true
LOG (gmm-est[5.2.134~1-ecd4]:main():gmm-est.cc:113) GMM update: Overall 0.207748 objective function improvement per frame over 59729 frames
LOG (gmm-est[5.2.134~1-ecd4]:main():gmm-est.cc:116) GMM update: Overall avg like per frame = -75.9278 over 59729 frames.
WARNING (gmm-est[5.2.134~1-ecd4]:GetSplitTargets():model-common.cc:134) Could not split up to 4880 due to min-count = 20 (or no counts at all)
LOG (gmm-est[5.2.134~1-ecd4]:SplitByCount():am-diag-gmm.cc:116) Split 108 states with target = 4880, power = 0.25, perturb_factor = 0.01 and min_count = 20, split #Gauss from 2916 to 2934
LOG (gmm-est[5.2.134~1-ecd4]:main():gmm-est.cc:146) Written model to exp/tri1/10.mdl
# Accounting: time=0 threads=1
# Ended (code 0) at Sun Oct 29 19:40:47 EDT 2017, elapsed time 0 seconds
