# gunzip -c exp/mono/decode/depth_stats_tmp.*.gz | steps/diagnostic/analyze_lattice_depth_stats.py exp/mono/graph 
# Started at Sat Nov 11 18:40:07 EST 2017
#
The total amount of data analyzed assuming 100 frames per second is 0.1 hours
Overall, lattice depth (10,50,90-percentile)=(1,1,3) and mean=1.4
Nonsilence phones as a group account for 78.5% of frames, with lattice depth (10,50,90-percentile)=(1,1,2) and mean=1.3
Phone sil accounts for 21.5% of frames, with lattice depth (10,50,90-percentile)=(1,1,3) and mean=1.8
Phone n_E accounts for 8.2% of frames, with lattice depth (10,50,90-percentile)=(1,1,3) and mean=1.4
Phone ay_I accounts for 7.6% of frames, with lattice depth (10,50,90-percentile)=(1,1,2) and mean=1.3
Phone ey_B accounts for 5.8% of frames, with lattice depth (10,50,90-percentile)=(1,1,2) and mean=1.2
Phone f_B accounts for 5.1% of frames, with lattice depth (10,50,90-percentile)=(1,1,1) and mean=1.1
Phone uw_E accounts for 4.8% of frames, with lattice depth (10,50,90-percentile)=(1,1,3) and mean=1.5
Phone ow_E accounts for 4.6% of frames, with lattice depth (10,50,90-percentile)=(1,1,1) and mean=1.1
Phone ah_I accounts for 3.5% of frames, with lattice depth (10,50,90-percentile)=(1,1,3) and mean=1.7
Phone s_B accounts for 3.2% of frames, with lattice depth (10,50,90-percentile)=(1,1,3) and mean=1.4
Phone k_I accounts for 2.9% of frames, with lattice depth (10,50,90-percentile)=(1,1,2) and mean=1.3
Phone th_B accounts for 2.8% of frames, with lattice depth (10,50,90-percentile)=(1,1,3) and mean=1.7
Phone r_E accounts for 2.7% of frames, with lattice depth (10,50,90-percentile)=(1,1,1) and mean=1.0
Phone n_B accounts for 2.7% of frames, with lattice depth (10,50,90-percentile)=(1,1,2) and mean=1.2
Phone ih_I accounts for 2.5% of frames, with lattice depth (10,50,90-percentile)=(1,1,3) and mean=1.3
Phone z_B accounts for 2.5% of frames, with lattice depth (10,50,90-percentile)=(1,1,1) and mean=1.0
Phone ao_I accounts for 2.3% of frames, with lattice depth (10,50,90-percentile)=(1,1,1) and mean=1.0
Phone r_I accounts for 2.1% of frames, with lattice depth (10,50,90-percentile)=(1,1,2) and mean=1.3
Phone s_E accounts for 2.0% of frames, with lattice depth (10,50,90-percentile)=(1,1,1) and mean=1.2
Phone v_E accounts for 1.8% of frames, with lattice depth (10,50,90-percentile)=(1,1,2) and mean=1.4
Phone eh_I accounts for 1.6% of frames, with lattice depth (10,50,90-percentile)=(1,1,4) and mean=1.9
Phone w_I accounts for 1.6% of frames, with lattice depth (10,50,90-percentile)=(1,1,1) and mean=1.1
Phone iy_E accounts for 1.4% of frames, with lattice depth (10,50,90-percentile)=(1,2,3) and mean=1.8
Phone iy_I accounts for 1.3% of frames, with lattice depth (10,50,90-percentile)=(1,1,1) and mean=1.0
Phone hh_B accounts for 1.3% of frames, with lattice depth (10,50,90-percentile)=(1,1,1) and mean=1.1
Phone t_E accounts for 1.3% of frames, with lattice depth (10,50,90-percentile)=(1,1,6) and mean=1.8
Phone v_I accounts for 1.3% of frames, with lattice depth (10,50,90-percentile)=(1,1,4) and mean=2.3
Phone t_B accounts for 0.8% of frames, with lattice depth (10,50,90-percentile)=(1,1,3) and mean=1.5
Phone w_B accounts for 0.7% of frames, with lattice depth (10,50,90-percentile)=(1,1,2) and mean=1.4
# Accounting: time=0 threads=1
# Ended (code 0) at Sat Nov 11 18:40:07 EST 2017, elapsed time 0 seconds
