# gmm-latgen-faster --max-active=7000 --beam=13.0 --lattice-beam=6.0 --acoustic-scale=0.083333 --allow-partial=true --word-symbol-table=exp/mono/graph/words.txt exp/mono/final.mdl exp/mono/graph/HCLG.fst "ark,s,cs:apply-cmvn  --utt2spk=ark:data/test/split1/1/utt2spk scp:data/test/split1/1/cmvn.scp scp:data/test/split1/1/feats.scp ark:- | add-deltas  ark:- ark:- |" "ark:|gzip -c > exp/mono/decode/lat.1.gz" 
# Started at Sat Nov 11 18:40:00 EST 2017
#
gmm-latgen-faster --max-active=7000 --beam=13.0 --lattice-beam=6.0 --acoustic-scale=0.083333 --allow-partial=true --word-symbol-table=exp/mono/graph/words.txt exp/mono/final.mdl exp/mono/graph/HCLG.fst 'ark,s,cs:apply-cmvn  --utt2spk=ark:data/test/split1/1/utt2spk scp:data/test/split1/1/cmvn.scp scp:data/test/split1/1/feats.scp ark:- | add-deltas  ark:- ark:- |' 'ark:|gzip -c > exp/mono/decode/lat.1.gz' 
add-deltas ark:- ark:- 
apply-cmvn --utt2spk=ark:data/test/split1/1/utt2spk scp:data/test/split1/1/cmvn.scp scp:data/test/split1/1/feats.scp ark:- 
jackson_0_0 zero 
LOG (gmm-latgen-faster[5.2.134~1-ecd4]:DecodeUtteranceLatticeFaster():decoder-wrappers.cc:286) Log-like per frame for utterance jackson_0_0 is -8.37662 over 62 frames.
jackson_0_1 zero 
LOG (gmm-latgen-faster[5.2.134~1-ecd4]:DecodeUtteranceLatticeFaster():decoder-wrappers.cc:286) Log-like per frame for utterance jackson_0_1 is -8.80558 over 51 frames.
jackson_0_10 zero 
LOG (gmm-latgen-faster[5.2.134~1-ecd4]:DecodeUtteranceLatticeFaster():decoder-wrappers.cc:286) Log-like per frame for utterance jackson_0_10 is -8.42819 over 66 frames.
jackson_0_11 zero 
LOG (gmm-latgen-faster[5.2.134~1-ecd4]:DecodeUtteranceLatticeFaster():decoder-wrappers.cc:286) Log-like per frame for utterance jackson_0_11 is -8.3661 over 59 frames.
jackson_0_12 zero 
LOG (gmm-latgen-faster[5.2.134~1-ecd4]:DecodeUtteranceLatticeFaster():decoder-wrappers.cc:286) Log-like per frame for utterance jackson_0_12 is -9.12156 over 49 frames.
jackson_0_13 zero 
LOG (gmm-latgen-faster[5.2.134~1-ecd4]:DecodeUtteranceLatticeFaster():decoder-wrappers.cc:286) Log-like per frame for utterance jackson_0_13 is -8.51593 over 57 frames.
jackson_0_14 zero 
LOG (gmm-latgen-faster[5.2.134~1-ecd4]:DecodeUtteranceLatticeFaster():decoder-wrappers.cc:286) Log-like per frame for utterance jackson_0_14 is -8.5894 over 60 frames.
jackson_0_15 zero 
LOG (gmm-latgen-faster[5.2.134~1-ecd4]:DecodeUtteranceLatticeFaster():decoder-wrappers.cc:286) Log-like per frame for utterance jackson_0_15 is -8.54507 over 62 frames.
jackson_0_16 zero 
LOG (gmm-latgen-faster[5.2.134~1-ecd4]:DecodeUtteranceLatticeFaster():decoder-wrappers.cc:286) Log-like per frame for utterance jackson_0_16 is -8.64433 over 53 frames.
jackson_0_17 zero 
LOG (gmm-latgen-faster[5.2.134~1-ecd4]:DecodeUtteranceLatticeFaster():decoder-wrappers.cc:286) Log-like per frame for utterance jackson_0_17 is -8.5817 over 51 frames.
jackson_0_18 zero 
LOG (gmm-latgen-faster[5.2.134~1-ecd4]:DecodeUtteranceLatticeFaster():decoder-wrappers.cc:286) Log-like per frame for utterance jackson_0_18 is -8.43647 over 63 frames.
jackson_0_19 zero 
LOG (gmm-latgen-faster[5.2.134~1-ecd4]:DecodeUtteranceLatticeFaster():decoder-wrappers.cc:286) Log-like per frame for utterance jackson_0_19 is -8.75427 over 62 frames.
jackson_0_2 zero 
LOG (gmm-latgen-faster[5.2.134~1-ecd4]:DecodeUtteranceLatticeFaster():decoder-wrappers.cc:286) Log-like per frame for utterance jackson_0_2 is -8.71535 over 51 frames.
jackson_0_20 zero 
LOG (gmm-latgen-faster[5.2.134~1-ecd4]:DecodeUtteranceLatticeFaster():decoder-wrappers.cc:286) Log-like per frame for utterance jackson_0_20 is -8.74794 over 60 frames.
jackson_0_21 zero 
LOG (gmm-latgen-faster[5.2.134~1-ecd4]:DecodeUtteranceLatticeFaster():decoder-wrappers.cc:286) Log-like per frame for utterance jackson_0_21 is -8.52939 over 58 frames.
jackson_0_22 zero 
LOG (gmm-latgen-faster[5.2.134~1-ecd4]:DecodeUtteranceLatticeFaster():decoder-wrappers.cc:286) Log-like per frame for utterance jackson_0_22 is -8.40212 over 58 frames.
jackson_0_23 zero 
LOG (gmm-latgen-faster[5.2.134~1-ecd4]:DecodeUtteranceLatticeFaster():decoder-wrappers.cc:286) Log-like per frame for utterance jackson_0_23 is -8.39924 over 57 frames.
jackson_0_24 zero 
LOG (gmm-latgen-faster[5.2.134~1-ecd4]:DecodeUtteranceLatticeFaster():decoder-wrappers.cc:286) Log-like per frame for utterance jackson_0_24 is -8.68847 over 62 frames.
jackson_0_25 zero 
LOG (gmm-latgen-faster[5.2.134~1-ecd4]:DecodeUtteranceLatticeFaster():decoder-wrappers.cc:286) Log-like per frame for utterance jackson_0_25 is -8.48308 over 60 frames.
jackson_0_26 zero 
LOG (gmm-latgen-faster[5.2.134~1-ecd4]:DecodeUtteranceLatticeFaster():decoder-wrappers.cc:286) Log-like per frame for utterance jackson_0_26 is -8.4661 over 56 frames.
jackson_0_27 zero 
LOG (gmm-latgen-faster[5.2.134~1-ecd4]:DecodeUtteranceLatticeFaster():decoder-wrappers.cc:286) Log-like per frame for utterance jackson_0_27 is -8.19053 over 63 frames.
jackson_0_28 zero 
LOG (gmm-latgen-faster[5.2.134~1-ecd4]:DecodeUtteranceLatticeFaster():decoder-wrappers.cc:286) Log-like per frame for utterance jackson_0_28 is -8.65627 over 62 frames.
jackson_0_29 zero 
LOG (gmm-latgen-faster[5.2.134~1-ecd4]:DecodeUtteranceLatticeFaster():decoder-wrappers.cc:286) Log-like per frame for utterance jackson_0_29 is -8.72506 over 56 frames.
jackson_0_3 zero 
LOG (gmm-latgen-faster[5.2.134~1-ecd4]:DecodeUtteranceLatticeFaster():decoder-wrappers.cc:286) Log-like per frame for utterance jackson_0_3 is -8.32577 over 58 frames.
jackson_0_30 zero 
LOG (gmm-latgen-faster[5.2.134~1-ecd4]:DecodeUtteranceLatticeFaster():decoder-wrappers.cc:286) Log-like per frame for utterance jackson_0_30 is -8.31469 over 62 frames.
jackson_0_31 zero 
LOG (gmm-latgen-faster[5.2.134~1-ecd4]:DecodeUtteranceLatticeFaster():decoder-wrappers.cc:286) Log-like per frame for utterance jackson_0_31 is -8.25862 over 55 frames.
jackson_0_32 zero 
LOG (gmm-latgen-faster[5.2.134~1-ecd4]:DecodeUtteranceLatticeFaster():decoder-wrappers.cc:286) Log-like per frame for utterance jackson_0_32 is -9.0525 over 60 frames.
jackson_0_33 zero 
LOG (gmm-latgen-faster[5.2.134~1-ecd4]:DecodeUtteranceLatticeFaster():decoder-wrappers.cc:286) Log-like per frame for utterance jackson_0_33 is -8.62216 over 64 frames.
jackson_0_34 zero 
LOG (gmm-latgen-faster[5.2.134~1-ecd4]:DecodeUtteranceLatticeFaster():decoder-wrappers.cc:286) Log-like per frame for utterance jackson_0_34 is -8.32821 over 64 frames.
jackson_0_35 zero 
LOG (gmm-latgen-faster[5.2.134~1-ecd4]:DecodeUtteranceLatticeFaster():decoder-wrappers.cc:286) Log-like per frame for utterance jackson_0_35 is -8.85586 over 61 frames.
jackson_0_36 zero 
LOG (gmm-latgen-faster[5.2.134~1-ecd4]:DecodeUtteranceLatticeFaster():decoder-wrappers.cc:286) Log-like per frame for utterance jackson_0_36 is -8.45497 over 58 frames.
jackson_0_37 zero 
LOG (gmm-latgen-faster[5.2.134~1-ecd4]:DecodeUtteranceLatticeFaster():decoder-wrappers.cc:286) Log-like per frame for utterance jackson_0_37 is -8.39076 over 60 frames.
jackson_0_38 zero 
LOG (gmm-latgen-faster[5.2.134~1-ecd4]:DecodeUtteranceLatticeFaster():decoder-wrappers.cc:286) Log-like per frame for utterance jackson_0_38 is -8.42897 over 64 frames.
jackson_0_39 zero 
LOG (gmm-latgen-faster[5.2.134~1-ecd4]:DecodeUtteranceLatticeFaster():decoder-wrappers.cc:286) Log-like per frame for utterance jackson_0_39 is -8.37561 over 56 frames.
jackson_0_4 zero 
LOG (gmm-latgen-faster[5.2.134~1-ecd4]:DecodeUtteranceLatticeFaster():decoder-wrappers.cc:286) Log-like per frame for utterance jackson_0_4 is -8.08809 over 52 frames.
jackson_0_40 zero 
LOG (gmm-latgen-faster[5.2.134~1-ecd4]:DecodeUtteranceLatticeFaster():decoder-wrappers.cc:286) Log-like per frame for utterance jackson_0_40 is -8.14466 over 69 frames.
jackson_0_41 zero 
LOG (gmm-latgen-faster[5.2.134~1-ecd4]:DecodeUtteranceLatticeFaster():decoder-wrappers.cc:286) Log-like per frame for utterance jackson_0_41 is -8.60343 over 67 frames.
jackson_0_42 zero 
LOG (gmm-latgen-faster[5.2.134~1-ecd4]:DecodeUtteranceLatticeFaster():decoder-wrappers.cc:286) Log-like per frame for utterance jackson_0_42 is -8.62841 over 64 frames.
jackson_0_43 zero 
LOG (gmm-latgen-faster[5.2.134~1-ecd4]:DecodeUtteranceLatticeFaster():decoder-wrappers.cc:286) Log-like per frame for utterance jackson_0_43 is -8.66592 over 60 frames.
jackson_0_44 zero 
LOG (gmm-latgen-faster[5.2.134~1-ecd4]:DecodeUtteranceLatticeFaster():decoder-wrappers.cc:286) Log-like per frame for utterance jackson_0_44 is -8.90399 over 65 frames.
jackson_0_45 zero 
LOG (gmm-latgen-faster[5.2.134~1-ecd4]:DecodeUtteranceLatticeFaster():decoder-wrappers.cc:286) Log-like per frame for utterance jackson_0_45 is -8.88848 over 64 frames.
jackson_0_46 zero 
LOG (gmm-latgen-faster[5.2.134~1-ecd4]:DecodeUtteranceLatticeFaster():decoder-wrappers.cc:286) Log-like per frame for utterance jackson_0_46 is -8.99109 over 65 frames.
jackson_0_47 zero 
LOG (gmm-latgen-faster[5.2.134~1-ecd4]:DecodeUtteranceLatticeFaster():decoder-wrappers.cc:286) Log-like per frame for utterance jackson_0_47 is -8.88862 over 65 frames.
jackson_0_48 zero 
LOG (gmm-latgen-faster[5.2.134~1-ecd4]:DecodeUtteranceLatticeFaster():decoder-wrappers.cc:286) Log-like per frame for utterance jackson_0_48 is -8.78201 over 63 frames.
jackson_0_49 zero 
LOG (gmm-latgen-faster[5.2.134~1-ecd4]:DecodeUtteranceLatticeFaster():decoder-wrappers.cc:286) Log-like per frame for utterance jackson_0_49 is -9.20603 over 76 frames.
jackson_0_5 zero 
LOG (gmm-latgen-faster[5.2.134~1-ecd4]:DecodeUtteranceLatticeFaster():decoder-wrappers.cc:286) Log-like per frame for utterance jackson_0_5 is -8.29665 over 55 frames.
jackson_0_6 zero 
LOG (gmm-latgen-faster[5.2.134~1-ecd4]:DecodeUtteranceLatticeFaster():decoder-wrappers.cc:286) Log-like per frame for utterance jackson_0_6 is -8.6191 over 61 frames.
jackson_0_7 zero 
LOG (gmm-latgen-faster[5.2.134~1-ecd4]:DecodeUtteranceLatticeFaster():decoder-wrappers.cc:286) Log-like per frame for utterance jackson_0_7 is -8.70245 over 53 frames.
jackson_0_8 zero 
LOG (gmm-latgen-faster[5.2.134~1-ecd4]:DecodeUtteranceLatticeFaster():decoder-wrappers.cc:286) Log-like per frame for utterance jackson_0_8 is -8.55924 over 56 frames.
jackson_0_9 zero 
LOG (gmm-latgen-faster[5.2.134~1-ecd4]:DecodeUtteranceLatticeFaster():decoder-wrappers.cc:286) Log-like per frame for utterance jackson_0_9 is -8.04595 over 61 frames.
jackson_1_0 one 
LOG (gmm-latgen-faster[5.2.134~1-ecd4]:DecodeUtteranceLatticeFaster():decoder-wrappers.cc:286) Log-like per frame for utterance jackson_1_0 is -8.43281 over 50 frames.
jackson_1_1 one 
LOG (gmm-latgen-faster[5.2.134~1-ecd4]:DecodeUtteranceLatticeFaster():decoder-wrappers.cc:286) Log-like per frame for utterance jackson_1_1 is -8.45288 over 51 frames.
jackson_1_10 one 
LOG (gmm-latgen-faster[5.2.134~1-ecd4]:DecodeUtteranceLatticeFaster():decoder-wrappers.cc:286) Log-like per frame for utterance jackson_1_10 is -8.70525 over 57 frames.
jackson_1_11 one 
LOG (gmm-latgen-faster[5.2.134~1-ecd4]:DecodeUtteranceLatticeFaster():decoder-wrappers.cc:286) Log-like per frame for utterance jackson_1_11 is -8.72663 over 49 frames.
jackson_1_12 one 
LOG (gmm-latgen-faster[5.2.134~1-ecd4]:DecodeUtteranceLatticeFaster():decoder-wrappers.cc:286) Log-like per frame for utterance jackson_1_12 is -8.88626 over 43 frames.
jackson_1_13 one 
LOG (gmm-latgen-faster[5.2.134~1-ecd4]:DecodeUtteranceLatticeFaster():decoder-wrappers.cc:286) Log-like per frame for utterance jackson_1_13 is -9.077 over 45 frames.
jackson_1_14 one 
LOG (gmm-latgen-faster[5.2.134~1-ecd4]:DecodeUtteranceLatticeFaster():decoder-wrappers.cc:286) Log-like per frame for utterance jackson_1_14 is -8.94366 over 66 frames.
jackson_1_15 one 
LOG (gmm-latgen-faster[5.2.134~1-ecd4]:DecodeUtteranceLatticeFaster():decoder-wrappers.cc:286) Log-like per frame for utterance jackson_1_15 is -8.2076 over 43 frames.
jackson_1_16 one 
LOG (gmm-latgen-faster[5.2.134~1-ecd4]:DecodeUtteranceLatticeFaster():decoder-wrappers.cc:286) Log-like per frame for utterance jackson_1_16 is -8.19626 over 47 frames.
jackson_1_17 one 
LOG (gmm-latgen-faster[5.2.134~1-ecd4]:DecodeUtteranceLatticeFaster():decoder-wrappers.cc:286) Log-like per frame for utterance jackson_1_17 is -8.79627 over 40 frames.
jackson_1_18 one 
LOG (gmm-latgen-faster[5.2.134~1-ecd4]:DecodeUtteranceLatticeFaster():decoder-wrappers.cc:286) Log-like per frame for utterance jackson_1_18 is -8.63461 over 43 frames.
jackson_1_19 one 
LOG (gmm-latgen-faster[5.2.134~1-ecd4]:DecodeUtteranceLatticeFaster():decoder-wrappers.cc:286) Log-like per frame for utterance jackson_1_19 is -8.60547 over 46 frames.
jackson_1_2 one 
LOG (gmm-latgen-faster[5.2.134~1-ecd4]:DecodeUtteranceLatticeFaster():decoder-wrappers.cc:286) Log-like per frame for utterance jackson_1_2 is -8.45623 over 46 frames.
jackson_1_20 one 
LOG (gmm-latgen-faster[5.2.134~1-ecd4]:DecodeUtteranceLatticeFaster():decoder-wrappers.cc:286) Log-like per frame for utterance jackson_1_20 is -8.53916 over 44 frames.
jackson_1_21 one 
LOG (gmm-latgen-faster[5.2.134~1-ecd4]:DecodeUtteranceLatticeFaster():decoder-wrappers.cc:286) Log-like per frame for utterance jackson_1_21 is -8.93612 over 47 frames.
jackson_1_22 one 
LOG (gmm-latgen-faster[5.2.134~1-ecd4]:DecodeUtteranceLatticeFaster():decoder-wrappers.cc:286) Log-like per frame for utterance jackson_1_22 is -9.27771 over 42 frames.
jackson_1_23 one 
LOG (gmm-latgen-faster[5.2.134~1-ecd4]:DecodeUtteranceLatticeFaster():decoder-wrappers.cc:286) Log-like per frame for utterance jackson_1_23 is -8.22973 over 45 frames.
jackson_1_24 one 
LOG (gmm-latgen-faster[5.2.134~1-ecd4]:DecodeUtteranceLatticeFaster():decoder-wrappers.cc:286) Log-like per frame for utterance jackson_1_24 is -8.18675 over 46 frames.
jackson_1_25 one 
LOG (gmm-latgen-faster[5.2.134~1-ecd4]:DecodeUtteranceLatticeFaster():decoder-wrappers.cc:286) Log-like per frame for utterance jackson_1_25 is -8.02032 over 53 frames.
jackson_1_26 one 
LOG (gmm-latgen-faster[5.2.134~1-ecd4]:DecodeUtteranceLatticeFaster():decoder-wrappers.cc:286) Log-like per frame for utterance jackson_1_26 is -8.58683 over 51 frames.
jackson_1_27 one 
LOG (gmm-latgen-faster[5.2.134~1-ecd4]:DecodeUtteranceLatticeFaster():decoder-wrappers.cc:286) Log-like per frame for utterance jackson_1_27 is -8.60562 over 46 frames.
jackson_1_28 one 
LOG (gmm-latgen-faster[5.2.134~1-ecd4]:DecodeUtteranceLatticeFaster():decoder-wrappers.cc:286) Log-like per frame for utterance jackson_1_28 is -8.76489 over 45 frames.
jackson_1_29 one 
LOG (gmm-latgen-faster[5.2.134~1-ecd4]:DecodeUtteranceLatticeFaster():decoder-wrappers.cc:286) Log-like per frame for utterance jackson_1_29 is -8.84708 over 45 frames.
jackson_1_3 one 
LOG (gmm-latgen-faster[5.2.134~1-ecd4]:DecodeUtteranceLatticeFaster():decoder-wrappers.cc:286) Log-like per frame for utterance jackson_1_3 is -8.51949 over 48 frames.
jackson_1_30 one 
LOG (gmm-latgen-faster[5.2.134~1-ecd4]:DecodeUtteranceLatticeFaster():decoder-wrappers.cc:286) Log-like per frame for utterance jackson_1_30 is -9.05226 over 47 frames.
jackson_1_31 one 
LOG (gmm-latgen-faster[5.2.134~1-ecd4]:DecodeUtteranceLatticeFaster():decoder-wrappers.cc:286) Log-like per frame for utterance jackson_1_31 is -8.73297 over 51 frames.
jackson_1_32 one 
LOG (gmm-latgen-faster[5.2.134~1-ecd4]:DecodeUtteranceLatticeFaster():decoder-wrappers.cc:286) Log-like per frame for utterance jackson_1_32 is -8.58525 over 50 frames.
jackson_1_33 one 
LOG (gmm-latgen-faster[5.2.134~1-ecd4]:DecodeUtteranceLatticeFaster():decoder-wrappers.cc:286) Log-like per frame for utterance jackson_1_33 is -9.01185 over 59 frames.
jackson_1_34 one 
LOG (gmm-latgen-faster[5.2.134~1-ecd4]:DecodeUtteranceLatticeFaster():decoder-wrappers.cc:286) Log-like per frame for utterance jackson_1_34 is -8.75846 over 49 frames.
jackson_1_35 one 
LOG (gmm-latgen-faster[5.2.134~1-ecd4]:DecodeUtteranceLatticeFaster():decoder-wrappers.cc:286) Log-like per frame for utterance jackson_1_35 is -8.37685 over 48 frames.
jackson_1_36 one 
LOG (gmm-latgen-faster[5.2.134~1-ecd4]:DecodeUtteranceLatticeFaster():decoder-wrappers.cc:286) Log-like per frame for utterance jackson_1_36 is -8.52359 over 42 frames.
jackson_1_37 one 
LOG (gmm-latgen-faster[5.2.134~1-ecd4]:DecodeUtteranceLatticeFaster():decoder-wrappers.cc:286) Log-like per frame for utterance jackson_1_37 is -8.55482 over 42 frames.
jackson_1_38 one 
LOG (gmm-latgen-faster[5.2.134~1-ecd4]:DecodeUtteranceLatticeFaster():decoder-wrappers.cc:286) Log-like per frame for utterance jackson_1_38 is -8.63157 over 48 frames.
jackson_1_39 one 
LOG (gmm-latgen-faster[5.2.134~1-ecd4]:DecodeUtteranceLatticeFaster():decoder-wrappers.cc:286) Log-like per frame for utterance jackson_1_39 is -9.26357 over 54 frames.
jackson_1_4 one 
LOG (gmm-latgen-faster[5.2.134~1-ecd4]:DecodeUtteranceLatticeFaster():decoder-wrappers.cc:286) Log-like per frame for utterance jackson_1_4 is -8.68887 over 51 frames.
jackson_1_40 one 
LOG (gmm-latgen-faster[5.2.134~1-ecd4]:DecodeUtteranceLatticeFaster():decoder-wrappers.cc:286) Log-like per frame for utterance jackson_1_40 is -9.30112 over 59 frames.
jackson_1_41 one 
LOG (gmm-latgen-faster[5.2.134~1-ecd4]:DecodeUtteranceLatticeFaster():decoder-wrappers.cc:286) Log-like per frame for utterance jackson_1_41 is -9.15875 over 60 frames.
jackson_1_42 one 
LOG (gmm-latgen-faster[5.2.134~1-ecd4]:DecodeUtteranceLatticeFaster():decoder-wrappers.cc:286) Log-like per frame for utterance jackson_1_42 is -9.05406 over 61 frames.
jackson_1_43 one 
LOG (gmm-latgen-faster[5.2.134~1-ecd4]:DecodeUtteranceLatticeFaster():decoder-wrappers.cc:286) Log-like per frame for utterance jackson_1_43 is -9.35799 over 56 frames.
jackson_1_44 one 
LOG (gmm-latgen-faster[5.2.134~1-ecd4]:DecodeUtteranceLatticeFaster():decoder-wrappers.cc:286) Log-like per frame for utterance jackson_1_44 is -9.39049 over 56 frames.
jackson_1_45 one 
LOG (gmm-latgen-faster[5.2.134~1-ecd4]:DecodeUtteranceLatticeFaster():decoder-wrappers.cc:286) Log-like per frame for utterance jackson_1_45 is -9.75544 over 58 frames.
jackson_1_46 one 
LOG (gmm-latgen-faster[5.2.134~1-ecd4]:DecodeUtteranceLatticeFaster():decoder-wrappers.cc:286) Log-like per frame for utterance jackson_1_46 is -9.07784 over 51 frames.
jackson_1_47 one 
LOG (gmm-latgen-faster[5.2.134~1-ecd4]:DecodeUtteranceLatticeFaster():decoder-wrappers.cc:286) Log-like per frame for utterance jackson_1_47 is -9.47307 over 54 frames.
jackson_1_48 one 
LOG (gmm-latgen-faster[5.2.134~1-ecd4]:DecodeUtteranceLatticeFaster():decoder-wrappers.cc:286) Log-like per frame for utterance jackson_1_48 is -8.82955 over 57 frames.
jackson_1_49 one 
LOG (gmm-latgen-faster[5.2.134~1-ecd4]:DecodeUtteranceLatticeFaster():decoder-wrappers.cc:286) Log-like per frame for utterance jackson_1_49 is -9.52366 over 48 frames.
jackson_1_5 one 
LOG (gmm-latgen-faster[5.2.134~1-ecd4]:DecodeUtteranceLatticeFaster():decoder-wrappers.cc:286) Log-like per frame for utterance jackson_1_5 is -8.75195 over 55 frames.
jackson_1_6 one 
LOG (gmm-latgen-faster[5.2.134~1-ecd4]:DecodeUtteranceLatticeFaster():decoder-wrappers.cc:286) Log-like per frame for utterance jackson_1_6 is -8.85003 over 49 frames.
jackson_1_7 one 
LOG (gmm-latgen-faster[5.2.134~1-ecd4]:DecodeUtteranceLatticeFaster():decoder-wrappers.cc:286) Log-like per frame for utterance jackson_1_7 is -8.63626 over 54 frames.
jackson_1_8 one 
LOG (gmm-latgen-faster[5.2.134~1-ecd4]:DecodeUtteranceLatticeFaster():decoder-wrappers.cc:286) Log-like per frame for utterance jackson_1_8 is -8.25178 over 49 frames.
jackson_1_9 one 
LOG (gmm-latgen-faster[5.2.134~1-ecd4]:DecodeUtteranceLatticeFaster():decoder-wrappers.cc:286) Log-like per frame for utterance jackson_1_9 is -8.5729 over 56 frames.
jackson_2_0 two 
LOG (gmm-latgen-faster[5.2.134~1-ecd4]:DecodeUtteranceLatticeFaster():decoder-wrappers.cc:286) Log-like per frame for utterance jackson_2_0 is -8.92421 over 48 frames.
jackson_2_1 zero 
LOG (gmm-latgen-faster[5.2.134~1-ecd4]:DecodeUtteranceLatticeFaster():decoder-wrappers.cc:286) Log-like per frame for utterance jackson_2_1 is -8.9706 over 53 frames.
jackson_2_10 two 
LOG (gmm-latgen-faster[5.2.134~1-ecd4]:DecodeUtteranceLatticeFaster():decoder-wrappers.cc:286) Log-like per frame for utterance jackson_2_10 is -8.55379 over 50 frames.
jackson_2_11 two 
LOG (gmm-latgen-faster[5.2.134~1-ecd4]:DecodeUtteranceLatticeFaster():decoder-wrappers.cc:286) Log-like per frame for utterance jackson_2_11 is -8.47414 over 50 frames.
jackson_2_12 two 
LOG (gmm-latgen-faster[5.2.134~1-ecd4]:DecodeUtteranceLatticeFaster():decoder-wrappers.cc:286) Log-like per frame for utterance jackson_2_12 is -8.97399 over 47 frames.
jackson_2_13 two 
LOG (gmm-latgen-faster[5.2.134~1-ecd4]:DecodeUtteranceLatticeFaster():decoder-wrappers.cc:286) Log-like per frame for utterance jackson_2_13 is -9.29159 over 50 frames.
jackson_2_14 two 
LOG (gmm-latgen-faster[5.2.134~1-ecd4]:DecodeUtteranceLatticeFaster():decoder-wrappers.cc:286) Log-like per frame for utterance jackson_2_14 is -9.18145 over 49 frames.
jackson_2_15 two 
LOG (gmm-latgen-faster[5.2.134~1-ecd4]:DecodeUtteranceLatticeFaster():decoder-wrappers.cc:286) Log-like per frame for utterance jackson_2_15 is -9.26149 over 50 frames.
jackson_2_16 two 
LOG (gmm-latgen-faster[5.2.134~1-ecd4]:DecodeUtteranceLatticeFaster():decoder-wrappers.cc:286) Log-like per frame for utterance jackson_2_16 is -9.23023 over 46 frames.
jackson_2_17 two 
LOG (gmm-latgen-faster[5.2.134~1-ecd4]:DecodeUtteranceLatticeFaster():decoder-wrappers.cc:286) Log-like per frame for utterance jackson_2_17 is -9.31469 over 52 frames.
jackson_2_18 two 
LOG (gmm-latgen-faster[5.2.134~1-ecd4]:DecodeUtteranceLatticeFaster():decoder-wrappers.cc:286) Log-like per frame for utterance jackson_2_18 is -9.34294 over 53 frames.
jackson_2_19 two 
LOG (gmm-latgen-faster[5.2.134~1-ecd4]:DecodeUtteranceLatticeFaster():decoder-wrappers.cc:286) Log-like per frame for utterance jackson_2_19 is -9.27257 over 50 frames.
jackson_2_2 two 
LOG (gmm-latgen-faster[5.2.134~1-ecd4]:DecodeUtteranceLatticeFaster():decoder-wrappers.cc:286) Log-like per frame for utterance jackson_2_2 is -8.60091 over 42 frames.
jackson_2_20 two 
LOG (gmm-latgen-faster[5.2.134~1-ecd4]:DecodeUtteranceLatticeFaster():decoder-wrappers.cc:286) Log-like per frame for utterance jackson_2_20 is -9.55189 over 46 frames.
jackson_2_21 two 
LOG (gmm-latgen-faster[5.2.134~1-ecd4]:DecodeUtteranceLatticeFaster():decoder-wrappers.cc:286) Log-like per frame for utterance jackson_2_21 is -8.75373 over 72 frames.
jackson_2_22 two 
LOG (gmm-latgen-faster[5.2.134~1-ecd4]:DecodeUtteranceLatticeFaster():decoder-wrappers.cc:286) Log-like per frame for utterance jackson_2_22 is -8.56214 over 46 frames.
jackson_2_23 two 
LOG (gmm-latgen-faster[5.2.134~1-ecd4]:DecodeUtteranceLatticeFaster():decoder-wrappers.cc:286) Log-like per frame for utterance jackson_2_23 is -8.78316 over 48 frames.
jackson_2_24 two 
LOG (gmm-latgen-faster[5.2.134~1-ecd4]:DecodeUtteranceLatticeFaster():decoder-wrappers.cc:286) Log-like per frame for utterance jackson_2_24 is -8.96602 over 50 frames.
jackson_2_25 two 
LOG (gmm-latgen-faster[5.2.134~1-ecd4]:DecodeUtteranceLatticeFaster():decoder-wrappers.cc:286) Log-like per frame for utterance jackson_2_25 is -8.99171 over 52 frames.
jackson_2_26 two 
LOG (gmm-latgen-faster[5.2.134~1-ecd4]:DecodeUtteranceLatticeFaster():decoder-wrappers.cc:286) Log-like per frame for utterance jackson_2_26 is -9.24496 over 48 frames.
jackson_2_27 two 
LOG (gmm-latgen-faster[5.2.134~1-ecd4]:DecodeUtteranceLatticeFaster():decoder-wrappers.cc:286) Log-like per frame for utterance jackson_2_27 is -8.90573 over 51 frames.
jackson_2_28 two 
LOG (gmm-latgen-faster[5.2.134~1-ecd4]:DecodeUtteranceLatticeFaster():decoder-wrappers.cc:286) Log-like per frame for utterance jackson_2_28 is -9.00641 over 49 frames.
jackson_2_29 two 
LOG (gmm-latgen-faster[5.2.134~1-ecd4]:DecodeUtteranceLatticeFaster():decoder-wrappers.cc:286) Log-like per frame for utterance jackson_2_29 is -9.17993 over 53 frames.
jackson_2_3 two 
LOG (gmm-latgen-faster[5.2.134~1-ecd4]:DecodeUtteranceLatticeFaster():decoder-wrappers.cc:286) Log-like per frame for utterance jackson_2_3 is -8.98718 over 48 frames.
jackson_2_30 two 
LOG (gmm-latgen-faster[5.2.134~1-ecd4]:DecodeUtteranceLatticeFaster():decoder-wrappers.cc:286) Log-like per frame for utterance jackson_2_30 is -8.87033 over 46 frames.
jackson_2_31 two 
LOG (gmm-latgen-faster[5.2.134~1-ecd4]:DecodeUtteranceLatticeFaster():decoder-wrappers.cc:286) Log-like per frame for utterance jackson_2_31 is -8.7117 over 45 frames.
jackson_2_32 two 
LOG (gmm-latgen-faster[5.2.134~1-ecd4]:DecodeUtteranceLatticeFaster():decoder-wrappers.cc:286) Log-like per frame for utterance jackson_2_32 is -8.64763 over 49 frames.
jackson_2_33 two 
LOG (gmm-latgen-faster[5.2.134~1-ecd4]:DecodeUtteranceLatticeFaster():decoder-wrappers.cc:286) Log-like per frame for utterance jackson_2_33 is -9.39354 over 49 frames.
jackson_2_34 two 
LOG (gmm-latgen-faster[5.2.134~1-ecd4]:DecodeUtteranceLatticeFaster():decoder-wrappers.cc:286) Log-like per frame for utterance jackson_2_34 is -9.04206 over 47 frames.
jackson_2_35 two 
LOG (gmm-latgen-faster[5.2.134~1-ecd4]:DecodeUtteranceLatticeFaster():decoder-wrappers.cc:286) Log-like per frame for utterance jackson_2_35 is -8.52637 over 45 frames.
jackson_2_36 two 
LOG (gmm-latgen-faster[5.2.134~1-ecd4]:DecodeUtteranceLatticeFaster():decoder-wrappers.cc:286) Log-like per frame for utterance jackson_2_36 is -9.31762 over 47 frames.
jackson_2_37 two 
LOG (gmm-latgen-faster[5.2.134~1-ecd4]:DecodeUtteranceLatticeFaster():decoder-wrappers.cc:286) Log-like per frame for utterance jackson_2_37 is -9.09539 over 38 frames.
jackson_2_38 two 
LOG (gmm-latgen-faster[5.2.134~1-ecd4]:DecodeUtteranceLatticeFaster():decoder-wrappers.cc:286) Log-like per frame for utterance jackson_2_38 is -8.87714 over 45 frames.
jackson_2_39 two 
LOG (gmm-latgen-faster[5.2.134~1-ecd4]:DecodeUtteranceLatticeFaster():decoder-wrappers.cc:286) Log-like per frame for utterance jackson_2_39 is -8.82474 over 44 frames.
jackson_2_4 two 
LOG (gmm-latgen-faster[5.2.134~1-ecd4]:DecodeUtteranceLatticeFaster():decoder-wrappers.cc:286) Log-like per frame for utterance jackson_2_4 is -8.86521 over 46 frames.
jackson_2_40 two 
LOG (gmm-latgen-faster[5.2.134~1-ecd4]:DecodeUtteranceLatticeFaster():decoder-wrappers.cc:286) Log-like per frame for utterance jackson_2_40 is -8.63692 over 53 frames.
jackson_2_41 two 
LOG (gmm-latgen-faster[5.2.134~1-ecd4]:DecodeUtteranceLatticeFaster():decoder-wrappers.cc:286) Log-like per frame for utterance jackson_2_41 is -8.8851 over 56 frames.
jackson_2_42 two 
LOG (gmm-latgen-faster[5.2.134~1-ecd4]:DecodeUtteranceLatticeFaster():decoder-wrappers.cc:286) Log-like per frame for utterance jackson_2_42 is -8.78261 over 57 frames.
jackson_2_43 two 
LOG (gmm-latgen-faster[5.2.134~1-ecd4]:DecodeUtteranceLatticeFaster():decoder-wrappers.cc:286) Log-like per frame for utterance jackson_2_43 is -9.15205 over 50 frames.
jackson_2_44 two 
LOG (gmm-latgen-faster[5.2.134~1-ecd4]:DecodeUtteranceLatticeFaster():decoder-wrappers.cc:286) Log-like per frame for utterance jackson_2_44 is -9.30571 over 60 frames.
jackson_2_45 two 
LOG (gmm-latgen-faster[5.2.134~1-ecd4]:DecodeUtteranceLatticeFaster():decoder-wrappers.cc:286) Log-like per frame for utterance jackson_2_45 is -8.79426 over 63 frames.
jackson_2_46 two 
LOG (gmm-latgen-faster[5.2.134~1-ecd4]:DecodeUtteranceLatticeFaster():decoder-wrappers.cc:286) Log-like per frame for utterance jackson_2_46 is -8.9589 over 50 frames.
jackson_2_47 two 
LOG (gmm-latgen-faster[5.2.134~1-ecd4]:DecodeUtteranceLatticeFaster():decoder-wrappers.cc:286) Log-like per frame for utterance jackson_2_47 is -8.66222 over 47 frames.
jackson_2_48 two 
LOG (gmm-latgen-faster[5.2.134~1-ecd4]:DecodeUtteranceLatticeFaster():decoder-wrappers.cc:286) Log-like per frame for utterance jackson_2_48 is -8.99642 over 48 frames.
jackson_2_49 two 
LOG (gmm-latgen-faster[5.2.134~1-ecd4]:DecodeUtteranceLatticeFaster():decoder-wrappers.cc:286) Log-like per frame for utterance jackson_2_49 is -8.81715 over 52 frames.
jackson_2_5 two 
LOG (gmm-latgen-faster[5.2.134~1-ecd4]:DecodeUtteranceLatticeFaster():decoder-wrappers.cc:286) Log-like per frame for utterance jackson_2_5 is -8.79935 over 45 frames.
jackson_2_6 two 
LOG (gmm-latgen-faster[5.2.134~1-ecd4]:DecodeUtteranceLatticeFaster():decoder-wrappers.cc:286) Log-like per frame for utterance jackson_2_6 is -8.51142 over 45 frames.
jackson_2_7 two 
LOG (gmm-latgen-faster[5.2.134~1-ecd4]:DecodeUtteranceLatticeFaster():decoder-wrappers.cc:286) Log-like per frame for utterance jackson_2_7 is -8.89189 over 46 frames.
jackson_2_8 two 
LOG (gmm-latgen-faster[5.2.134~1-ecd4]:DecodeUtteranceLatticeFaster():decoder-wrappers.cc:286) Log-like per frame for utterance jackson_2_8 is -9.16976 over 46 frames.
jackson_2_9 two 
LOG (gmm-latgen-faster[5.2.134~1-ecd4]:DecodeUtteranceLatticeFaster():decoder-wrappers.cc:286) Log-like per frame for utterance jackson_2_9 is -8.62504 over 52 frames.
jackson_3_0 
LOG (gmm-latgen-faster[5.2.134~1-ecd4]:DecodeUtteranceLatticeFaster():decoder-wrappers.cc:286) Log-like per frame for utterance jackson_3_0 is -8.93236 over 47 frames.
jackson_3_1 
LOG (gmm-latgen-faster[5.2.134~1-ecd4]:DecodeUtteranceLatticeFaster():decoder-wrappers.cc:286) Log-like per frame for utterance jackson_3_1 is -9.45074 over 45 frames.
jackson_3_10 three 
LOG (gmm-latgen-faster[5.2.134~1-ecd4]:DecodeUtteranceLatticeFaster():decoder-wrappers.cc:286) Log-like per frame for utterance jackson_3_10 is -8.95755 over 44 frames.
jackson_3_11 three 
LOG (gmm-latgen-faster[5.2.134~1-ecd4]:DecodeUtteranceLatticeFaster():decoder-wrappers.cc:286) Log-like per frame for utterance jackson_3_11 is -8.51911 over 43 frames.
jackson_3_12 
LOG (gmm-latgen-faster[5.2.134~1-ecd4]:DecodeUtteranceLatticeFaster():decoder-wrappers.cc:286) Log-like per frame for utterance jackson_3_12 is -9.42247 over 46 frames.
jackson_3_13 three 
LOG (gmm-latgen-faster[5.2.134~1-ecd4]:DecodeUtteranceLatticeFaster():decoder-wrappers.cc:286) Log-like per frame for utterance jackson_3_13 is -8.66229 over 42 frames.
jackson_3_14 three 
LOG (gmm-latgen-faster[5.2.134~1-ecd4]:DecodeUtteranceLatticeFaster():decoder-wrappers.cc:286) Log-like per frame for utterance jackson_3_14 is -8.83173 over 48 frames.
jackson_3_15 three 
LOG (gmm-latgen-faster[5.2.134~1-ecd4]:DecodeUtteranceLatticeFaster():decoder-wrappers.cc:286) Log-like per frame for utterance jackson_3_15 is -8.59067 over 44 frames.
jackson_3_16 three 
LOG (gmm-latgen-faster[5.2.134~1-ecd4]:DecodeUtteranceLatticeFaster():decoder-wrappers.cc:286) Log-like per frame for utterance jackson_3_16 is -8.80332 over 46 frames.
jackson_3_17 three 
LOG (gmm-latgen-faster[5.2.134~1-ecd4]:DecodeUtteranceLatticeFaster():decoder-wrappers.cc:286) Log-like per frame for utterance jackson_3_17 is -8.64488 over 43 frames.
jackson_3_18 three 
LOG (gmm-latgen-faster[5.2.134~1-ecd4]:DecodeUtteranceLatticeFaster():decoder-wrappers.cc:286) Log-like per frame for utterance jackson_3_18 is -9.04873 over 46 frames.
jackson_3_19 three 
LOG (gmm-latgen-faster[5.2.134~1-ecd4]:DecodeUtteranceLatticeFaster():decoder-wrappers.cc:286) Log-like per frame for utterance jackson_3_19 is -9.21117 over 42 frames.
jackson_3_2 
LOG (gmm-latgen-faster[5.2.134~1-ecd4]:DecodeUtteranceLatticeFaster():decoder-wrappers.cc:286) Log-like per frame for utterance jackson_3_2 is -9.28937 over 49 frames.
jackson_3_20 three 
LOG (gmm-latgen-faster[5.2.134~1-ecd4]:DecodeUtteranceLatticeFaster():decoder-wrappers.cc:286) Log-like per frame for utterance jackson_3_20 is -8.99222 over 45 frames.
jackson_3_21 three 
LOG (gmm-latgen-faster[5.2.134~1-ecd4]:DecodeUtteranceLatticeFaster():decoder-wrappers.cc:286) Log-like per frame for utterance jackson_3_21 is -8.76031 over 44 frames.
jackson_3_22 three 
LOG (gmm-latgen-faster[5.2.134~1-ecd4]:DecodeUtteranceLatticeFaster():decoder-wrappers.cc:286) Log-like per frame for utterance jackson_3_22 is -9.02484 over 41 frames.
jackson_3_23 
LOG (gmm-latgen-faster[5.2.134~1-ecd4]:DecodeUtteranceLatticeFaster():decoder-wrappers.cc:286) Log-like per frame for utterance jackson_3_23 is -9.19467 over 44 frames.
jackson_3_24 three 
LOG (gmm-latgen-faster[5.2.134~1-ecd4]:DecodeUtteranceLatticeFaster():decoder-wrappers.cc:286) Log-like per frame for utterance jackson_3_24 is -8.79399 over 41 frames.
jackson_3_25 
LOG (gmm-latgen-faster[5.2.134~1-ecd4]:DecodeUtteranceLatticeFaster():decoder-wrappers.cc:286) Log-like per frame for utterance jackson_3_25 is -9.12827 over 46 frames.
jackson_3_26 three 
LOG (gmm-latgen-faster[5.2.134~1-ecd4]:DecodeUtteranceLatticeFaster():decoder-wrappers.cc:286) Log-like per frame for utterance jackson_3_26 is -8.92398 over 42 frames.
jackson_3_27 three 
LOG (gmm-latgen-faster[5.2.134~1-ecd4]:DecodeUtteranceLatticeFaster():decoder-wrappers.cc:286) Log-like per frame for utterance jackson_3_27 is -8.81453 over 44 frames.
jackson_3_28 
LOG (gmm-latgen-faster[5.2.134~1-ecd4]:DecodeUtteranceLatticeFaster():decoder-wrappers.cc:286) Log-like per frame for utterance jackson_3_28 is -9.348 over 42 frames.
jackson_3_29 
LOG (gmm-latgen-faster[5.2.134~1-ecd4]:DecodeUtteranceLatticeFaster():decoder-wrappers.cc:286) Log-like per frame for utterance jackson_3_29 is -9.28834 over 46 frames.
jackson_3_3 three 
LOG (gmm-latgen-faster[5.2.134~1-ecd4]:DecodeUtteranceLatticeFaster():decoder-wrappers.cc:286) Log-like per frame for utterance jackson_3_3 is -9.3081 over 49 frames.
jackson_3_30 
LOG (gmm-latgen-faster[5.2.134~1-ecd4]:DecodeUtteranceLatticeFaster():decoder-wrappers.cc:286) Log-like per frame for utterance jackson_3_30 is -9.33029 over 46 frames.
jackson_3_31 three 
LOG (gmm-latgen-faster[5.2.134~1-ecd4]:DecodeUtteranceLatticeFaster():decoder-wrappers.cc:286) Log-like per frame for utterance jackson_3_31 is -9.65282 over 47 frames.
jackson_3_32 
LOG (gmm-latgen-faster[5.2.134~1-ecd4]:DecodeUtteranceLatticeFaster():decoder-wrappers.cc:286) Log-like per frame for utterance jackson_3_32 is -9.60444 over 46 frames.
jackson_3_33 three 
LOG (gmm-latgen-faster[5.2.134~1-ecd4]:DecodeUtteranceLatticeFaster():decoder-wrappers.cc:286) Log-like per frame for utterance jackson_3_33 is -9.51752 over 46 frames.
jackson_3_34 three 
LOG (gmm-latgen-faster[5.2.134~1-ecd4]:DecodeUtteranceLatticeFaster():decoder-wrappers.cc:286) Log-like per frame for utterance jackson_3_34 is -8.80226 over 46 frames.
jackson_3_35 three 
LOG (gmm-latgen-faster[5.2.134~1-ecd4]:DecodeUtteranceLatticeFaster():decoder-wrappers.cc:286) Log-like per frame for utterance jackson_3_35 is -9.21421 over 50 frames.
jackson_3_36 three 
LOG (gmm-latgen-faster[5.2.134~1-ecd4]:DecodeUtteranceLatticeFaster():decoder-wrappers.cc:286) Log-like per frame for utterance jackson_3_36 is -9.23266 over 49 frames.
jackson_3_37 
LOG (gmm-latgen-faster[5.2.134~1-ecd4]:DecodeUtteranceLatticeFaster():decoder-wrappers.cc:286) Log-like per frame for utterance jackson_3_37 is -9.27421 over 49 frames.
jackson_3_38 three 
LOG (gmm-latgen-faster[5.2.134~1-ecd4]:DecodeUtteranceLatticeFaster():decoder-wrappers.cc:286) Log-like per frame for utterance jackson_3_38 is -9.35417 over 51 frames.
jackson_3_39 three 
LOG (gmm-latgen-faster[5.2.134~1-ecd4]:DecodeUtteranceLatticeFaster():decoder-wrappers.cc:286) Log-like per frame for utterance jackson_3_39 is -9.14206 over 49 frames.
jackson_3_4 
LOG (gmm-latgen-faster[5.2.134~1-ecd4]:DecodeUtteranceLatticeFaster():decoder-wrappers.cc:286) Log-like per frame for utterance jackson_3_4 is -8.82734 over 43 frames.
jackson_3_40 
LOG (gmm-latgen-faster[5.2.134~1-ecd4]:DecodeUtteranceLatticeFaster():decoder-wrappers.cc:286) Log-like per frame for utterance jackson_3_40 is -9.19075 over 50 frames.
jackson_3_41 
LOG (gmm-latgen-faster[5.2.134~1-ecd4]:DecodeUtteranceLatticeFaster():decoder-wrappers.cc:286) Log-like per frame for utterance jackson_3_41 is -9.48299 over 48 frames.
jackson_3_42 three 
LOG (gmm-latgen-faster[5.2.134~1-ecd4]:DecodeUtteranceLatticeFaster():decoder-wrappers.cc:286) Log-like per frame for utterance jackson_3_42 is -9.10018 over 48 frames.
jackson_3_43 three 
LOG (gmm-latgen-faster[5.2.134~1-ecd4]:DecodeUtteranceLatticeFaster():decoder-wrappers.cc:286) Log-like per frame for utterance jackson_3_43 is -9.20271 over 48 frames.
jackson_3_44 three 
LOG (gmm-latgen-faster[5.2.134~1-ecd4]:DecodeUtteranceLatticeFaster():decoder-wrappers.cc:286) Log-like per frame for utterance jackson_3_44 is -9.28439 over 53 frames.
jackson_3_45 three 
LOG (gmm-latgen-faster[5.2.134~1-ecd4]:DecodeUtteranceLatticeFaster():decoder-wrappers.cc:286) Log-like per frame for utterance jackson_3_45 is -9.14705 over 55 frames.
jackson_3_46 three 
LOG (gmm-latgen-faster[5.2.134~1-ecd4]:DecodeUtteranceLatticeFaster():decoder-wrappers.cc:286) Log-like per frame for utterance jackson_3_46 is -9.34006 over 52 frames.
jackson_3_47 
LOG (gmm-latgen-faster[5.2.134~1-ecd4]:DecodeUtteranceLatticeFaster():decoder-wrappers.cc:286) Log-like per frame for utterance jackson_3_47 is -9.12828 over 55 frames.
jackson_3_48 three 
LOG (gmm-latgen-faster[5.2.134~1-ecd4]:DecodeUtteranceLatticeFaster():decoder-wrappers.cc:286) Log-like per frame for utterance jackson_3_48 is -9.04331 over 49 frames.
jackson_3_49 
LOG (gmm-latgen-faster[5.2.134~1-ecd4]:DecodeUtteranceLatticeFaster():decoder-wrappers.cc:286) Log-like per frame for utterance jackson_3_49 is -9.31661 over 50 frames.
jackson_3_5 
LOG (gmm-latgen-faster[5.2.134~1-ecd4]:DecodeUtteranceLatticeFaster():decoder-wrappers.cc:286) Log-like per frame for utterance jackson_3_5 is -8.96265 over 43 frames.
jackson_3_6 three 
LOG (gmm-latgen-faster[5.2.134~1-ecd4]:DecodeUtteranceLatticeFaster():decoder-wrappers.cc:286) Log-like per frame for utterance jackson_3_6 is -8.7235 over 45 frames.
jackson_3_7 
LOG (gmm-latgen-faster[5.2.134~1-ecd4]:DecodeUtteranceLatticeFaster():decoder-wrappers.cc:286) Log-like per frame for utterance jackson_3_7 is -9.30393 over 47 frames.
jackson_3_8 three 
LOG (gmm-latgen-faster[5.2.134~1-ecd4]:DecodeUtteranceLatticeFaster():decoder-wrappers.cc:286) Log-like per frame for utterance jackson_3_8 is -8.94604 over 43 frames.
jackson_3_9 three 
LOG (gmm-latgen-faster[5.2.134~1-ecd4]:DecodeUtteranceLatticeFaster():decoder-wrappers.cc:286) Log-like per frame for utterance jackson_3_9 is -8.82838 over 47 frames.
jackson_4_0 four 
LOG (gmm-latgen-faster[5.2.134~1-ecd4]:DecodeUtteranceLatticeFaster():decoder-wrappers.cc:286) Log-like per frame for utterance jackson_4_0 is -8.36949 over 44 frames.
jackson_4_1 four 
LOG (gmm-latgen-faster[5.2.134~1-ecd4]:DecodeUtteranceLatticeFaster():decoder-wrappers.cc:286) Log-like per frame for utterance jackson_4_1 is -7.93562 over 40 frames.
jackson_4_10 four 
LOG (gmm-latgen-faster[5.2.134~1-ecd4]:DecodeUtteranceLatticeFaster():decoder-wrappers.cc:286) Log-like per frame for utterance jackson_4_10 is -9.47718 over 36 frames.
jackson_4_11 four 
LOG (gmm-latgen-faster[5.2.134~1-ecd4]:DecodeUtteranceLatticeFaster():decoder-wrappers.cc:286) Log-like per frame for utterance jackson_4_11 is -9.18345 over 36 frames.
jackson_4_12 four 
LOG (gmm-latgen-faster[5.2.134~1-ecd4]:DecodeUtteranceLatticeFaster():decoder-wrappers.cc:286) Log-like per frame for utterance jackson_4_12 is -7.69431 over 39 frames.
jackson_4_13 four 
LOG (gmm-latgen-faster[5.2.134~1-ecd4]:DecodeUtteranceLatticeFaster():decoder-wrappers.cc:286) Log-like per frame for utterance jackson_4_13 is -9.12908 over 35 frames.
jackson_4_14 four 
LOG (gmm-latgen-faster[5.2.134~1-ecd4]:DecodeUtteranceLatticeFaster():decoder-wrappers.cc:286) Log-like per frame for utterance jackson_4_14 is -8.94623 over 35 frames.
jackson_4_15 four 
LOG (gmm-latgen-faster[5.2.134~1-ecd4]:DecodeUtteranceLatticeFaster():decoder-wrappers.cc:286) Log-like per frame for utterance jackson_4_15 is -8.99143 over 43 frames.
jackson_4_16 four 
LOG (gmm-latgen-faster[5.2.134~1-ecd4]:DecodeUtteranceLatticeFaster():decoder-wrappers.cc:286) Log-like per frame for utterance jackson_4_16 is -9.04567 over 41 frames.
jackson_4_17 four 
LOG (gmm-latgen-faster[5.2.134~1-ecd4]:DecodeUtteranceLatticeFaster():decoder-wrappers.cc:286) Log-like per frame for utterance jackson_4_17 is -9.92754 over 38 frames.
jackson_4_18 four 
LOG (gmm-latgen-faster[5.2.134~1-ecd4]:DecodeUtteranceLatticeFaster():decoder-wrappers.cc:286) Log-like per frame for utterance jackson_4_18 is -9.32976 over 38 frames.
jackson_4_19 four 
LOG (gmm-latgen-faster[5.2.134~1-ecd4]:DecodeUtteranceLatticeFaster():decoder-wrappers.cc:286) Log-like per frame for utterance jackson_4_19 is -9.5124 over 34 frames.
jackson_4_2 four 
LOG (gmm-latgen-faster[5.2.134~1-ecd4]:DecodeUtteranceLatticeFaster():decoder-wrappers.cc:286) Log-like per frame for utterance jackson_4_2 is -7.99125 over 40 frames.
jackson_4_20 four 
LOG (gmm-latgen-faster[5.2.134~1-ecd4]:DecodeUtteranceLatticeFaster():decoder-wrappers.cc:286) Log-like per frame for utterance jackson_4_20 is -9.56198 over 37 frames.
jackson_4_21 four 
LOG (gmm-latgen-faster[5.2.134~1-ecd4]:DecodeUtteranceLatticeFaster():decoder-wrappers.cc:286) Log-like per frame for utterance jackson_4_21 is -9.30631 over 33 frames.
jackson_4_22 four 
LOG (gmm-latgen-faster[5.2.134~1-ecd4]:DecodeUtteranceLatticeFaster():decoder-wrappers.cc:286) Log-like per frame for utterance jackson_4_22 is -9.52599 over 40 frames.
jackson_4_23 four 
LOG (gmm-latgen-faster[5.2.134~1-ecd4]:DecodeUtteranceLatticeFaster():decoder-wrappers.cc:286) Log-like per frame for utterance jackson_4_23 is -8.4765 over 39 frames.
jackson_4_24 four 
LOG (gmm-latgen-faster[5.2.134~1-ecd4]:DecodeUtteranceLatticeFaster():decoder-wrappers.cc:286) Log-like per frame for utterance jackson_4_24 is -9.11949 over 38 frames.
jackson_4_25 four 
LOG (gmm-latgen-faster[5.2.134~1-ecd4]:DecodeUtteranceLatticeFaster():decoder-wrappers.cc:286) Log-like per frame for utterance jackson_4_25 is -9.17966 over 39 frames.
jackson_4_26 four 
LOG (gmm-latgen-faster[5.2.134~1-ecd4]:DecodeUtteranceLatticeFaster():decoder-wrappers.cc:286) Log-like per frame for utterance jackson_4_26 is -9.15757 over 41 frames.
jackson_4_27 four 
LOG (gmm-latgen-faster[5.2.134~1-ecd4]:DecodeUtteranceLatticeFaster():decoder-wrappers.cc:286) Log-like per frame for utterance jackson_4_27 is -8.87846 over 41 frames.
jackson_4_28 four 
LOG (gmm-latgen-faster[5.2.134~1-ecd4]:DecodeUtteranceLatticeFaster():decoder-wrappers.cc:286) Log-like per frame for utterance jackson_4_28 is -9.56097 over 45 frames.
jackson_4_29 four 
LOG (gmm-latgen-faster[5.2.134~1-ecd4]:DecodeUtteranceLatticeFaster():decoder-wrappers.cc:286) Log-like per frame for utterance jackson_4_29 is -9.11105 over 42 frames.
jackson_4_3 four 
LOG (gmm-latgen-faster[5.2.134~1-ecd4]:DecodeUtteranceLatticeFaster():decoder-wrappers.cc:286) Log-like per frame for utterance jackson_4_3 is -8.22884 over 39 frames.
jackson_4_30 four 
LOG (gmm-latgen-faster[5.2.134~1-ecd4]:DecodeUtteranceLatticeFaster():decoder-wrappers.cc:286) Log-like per frame for utterance jackson_4_30 is -8.97222 over 42 frames.
jackson_4_31 four 
LOG (gmm-latgen-faster[5.2.134~1-ecd4]:DecodeUtteranceLatticeFaster():decoder-wrappers.cc:286) Log-like per frame for utterance jackson_4_31 is -9.5125 over 41 frames.
jackson_4_32 four 
LOG (gmm-latgen-faster[5.2.134~1-ecd4]:DecodeUtteranceLatticeFaster():decoder-wrappers.cc:286) Log-like per frame for utterance jackson_4_32 is -8.30211 over 41 frames.
jackson_4_33 four 
LOG (gmm-latgen-faster[5.2.134~1-ecd4]:DecodeUtteranceLatticeFaster():decoder-wrappers.cc:286) Log-like per frame for utterance jackson_4_33 is -8.27917 over 40 frames.
jackson_4_34 four 
LOG (gmm-latgen-faster[5.2.134~1-ecd4]:DecodeUtteranceLatticeFaster():decoder-wrappers.cc:286) Log-like per frame for utterance jackson_4_34 is -8.03405 over 38 frames.
jackson_4_35 four 
LOG (gmm-latgen-faster[5.2.134~1-ecd4]:DecodeUtteranceLatticeFaster():decoder-wrappers.cc:286) Log-like per frame for utterance jackson_4_35 is -8.3211 over 41 frames.
jackson_4_36 four 
LOG (gmm-latgen-faster[5.2.134~1-ecd4]:DecodeUtteranceLatticeFaster():decoder-wrappers.cc:286) Log-like per frame for utterance jackson_4_36 is -8.28506 over 38 frames.
jackson_4_37 four 
LOG (gmm-latgen-faster[5.2.134~1-ecd4]:DecodeUtteranceLatticeFaster():decoder-wrappers.cc:286) Log-like per frame for utterance jackson_4_37 is -8.80579 over 48 frames.
jackson_4_38 four 
LOG (gmm-latgen-faster[5.2.134~1-ecd4]:DecodeUtteranceLatticeFaster():decoder-wrappers.cc:286) Log-like per frame for utterance jackson_4_38 is -8.78211 over 45 frames.
jackson_4_39 four 
LOG (gmm-latgen-faster[5.2.134~1-ecd4]:DecodeUtteranceLatticeFaster():decoder-wrappers.cc:286) Log-like per frame for utterance jackson_4_39 is -8.8044 over 46 frames.
jackson_4_4 four 
LOG (gmm-latgen-faster[5.2.134~1-ecd4]:DecodeUtteranceLatticeFaster():decoder-wrappers.cc:286) Log-like per frame for utterance jackson_4_4 is -8.30184 over 41 frames.
jackson_4_40 four 
LOG (gmm-latgen-faster[5.2.134~1-ecd4]:DecodeUtteranceLatticeFaster():decoder-wrappers.cc:286) Log-like per frame for utterance jackson_4_40 is -8.82126 over 45 frames.
jackson_4_41 four 
LOG (gmm-latgen-faster[5.2.134~1-ecd4]:DecodeUtteranceLatticeFaster():decoder-wrappers.cc:286) Log-like per frame for utterance jackson_4_41 is -8.9315 over 43 frames.
jackson_4_42 four 
LOG (gmm-latgen-faster[5.2.134~1-ecd4]:DecodeUtteranceLatticeFaster():decoder-wrappers.cc:286) Log-like per frame for utterance jackson_4_42 is -8.84555 over 41 frames.
jackson_4_43 four 
LOG (gmm-latgen-faster[5.2.134~1-ecd4]:DecodeUtteranceLatticeFaster():decoder-wrappers.cc:286) Log-like per frame for utterance jackson_4_43 is -8.91227 over 44 frames.
jackson_4_44 four 
LOG (gmm-latgen-faster[5.2.134~1-ecd4]:DecodeUtteranceLatticeFaster():decoder-wrappers.cc:286) Log-like per frame for utterance jackson_4_44 is -9.4804 over 45 frames.
jackson_4_45 four 
LOG (gmm-latgen-faster[5.2.134~1-ecd4]:DecodeUtteranceLatticeFaster():decoder-wrappers.cc:286) Log-like per frame for utterance jackson_4_45 is -8.68239 over 42 frames.
jackson_4_46 four 
LOG (gmm-latgen-faster[5.2.134~1-ecd4]:DecodeUtteranceLatticeFaster():decoder-wrappers.cc:286) Log-like per frame for utterance jackson_4_46 is -8.76263 over 49 frames.
jackson_4_47 four 
LOG (gmm-latgen-faster[5.2.134~1-ecd4]:DecodeUtteranceLatticeFaster():decoder-wrappers.cc:286) Log-like per frame for utterance jackson_4_47 is -8.96466 over 47 frames.
jackson_4_48 four 
LOG (gmm-latgen-faster[5.2.134~1-ecd4]:DecodeUtteranceLatticeFaster():decoder-wrappers.cc:286) Log-like per frame for utterance jackson_4_48 is -8.94054 over 45 frames.
jackson_4_49 four 
LOG (gmm-latgen-faster[5.2.134~1-ecd4]:DecodeUtteranceLatticeFaster():decoder-wrappers.cc:286) Log-like per frame for utterance jackson_4_49 is -8.77976 over 48 frames.
jackson_4_5 four 
LOG (gmm-latgen-faster[5.2.134~1-ecd4]:DecodeUtteranceLatticeFaster():decoder-wrappers.cc:286) Log-like per frame for utterance jackson_4_5 is -8.813 over 42 frames.
jackson_4_6 four 
LOG (gmm-latgen-faster[5.2.134~1-ecd4]:DecodeUtteranceLatticeFaster():decoder-wrappers.cc:286) Log-like per frame for utterance jackson_4_6 is -9.01995 over 43 frames.
jackson_4_7 four 
LOG (gmm-latgen-faster[5.2.134~1-ecd4]:DecodeUtteranceLatticeFaster():decoder-wrappers.cc:286) Log-like per frame for utterance jackson_4_7 is -9.01121 over 39 frames.
jackson_4_8 four 
LOG (gmm-latgen-faster[5.2.134~1-ecd4]:DecodeUtteranceLatticeFaster():decoder-wrappers.cc:286) Log-like per frame for utterance jackson_4_8 is -8.9125 over 40 frames.
jackson_4_9 four 
LOG (gmm-latgen-faster[5.2.134~1-ecd4]:DecodeUtteranceLatticeFaster():decoder-wrappers.cc:286) Log-like per frame for utterance jackson_4_9 is -8.61537 over 40 frames.
jackson_5_0 five 
LOG (gmm-latgen-faster[5.2.134~1-ecd4]:DecodeUtteranceLatticeFaster():decoder-wrappers.cc:286) Log-like per frame for utterance jackson_5_0 is -8.15455 over 40 frames.
jackson_5_1 five 
LOG (gmm-latgen-faster[5.2.134~1-ecd4]:DecodeUtteranceLatticeFaster():decoder-wrappers.cc:286) Log-like per frame for utterance jackson_5_1 is -7.89751 over 39 frames.
jackson_5_10 five 
LOG (gmm-latgen-faster[5.2.134~1-ecd4]:DecodeUtteranceLatticeFaster():decoder-wrappers.cc:286) Log-like per frame for utterance jackson_5_10 is -7.4132 over 37 frames.
jackson_5_11 five 
LOG (gmm-latgen-faster[5.2.134~1-ecd4]:DecodeUtteranceLatticeFaster():decoder-wrappers.cc:286) Log-like per frame for utterance jackson_5_11 is -7.64666 over 42 frames.
jackson_5_12 five 
LOG (gmm-latgen-faster[5.2.134~1-ecd4]:DecodeUtteranceLatticeFaster():decoder-wrappers.cc:286) Log-like per frame for utterance jackson_5_12 is -7.67603 over 35 frames.
jackson_5_13 five 
LOG (gmm-latgen-faster[5.2.134~1-ecd4]:DecodeUtteranceLatticeFaster():decoder-wrappers.cc:286) Log-like per frame for utterance jackson_5_13 is -7.87112 over 40 frames.
jackson_5_14 five 
LOG (gmm-latgen-faster[5.2.134~1-ecd4]:DecodeUtteranceLatticeFaster():decoder-wrappers.cc:286) Log-like per frame for utterance jackson_5_14 is -7.106 over 36 frames.
jackson_5_15 five 
LOG (gmm-latgen-faster[5.2.134~1-ecd4]:DecodeUtteranceLatticeFaster():decoder-wrappers.cc:286) Log-like per frame for utterance jackson_5_15 is -7.96569 over 41 frames.
jackson_5_16 five 
LOG (gmm-latgen-faster[5.2.134~1-ecd4]:DecodeUtteranceLatticeFaster():decoder-wrappers.cc:286) Log-like per frame for utterance jackson_5_16 is -7.74926 over 38 frames.
jackson_5_17 five 
LOG (gmm-latgen-faster[5.2.134~1-ecd4]:DecodeUtteranceLatticeFaster():decoder-wrappers.cc:286) Log-like per frame for utterance jackson_5_17 is -8.07242 over 38 frames.
jackson_5_18 five 
LOG (gmm-latgen-faster[5.2.134~1-ecd4]:DecodeUtteranceLatticeFaster():decoder-wrappers.cc:286) Log-like per frame for utterance jackson_5_18 is -7.47308 over 34 frames.
jackson_5_19 five 
LOG (gmm-latgen-faster[5.2.134~1-ecd4]:DecodeUtteranceLatticeFaster():decoder-wrappers.cc:286) Log-like per frame for utterance jackson_5_19 is -7.74758 over 35 frames.
jackson_5_2 five 
LOG (gmm-latgen-faster[5.2.134~1-ecd4]:DecodeUtteranceLatticeFaster():decoder-wrappers.cc:286) Log-like per frame for utterance jackson_5_2 is -8.02999 over 43 frames.
jackson_5_20 five 
LOG (gmm-latgen-faster[5.2.134~1-ecd4]:DecodeUtteranceLatticeFaster():decoder-wrappers.cc:286) Log-like per frame for utterance jackson_5_20 is -8.27989 over 32 frames.
jackson_5_21 five 
LOG (gmm-latgen-faster[5.2.134~1-ecd4]:DecodeUtteranceLatticeFaster():decoder-wrappers.cc:286) Log-like per frame for utterance jackson_5_21 is -8.41541 over 36 frames.
jackson_5_22 five 
LOG (gmm-latgen-faster[5.2.134~1-ecd4]:DecodeUtteranceLatticeFaster():decoder-wrappers.cc:286) Log-like per frame for utterance jackson_5_22 is -8.13239 over 35 frames.
jackson_5_23 five 
LOG (gmm-latgen-faster[5.2.134~1-ecd4]:DecodeUtteranceLatticeFaster():decoder-wrappers.cc:286) Log-like per frame for utterance jackson_5_23 is -8.32961 over 39 frames.
jackson_5_24 five 
LOG (gmm-latgen-faster[5.2.134~1-ecd4]:DecodeUtteranceLatticeFaster():decoder-wrappers.cc:286) Log-like per frame for utterance jackson_5_24 is -7.68353 over 38 frames.
jackson_5_25 five 
LOG (gmm-latgen-faster[5.2.134~1-ecd4]:DecodeUtteranceLatticeFaster():decoder-wrappers.cc:286) Log-like per frame for utterance jackson_5_25 is -7.99465 over 37 frames.
jackson_5_26 five 
LOG (gmm-latgen-faster[5.2.134~1-ecd4]:DecodeUtteranceLatticeFaster():decoder-wrappers.cc:286) Log-like per frame for utterance jackson_5_26 is -8.14026 over 39 frames.
jackson_5_27 five 
LOG (gmm-latgen-faster[5.2.134~1-ecd4]:DecodeUtteranceLatticeFaster():decoder-wrappers.cc:286) Log-like per frame for utterance jackson_5_27 is -7.96629 over 38 frames.
jackson_5_28 five 
LOG (gmm-latgen-faster[5.2.134~1-ecd4]:DecodeUtteranceLatticeFaster():decoder-wrappers.cc:286) Log-like per frame for utterance jackson_5_28 is -7.71663 over 35 frames.
jackson_5_29 five 
LOG (gmm-latgen-faster[5.2.134~1-ecd4]:DecodeUtteranceLatticeFaster():decoder-wrappers.cc:286) Log-like per frame for utterance jackson_5_29 is -8.16541 over 46 frames.
jackson_5_3 five 
LOG (gmm-latgen-faster[5.2.134~1-ecd4]:DecodeUtteranceLatticeFaster():decoder-wrappers.cc:286) Log-like per frame for utterance jackson_5_3 is -7.76982 over 38 frames.
jackson_5_30 five 
LOG (gmm-latgen-faster[5.2.134~1-ecd4]:DecodeUtteranceLatticeFaster():decoder-wrappers.cc:286) Log-like per frame for utterance jackson_5_30 is -8.75455 over 41 frames.
jackson_5_31 five 
LOG (gmm-latgen-faster[5.2.134~1-ecd4]:DecodeUtteranceLatticeFaster():decoder-wrappers.cc:286) Log-like per frame for utterance jackson_5_31 is -7.82788 over 39 frames.
jackson_5_32 five 
LOG (gmm-latgen-faster[5.2.134~1-ecd4]:DecodeUtteranceLatticeFaster():decoder-wrappers.cc:286) Log-like per frame for utterance jackson_5_32 is -8.05057 over 39 frames.
jackson_5_33 five 
LOG (gmm-latgen-faster[5.2.134~1-ecd4]:DecodeUtteranceLatticeFaster():decoder-wrappers.cc:286) Log-like per frame for utterance jackson_5_33 is -8.05315 over 37 frames.
jackson_5_34 five 
LOG (gmm-latgen-faster[5.2.134~1-ecd4]:DecodeUtteranceLatticeFaster():decoder-wrappers.cc:286) Log-like per frame for utterance jackson_5_34 is -8.172 over 34 frames.
jackson_5_35 five 
LOG (gmm-latgen-faster[5.2.134~1-ecd4]:DecodeUtteranceLatticeFaster():decoder-wrappers.cc:286) Log-like per frame for utterance jackson_5_35 is -8.24967 over 41 frames.
jackson_5_36 five 
LOG (gmm-latgen-faster[5.2.134~1-ecd4]:DecodeUtteranceLatticeFaster():decoder-wrappers.cc:286) Log-like per frame for utterance jackson_5_36 is -7.28903 over 35 frames.
jackson_5_37 five 
LOG (gmm-latgen-faster[5.2.134~1-ecd4]:DecodeUtteranceLatticeFaster():decoder-wrappers.cc:286) Log-like per frame for utterance jackson_5_37 is -7.98777 over 37 frames.
jackson_5_38 five 
LOG (gmm-latgen-faster[5.2.134~1-ecd4]:DecodeUtteranceLatticeFaster():decoder-wrappers.cc:286) Log-like per frame for utterance jackson_5_38 is -8.44805 over 41 frames.
jackson_5_39 five 
LOG (gmm-latgen-faster[5.2.134~1-ecd4]:DecodeUtteranceLatticeFaster():decoder-wrappers.cc:286) Log-like per frame for utterance jackson_5_39 is -7.81324 over 36 frames.
jackson_5_4 five 
LOG (gmm-latgen-faster[5.2.134~1-ecd4]:DecodeUtteranceLatticeFaster():decoder-wrappers.cc:286) Log-like per frame for utterance jackson_5_4 is -8.20611 over 51 frames.
jackson_5_40 five 
LOG (gmm-latgen-faster[5.2.134~1-ecd4]:DecodeUtteranceLatticeFaster():decoder-wrappers.cc:286) Log-like per frame for utterance jackson_5_40 is -8.18914 over 39 frames.
jackson_5_41 five 
LOG (gmm-latgen-faster[5.2.134~1-ecd4]:DecodeUtteranceLatticeFaster():decoder-wrappers.cc:286) Log-like per frame for utterance jackson_5_41 is -8.40365 over 38 frames.
jackson_5_42 one 
LOG (gmm-latgen-faster[5.2.134~1-ecd4]:DecodeUtteranceLatticeFaster():decoder-wrappers.cc:286) Log-like per frame for utterance jackson_5_42 is -8.80447 over 45 frames.
jackson_5_43 one 
LOG (gmm-latgen-faster[5.2.134~1-ecd4]:DecodeUtteranceLatticeFaster():decoder-wrappers.cc:286) Log-like per frame for utterance jackson_5_43 is -8.60603 over 42 frames.
jackson_5_44 one 
LOG (gmm-latgen-faster[5.2.134~1-ecd4]:DecodeUtteranceLatticeFaster():decoder-wrappers.cc:286) Log-like per frame for utterance jackson_5_44 is -8.74184 over 47 frames.
jackson_5_45 one 
LOG (gmm-latgen-faster[5.2.134~1-ecd4]:DecodeUtteranceLatticeFaster():decoder-wrappers.cc:286) Log-like per frame for utterance jackson_5_45 is -8.52602 over 44 frames.
jackson_5_46 five 
LOG (gmm-latgen-faster[5.2.134~1-ecd4]:DecodeUtteranceLatticeFaster():decoder-wrappers.cc:286) Log-like per frame for utterance jackson_5_46 is -8.8393 over 48 frames.
jackson_5_47 five 
LOG (gmm-latgen-faster[5.2.134~1-ecd4]:DecodeUtteranceLatticeFaster():decoder-wrappers.cc:286) Log-like per frame for utterance jackson_5_47 is -9.08394 over 49 frames.
jackson_5_48 five 
LOG (gmm-latgen-faster[5.2.134~1-ecd4]:DecodeUtteranceLatticeFaster():decoder-wrappers.cc:286) Log-like per frame for utterance jackson_5_48 is -9.57536 over 49 frames.
jackson_5_49 one 
LOG (gmm-latgen-faster[5.2.134~1-ecd4]:DecodeUtteranceLatticeFaster():decoder-wrappers.cc:286) Log-like per frame for utterance jackson_5_49 is -8.64544 over 46 frames.
jackson_5_5 five 
LOG (gmm-latgen-faster[5.2.134~1-ecd4]:DecodeUtteranceLatticeFaster():decoder-wrappers.cc:286) Log-like per frame for utterance jackson_5_5 is -8.25244 over 37 frames.
jackson_5_6 five 
LOG (gmm-latgen-faster[5.2.134~1-ecd4]:DecodeUtteranceLatticeFaster():decoder-wrappers.cc:286) Log-like per frame for utterance jackson_5_6 is -8.31725 over 38 frames.
jackson_5_7 five 
LOG (gmm-latgen-faster[5.2.134~1-ecd4]:DecodeUtteranceLatticeFaster():decoder-wrappers.cc:286) Log-like per frame for utterance jackson_5_7 is -8.23975 over 36 frames.
jackson_5_8 five 
LOG (gmm-latgen-faster[5.2.134~1-ecd4]:DecodeUtteranceLatticeFaster():decoder-wrappers.cc:286) Log-like per frame for utterance jackson_5_8 is -7.92279 over 35 frames.
jackson_5_9 five 
LOG (gmm-latgen-faster[5.2.134~1-ecd4]:DecodeUtteranceLatticeFaster():decoder-wrappers.cc:286) Log-like per frame for utterance jackson_5_9 is -8.59997 over 56 frames.
jackson_6_0 six 
LOG (gmm-latgen-faster[5.2.134~1-ecd4]:DecodeUtteranceLatticeFaster():decoder-wrappers.cc:286) Log-like per frame for utterance jackson_6_0 is -8.80082 over 81 frames.
jackson_6_1 six 
LOG (gmm-latgen-faster[5.2.134~1-ecd4]:DecodeUtteranceLatticeFaster():decoder-wrappers.cc:286) Log-like per frame for utterance jackson_6_1 is -9.42149 over 62 frames.
jackson_6_10 six 
LOG (gmm-latgen-faster[5.2.134~1-ecd4]:DecodeUtteranceLatticeFaster():decoder-wrappers.cc:286) Log-like per frame for utterance jackson_6_10 is -8.5479 over 84 frames.
jackson_6_11 six 
LOG (gmm-latgen-faster[5.2.134~1-ecd4]:DecodeUtteranceLatticeFaster():decoder-wrappers.cc:286) Log-like per frame for utterance jackson_6_11 is -8.52137 over 85 frames.
jackson_6_12 six 
LOG (gmm-latgen-faster[5.2.134~1-ecd4]:DecodeUtteranceLatticeFaster():decoder-wrappers.cc:286) Log-like per frame for utterance jackson_6_12 is -8.47518 over 84 frames.
jackson_6_13 six 
LOG (gmm-latgen-faster[5.2.134~1-ecd4]:DecodeUtteranceLatticeFaster():decoder-wrappers.cc:286) Log-like per frame for utterance jackson_6_13 is -8.5425 over 69 frames.
jackson_6_14 six 
LOG (gmm-latgen-faster[5.2.134~1-ecd4]:DecodeUtteranceLatticeFaster():decoder-wrappers.cc:286) Log-like per frame for utterance jackson_6_14 is -8.74413 over 75 frames.
jackson_6_15 six 
LOG (gmm-latgen-faster[5.2.134~1-ecd4]:DecodeUtteranceLatticeFaster():decoder-wrappers.cc:286) Log-like per frame for utterance jackson_6_15 is -8.59538 over 86 frames.
jackson_6_16 six 
LOG (gmm-latgen-faster[5.2.134~1-ecd4]:DecodeUtteranceLatticeFaster():decoder-wrappers.cc:286) Log-like per frame for utterance jackson_6_16 is -8.54919 over 71 frames.
jackson_6_17 six 
LOG (gmm-latgen-faster[5.2.134~1-ecd4]:DecodeUtteranceLatticeFaster():decoder-wrappers.cc:286) Log-like per frame for utterance jackson_6_17 is -8.59007 over 72 frames.
jackson_6_18 six 
LOG (gmm-latgen-faster[5.2.134~1-ecd4]:DecodeUtteranceLatticeFaster():decoder-wrappers.cc:286) Log-like per frame for utterance jackson_6_18 is -8.24307 over 84 frames.
jackson_6_19 six 
LOG (gmm-latgen-faster[5.2.134~1-ecd4]:DecodeUtteranceLatticeFaster():decoder-wrappers.cc:286) Log-like per frame for utterance jackson_6_19 is -8.70874 over 67 frames.
jackson_6_2 six 
LOG (gmm-latgen-faster[5.2.134~1-ecd4]:DecodeUtteranceLatticeFaster():decoder-wrappers.cc:286) Log-like per frame for utterance jackson_6_2 is -8.87561 over 61 frames.
jackson_6_20 six 
LOG (gmm-latgen-faster[5.2.134~1-ecd4]:DecodeUtteranceLatticeFaster():decoder-wrappers.cc:286) Log-like per frame for utterance jackson_6_20 is -8.82727 over 67 frames.
jackson_6_21 six 
LOG (gmm-latgen-faster[5.2.134~1-ecd4]:DecodeUtteranceLatticeFaster():decoder-wrappers.cc:286) Log-like per frame for utterance jackson_6_21 is -8.75211 over 78 frames.
jackson_6_22 six 
LOG (gmm-latgen-faster[5.2.134~1-ecd4]:DecodeUtteranceLatticeFaster():decoder-wrappers.cc:286) Log-like per frame for utterance jackson_6_22 is -8.42459 over 69 frames.
jackson_6_23 six 
LOG (gmm-latgen-faster[5.2.134~1-ecd4]:DecodeUtteranceLatticeFaster():decoder-wrappers.cc:286) Log-like per frame for utterance jackson_6_23 is -8.5854 over 80 frames.
jackson_6_24 six 
LOG (gmm-latgen-faster[5.2.134~1-ecd4]:DecodeUtteranceLatticeFaster():decoder-wrappers.cc:286) Log-like per frame for utterance jackson_6_24 is -8.60069 over 70 frames.
jackson_6_25 six 
LOG (gmm-latgen-faster[5.2.134~1-ecd4]:DecodeUtteranceLatticeFaster():decoder-wrappers.cc:286) Log-like per frame for utterance jackson_6_25 is -8.50604 over 77 frames.
jackson_6_26 eight 
LOG (gmm-latgen-faster[5.2.134~1-ecd4]:DecodeUtteranceLatticeFaster():decoder-wrappers.cc:286) Log-like per frame for utterance jackson_6_26 is -8.70078 over 70 frames.
jackson_6_27 six 
LOG (gmm-latgen-faster[5.2.134~1-ecd4]:DecodeUtteranceLatticeFaster():decoder-wrappers.cc:286) Log-like per frame for utterance jackson_6_27 is -8.50068 over 79 frames.
jackson_6_28 six 
LOG (gmm-latgen-faster[5.2.134~1-ecd4]:DecodeUtteranceLatticeFaster():decoder-wrappers.cc:286) Log-like per frame for utterance jackson_6_28 is -9.11574 over 63 frames.
jackson_6_29 six 
LOG (gmm-latgen-faster[5.2.134~1-ecd4]:DecodeUtteranceLatticeFaster():decoder-wrappers.cc:286) Log-like per frame for utterance jackson_6_29 is -8.99945 over 60 frames.
jackson_6_3 six 
LOG (gmm-latgen-faster[5.2.134~1-ecd4]:DecodeUtteranceLatticeFaster():decoder-wrappers.cc:286) Log-like per frame for utterance jackson_6_3 is -9.00197 over 85 frames.
jackson_6_30 six 
LOG (gmm-latgen-faster[5.2.134~1-ecd4]:DecodeUtteranceLatticeFaster():decoder-wrappers.cc:286) Log-like per frame for utterance jackson_6_30 is -8.75815 over 78 frames.
jackson_6_31 six 
LOG (gmm-latgen-faster[5.2.134~1-ecd4]:DecodeUtteranceLatticeFaster():decoder-wrappers.cc:286) Log-like per frame for utterance jackson_6_31 is -8.71409 over 61 frames.
jackson_6_32 six 
LOG (gmm-latgen-faster[5.2.134~1-ecd4]:DecodeUtteranceLatticeFaster():decoder-wrappers.cc:286) Log-like per frame for utterance jackson_6_32 is -8.96322 over 83 frames.
jackson_6_33 six 
LOG (gmm-latgen-faster[5.2.134~1-ecd4]:DecodeUtteranceLatticeFaster():decoder-wrappers.cc:286) Log-like per frame for utterance jackson_6_33 is -8.82079 over 62 frames.
jackson_6_34 six 
LOG (gmm-latgen-faster[5.2.134~1-ecd4]:DecodeUtteranceLatticeFaster():decoder-wrappers.cc:286) Log-like per frame for utterance jackson_6_34 is -9.08446 over 56 frames.
jackson_6_35 six 
LOG (gmm-latgen-faster[5.2.134~1-ecd4]:DecodeUtteranceLatticeFaster():decoder-wrappers.cc:286) Log-like per frame for utterance jackson_6_35 is -9.30647 over 62 frames.
jackson_6_36 six 
LOG (gmm-latgen-faster[5.2.134~1-ecd4]:DecodeUtteranceLatticeFaster():decoder-wrappers.cc:286) Log-like per frame for utterance jackson_6_36 is -9.22186 over 56 frames.
jackson_6_37 six 
LOG (gmm-latgen-faster[5.2.134~1-ecd4]:DecodeUtteranceLatticeFaster():decoder-wrappers.cc:286) Log-like per frame for utterance jackson_6_37 is -8.6113 over 68 frames.
jackson_6_38 six 
LOG (gmm-latgen-faster[5.2.134~1-ecd4]:DecodeUtteranceLatticeFaster():decoder-wrappers.cc:286) Log-like per frame for utterance jackson_6_38 is -8.9377 over 73 frames.
jackson_6_39 six 
LOG (gmm-latgen-faster[5.2.134~1-ecd4]:DecodeUtteranceLatticeFaster():decoder-wrappers.cc:286) Log-like per frame for utterance jackson_6_39 is -8.9865 over 64 frames.
jackson_6_4 six 
LOG (gmm-latgen-faster[5.2.134~1-ecd4]:DecodeUtteranceLatticeFaster():decoder-wrappers.cc:286) Log-like per frame for utterance jackson_6_4 is -9.0588 over 61 frames.
jackson_6_40 six 
LOG (gmm-latgen-faster[5.2.134~1-ecd4]:DecodeUtteranceLatticeFaster():decoder-wrappers.cc:286) Log-like per frame for utterance jackson_6_40 is -9.12633 over 57 frames.
jackson_6_41 six 
LOG (gmm-latgen-faster[5.2.134~1-ecd4]:DecodeUtteranceLatticeFaster():decoder-wrappers.cc:286) Log-like per frame for utterance jackson_6_41 is -8.87749 over 54 frames.
jackson_6_42 six 
LOG (gmm-latgen-faster[5.2.134~1-ecd4]:DecodeUtteranceLatticeFaster():decoder-wrappers.cc:286) Log-like per frame for utterance jackson_6_42 is -8.69604 over 49 frames.
jackson_6_43 six 
LOG (gmm-latgen-faster[5.2.134~1-ecd4]:DecodeUtteranceLatticeFaster():decoder-wrappers.cc:286) Log-like per frame for utterance jackson_6_43 is -8.70971 over 65 frames.
jackson_6_44 six 
LOG (gmm-latgen-faster[5.2.134~1-ecd4]:DecodeUtteranceLatticeFaster():decoder-wrappers.cc:286) Log-like per frame for utterance jackson_6_44 is -8.91113 over 47 frames.
jackson_6_45 six 
LOG (gmm-latgen-faster[5.2.134~1-ecd4]:DecodeUtteranceLatticeFaster():decoder-wrappers.cc:286) Log-like per frame for utterance jackson_6_45 is -9.01058 over 57 frames.
jackson_6_46 six 
LOG (gmm-latgen-faster[5.2.134~1-ecd4]:DecodeUtteranceLatticeFaster():decoder-wrappers.cc:286) Log-like per frame for utterance jackson_6_46 is -8.62472 over 77 frames.
jackson_6_47 six 
LOG (gmm-latgen-faster[5.2.134~1-ecd4]:DecodeUtteranceLatticeFaster():decoder-wrappers.cc:286) Log-like per frame for utterance jackson_6_47 is -8.98234 over 68 frames.
jackson_6_48 six 
LOG (gmm-latgen-faster[5.2.134~1-ecd4]:DecodeUtteranceLatticeFaster():decoder-wrappers.cc:286) Log-like per frame for utterance jackson_6_48 is -8.63645 over 52 frames.
jackson_6_49 six 
LOG (gmm-latgen-faster[5.2.134~1-ecd4]:DecodeUtteranceLatticeFaster():decoder-wrappers.cc:286) Log-like per frame for utterance jackson_6_49 is -9.13786 over 67 frames.
jackson_6_5 seven 
LOG (gmm-latgen-faster[5.2.134~1-ecd4]:DecodeUtteranceLatticeFaster():decoder-wrappers.cc:286) Log-like per frame for utterance jackson_6_5 is -8.49471 over 66 frames.
jackson_6_6 six 
LOG (gmm-latgen-faster[5.2.134~1-ecd4]:DecodeUtteranceLatticeFaster():decoder-wrappers.cc:286) Log-like per frame for utterance jackson_6_6 is -8.75383 over 74 frames.
jackson_6_7 six 
LOG (gmm-latgen-faster[5.2.134~1-ecd4]:DecodeUtteranceLatticeFaster():decoder-wrappers.cc:286) Log-like per frame for utterance jackson_6_7 is -8.58906 over 62 frames.
jackson_6_8 six 
LOG (gmm-latgen-faster[5.2.134~1-ecd4]:DecodeUtteranceLatticeFaster():decoder-wrappers.cc:286) Log-like per frame for utterance jackson_6_8 is -8.60248 over 81 frames.
jackson_6_9 six 
LOG (gmm-latgen-faster[5.2.134~1-ecd4]:DecodeUtteranceLatticeFaster():decoder-wrappers.cc:286) Log-like per frame for utterance jackson_6_9 is -8.50252 over 81 frames.
jackson_7_0 seven 
LOG (gmm-latgen-faster[5.2.134~1-ecd4]:DecodeUtteranceLatticeFaster():decoder-wrappers.cc:286) Log-like per frame for utterance jackson_7_0 is -8.98755 over 41 frames.
jackson_7_1 seven 
LOG (gmm-latgen-faster[5.2.134~1-ecd4]:DecodeUtteranceLatticeFaster():decoder-wrappers.cc:286) Log-like per frame for utterance jackson_7_1 is -8.21741 over 45 frames.
jackson_7_10 seven 
LOG (gmm-latgen-faster[5.2.134~1-ecd4]:DecodeUtteranceLatticeFaster():decoder-wrappers.cc:286) Log-like per frame for utterance jackson_7_10 is -8.1583 over 42 frames.
jackson_7_11 five 
LOG (gmm-latgen-faster[5.2.134~1-ecd4]:DecodeUtteranceLatticeFaster():decoder-wrappers.cc:286) Log-like per frame for utterance jackson_7_11 is -8.43105 over 39 frames.
jackson_7_12 seven 
LOG (gmm-latgen-faster[5.2.134~1-ecd4]:DecodeUtteranceLatticeFaster():decoder-wrappers.cc:286) Log-like per frame for utterance jackson_7_12 is -9.08834 over 42 frames.
jackson_7_13 seven 
LOG (gmm-latgen-faster[5.2.134~1-ecd4]:DecodeUtteranceLatticeFaster():decoder-wrappers.cc:286) Log-like per frame for utterance jackson_7_13 is -8.56063 over 43 frames.
jackson_7_14 seven 
LOG (gmm-latgen-faster[5.2.134~1-ecd4]:DecodeUtteranceLatticeFaster():decoder-wrappers.cc:286) Log-like per frame for utterance jackson_7_14 is -8.31608 over 46 frames.
jackson_7_15 one 
LOG (gmm-latgen-faster[5.2.134~1-ecd4]:DecodeUtteranceLatticeFaster():decoder-wrappers.cc:286) Log-like per frame for utterance jackson_7_15 is -9.03232 over 38 frames.
jackson_7_16 seven 
LOG (gmm-latgen-faster[5.2.134~1-ecd4]:DecodeUtteranceLatticeFaster():decoder-wrappers.cc:286) Log-like per frame for utterance jackson_7_16 is -8.8329 over 41 frames.
jackson_7_17 seven 
LOG (gmm-latgen-faster[5.2.134~1-ecd4]:DecodeUtteranceLatticeFaster():decoder-wrappers.cc:286) Log-like per frame for utterance jackson_7_17 is -8.73098 over 45 frames.
jackson_7_18 seven 
LOG (gmm-latgen-faster[5.2.134~1-ecd4]:DecodeUtteranceLatticeFaster():decoder-wrappers.cc:286) Log-like per frame for utterance jackson_7_18 is -8.67548 over 39 frames.
jackson_7_19 seven 
LOG (gmm-latgen-faster[5.2.134~1-ecd4]:DecodeUtteranceLatticeFaster():decoder-wrappers.cc:286) Log-like per frame for utterance jackson_7_19 is -8.43917 over 45 frames.
jackson_7_2 nine 
LOG (gmm-latgen-faster[5.2.134~1-ecd4]:DecodeUtteranceLatticeFaster():decoder-wrappers.cc:286) Log-like per frame for utterance jackson_7_2 is -8.48319 over 36 frames.
jackson_7_20 seven 
LOG (gmm-latgen-faster[5.2.134~1-ecd4]:DecodeUtteranceLatticeFaster():decoder-wrappers.cc:286) Log-like per frame for utterance jackson_7_20 is -9.04778 over 44 frames.
jackson_7_21 seven 
LOG (gmm-latgen-faster[5.2.134~1-ecd4]:DecodeUtteranceLatticeFaster():decoder-wrappers.cc:286) Log-like per frame for utterance jackson_7_21 is -8.73016 over 50 frames.
jackson_7_22 seven 
LOG (gmm-latgen-faster[5.2.134~1-ecd4]:DecodeUtteranceLatticeFaster():decoder-wrappers.cc:286) Log-like per frame for utterance jackson_7_22 is -9.07393 over 42 frames.
jackson_7_23 seven 
LOG (gmm-latgen-faster[5.2.134~1-ecd4]:DecodeUtteranceLatticeFaster():decoder-wrappers.cc:286) Log-like per frame for utterance jackson_7_23 is -8.40762 over 54 frames.
jackson_7_24 seven 
LOG (gmm-latgen-faster[5.2.134~1-ecd4]:DecodeUtteranceLatticeFaster():decoder-wrappers.cc:286) Log-like per frame for utterance jackson_7_24 is -9.14759 over 42 frames.
jackson_7_25 seven 
LOG (gmm-latgen-faster[5.2.134~1-ecd4]:DecodeUtteranceLatticeFaster():decoder-wrappers.cc:286) Log-like per frame for utterance jackson_7_25 is -9.29965 over 45 frames.
jackson_7_26 seven 
LOG (gmm-latgen-faster[5.2.134~1-ecd4]:DecodeUtteranceLatticeFaster():decoder-wrappers.cc:286) Log-like per frame for utterance jackson_7_26 is -8.93686 over 47 frames.
jackson_7_27 seven 
LOG (gmm-latgen-faster[5.2.134~1-ecd4]:DecodeUtteranceLatticeFaster():decoder-wrappers.cc:286) Log-like per frame for utterance jackson_7_27 is -9.0856 over 47 frames.
jackson_7_28 seven 
LOG (gmm-latgen-faster[5.2.134~1-ecd4]:DecodeUtteranceLatticeFaster():decoder-wrappers.cc:286) Log-like per frame for utterance jackson_7_28 is -8.86148 over 41 frames.
jackson_7_29 seven 
LOG (gmm-latgen-faster[5.2.134~1-ecd4]:DecodeUtteranceLatticeFaster():decoder-wrappers.cc:286) Log-like per frame for utterance jackson_7_29 is -8.64919 over 43 frames.
jackson_7_3 seven 
LOG (gmm-latgen-faster[5.2.134~1-ecd4]:DecodeUtteranceLatticeFaster():decoder-wrappers.cc:286) Log-like per frame for utterance jackson_7_3 is -8.48094 over 41 frames.
jackson_7_30 seven 
LOG (gmm-latgen-faster[5.2.134~1-ecd4]:DecodeUtteranceLatticeFaster():decoder-wrappers.cc:286) Log-like per frame for utterance jackson_7_30 is -8.48248 over 44 frames.
jackson_7_31 seven 
LOG (gmm-latgen-faster[5.2.134~1-ecd4]:DecodeUtteranceLatticeFaster():decoder-wrappers.cc:286) Log-like per frame for utterance jackson_7_31 is -8.38397 over 40 frames.
jackson_7_32 seven 
LOG (gmm-latgen-faster[5.2.134~1-ecd4]:DecodeUtteranceLatticeFaster():decoder-wrappers.cc:286) Log-like per frame for utterance jackson_7_32 is -8.59679 over 52 frames.
jackson_7_33 seven 
LOG (gmm-latgen-faster[5.2.134~1-ecd4]:DecodeUtteranceLatticeFaster():decoder-wrappers.cc:286) Log-like per frame for utterance jackson_7_33 is -8.82206 over 52 frames.
jackson_7_34 seven 
LOG (gmm-latgen-faster[5.2.134~1-ecd4]:DecodeUtteranceLatticeFaster():decoder-wrappers.cc:286) Log-like per frame for utterance jackson_7_34 is -9.2824 over 49 frames.
jackson_7_35 five 
LOG (gmm-latgen-faster[5.2.134~1-ecd4]:DecodeUtteranceLatticeFaster():decoder-wrappers.cc:286) Log-like per frame for utterance jackson_7_35 is -8.31238 over 39 frames.
jackson_7_36 seven 
LOG (gmm-latgen-faster[5.2.134~1-ecd4]:DecodeUtteranceLatticeFaster():decoder-wrappers.cc:286) Log-like per frame for utterance jackson_7_36 is -8.71758 over 38 frames.
jackson_7_37 seven 
LOG (gmm-latgen-faster[5.2.134~1-ecd4]:DecodeUtteranceLatticeFaster():decoder-wrappers.cc:286) Log-like per frame for utterance jackson_7_37 is -8.49895 over 39 frames.
jackson_7_38 nine 
LOG (gmm-latgen-faster[5.2.134~1-ecd4]:DecodeUtteranceLatticeFaster():decoder-wrappers.cc:286) Log-like per frame for utterance jackson_7_38 is -9.56776 over 46 frames.
jackson_7_39 seven 
LOG (gmm-latgen-faster[5.2.134~1-ecd4]:DecodeUtteranceLatticeFaster():decoder-wrappers.cc:286) Log-like per frame for utterance jackson_7_39 is -8.99937 over 49 frames.
jackson_7_4 seven 
LOG (gmm-latgen-faster[5.2.134~1-ecd4]:DecodeUtteranceLatticeFaster():decoder-wrappers.cc:286) Log-like per frame for utterance jackson_7_4 is -8.96967 over 40 frames.
jackson_7_40 nine 
LOG (gmm-latgen-faster[5.2.134~1-ecd4]:DecodeUtteranceLatticeFaster():decoder-wrappers.cc:286) Log-like per frame for utterance jackson_7_40 is -8.78956 over 47 frames.
jackson_7_41 nine 
LOG (gmm-latgen-faster[5.2.134~1-ecd4]:DecodeUtteranceLatticeFaster():decoder-wrappers.cc:286) Log-like per frame for utterance jackson_7_41 is -9.2074 over 48 frames.
jackson_7_42 nine 
LOG (gmm-latgen-faster[5.2.134~1-ecd4]:DecodeUtteranceLatticeFaster():decoder-wrappers.cc:286) Log-like per frame for utterance jackson_7_42 is -8.92153 over 46 frames.
jackson_7_43 seven 
LOG (gmm-latgen-faster[5.2.134~1-ecd4]:DecodeUtteranceLatticeFaster():decoder-wrappers.cc:286) Log-like per frame for utterance jackson_7_43 is -8.80672 over 52 frames.
jackson_7_44 five 
LOG (gmm-latgen-faster[5.2.134~1-ecd4]:DecodeUtteranceLatticeFaster():decoder-wrappers.cc:286) Log-like per frame for utterance jackson_7_44 is -8.87997 over 49 frames.
jackson_7_45 nine 
LOG (gmm-latgen-faster[5.2.134~1-ecd4]:DecodeUtteranceLatticeFaster():decoder-wrappers.cc:286) Log-like per frame for utterance jackson_7_45 is -8.78881 over 44 frames.
jackson_7_46 seven 
LOG (gmm-latgen-faster[5.2.134~1-ecd4]:DecodeUtteranceLatticeFaster():decoder-wrappers.cc:286) Log-like per frame for utterance jackson_7_46 is -8.92315 over 47 frames.
jackson_7_47 seven 
LOG (gmm-latgen-faster[5.2.134~1-ecd4]:DecodeUtteranceLatticeFaster():decoder-wrappers.cc:286) Log-like per frame for utterance jackson_7_47 is -9.23668 over 47 frames.
jackson_7_48 seven 
LOG (gmm-latgen-faster[5.2.134~1-ecd4]:DecodeUtteranceLatticeFaster():decoder-wrappers.cc:286) Log-like per frame for utterance jackson_7_48 is -8.9771 over 44 frames.
jackson_7_49 seven 
LOG (gmm-latgen-faster[5.2.134~1-ecd4]:DecodeUtteranceLatticeFaster():decoder-wrappers.cc:286) Log-like per frame for utterance jackson_7_49 is -9.24294 over 47 frames.
jackson_7_5 seven 
LOG (gmm-latgen-faster[5.2.134~1-ecd4]:DecodeUtteranceLatticeFaster():decoder-wrappers.cc:286) Log-like per frame for utterance jackson_7_5 is -8.48156 over 43 frames.
jackson_7_6 seven 
LOG (gmm-latgen-faster[5.2.134~1-ecd4]:DecodeUtteranceLatticeFaster():decoder-wrappers.cc:286) Log-like per frame for utterance jackson_7_6 is -8.84908 over 43 frames.
jackson_7_7 seven 
LOG (gmm-latgen-faster[5.2.134~1-ecd4]:DecodeUtteranceLatticeFaster():decoder-wrappers.cc:286) Log-like per frame for utterance jackson_7_7 is -8.58006 over 40 frames.
jackson_7_8 
LOG (gmm-latgen-faster[5.2.134~1-ecd4]:DecodeUtteranceLatticeFaster():decoder-wrappers.cc:286) Log-like per frame for utterance jackson_7_8 is -8.80623 over 41 frames.
jackson_7_9 seven 
LOG (gmm-latgen-faster[5.2.134~1-ecd4]:DecodeUtteranceLatticeFaster():decoder-wrappers.cc:286) Log-like per frame for utterance jackson_7_9 is -8.88052 over 42 frames.
jackson_8_0 eight 
LOG (gmm-latgen-faster[5.2.134~1-ecd4]:DecodeUtteranceLatticeFaster():decoder-wrappers.cc:286) Log-like per frame for utterance jackson_8_0 is -8.58363 over 33 frames.
jackson_8_1 eight 
LOG (gmm-latgen-faster[5.2.134~1-ecd4]:DecodeUtteranceLatticeFaster():decoder-wrappers.cc:286) Log-like per frame for utterance jackson_8_1 is -8.66494 over 38 frames.
jackson_8_10 eight 
LOG (gmm-latgen-faster[5.2.134~1-ecd4]:DecodeUtteranceLatticeFaster():decoder-wrappers.cc:286) Log-like per frame for utterance jackson_8_10 is -8.56182 over 34 frames.
jackson_8_11 eight 
LOG (gmm-latgen-faster[5.2.134~1-ecd4]:DecodeUtteranceLatticeFaster():decoder-wrappers.cc:286) Log-like per frame for utterance jackson_8_11 is -8.91412 over 39 frames.
jackson_8_12 eight 
LOG (gmm-latgen-faster[5.2.134~1-ecd4]:DecodeUtteranceLatticeFaster():decoder-wrappers.cc:286) Log-like per frame for utterance jackson_8_12 is -8.74977 over 34 frames.
jackson_8_13 eight 
LOG (gmm-latgen-faster[5.2.134~1-ecd4]:DecodeUtteranceLatticeFaster():decoder-wrappers.cc:286) Log-like per frame for utterance jackson_8_13 is -9.3761 over 36 frames.
jackson_8_14 eight 
LOG (gmm-latgen-faster[5.2.134~1-ecd4]:DecodeUtteranceLatticeFaster():decoder-wrappers.cc:286) Log-like per frame for utterance jackson_8_14 is -8.48824 over 34 frames.
jackson_8_15 eight 
LOG (gmm-latgen-faster[5.2.134~1-ecd4]:DecodeUtteranceLatticeFaster():decoder-wrappers.cc:286) Log-like per frame for utterance jackson_8_15 is -9.03665 over 37 frames.
jackson_8_16 eight 
LOG (gmm-latgen-faster[5.2.134~1-ecd4]:DecodeUtteranceLatticeFaster():decoder-wrappers.cc:286) Log-like per frame for utterance jackson_8_16 is -8.74664 over 33 frames.
jackson_8_17 eight 
LOG (gmm-latgen-faster[5.2.134~1-ecd4]:DecodeUtteranceLatticeFaster():decoder-wrappers.cc:286) Log-like per frame for utterance jackson_8_17 is -9.24012 over 38 frames.
jackson_8_18 eight 
LOG (gmm-latgen-faster[5.2.134~1-ecd4]:DecodeUtteranceLatticeFaster():decoder-wrappers.cc:286) Log-like per frame for utterance jackson_8_18 is -8.67117 over 38 frames.
jackson_8_19 eight 
LOG (gmm-latgen-faster[5.2.134~1-ecd4]:DecodeUtteranceLatticeFaster():decoder-wrappers.cc:286) Log-like per frame for utterance jackson_8_19 is -9.11245 over 36 frames.
jackson_8_2 eight 
LOG (gmm-latgen-faster[5.2.134~1-ecd4]:DecodeUtteranceLatticeFaster():decoder-wrappers.cc:286) Log-like per frame for utterance jackson_8_2 is -9.00948 over 36 frames.
jackson_8_20 eight 
LOG (gmm-latgen-faster[5.2.134~1-ecd4]:DecodeUtteranceLatticeFaster():decoder-wrappers.cc:286) Log-like per frame for utterance jackson_8_20 is -9.09804 over 37 frames.
jackson_8_21 eight 
LOG (gmm-latgen-faster[5.2.134~1-ecd4]:DecodeUtteranceLatticeFaster():decoder-wrappers.cc:286) Log-like per frame for utterance jackson_8_21 is -9.11574 over 37 frames.
jackson_8_22 eight 
LOG (gmm-latgen-faster[5.2.134~1-ecd4]:DecodeUtteranceLatticeFaster():decoder-wrappers.cc:286) Log-like per frame for utterance jackson_8_22 is -8.75641 over 43 frames.
jackson_8_23 eight 
LOG (gmm-latgen-faster[5.2.134~1-ecd4]:DecodeUtteranceLatticeFaster():decoder-wrappers.cc:286) Log-like per frame for utterance jackson_8_23 is -8.53921 over 42 frames.
jackson_8_24 eight 
LOG (gmm-latgen-faster[5.2.134~1-ecd4]:DecodeUtteranceLatticeFaster():decoder-wrappers.cc:286) Log-like per frame for utterance jackson_8_24 is -8.8381 over 35 frames.
jackson_8_25 eight 
LOG (gmm-latgen-faster[5.2.134~1-ecd4]:DecodeUtteranceLatticeFaster():decoder-wrappers.cc:286) Log-like per frame for utterance jackson_8_25 is -8.89181 over 38 frames.
jackson_8_26 eight 
LOG (gmm-latgen-faster[5.2.134~1-ecd4]:DecodeUtteranceLatticeFaster():decoder-wrappers.cc:286) Log-like per frame for utterance jackson_8_26 is -9.05328 over 44 frames.
jackson_8_27 eight 
LOG (gmm-latgen-faster[5.2.134~1-ecd4]:DecodeUtteranceLatticeFaster():decoder-wrappers.cc:286) Log-like per frame for utterance jackson_8_27 is -8.57136 over 39 frames.
jackson_8_28 eight 
LOG (gmm-latgen-faster[5.2.134~1-ecd4]:DecodeUtteranceLatticeFaster():decoder-wrappers.cc:286) Log-like per frame for utterance jackson_8_28 is -8.76806 over 39 frames.
jackson_8_29 eight 
LOG (gmm-latgen-faster[5.2.134~1-ecd4]:DecodeUtteranceLatticeFaster():decoder-wrappers.cc:286) Log-like per frame for utterance jackson_8_29 is -8.61753 over 38 frames.
jackson_8_3 eight 
LOG (gmm-latgen-faster[5.2.134~1-ecd4]:DecodeUtteranceLatticeFaster():decoder-wrappers.cc:286) Log-like per frame for utterance jackson_8_3 is -8.85066 over 37 frames.
jackson_8_30 eight 
LOG (gmm-latgen-faster[5.2.134~1-ecd4]:DecodeUtteranceLatticeFaster():decoder-wrappers.cc:286) Log-like per frame for utterance jackson_8_30 is -8.57547 over 42 frames.
jackson_8_31 eight 
LOG (gmm-latgen-faster[5.2.134~1-ecd4]:DecodeUtteranceLatticeFaster():decoder-wrappers.cc:286) Log-like per frame for utterance jackson_8_31 is -8.91132 over 40 frames.
jackson_8_32 eight 
LOG (gmm-latgen-faster[5.2.134~1-ecd4]:DecodeUtteranceLatticeFaster():decoder-wrappers.cc:286) Log-like per frame for utterance jackson_8_32 is -8.97147 over 44 frames.
jackson_8_33 eight 
LOG (gmm-latgen-faster[5.2.134~1-ecd4]:DecodeUtteranceLatticeFaster():decoder-wrappers.cc:286) Log-like per frame for utterance jackson_8_33 is -9.25703 over 43 frames.
jackson_8_34 eight 
LOG (gmm-latgen-faster[5.2.134~1-ecd4]:DecodeUtteranceLatticeFaster():decoder-wrappers.cc:286) Log-like per frame for utterance jackson_8_34 is -8.46051 over 46 frames.
jackson_8_35 eight 
LOG (gmm-latgen-faster[5.2.134~1-ecd4]:DecodeUtteranceLatticeFaster():decoder-wrappers.cc:286) Log-like per frame for utterance jackson_8_35 is -8.64059 over 46 frames.
jackson_8_36 eight 
LOG (gmm-latgen-faster[5.2.134~1-ecd4]:DecodeUtteranceLatticeFaster():decoder-wrappers.cc:286) Log-like per frame for utterance jackson_8_36 is -9.08733 over 40 frames.
jackson_8_37 eight 
LOG (gmm-latgen-faster[5.2.134~1-ecd4]:DecodeUtteranceLatticeFaster():decoder-wrappers.cc:286) Log-like per frame for utterance jackson_8_37 is -9.02917 over 39 frames.
jackson_8_38 
LOG (gmm-latgen-faster[5.2.134~1-ecd4]:DecodeUtteranceLatticeFaster():decoder-wrappers.cc:286) Log-like per frame for utterance jackson_8_38 is -8.9961 over 43 frames.
jackson_8_39 eight 
LOG (gmm-latgen-faster[5.2.134~1-ecd4]:DecodeUtteranceLatticeFaster():decoder-wrappers.cc:286) Log-like per frame for utterance jackson_8_39 is -9.10429 over 45 frames.
jackson_8_4 eight 
LOG (gmm-latgen-faster[5.2.134~1-ecd4]:DecodeUtteranceLatticeFaster():decoder-wrappers.cc:286) Log-like per frame for utterance jackson_8_4 is -9.0023 over 39 frames.
jackson_8_40 eight 
LOG (gmm-latgen-faster[5.2.134~1-ecd4]:DecodeUtteranceLatticeFaster():decoder-wrappers.cc:286) Log-like per frame for utterance jackson_8_40 is -8.6764 over 42 frames.
jackson_8_41 eight 
LOG (gmm-latgen-faster[5.2.134~1-ecd4]:DecodeUtteranceLatticeFaster():decoder-wrappers.cc:286) Log-like per frame for utterance jackson_8_41 is -9.16605 over 56 frames.
jackson_8_42 eight 
LOG (gmm-latgen-faster[5.2.134~1-ecd4]:DecodeUtteranceLatticeFaster():decoder-wrappers.cc:286) Log-like per frame for utterance jackson_8_42 is -8.49157 over 40 frames.
jackson_8_43 eight 
LOG (gmm-latgen-faster[5.2.134~1-ecd4]:DecodeUtteranceLatticeFaster():decoder-wrappers.cc:286) Log-like per frame for utterance jackson_8_43 is -8.52052 over 40 frames.
jackson_8_44 eight 
LOG (gmm-latgen-faster[5.2.134~1-ecd4]:DecodeUtteranceLatticeFaster():decoder-wrappers.cc:286) Log-like per frame for utterance jackson_8_44 is -8.82747 over 42 frames.
jackson_8_45 eight 
LOG (gmm-latgen-faster[5.2.134~1-ecd4]:DecodeUtteranceLatticeFaster():decoder-wrappers.cc:286) Log-like per frame for utterance jackson_8_45 is -9.20595 over 42 frames.
jackson_8_46 eight 
LOG (gmm-latgen-faster[5.2.134~1-ecd4]:DecodeUtteranceLatticeFaster():decoder-wrappers.cc:286) Log-like per frame for utterance jackson_8_46 is -9.11777 over 40 frames.
jackson_8_47 eight 
LOG (gmm-latgen-faster[5.2.134~1-ecd4]:DecodeUtteranceLatticeFaster():decoder-wrappers.cc:286) Log-like per frame for utterance jackson_8_47 is -8.63002 over 41 frames.
jackson_8_48 eight 
LOG (gmm-latgen-faster[5.2.134~1-ecd4]:DecodeUtteranceLatticeFaster():decoder-wrappers.cc:286) Log-like per frame for utterance jackson_8_48 is -8.96155 over 40 frames.
jackson_8_49 eight 
LOG (gmm-latgen-faster[5.2.134~1-ecd4]:DecodeUtteranceLatticeFaster():decoder-wrappers.cc:286) Log-like per frame for utterance jackson_8_49 is -8.74958 over 45 frames.
jackson_8_5 eight 
LOG (gmm-latgen-faster[5.2.134~1-ecd4]:DecodeUtteranceLatticeFaster():decoder-wrappers.cc:286) Log-like per frame for utterance jackson_8_5 is -8.78361 over 41 frames.
jackson_8_6 eight 
LOG (gmm-latgen-faster[5.2.134~1-ecd4]:DecodeUtteranceLatticeFaster():decoder-wrappers.cc:286) Log-like per frame for utterance jackson_8_6 is -8.87766 over 40 frames.
jackson_8_7 eight 
LOG (gmm-latgen-faster[5.2.134~1-ecd4]:DecodeUtteranceLatticeFaster():decoder-wrappers.cc:286) Log-like per frame for utterance jackson_8_7 is -9.09031 over 41 frames.
jackson_8_8 
LOG (gmm-latgen-faster[5.2.134~1-ecd4]:DecodeUtteranceLatticeFaster():decoder-wrappers.cc:286) Log-like per frame for utterance jackson_8_8 is -8.78123 over 35 frames.
jackson_8_9 
LOG (gmm-latgen-faster[5.2.134~1-ecd4]:DecodeUtteranceLatticeFaster():decoder-wrappers.cc:286) Log-like per frame for utterance jackson_8_9 is -8.95969 over 36 frames.
jackson_9_0 nine 
LOG (gmm-latgen-faster[5.2.134~1-ecd4]:DecodeUtteranceLatticeFaster():decoder-wrappers.cc:286) Log-like per frame for utterance jackson_9_0 is -8.01363 over 58 frames.
jackson_9_1 nine 
LOG (gmm-latgen-faster[5.2.134~1-ecd4]:DecodeUtteranceLatticeFaster():decoder-wrappers.cc:286) Log-like per frame for utterance jackson_9_1 is -8.46708 over 55 frames.
jackson_9_10 nine 
LOG (gmm-latgen-faster[5.2.134~1-ecd4]:DecodeUtteranceLatticeFaster():decoder-wrappers.cc:286) Log-like per frame for utterance jackson_9_10 is -8.90636 over 49 frames.
jackson_9_11 nine 
LOG (gmm-latgen-faster[5.2.134~1-ecd4]:DecodeUtteranceLatticeFaster():decoder-wrappers.cc:286) Log-like per frame for utterance jackson_9_11 is -8.34724 over 60 frames.
jackson_9_12 nine 
LOG (gmm-latgen-faster[5.2.134~1-ecd4]:DecodeUtteranceLatticeFaster():decoder-wrappers.cc:286) Log-like per frame for utterance jackson_9_12 is -8.40656 over 56 frames.
jackson_9_13 nine 
LOG (gmm-latgen-faster[5.2.134~1-ecd4]:DecodeUtteranceLatticeFaster():decoder-wrappers.cc:286) Log-like per frame for utterance jackson_9_13 is -8.17113 over 57 frames.
jackson_9_14 nine 
LOG (gmm-latgen-faster[5.2.134~1-ecd4]:DecodeUtteranceLatticeFaster():decoder-wrappers.cc:286) Log-like per frame for utterance jackson_9_14 is -8.83546 over 60 frames.
jackson_9_15 nine 
LOG (gmm-latgen-faster[5.2.134~1-ecd4]:DecodeUtteranceLatticeFaster():decoder-wrappers.cc:286) Log-like per frame for utterance jackson_9_15 is -8.67688 over 57 frames.
jackson_9_16 nine 
LOG (gmm-latgen-faster[5.2.134~1-ecd4]:DecodeUtteranceLatticeFaster():decoder-wrappers.cc:286) Log-like per frame for utterance jackson_9_16 is -8.43301 over 45 frames.
jackson_9_17 nine 
LOG (gmm-latgen-faster[5.2.134~1-ecd4]:DecodeUtteranceLatticeFaster():decoder-wrappers.cc:286) Log-like per frame for utterance jackson_9_17 is -8.55474 over 46 frames.
jackson_9_18 nine 
LOG (gmm-latgen-faster[5.2.134~1-ecd4]:DecodeUtteranceLatticeFaster():decoder-wrappers.cc:286) Log-like per frame for utterance jackson_9_18 is -8.44054 over 52 frames.
jackson_9_19 nine 
LOG (gmm-latgen-faster[5.2.134~1-ecd4]:DecodeUtteranceLatticeFaster():decoder-wrappers.cc:286) Log-like per frame for utterance jackson_9_19 is -8.15067 over 52 frames.
jackson_9_2 nine 
LOG (gmm-latgen-faster[5.2.134~1-ecd4]:DecodeUtteranceLatticeFaster():decoder-wrappers.cc:286) Log-like per frame for utterance jackson_9_2 is -8.45801 over 56 frames.
jackson_9_20 nine 
LOG (gmm-latgen-faster[5.2.134~1-ecd4]:DecodeUtteranceLatticeFaster():decoder-wrappers.cc:286) Log-like per frame for utterance jackson_9_20 is -8.23504 over 57 frames.
jackson_9_21 nine 
LOG (gmm-latgen-faster[5.2.134~1-ecd4]:DecodeUtteranceLatticeFaster():decoder-wrappers.cc:286) Log-like per frame for utterance jackson_9_21 is -8.37636 over 52 frames.
jackson_9_22 nine 
LOG (gmm-latgen-faster[5.2.134~1-ecd4]:DecodeUtteranceLatticeFaster():decoder-wrappers.cc:286) Log-like per frame for utterance jackson_9_22 is -8.33244 over 50 frames.
jackson_9_23 nine 
LOG (gmm-latgen-faster[5.2.134~1-ecd4]:DecodeUtteranceLatticeFaster():decoder-wrappers.cc:286) Log-like per frame for utterance jackson_9_23 is -8.47174 over 60 frames.
jackson_9_24 nine 
LOG (gmm-latgen-faster[5.2.134~1-ecd4]:DecodeUtteranceLatticeFaster():decoder-wrappers.cc:286) Log-like per frame for utterance jackson_9_24 is -8.24362 over 52 frames.
jackson_9_25 nine 
LOG (gmm-latgen-faster[5.2.134~1-ecd4]:DecodeUtteranceLatticeFaster():decoder-wrappers.cc:286) Log-like per frame for utterance jackson_9_25 is -8.10877 over 47 frames.
LOG (apply-cmvn[5.2.134~1-ecd4]:main():apply-cmvn.cc:162) Applied cepstral mean normalization to 500 utterances, errors on 0
jackson_9_26 nine 
LOG (gmm-latgen-faster[5.2.134~1-ecd4]:DecodeUtteranceLatticeFaster():decoder-wrappers.cc:286) Log-like per frame for utterance jackson_9_26 is -8.24325 over 60 frames.
jackson_9_27 nine 
LOG (gmm-latgen-faster[5.2.134~1-ecd4]:DecodeUtteranceLatticeFaster():decoder-wrappers.cc:286) Log-like per frame for utterance jackson_9_27 is -8.2839 over 59 frames.
jackson_9_28 nine 
LOG (gmm-latgen-faster[5.2.134~1-ecd4]:DecodeUtteranceLatticeFaster():decoder-wrappers.cc:286) Log-like per frame for utterance jackson_9_28 is -8.13001 over 59 frames.
jackson_9_29 nine 
LOG (gmm-latgen-faster[5.2.134~1-ecd4]:DecodeUtteranceLatticeFaster():decoder-wrappers.cc:286) Log-like per frame for utterance jackson_9_29 is -8.19613 over 50 frames.
jackson_9_3 nine 
LOG (gmm-latgen-faster[5.2.134~1-ecd4]:DecodeUtteranceLatticeFaster():decoder-wrappers.cc:286) Log-like per frame for utterance jackson_9_3 is -8.71319 over 52 frames.
jackson_9_30 nine 
LOG (gmm-latgen-faster[5.2.134~1-ecd4]:DecodeUtteranceLatticeFaster():decoder-wrappers.cc:286) Log-like per frame for utterance jackson_9_30 is -9.83095 over 62 frames.
jackson_9_31 nine 
LOG (gmm-latgen-faster[5.2.134~1-ecd4]:DecodeUtteranceLatticeFaster():decoder-wrappers.cc:286) Log-like per frame for utterance jackson_9_31 is -9.0025 over 63 frames.
jackson_9_32 nine 
LOG (gmm-latgen-faster[5.2.134~1-ecd4]:DecodeUtteranceLatticeFaster():decoder-wrappers.cc:286) Log-like per frame for utterance jackson_9_32 is -8.84144 over 62 frames.
jackson_9_33 nine 
LOG (gmm-latgen-faster[5.2.134~1-ecd4]:DecodeUtteranceLatticeFaster():decoder-wrappers.cc:286) Log-like per frame for utterance jackson_9_33 is -9.01213 over 66 frames.
jackson_9_34 nine 
LOG (gmm-latgen-faster[5.2.134~1-ecd4]:DecodeUtteranceLatticeFaster():decoder-wrappers.cc:286) Log-like per frame for utterance jackson_9_34 is -8.5663 over 66 frames.
jackson_9_35 nine 
LOG (gmm-latgen-faster[5.2.134~1-ecd4]:DecodeUtteranceLatticeFaster():decoder-wrappers.cc:286) Log-like per frame for utterance jackson_9_35 is -8.81746 over 64 frames.
jackson_9_36 nine 
LOG (gmm-latgen-faster[5.2.134~1-ecd4]:DecodeUtteranceLatticeFaster():decoder-wrappers.cc:286) Log-like per frame for utterance jackson_9_36 is -9.1093 over 64 frames.
jackson_9_37 nine 
LOG (gmm-latgen-faster[5.2.134~1-ecd4]:DecodeUtteranceLatticeFaster():decoder-wrappers.cc:286) Log-like per frame for utterance jackson_9_37 is -9.30092 over 60 frames.
jackson_9_38 one 
LOG (gmm-latgen-faster[5.2.134~1-ecd4]:DecodeUtteranceLatticeFaster():decoder-wrappers.cc:286) Log-like per frame for utterance jackson_9_38 is -8.96002 over 63 frames.
jackson_9_39 nine 
LOG (gmm-latgen-faster[5.2.134~1-ecd4]:DecodeUtteranceLatticeFaster():decoder-wrappers.cc:286) Log-like per frame for utterance jackson_9_39 is -9.26429 over 58 frames.
jackson_9_4 nine 
LOG (gmm-latgen-faster[5.2.134~1-ecd4]:DecodeUtteranceLatticeFaster():decoder-wrappers.cc:286) Log-like per frame for utterance jackson_9_4 is -8.45975 over 56 frames.
jackson_9_40 nine 
LOG (gmm-latgen-faster[5.2.134~1-ecd4]:DecodeUtteranceLatticeFaster():decoder-wrappers.cc:286) Log-like per frame for utterance jackson_9_40 is -9.39343 over 60 frames.
jackson_9_41 
LOG (gmm-latgen-faster[5.2.134~1-ecd4]:DecodeUtteranceLatticeFaster():decoder-wrappers.cc:286) Log-like per frame for utterance jackson_9_41 is -9.61903 over 54 frames.
jackson_9_42 nine 
LOG (gmm-latgen-faster[5.2.134~1-ecd4]:DecodeUtteranceLatticeFaster():decoder-wrappers.cc:286) Log-like per frame for utterance jackson_9_42 is -8.8836 over 56 frames.
jackson_9_43 nine 
LOG (gmm-latgen-faster[5.2.134~1-ecd4]:DecodeUtteranceLatticeFaster():decoder-wrappers.cc:286) Log-like per frame for utterance jackson_9_43 is -9.18296 over 60 frames.
jackson_9_44 nine 
LOG (gmm-latgen-faster[5.2.134~1-ecd4]:DecodeUtteranceLatticeFaster():decoder-wrappers.cc:286) Log-like per frame for utterance jackson_9_44 is -9.17275 over 58 frames.
jackson_9_45 nine 
LOG (gmm-latgen-faster[5.2.134~1-ecd4]:DecodeUtteranceLatticeFaster():decoder-wrappers.cc:286) Log-like per frame for utterance jackson_9_45 is -8.7493 over 52 frames.
jackson_9_46 nine 
LOG (gmm-latgen-faster[5.2.134~1-ecd4]:DecodeUtteranceLatticeFaster():decoder-wrappers.cc:286) Log-like per frame for utterance jackson_9_46 is -9.19569 over 63 frames.
jackson_9_47 nine 
LOG (gmm-latgen-faster[5.2.134~1-ecd4]:DecodeUtteranceLatticeFaster():decoder-wrappers.cc:286) Log-like per frame for utterance jackson_9_47 is -9.21293 over 59 frames.
jackson_9_48 nine 
LOG (gmm-latgen-faster[5.2.134~1-ecd4]:DecodeUtteranceLatticeFaster():decoder-wrappers.cc:286) Log-like per frame for utterance jackson_9_48 is -9.47353 over 59 frames.
jackson_9_49 nine 
LOG (gmm-latgen-faster[5.2.134~1-ecd4]:DecodeUtteranceLatticeFaster():decoder-wrappers.cc:286) Log-like per frame for utterance jackson_9_49 is -8.95791 over 62 frames.
jackson_9_5 nine 
LOG (gmm-latgen-faster[5.2.134~1-ecd4]:DecodeUtteranceLatticeFaster():decoder-wrappers.cc:286) Log-like per frame for utterance jackson_9_5 is -8.10124 over 56 frames.
jackson_9_6 nine 
LOG (gmm-latgen-faster[5.2.134~1-ecd4]:DecodeUtteranceLatticeFaster():decoder-wrappers.cc:286) Log-like per frame for utterance jackson_9_6 is -8.24748 over 54 frames.
jackson_9_7 nine 
LOG (gmm-latgen-faster[5.2.134~1-ecd4]:DecodeUtteranceLatticeFaster():decoder-wrappers.cc:286) Log-like per frame for utterance jackson_9_7 is -8.28977 over 52 frames.
jackson_9_8 nine 
LOG (gmm-latgen-faster[5.2.134~1-ecd4]:DecodeUtteranceLatticeFaster():decoder-wrappers.cc:286) Log-like per frame for utterance jackson_9_8 is -8.2196 over 62 frames.
jackson_9_9 nine 
LOG (gmm-latgen-faster[5.2.134~1-ecd4]:DecodeUtteranceLatticeFaster():decoder-wrappers.cc:286) Log-like per frame for utterance jackson_9_9 is -8.67933 over 52 frames.
LOG (gmm-latgen-faster[5.2.134~1-ecd4]:main():gmm-latgen-faster.cc:176) Time taken 6.86648s: real-time factor assuming 100 frames/sec is 0.0276573
LOG (gmm-latgen-faster[5.2.134~1-ecd4]:main():gmm-latgen-faster.cc:179) Done 500 utterances, failed for 0
LOG (gmm-latgen-faster[5.2.134~1-ecd4]:main():gmm-latgen-faster.cc:181) Overall log-likelihood per frame is -8.75785 over 24827 frames.
# Accounting: time=7 threads=1
# Ended (code 0) at Sat Nov 11 18:40:07 EST 2017, elapsed time 7 seconds
