# lattice-best-path --lm-scale=17 --word-symbol-table=exp/tri1/graph/words.txt "ark:gunzip -c exp/tri1/decode/lat.*.gz|" ark,t:exp/tri1/decode/scoring/17.tra 
# Started at Sat Nov 11 18:40:42 EST 2017
#
lattice-best-path --lm-scale=17 --word-symbol-table=exp/tri1/graph/words.txt 'ark:gunzip -c exp/tri1/decode/lat.*.gz|' ark,t:exp/tri1/decode/scoring/17.tra 
LOG (lattice-best-path[5.2.134~1-ecd4]:main():lattice-best-path.cc:99) For utterance jackson_0_0, best cost 144.863 + 6327.95 = 6472.81 over 62 frames.
jackson_0_0 zero 
LOG (lattice-best-path[5.2.134~1-ecd4]:main():lattice-best-path.cc:99) For utterance jackson_0_1, best cost 137.678 + 5616.55 = 5754.23 over 51 frames.
jackson_0_1 zero 
LOG (lattice-best-path[5.2.134~1-ecd4]:main():lattice-best-path.cc:99) For utterance jackson_0_10, best cost 143.528 + 6899.58 = 7043.11 over 66 frames.
jackson_0_10 zero 
LOG (lattice-best-path[5.2.134~1-ecd4]:main():lattice-best-path.cc:99) For utterance jackson_0_11, best cost 145.919 + 6072.55 = 6218.47 over 59 frames.
jackson_0_11 zero 
LOG (lattice-best-path[5.2.134~1-ecd4]:main():lattice-best-path.cc:99) For utterance jackson_0_12, best cost 140.14 + 5674.19 = 5814.33 over 49 frames.
jackson_0_12 zero 
LOG (lattice-best-path[5.2.134~1-ecd4]:main():lattice-best-path.cc:99) For utterance jackson_0_13, best cost 140.475 + 6097.52 = 6237.99 over 57 frames.
jackson_0_13 zero 
LOG (lattice-best-path[5.2.134~1-ecd4]:main():lattice-best-path.cc:99) For utterance jackson_0_14, best cost 142.748 + 6363.17 = 6505.92 over 60 frames.
jackson_0_14 zero 
LOG (lattice-best-path[5.2.134~1-ecd4]:main():lattice-best-path.cc:99) For utterance jackson_0_15, best cost 143.094 + 6577.57 = 6720.67 over 62 frames.
jackson_0_15 zero 
LOG (lattice-best-path[5.2.134~1-ecd4]:main():lattice-best-path.cc:99) For utterance jackson_0_16, best cost 137.22 + 5682.78 = 5820 over 53 frames.
jackson_0_16 zero 
LOG (lattice-best-path[5.2.134~1-ecd4]:main():lattice-best-path.cc:99) For utterance jackson_0_17, best cost 148.968 + 5369.34 = 5518.31 over 51 frames.
jackson_0_17 zero 
LOG (lattice-best-path[5.2.134~1-ecd4]:main():lattice-best-path.cc:99) For utterance jackson_0_18, best cost 141.125 + 6636.34 = 6777.47 over 63 frames.
jackson_0_18 zero 
LOG (lattice-best-path[5.2.134~1-ecd4]:main():lattice-best-path.cc:99) For utterance jackson_0_19, best cost 150.491 + 6733.16 = 6883.65 over 62 frames.
jackson_0_19 zero 
LOG (lattice-best-path[5.2.134~1-ecd4]:main():lattice-best-path.cc:99) For utterance jackson_0_2, best cost 135.648 + 5531.53 = 5667.18 over 51 frames.
jackson_0_2 zero 
LOG (lattice-best-path[5.2.134~1-ecd4]:main():lattice-best-path.cc:99) For utterance jackson_0_20, best cost 128.206 + 6496.25 = 6624.46 over 60 frames.
jackson_0_20 zero 
LOG (lattice-best-path[5.2.134~1-ecd4]:main():lattice-best-path.cc:99) For utterance jackson_0_21, best cost 149.051 + 6156.96 = 6306.01 over 58 frames.
jackson_0_21 zero 
LOG (lattice-best-path[5.2.134~1-ecd4]:main():lattice-best-path.cc:99) For utterance jackson_0_22, best cost 151.874 + 6034.01 = 6185.89 over 58 frames.
jackson_0_22 zero 
LOG (lattice-best-path[5.2.134~1-ecd4]:main():lattice-best-path.cc:99) For utterance jackson_0_23, best cost 140.223 + 6014.93 = 6155.15 over 57 frames.
jackson_0_23 zero 
LOG (lattice-best-path[5.2.134~1-ecd4]:main():lattice-best-path.cc:99) For utterance jackson_0_24, best cost 146.775 + 6680.48 = 6827.26 over 62 frames.
jackson_0_24 zero 
LOG (lattice-best-path[5.2.134~1-ecd4]:main():lattice-best-path.cc:99) For utterance jackson_0_25, best cost 149.193 + 6397.18 = 6546.38 over 60 frames.
jackson_0_25 zero 
LOG (lattice-best-path[5.2.134~1-ecd4]:main():lattice-best-path.cc:99) For utterance jackson_0_26, best cost 144.052 + 5983.24 = 6127.29 over 56 frames.
jackson_0_26 zero 
LOG (lattice-best-path[5.2.134~1-ecd4]:main():lattice-best-path.cc:99) For utterance jackson_0_27, best cost 134.165 + 6406.69 = 6540.85 over 63 frames.
jackson_0_27 zero 
LOG (lattice-best-path[5.2.134~1-ecd4]:main():lattice-best-path.cc:99) For utterance jackson_0_28, best cost 143.563 + 6577.75 = 6721.32 over 62 frames.
jackson_0_28 zero 
LOG (lattice-best-path[5.2.134~1-ecd4]:main():lattice-best-path.cc:99) For utterance jackson_0_29, best cost 131.098 + 6067.1 = 6198.2 over 56 frames.
jackson_0_29 zero 
LOG (lattice-best-path[5.2.134~1-ecd4]:main():lattice-best-path.cc:99) For utterance jackson_0_3, best cost 142.29 + 6039.48 = 6181.77 over 58 frames.
jackson_0_3 zero 
LOG (lattice-best-path[5.2.134~1-ecd4]:main():lattice-best-path.cc:99) For utterance jackson_0_30, best cost 143.582 + 6456.61 = 6600.19 over 62 frames.
jackson_0_30 zero 
LOG (lattice-best-path[5.2.134~1-ecd4]:main():lattice-best-path.cc:99) For utterance jackson_0_31, best cost 129.355 + 5660.92 = 5790.28 over 55 frames.
jackson_0_31 zero 
LOG (lattice-best-path[5.2.134~1-ecd4]:main():lattice-best-path.cc:99) For utterance jackson_0_32, best cost 139.993 + 6781.33 = 6921.33 over 60 frames.
jackson_0_32 zero 
LOG (lattice-best-path[5.2.134~1-ecd4]:main():lattice-best-path.cc:99) For utterance jackson_0_33, best cost 144.284 + 6887.93 = 7032.22 over 64 frames.
jackson_0_33 zero 
LOG (lattice-best-path[5.2.134~1-ecd4]:main():lattice-best-path.cc:99) For utterance jackson_0_34, best cost 143.697 + 6576.25 = 6719.94 over 64 frames.
jackson_0_34 zero 
LOG (lattice-best-path[5.2.134~1-ecd4]:main():lattice-best-path.cc:99) For utterance jackson_0_35, best cost 140.056 + 6749.57 = 6889.63 over 61 frames.
jackson_0_35 zero 
LOG (lattice-best-path[5.2.134~1-ecd4]:main():lattice-best-path.cc:99) For utterance jackson_0_36, best cost 142.464 + 6152.4 = 6294.87 over 58 frames.
jackson_0_36 zero 
LOG (lattice-best-path[5.2.134~1-ecd4]:main():lattice-best-path.cc:99) For utterance jackson_0_37, best cost 148.04 + 6284.89 = 6432.93 over 60 frames.
jackson_0_37 zero 
LOG (lattice-best-path[5.2.134~1-ecd4]:main():lattice-best-path.cc:99) For utterance jackson_0_38, best cost 130.271 + 6672.48 = 6802.75 over 64 frames.
jackson_0_38 zero 
LOG (lattice-best-path[5.2.134~1-ecd4]:main():lattice-best-path.cc:99) For utterance jackson_0_39, best cost 131.779 + 5785.64 = 5917.42 over 56 frames.
jackson_0_39 zero 
LOG (lattice-best-path[5.2.134~1-ecd4]:main():lattice-best-path.cc:99) For utterance jackson_0_4, best cost 141.582 + 5152.75 = 5294.33 over 52 frames.
jackson_0_4 zero 
LOG (lattice-best-path[5.2.134~1-ecd4]:main():lattice-best-path.cc:99) For utterance jackson_0_40, best cost 153.27 + 6953.73 = 7107 over 69 frames.
jackson_0_40 zero 
LOG (lattice-best-path[5.2.134~1-ecd4]:main():lattice-best-path.cc:99) For utterance jackson_0_41, best cost 157.418 + 7096.79 = 7254.21 over 67 frames.
jackson_0_41 zero 
LOG (lattice-best-path[5.2.134~1-ecd4]:main():lattice-best-path.cc:99) For utterance jackson_0_42, best cost 149.945 + 6842.84 = 6992.79 over 64 frames.
jackson_0_42 zero 
LOG (lattice-best-path[5.2.134~1-ecd4]:main():lattice-best-path.cc:99) For utterance jackson_0_43, best cost 136.143 + 6360.22 = 6496.37 over 60 frames.
jackson_0_43 zero 
LOG (lattice-best-path[5.2.134~1-ecd4]:main():lattice-best-path.cc:99) For utterance jackson_0_44, best cost 157.121 + 7255 = 7412.12 over 65 frames.
jackson_0_44 zero 
LOG (lattice-best-path[5.2.134~1-ecd4]:main():lattice-best-path.cc:99) For utterance jackson_0_45, best cost 151.947 + 7176.95 = 7328.9 over 64 frames.
jackson_0_45 zero 
LOG (lattice-best-path[5.2.134~1-ecd4]:main():lattice-best-path.cc:99) For utterance jackson_0_46, best cost 149.178 + 7309.56 = 7458.74 over 65 frames.
jackson_0_46 zero 
LOG (lattice-best-path[5.2.134~1-ecd4]:main():lattice-best-path.cc:99) For utterance jackson_0_47, best cost 159.757 + 7222.62 = 7382.38 over 65 frames.
jackson_0_47 zero 
LOG (lattice-best-path[5.2.134~1-ecd4]:main():lattice-best-path.cc:99) For utterance jackson_0_48, best cost 130.447 + 6841.66 = 6972.1 over 63 frames.
jackson_0_48 zero 
LOG (lattice-best-path[5.2.134~1-ecd4]:main():lattice-best-path.cc:99) For utterance jackson_0_49, best cost 159.788 + 8799.55 = 8959.34 over 76 frames.
jackson_0_49 zero 
LOG (lattice-best-path[5.2.134~1-ecd4]:main():lattice-best-path.cc:99) For utterance jackson_0_5, best cost 137.983 + 5680.6 = 5818.58 over 55 frames.
jackson_0_5 zero 
LOG (lattice-best-path[5.2.134~1-ecd4]:main():lattice-best-path.cc:99) For utterance jackson_0_6, best cost 144.485 + 6502.03 = 6646.51 over 61 frames.
jackson_0_6 zero 
LOG (lattice-best-path[5.2.134~1-ecd4]:main():lattice-best-path.cc:99) For utterance jackson_0_7, best cost 143.167 + 5801.62 = 5944.79 over 53 frames.
jackson_0_7 zero 
LOG (lattice-best-path[5.2.134~1-ecd4]:main():lattice-best-path.cc:99) For utterance jackson_0_8, best cost 152.543 + 5925.33 = 6077.88 over 56 frames.
jackson_0_8 zero 
LOG (lattice-best-path[5.2.134~1-ecd4]:main():lattice-best-path.cc:99) For utterance jackson_0_9, best cost 149.846 + 6050.8 = 6200.65 over 61 frames.
jackson_0_9 zero 
LOG (lattice-best-path[5.2.134~1-ecd4]:main():lattice-best-path.cc:99) For utterance jackson_1_0, best cost 140.056 + 5080.24 = 5220.3 over 50 frames.
jackson_1_0 one 
LOG (lattice-best-path[5.2.134~1-ecd4]:main():lattice-best-path.cc:99) For utterance jackson_1_1, best cost 140.718 + 5257.24 = 5397.96 over 51 frames.
jackson_1_1 one 
LOG (lattice-best-path[5.2.134~1-ecd4]:main():lattice-best-path.cc:99) For utterance jackson_1_10, best cost 147.56 + 6001.57 = 6149.13 over 57 frames.
jackson_1_10 one 
LOG (lattice-best-path[5.2.134~1-ecd4]:main():lattice-best-path.cc:99) For utterance jackson_1_11, best cost 195.516 + 5160.18 = 5355.7 over 49 frames.
jackson_1_11 nine 
LOG (lattice-best-path[5.2.134~1-ecd4]:main():lattice-best-path.cc:99) For utterance jackson_1_12, best cost 201.953 + 4660.7 = 4862.65 over 43 frames.
jackson_1_12 one 
LOG (lattice-best-path[5.2.134~1-ecd4]:main():lattice-best-path.cc:99) For utterance jackson_1_13, best cost 205.29 + 4909.56 = 5114.85 over 45 frames.
jackson_1_13 one 
LOG (lattice-best-path[5.2.134~1-ecd4]:main():lattice-best-path.cc:99) For utterance jackson_1_14, best cost 218.285 + 7252.63 = 7470.92 over 66 frames.
jackson_1_14 one 
LOG (lattice-best-path[5.2.134~1-ecd4]:main():lattice-best-path.cc:99) For utterance jackson_1_15, best cost 149.136 + 4264.2 = 4413.34 over 43 frames.
jackson_1_15 one 
LOG (lattice-best-path[5.2.134~1-ecd4]:main():lattice-best-path.cc:99) For utterance jackson_1_16, best cost 143.948 + 4628.99 = 4772.94 over 47 frames.
jackson_1_16 one 
LOG (lattice-best-path[5.2.134~1-ecd4]:main():lattice-best-path.cc:99) For utterance jackson_1_17, best cost 141.165 + 4260.62 = 4401.78 over 40 frames.
jackson_1_17 one 
LOG (lattice-best-path[5.2.134~1-ecd4]:main():lattice-best-path.cc:99) For utterance jackson_1_18, best cost 141.813 + 4538.7 = 4680.51 over 43 frames.
jackson_1_18 one 
LOG (lattice-best-path[5.2.134~1-ecd4]:main():lattice-best-path.cc:99) For utterance jackson_1_19, best cost 143.466 + 4806.35 = 4949.82 over 46 frames.
jackson_1_19 one 
LOG (lattice-best-path[5.2.134~1-ecd4]:main():lattice-best-path.cc:99) For utterance jackson_1_2, best cost 132.402 + 4708.61 = 4841.01 over 46 frames.
jackson_1_2 one 
LOG (lattice-best-path[5.2.134~1-ecd4]:main():lattice-best-path.cc:99) For utterance jackson_1_20, best cost 140.747 + 4579.04 = 4719.78 over 44 frames.
jackson_1_20 one 
LOG (lattice-best-path[5.2.134~1-ecd4]:main():lattice-best-path.cc:99) For utterance jackson_1_21, best cost 142.5 + 5162.7 = 5305.2 over 47 frames.
jackson_1_21 one 
LOG (lattice-best-path[5.2.134~1-ecd4]:main():lattice-best-path.cc:99) For utterance jackson_1_22, best cost 145.594 + 4691.87 = 4837.46 over 42 frames.
jackson_1_22 one 
LOG (lattice-best-path[5.2.134~1-ecd4]:main():lattice-best-path.cc:99) For utterance jackson_1_23, best cost 142.313 + 4465.34 = 4607.65 over 45 frames.
jackson_1_23 one 
LOG (lattice-best-path[5.2.134~1-ecd4]:main():lattice-best-path.cc:99) For utterance jackson_1_24, best cost 148.368 + 4511.37 = 4659.74 over 46 frames.
jackson_1_24 one 
LOG (lattice-best-path[5.2.134~1-ecd4]:main():lattice-best-path.cc:99) For utterance jackson_1_25, best cost 158.298 + 5175.51 = 5333.81 over 53 frames.
jackson_1_25 one 
LOG (lattice-best-path[5.2.134~1-ecd4]:main():lattice-best-path.cc:99) For utterance jackson_1_26, best cost 147.469 + 5303.96 = 5451.43 over 51 frames.
jackson_1_26 one 
LOG (lattice-best-path[5.2.134~1-ecd4]:main():lattice-best-path.cc:99) For utterance jackson_1_27, best cost 148.948 + 4863.38 = 5012.33 over 46 frames.
jackson_1_27 one 
LOG (lattice-best-path[5.2.134~1-ecd4]:main():lattice-best-path.cc:99) For utterance jackson_1_28, best cost 145.887 + 4863.58 = 5009.47 over 45 frames.
jackson_1_28 one 
LOG (lattice-best-path[5.2.134~1-ecd4]:main():lattice-best-path.cc:99) For utterance jackson_1_29, best cost 139.233 + 4880.44 = 5019.67 over 45 frames.
jackson_1_29 one 
LOG (lattice-best-path[5.2.134~1-ecd4]:main():lattice-best-path.cc:99) For utterance jackson_1_3, best cost 134.087 + 4957.08 = 5091.17 over 48 frames.
jackson_1_3 one 
LOG (lattice-best-path[5.2.134~1-ecd4]:main():lattice-best-path.cc:99) For utterance jackson_1_30, best cost 143.461 + 5277.1 = 5420.56 over 47 frames.
jackson_1_30 one 
LOG (lattice-best-path[5.2.134~1-ecd4]:main():lattice-best-path.cc:99) For utterance jackson_1_31, best cost 155.362 + 5420.46 = 5575.83 over 51 frames.
jackson_1_31 one 
LOG (lattice-best-path[5.2.134~1-ecd4]:main():lattice-best-path.cc:99) For utterance jackson_1_32, best cost 149.015 + 5256.23 = 5405.24 over 50 frames.
jackson_1_32 one 
LOG (lattice-best-path[5.2.134~1-ecd4]:main():lattice-best-path.cc:99) For utterance jackson_1_33, best cost 151.284 + 6623.64 = 6774.92 over 59 frames.
jackson_1_33 one 
LOG (lattice-best-path[5.2.134~1-ecd4]:main():lattice-best-path.cc:99) For utterance jackson_1_34, best cost 209.563 + 5163.15 = 5372.72 over 49 frames.
jackson_1_34 one 
LOG (lattice-best-path[5.2.134~1-ecd4]:main():lattice-best-path.cc:99) For utterance jackson_1_35, best cost 147.927 + 4953.28 = 5101.2 over 48 frames.
jackson_1_35 one 
LOG (lattice-best-path[5.2.134~1-ecd4]:main():lattice-best-path.cc:99) For utterance jackson_1_36, best cost 146.005 + 4374.11 = 4520.11 over 42 frames.
jackson_1_36 one 
LOG (lattice-best-path[5.2.134~1-ecd4]:main():lattice-best-path.cc:99) For utterance jackson_1_37, best cost 207.434 + 4316.96 = 4524.4 over 42 frames.
jackson_1_37 one 
LOG (lattice-best-path[5.2.134~1-ecd4]:main():lattice-best-path.cc:99) For utterance jackson_1_38, best cost 146.136 + 5107.77 = 5253.9 over 48 frames.
jackson_1_38 one 
LOG (lattice-best-path[5.2.134~1-ecd4]:main():lattice-best-path.cc:99) For utterance jackson_1_39, best cost 205.098 + 6186.78 = 6391.88 over 54 frames.
jackson_1_39 one 
LOG (lattice-best-path[5.2.134~1-ecd4]:main():lattice-best-path.cc:99) For utterance jackson_1_4, best cost 140.018 + 5496.4 = 5636.42 over 51 frames.
jackson_1_4 one 
LOG (lattice-best-path[5.2.134~1-ecd4]:main():lattice-best-path.cc:99) For utterance jackson_1_40, best cost 154.824 + 6779.92 = 6934.75 over 59 frames.
jackson_1_40 one 
LOG (lattice-best-path[5.2.134~1-ecd4]:main():lattice-best-path.cc:99) For utterance jackson_1_41, best cost 207.62 + 6849.39 = 7057.01 over 60 frames.
jackson_1_41 one 
LOG (lattice-best-path[5.2.134~1-ecd4]:main():lattice-best-path.cc:99) For utterance jackson_1_42, best cost 154.335 + 6851.16 = 7005.5 over 61 frames.
jackson_1_42 one 
LOG (lattice-best-path[5.2.134~1-ecd4]:main():lattice-best-path.cc:99) For utterance jackson_1_43, best cost 205.914 + 6419.81 = 6625.72 over 56 frames.
jackson_1_43 one 
LOG (lattice-best-path[5.2.134~1-ecd4]:main():lattice-best-path.cc:99) For utterance jackson_1_44, best cost 209.052 + 6413.26 = 6622.31 over 56 frames.
jackson_1_44 one 
LOG (lattice-best-path[5.2.134~1-ecd4]:main():lattice-best-path.cc:99) For utterance jackson_1_45, best cost 202.887 + 7073.82 = 7276.71 over 58 frames.
jackson_1_45 one 
LOG (lattice-best-path[5.2.134~1-ecd4]:main():lattice-best-path.cc:99) For utterance jackson_1_46, best cost 206.268 + 5631.96 = 5838.23 over 51 frames.
jackson_1_46 one 
LOG (lattice-best-path[5.2.134~1-ecd4]:main():lattice-best-path.cc:99) For utterance jackson_1_47, best cost 204.763 + 6260.25 = 6465.01 over 54 frames.
jackson_1_47 one 
LOG (lattice-best-path[5.2.134~1-ecd4]:main():lattice-best-path.cc:99) For utterance jackson_1_48, best cost 153.41 + 6246.05 = 6399.46 over 57 frames.
jackson_1_48 one 
LOG (lattice-best-path[5.2.134~1-ecd4]:main():lattice-best-path.cc:99) For utterance jackson_1_49, best cost 204.731 + 5632.91 = 5837.64 over 48 frames.
jackson_1_49 one 
LOG (lattice-best-path[5.2.134~1-ecd4]:main():lattice-best-path.cc:99) For utterance jackson_1_5, best cost 143.341 + 5926.25 = 6069.59 over 55 frames.
jackson_1_5 one 
LOG (lattice-best-path[5.2.134~1-ecd4]:main():lattice-best-path.cc:99) For utterance jackson_1_6, best cost 141.331 + 5286.37 = 5427.7 over 49 frames.
jackson_1_6 one 
LOG (lattice-best-path[5.2.134~1-ecd4]:main():lattice-best-path.cc:99) For utterance jackson_1_7, best cost 147.641 + 5786.4 = 5934.04 over 54 frames.
jackson_1_7 one 
LOG (lattice-best-path[5.2.134~1-ecd4]:main():lattice-best-path.cc:99) For utterance jackson_1_8, best cost 135.027 + 4905.81 = 5040.84 over 49 frames.
jackson_1_8 one 
LOG (lattice-best-path[5.2.134~1-ecd4]:main():lattice-best-path.cc:99) For utterance jackson_1_9, best cost 151.195 + 5897.42 = 6048.61 over 56 frames.
jackson_1_9 one 
LOG (lattice-best-path[5.2.134~1-ecd4]:main():lattice-best-path.cc:99) For utterance jackson_2_0, best cost 122.499 + 5347.6 = 5470.1 over 48 frames.
jackson_2_0 two 
LOG (lattice-best-path[5.2.134~1-ecd4]:main():lattice-best-path.cc:99) For utterance jackson_2_1, best cost 122.487 + 5937.06 = 6059.54 over 53 frames.
jackson_2_1 two 
LOG (lattice-best-path[5.2.134~1-ecd4]:main():lattice-best-path.cc:99) For utterance jackson_2_10, best cost 127.921 + 5376.43 = 5504.35 over 50 frames.
jackson_2_10 two 
LOG (lattice-best-path[5.2.134~1-ecd4]:main():lattice-best-path.cc:99) For utterance jackson_2_11, best cost 128.495 + 5227.67 = 5356.16 over 50 frames.
jackson_2_11 two 
LOG (lattice-best-path[5.2.134~1-ecd4]:main():lattice-best-path.cc:99) For utterance jackson_2_12, best cost 147.601 + 5290.21 = 5437.81 over 47 frames.
jackson_2_12 zero 
LOG (lattice-best-path[5.2.134~1-ecd4]:main():lattice-best-path.cc:99) For utterance jackson_2_13, best cost 128.87 + 5874.11 = 6002.98 over 50 frames.
jackson_2_13 two 
LOG (lattice-best-path[5.2.134~1-ecd4]:main():lattice-best-path.cc:99) For utterance jackson_2_14, best cost 120.186 + 5697.43 = 5817.62 over 49 frames.
jackson_2_14 two 
LOG (lattice-best-path[5.2.134~1-ecd4]:main():lattice-best-path.cc:99) For utterance jackson_2_15, best cost 121.369 + 5794.83 = 5916.2 over 50 frames.
jackson_2_15 two 
LOG (lattice-best-path[5.2.134~1-ecd4]:main():lattice-best-path.cc:99) For utterance jackson_2_16, best cost 123.03 + 5330.21 = 5453.24 over 46 frames.
jackson_2_16 two 
LOG (lattice-best-path[5.2.134~1-ecd4]:main():lattice-best-path.cc:99) For utterance jackson_2_17, best cost 131.085 + 5984.49 = 6115.57 over 52 frames.
jackson_2_17 two 
LOG (lattice-best-path[5.2.134~1-ecd4]:main():lattice-best-path.cc:99) For utterance jackson_2_18, best cost 130.044 + 6156.6 = 6286.65 over 53 frames.
jackson_2_18 two 
LOG (lattice-best-path[5.2.134~1-ecd4]:main():lattice-best-path.cc:99) For utterance jackson_2_19, best cost 121.13 + 5791.44 = 5912.57 over 50 frames.
jackson_2_19 two 
LOG (lattice-best-path[5.2.134~1-ecd4]:main():lattice-best-path.cc:99) For utterance jackson_2_2, best cost 125.428 + 4556.69 = 4682.11 over 42 frames.
jackson_2_2 two 
LOG (lattice-best-path[5.2.134~1-ecd4]:main():lattice-best-path.cc:99) For utterance jackson_2_20, best cost 57.7511 + 5710.48 = 5768.23 over 46 frames.
jackson_2_20 
LOG (lattice-best-path[5.2.134~1-ecd4]:main():lattice-best-path.cc:99) For utterance jackson_2_21, best cost 139.773 + 7753.11 = 7892.89 over 72 frames.
jackson_2_21 two 
LOG (lattice-best-path[5.2.134~1-ecd4]:main():lattice-best-path.cc:99) For utterance jackson_2_22, best cost 119.282 + 5055.37 = 5174.65 over 46 frames.
jackson_2_22 two 
LOG (lattice-best-path[5.2.134~1-ecd4]:main():lattice-best-path.cc:99) For utterance jackson_2_23, best cost 144.283 + 5255.66 = 5399.94 over 48 frames.
jackson_2_23 zero 
LOG (lattice-best-path[5.2.134~1-ecd4]:main():lattice-best-path.cc:99) For utterance jackson_2_24, best cost 129.632 + 5594.32 = 5723.96 over 50 frames.
jackson_2_24 two 
LOG (lattice-best-path[5.2.134~1-ecd4]:main():lattice-best-path.cc:99) For utterance jackson_2_25, best cost 134.475 + 5883.01 = 6017.48 over 52 frames.
jackson_2_25 two 
LOG (lattice-best-path[5.2.134~1-ecd4]:main():lattice-best-path.cc:99) For utterance jackson_2_26, best cost 58.7438 + 5756.77 = 5815.52 over 48 frames.
jackson_2_26 
LOG (lattice-best-path[5.2.134~1-ecd4]:main():lattice-best-path.cc:99) For utterance jackson_2_27, best cost 135.395 + 5680.17 = 5815.56 over 51 frames.
jackson_2_27 two 
LOG (lattice-best-path[5.2.134~1-ecd4]:main():lattice-best-path.cc:99) For utterance jackson_2_28, best cost 128.649 + 5509.62 = 5638.27 over 49 frames.
jackson_2_28 two 
LOG (lattice-best-path[5.2.134~1-ecd4]:main():lattice-best-path.cc:99) For utterance jackson_2_29, best cost 130.437 + 6098.26 = 6228.69 over 53 frames.
jackson_2_29 two 
LOG (lattice-best-path[5.2.134~1-ecd4]:main():lattice-best-path.cc:99) For utterance jackson_2_3, best cost 209.086 + 5201.06 = 5410.15 over 48 frames.
jackson_2_3 two 
LOG (lattice-best-path[5.2.134~1-ecd4]:main():lattice-best-path.cc:99) For utterance jackson_2_30, best cost 119.423 + 5084.88 = 5204.3 over 46 frames.
jackson_2_30 two 
LOG (lattice-best-path[5.2.134~1-ecd4]:main():lattice-best-path.cc:99) For utterance jackson_2_31, best cost 118.639 + 4937.89 = 5056.53 over 45 frames.
jackson_2_31 two 
LOG (lattice-best-path[5.2.134~1-ecd4]:main():lattice-best-path.cc:99) For utterance jackson_2_32, best cost 127.8 + 5279.09 = 5406.89 over 49 frames.
jackson_2_32 two 
LOG (lattice-best-path[5.2.134~1-ecd4]:main():lattice-best-path.cc:99) For utterance jackson_2_33, best cost 128.587 + 5800.27 = 5928.86 over 49 frames.
jackson_2_33 two 
LOG (lattice-best-path[5.2.134~1-ecd4]:main():lattice-best-path.cc:99) For utterance jackson_2_34, best cost 58.123 + 5460.64 = 5518.76 over 47 frames.
jackson_2_34 
LOG (lattice-best-path[5.2.134~1-ecd4]:main():lattice-best-path.cc:99) For utterance jackson_2_35, best cost 114.302 + 4857.97 = 4972.27 over 45 frames.
jackson_2_35 two 
LOG (lattice-best-path[5.2.134~1-ecd4]:main():lattice-best-path.cc:99) For utterance jackson_2_36, best cost 57.7082 + 5673.07 = 5730.77 over 47 frames.
jackson_2_36 
LOG (lattice-best-path[5.2.134~1-ecd4]:main():lattice-best-path.cc:99) For utterance jackson_2_37, best cost 53.9463 + 4367.38 = 4421.32 over 38 frames.
jackson_2_37 
LOG (lattice-best-path[5.2.134~1-ecd4]:main():lattice-best-path.cc:99) For utterance jackson_2_38, best cost 145.541 + 5037.67 = 5183.21 over 45 frames.
jackson_2_38 two 
LOG (lattice-best-path[5.2.134~1-ecd4]:main():lattice-best-path.cc:99) For utterance jackson_2_39, best cost 56.7584 + 4836.32 = 4893.07 over 44 frames.
jackson_2_39 
LOG (lattice-best-path[5.2.134~1-ecd4]:main():lattice-best-path.cc:99) For utterance jackson_2_4, best cost 122.611 + 5087.17 = 5209.79 over 46 frames.
jackson_2_4 two 
LOG (lattice-best-path[5.2.134~1-ecd4]:main():lattice-best-path.cc:99) For utterance jackson_2_40, best cost 198.913 + 5631.27 = 5830.18 over 53 frames.
jackson_2_40 eight two 
LOG (lattice-best-path[5.2.134~1-ecd4]:main():lattice-best-path.cc:99) For utterance jackson_2_41, best cost 122.796 + 6266.72 = 6389.51 over 56 frames.
jackson_2_41 two 
LOG (lattice-best-path[5.2.134~1-ecd4]:main():lattice-best-path.cc:99) For utterance jackson_2_42, best cost 131.249 + 6221.07 = 6352.32 over 57 frames.
jackson_2_42 two 
LOG (lattice-best-path[5.2.134~1-ecd4]:main():lattice-best-path.cc:99) For utterance jackson_2_43, best cost 128.359 + 5763.49 = 5891.85 over 50 frames.
jackson_2_43 two 
LOG (lattice-best-path[5.2.134~1-ecd4]:main():lattice-best-path.cc:99) For utterance jackson_2_44, best cost 137.129 + 7014.93 = 7152.06 over 60 frames.
jackson_2_44 two 
LOG (lattice-best-path[5.2.134~1-ecd4]:main():lattice-best-path.cc:99) For utterance jackson_2_45, best cost 278.565 + 6846.56 = 7125.13 over 63 frames.
jackson_2_45 eight two 
LOG (lattice-best-path[5.2.134~1-ecd4]:main():lattice-best-path.cc:99) For utterance jackson_2_46, best cost 126.389 + 5601.33 = 5727.72 over 50 frames.
jackson_2_46 two 
LOG (lattice-best-path[5.2.134~1-ecd4]:main():lattice-best-path.cc:99) For utterance jackson_2_47, best cost 58.7017 + 5109.85 = 5168.55 over 47 frames.
jackson_2_47 
LOG (lattice-best-path[5.2.134~1-ecd4]:main():lattice-best-path.cc:99) For utterance jackson_2_48, best cost 58.4119 + 5393.32 = 5451.73 over 48 frames.
jackson_2_48 
LOG (lattice-best-path[5.2.134~1-ecd4]:main():lattice-best-path.cc:99) For utterance jackson_2_49, best cost 204.283 + 5651.46 = 5855.75 over 52 frames.
jackson_2_49 eight two 
LOG (lattice-best-path[5.2.134~1-ecd4]:main():lattice-best-path.cc:99) For utterance jackson_2_5, best cost 122.284 + 4939.84 = 5062.12 over 45 frames.
jackson_2_5 two 
LOG (lattice-best-path[5.2.134~1-ecd4]:main():lattice-best-path.cc:99) For utterance jackson_2_6, best cost 119.805 + 4789.1 = 4908.9 over 45 frames.
jackson_2_6 two 
LOG (lattice-best-path[5.2.134~1-ecd4]:main():lattice-best-path.cc:99) For utterance jackson_2_7, best cost 122.521 + 5039.28 = 5161.8 over 46 frames.
jackson_2_7 two 
LOG (lattice-best-path[5.2.134~1-ecd4]:main():lattice-best-path.cc:99) For utterance jackson_2_8, best cost 119.146 + 5453.55 = 5572.7 over 46 frames.
jackson_2_8 two 
LOG (lattice-best-path[5.2.134~1-ecd4]:main():lattice-best-path.cc:99) For utterance jackson_2_9, best cost 129.322 + 5583.45 = 5712.77 over 52 frames.
jackson_2_9 two 
LOG (lattice-best-path[5.2.134~1-ecd4]:main():lattice-best-path.cc:99) For utterance jackson_3_0, best cost 142.08 + 5168.24 = 5310.32 over 47 frames.
jackson_3_0 three 
LOG (lattice-best-path[5.2.134~1-ecd4]:main():lattice-best-path.cc:99) For utterance jackson_3_1, best cost 140.52 + 5042.87 = 5183.39 over 45 frames.
jackson_3_1 three 
LOG (lattice-best-path[5.2.134~1-ecd4]:main():lattice-best-path.cc:99) For utterance jackson_3_10, best cost 135.89 + 4664.75 = 4800.64 over 44 frames.
jackson_3_10 three 
LOG (lattice-best-path[5.2.134~1-ecd4]:main():lattice-best-path.cc:99) For utterance jackson_3_11, best cost 147.007 + 4357.61 = 4504.62 over 43 frames.
jackson_3_11 three 
LOG (lattice-best-path[5.2.134~1-ecd4]:main():lattice-best-path.cc:99) For utterance jackson_3_12, best cost 141.741 + 5222.75 = 5364.49 over 46 frames.
jackson_3_12 three 
LOG (lattice-best-path[5.2.134~1-ecd4]:main():lattice-best-path.cc:99) For utterance jackson_3_13, best cost 143.699 + 4305.99 = 4449.69 over 42 frames.
jackson_3_13 three 
LOG (lattice-best-path[5.2.134~1-ecd4]:main():lattice-best-path.cc:99) For utterance jackson_3_14, best cost 147.933 + 4983 = 5130.93 over 48 frames.
jackson_3_14 three 
LOG (lattice-best-path[5.2.134~1-ecd4]:main():lattice-best-path.cc:99) For utterance jackson_3_15, best cost 148.14 + 4344.53 = 4492.67 over 44 frames.
jackson_3_15 three 
LOG (lattice-best-path[5.2.134~1-ecd4]:main():lattice-best-path.cc:99) For utterance jackson_3_16, best cost 134.889 + 4842.69 = 4977.57 over 46 frames.
jackson_3_16 three 
LOG (lattice-best-path[5.2.134~1-ecd4]:main():lattice-best-path.cc:99) For utterance jackson_3_17, best cost 140.065 + 4372.44 = 4512.5 over 43 frames.
jackson_3_17 three 
LOG (lattice-best-path[5.2.134~1-ecd4]:main():lattice-best-path.cc:99) For utterance jackson_3_18, best cost 137.657 + 4809.25 = 4946.9 over 46 frames.
jackson_3_18 three 
LOG (lattice-best-path[5.2.134~1-ecd4]:main():lattice-best-path.cc:99) For utterance jackson_3_19, best cost 130.693 + 4544.15 = 4674.84 over 42 frames.
jackson_3_19 three 
LOG (lattice-best-path[5.2.134~1-ecd4]:main():lattice-best-path.cc:99) For utterance jackson_3_2, best cost 143.692 + 5552.47 = 5696.16 over 49 frames.
jackson_3_2 three 
LOG (lattice-best-path[5.2.134~1-ecd4]:main():lattice-best-path.cc:99) For utterance jackson_3_20, best cost 136.53 + 4830.68 = 4967.21 over 45 frames.
jackson_3_20 three 
LOG (lattice-best-path[5.2.134~1-ecd4]:main():lattice-best-path.cc:99) For utterance jackson_3_21, best cost 142.59 + 4543.51 = 4686.1 over 44 frames.
jackson_3_21 three 
LOG (lattice-best-path[5.2.134~1-ecd4]:main():lattice-best-path.cc:99) For utterance jackson_3_22, best cost 136.492 + 4356.25 = 4492.74 over 41 frames.
jackson_3_22 three 
LOG (lattice-best-path[5.2.134~1-ecd4]:main():lattice-best-path.cc:99) For utterance jackson_3_23, best cost 136.291 + 4885.24 = 5021.53 over 44 frames.
jackson_3_23 three 
LOG (lattice-best-path[5.2.134~1-ecd4]:main():lattice-best-path.cc:99) For utterance jackson_3_24, best cost 148.733 + 4252.34 = 4401.08 over 41 frames.
jackson_3_24 three 
LOG (lattice-best-path[5.2.134~1-ecd4]:main():lattice-best-path.cc:99) For utterance jackson_3_25, best cost 145.938 + 5125.21 = 5271.15 over 46 frames.
jackson_3_25 three 
LOG (lattice-best-path[5.2.134~1-ecd4]:main():lattice-best-path.cc:99) For utterance jackson_3_26, best cost 146.691 + 4468.48 = 4615.17 over 42 frames.
jackson_3_26 three 
LOG (lattice-best-path[5.2.134~1-ecd4]:main():lattice-best-path.cc:99) For utterance jackson_3_27, best cost 139.57 + 4606.62 = 4746.19 over 44 frames.
jackson_3_27 three 
LOG (lattice-best-path[5.2.134~1-ecd4]:main():lattice-best-path.cc:99) For utterance jackson_3_28, best cost 146.305 + 4796.88 = 4943.19 over 42 frames.
jackson_3_28 three 
LOG (lattice-best-path[5.2.134~1-ecd4]:main():lattice-best-path.cc:99) For utterance jackson_3_29, best cost 136.071 + 5171.97 = 5308.04 over 46 frames.
jackson_3_29 three 
LOG (lattice-best-path[5.2.134~1-ecd4]:main():lattice-best-path.cc:99) For utterance jackson_3_3, best cost 145.572 + 5422.51 = 5568.08 over 49 frames.
jackson_3_3 three 
LOG (lattice-best-path[5.2.134~1-ecd4]:main():lattice-best-path.cc:99) For utterance jackson_3_30, best cost 126.732 + 5193.62 = 5320.35 over 46 frames.
jackson_3_30 three 
LOG (lattice-best-path[5.2.134~1-ecd4]:main():lattice-best-path.cc:99) For utterance jackson_3_31, best cost 140.931 + 5400.79 = 5541.72 over 47 frames.
jackson_3_31 three 
LOG (lattice-best-path[5.2.134~1-ecd4]:main():lattice-best-path.cc:99) For utterance jackson_3_32, best cost 131.612 + 5419.34 = 5550.95 over 46 frames.
jackson_3_32 three 
LOG (lattice-best-path[5.2.134~1-ecd4]:main():lattice-best-path.cc:99) For utterance jackson_3_33, best cost 138.261 + 5265.19 = 5403.45 over 46 frames.
jackson_3_33 three 
LOG (lattice-best-path[5.2.134~1-ecd4]:main():lattice-best-path.cc:99) For utterance jackson_3_34, best cost 146.647 + 4705.95 = 4852.6 over 46 frames.
jackson_3_34 three 
LOG (lattice-best-path[5.2.134~1-ecd4]:main():lattice-best-path.cc:99) For utterance jackson_3_35, best cost 146.563 + 5450.5 = 5597.06 over 50 frames.
jackson_3_35 three 
LOG (lattice-best-path[5.2.134~1-ecd4]:main():lattice-best-path.cc:99) For utterance jackson_3_36, best cost 143.621 + 5287.32 = 5430.94 over 49 frames.
jackson_3_36 three 
LOG (lattice-best-path[5.2.134~1-ecd4]:main():lattice-best-path.cc:99) For utterance jackson_3_37, best cost 138.572 + 5358.49 = 5497.06 over 49 frames.
jackson_3_37 three 
LOG (lattice-best-path[5.2.134~1-ecd4]:main():lattice-best-path.cc:99) For utterance jackson_3_38, best cost 147.368 + 5619.16 = 5766.53 over 51 frames.
jackson_3_38 three 
LOG (lattice-best-path[5.2.134~1-ecd4]:main():lattice-best-path.cc:99) For utterance jackson_3_39, best cost 150.374 + 5300.04 = 5450.41 over 49 frames.
jackson_3_39 three 
LOG (lattice-best-path[5.2.134~1-ecd4]:main():lattice-best-path.cc:99) For utterance jackson_3_4, best cost 145.108 + 4396.47 = 4541.58 over 43 frames.
jackson_3_4 three 
LOG (lattice-best-path[5.2.134~1-ecd4]:main():lattice-best-path.cc:99) For utterance jackson_3_40, best cost 142.425 + 5494.63 = 5637.06 over 50 frames.
jackson_3_40 three 
LOG (lattice-best-path[5.2.134~1-ecd4]:main():lattice-best-path.cc:99) For utterance jackson_3_41, best cost 136.401 + 5327.4 = 5463.8 over 48 frames.
jackson_3_41 three 
LOG (lattice-best-path[5.2.134~1-ecd4]:main():lattice-best-path.cc:99) For utterance jackson_3_42, best cost 143.952 + 5105.04 = 5248.99 over 48 frames.
jackson_3_42 three 
LOG (lattice-best-path[5.2.134~1-ecd4]:main():lattice-best-path.cc:99) For utterance jackson_3_43, best cost 140.982 + 5326.3 = 5467.28 over 48 frames.
jackson_3_43 three 
LOG (lattice-best-path[5.2.134~1-ecd4]:main():lattice-best-path.cc:99) For utterance jackson_3_44, best cost 158.874 + 5768.97 = 5927.85 over 53 frames.
jackson_3_44 three 
LOG (lattice-best-path[5.2.134~1-ecd4]:main():lattice-best-path.cc:99) For utterance jackson_3_45, best cost 169.572 + 5984.16 = 6153.73 over 55 frames.
jackson_3_45 three 
LOG (lattice-best-path[5.2.134~1-ecd4]:main():lattice-best-path.cc:99) For utterance jackson_3_46, best cost 141.118 + 5616.36 = 5757.48 over 52 frames.
jackson_3_46 three 
LOG (lattice-best-path[5.2.134~1-ecd4]:main():lattice-best-path.cc:99) For utterance jackson_3_47, best cost 154.27 + 5853.93 = 6008.2 over 55 frames.
jackson_3_47 three 
LOG (lattice-best-path[5.2.134~1-ecd4]:main():lattice-best-path.cc:99) For utterance jackson_3_48, best cost 148.389 + 5094.65 = 5243.04 over 49 frames.
jackson_3_48 three 
LOG (lattice-best-path[5.2.134~1-ecd4]:main():lattice-best-path.cc:99) For utterance jackson_3_49, best cost 141.224 + 5652.37 = 5793.6 over 50 frames.
jackson_3_49 three 
LOG (lattice-best-path[5.2.134~1-ecd4]:main():lattice-best-path.cc:99) For utterance jackson_3_5, best cost 148.855 + 4486.55 = 4635.41 over 43 frames.
jackson_3_5 three 
LOG (lattice-best-path[5.2.134~1-ecd4]:main():lattice-best-path.cc:99) For utterance jackson_3_6, best cost 149.707 + 4620.65 = 4770.36 over 45 frames.
jackson_3_6 three 
LOG (lattice-best-path[5.2.134~1-ecd4]:main():lattice-best-path.cc:99) For utterance jackson_3_7, best cost 156.678 + 5135.19 = 5291.87 over 47 frames.
jackson_3_7 three 
LOG (lattice-best-path[5.2.134~1-ecd4]:main():lattice-best-path.cc:99) For utterance jackson_3_8, best cost 149.783 + 4453.66 = 4603.44 over 43 frames.
jackson_3_8 three 
LOG (lattice-best-path[5.2.134~1-ecd4]:main():lattice-best-path.cc:99) For utterance jackson_3_9, best cost 133.21 + 5009.23 = 5142.44 over 47 frames.
jackson_3_9 three 
LOG (lattice-best-path[5.2.134~1-ecd4]:main():lattice-best-path.cc:99) For utterance jackson_4_0, best cost 137.381 + 4440.51 = 4577.89 over 44 frames.
jackson_4_0 four 
LOG (lattice-best-path[5.2.134~1-ecd4]:main():lattice-best-path.cc:99) For utterance jackson_4_1, best cost 131.468 + 3791.21 = 3922.68 over 40 frames.
jackson_4_1 four 
LOG (lattice-best-path[5.2.134~1-ecd4]:main():lattice-best-path.cc:99) For utterance jackson_4_10, best cost 126.268 + 4101.63 = 4227.9 over 36 frames.
jackson_4_10 four 
LOG (lattice-best-path[5.2.134~1-ecd4]:main():lattice-best-path.cc:99) For utterance jackson_4_11, best cost 125.727 + 3895.41 = 4021.13 over 36 frames.
jackson_4_11 four 
LOG (lattice-best-path[5.2.134~1-ecd4]:main():lattice-best-path.cc:99) For utterance jackson_4_12, best cost 127.642 + 3630.89 = 3758.53 over 39 frames.
jackson_4_12 four 
LOG (lattice-best-path[5.2.134~1-ecd4]:main():lattice-best-path.cc:99) For utterance jackson_4_13, best cost 126.382 + 3883.53 = 4009.92 over 35 frames.
jackson_4_13 four 
LOG (lattice-best-path[5.2.134~1-ecd4]:main():lattice-best-path.cc:99) For utterance jackson_4_14, best cost 120.668 + 3709.97 = 3830.64 over 35 frames.
jackson_4_14 four 
LOG (lattice-best-path[5.2.134~1-ecd4]:main():lattice-best-path.cc:99) For utterance jackson_4_15, best cost 132.947 + 4592.38 = 4725.32 over 43 frames.
jackson_4_15 four 
LOG (lattice-best-path[5.2.134~1-ecd4]:main():lattice-best-path.cc:99) For utterance jackson_4_16, best cost 135.202 + 4438.57 = 4573.77 over 41 frames.
jackson_4_16 four 
LOG (lattice-best-path[5.2.134~1-ecd4]:main():lattice-best-path.cc:99) For utterance jackson_4_17, best cost 131.321 + 4534.72 = 4666.04 over 38 frames.
jackson_4_17 four 
LOG (lattice-best-path[5.2.134~1-ecd4]:main():lattice-best-path.cc:99) For utterance jackson_4_18, best cost 130.256 + 4247.88 = 4378.13 over 38 frames.
jackson_4_18 four 
LOG (lattice-best-path[5.2.134~1-ecd4]:main():lattice-best-path.cc:99) For utterance jackson_4_19, best cost 124.624 + 3827.14 = 3951.76 over 34 frames.
jackson_4_19 four 
LOG (lattice-best-path[5.2.134~1-ecd4]:main():lattice-best-path.cc:99) For utterance jackson_4_2, best cost 129.612 + 3754.12 = 3883.73 over 40 frames.
jackson_4_2 four 
LOG (lattice-best-path[5.2.134~1-ecd4]:main():lattice-best-path.cc:99) For utterance jackson_4_20, best cost 135.38 + 4179.87 = 4315.25 over 37 frames.
jackson_4_20 four 
LOG (lattice-best-path[5.2.134~1-ecd4]:main():lattice-best-path.cc:99) For utterance jackson_4_21, best cost 120.783 + 3717.98 = 3838.76 over 33 frames.
jackson_4_21 four 
LOG (lattice-best-path[5.2.134~1-ecd4]:main():lattice-best-path.cc:99) For utterance jackson_4_22, best cost 130.217 + 4536.48 = 4666.7 over 40 frames.
jackson_4_22 four 
LOG (lattice-best-path[5.2.134~1-ecd4]:main():lattice-best-path.cc:99) For utterance jackson_4_23, best cost 129.452 + 3970.29 = 4099.74 over 39 frames.
jackson_4_23 four 
LOG (lattice-best-path[5.2.134~1-ecd4]:main():lattice-best-path.cc:99) For utterance jackson_4_24, best cost 132.108 + 4238.86 = 4370.97 over 38 frames.
jackson_4_24 four 
LOG (lattice-best-path[5.2.134~1-ecd4]:main():lattice-best-path.cc:99) For utterance jackson_4_25, best cost 127.691 + 4209.67 = 4337.36 over 39 frames.
jackson_4_25 four 
LOG (lattice-best-path[5.2.134~1-ecd4]:main():lattice-best-path.cc:99) For utterance jackson_4_26, best cost 132.178 + 4693.81 = 4825.98 over 41 frames.
jackson_4_26 four 
LOG (lattice-best-path[5.2.134~1-ecd4]:main():lattice-best-path.cc:99) For utterance jackson_4_27, best cost 130.853 + 4410.6 = 4541.45 over 41 frames.
jackson_4_27 four 
LOG (lattice-best-path[5.2.134~1-ecd4]:main():lattice-best-path.cc:99) For utterance jackson_4_28, best cost 133.629 + 5141.56 = 5275.18 over 45 frames.
jackson_4_28 four 
LOG (lattice-best-path[5.2.134~1-ecd4]:main():lattice-best-path.cc:99) For utterance jackson_4_29, best cost 135.51 + 4689.92 = 4825.43 over 42 frames.
jackson_4_29 four 
LOG (lattice-best-path[5.2.134~1-ecd4]:main():lattice-best-path.cc:99) For utterance jackson_4_3, best cost 131.685 + 3901.36 = 4033.04 over 39 frames.
jackson_4_3 four 
LOG (lattice-best-path[5.2.134~1-ecd4]:main():lattice-best-path.cc:99) For utterance jackson_4_30, best cost 133.878 + 4511.35 = 4645.22 over 42 frames.
jackson_4_30 four 
LOG (lattice-best-path[5.2.134~1-ecd4]:main():lattice-best-path.cc:99) For utterance jackson_4_31, best cost 128.572 + 4746.27 = 4874.84 over 41 frames.
jackson_4_31 four 
LOG (lattice-best-path[5.2.134~1-ecd4]:main():lattice-best-path.cc:99) For utterance jackson_4_32, best cost 136.962 + 4147.51 = 4284.47 over 41 frames.
jackson_4_32 four 
LOG (lattice-best-path[5.2.134~1-ecd4]:main():lattice-best-path.cc:99) For utterance jackson_4_33, best cost 128.546 + 3958.61 = 4087.16 over 40 frames.
jackson_4_33 four 
LOG (lattice-best-path[5.2.134~1-ecd4]:main():lattice-best-path.cc:99) For utterance jackson_4_34, best cost 133.436 + 3668.12 = 3801.55 over 38 frames.
jackson_4_34 four 
LOG (lattice-best-path[5.2.134~1-ecd4]:main():lattice-best-path.cc:99) For utterance jackson_4_35, best cost 123.385 + 4139.75 = 4263.14 over 41 frames.
jackson_4_35 four 
LOG (lattice-best-path[5.2.134~1-ecd4]:main():lattice-best-path.cc:99) For utterance jackson_4_36, best cost 127.986 + 3734.51 = 3862.5 over 38 frames.
jackson_4_36 four 
LOG (lattice-best-path[5.2.134~1-ecd4]:main():lattice-best-path.cc:99) For utterance jackson_4_37, best cost 140.028 + 5081.85 = 5221.88 over 48 frames.
jackson_4_37 four 
LOG (lattice-best-path[5.2.134~1-ecd4]:main():lattice-best-path.cc:99) For utterance jackson_4_38, best cost 143.234 + 4909.27 = 5052.51 over 45 frames.
jackson_4_38 four 
LOG (lattice-best-path[5.2.134~1-ecd4]:main():lattice-best-path.cc:99) For utterance jackson_4_39, best cost 139.34 + 5087.31 = 5226.65 over 46 frames.
jackson_4_39 four 
LOG (lattice-best-path[5.2.134~1-ecd4]:main():lattice-best-path.cc:99) For utterance jackson_4_4, best cost 134.745 + 4102.39 = 4237.14 over 41 frames.
jackson_4_4 four 
LOG (lattice-best-path[5.2.134~1-ecd4]:main():lattice-best-path.cc:99) For utterance jackson_4_40, best cost 198.615 + 4956.07 = 5154.68 over 45 frames.
jackson_4_40 four 
LOG (lattice-best-path[5.2.134~1-ecd4]:main():lattice-best-path.cc:99) For utterance jackson_4_41, best cost 192.55 + 4807.67 = 5000.22 over 43 frames.
jackson_4_41 four 
LOG (lattice-best-path[5.2.134~1-ecd4]:main():lattice-best-path.cc:99) For utterance jackson_4_42, best cost 132.029 + 4510.63 = 4642.66 over 41 frames.
jackson_4_42 four 
LOG (lattice-best-path[5.2.134~1-ecd4]:main():lattice-best-path.cc:99) For utterance jackson_4_43, best cost 132.806 + 4856.63 = 4989.44 over 44 frames.
jackson_4_43 four 
LOG (lattice-best-path[5.2.134~1-ecd4]:main():lattice-best-path.cc:99) For utterance jackson_4_44, best cost 197.284 + 5367.76 = 5565.04 over 45 frames.
jackson_4_44 four 
LOG (lattice-best-path[5.2.134~1-ecd4]:main():lattice-best-path.cc:99) For utterance jackson_4_45, best cost 133.524 + 4593.01 = 4726.54 over 42 frames.
jackson_4_45 four 
LOG (lattice-best-path[5.2.134~1-ecd4]:main():lattice-best-path.cc:99) For utterance jackson_4_46, best cost 143.578 + 5326.67 = 5470.25 over 49 frames.
jackson_4_46 four 
LOG (lattice-best-path[5.2.134~1-ecd4]:main():lattice-best-path.cc:99) For utterance jackson_4_47, best cost 140.594 + 5142.77 = 5283.37 over 47 frames.
jackson_4_47 four 
LOG (lattice-best-path[5.2.134~1-ecd4]:main():lattice-best-path.cc:99) For utterance jackson_4_48, best cost 141.343 + 5013.34 = 5154.69 over 45 frames.
jackson_4_48 four 
LOG (lattice-best-path[5.2.134~1-ecd4]:main():lattice-best-path.cc:99) For utterance jackson_4_49, best cost 141.106 + 5257.51 = 5398.61 over 48 frames.
jackson_4_49 four 
LOG (lattice-best-path[5.2.134~1-ecd4]:main():lattice-best-path.cc:99) For utterance jackson_4_5, best cost 138.085 + 4491.73 = 4629.82 over 42 frames.
jackson_4_5 four 
LOG (lattice-best-path[5.2.134~1-ecd4]:main():lattice-best-path.cc:99) For utterance jackson_4_6, best cost 142.057 + 4772.57 = 4914.63 over 43 frames.
jackson_4_6 four 
LOG (lattice-best-path[5.2.134~1-ecd4]:main():lattice-best-path.cc:99) For utterance jackson_4_7, best cost 127.247 + 4184.24 = 4311.49 over 39 frames.
jackson_4_7 four 
LOG (lattice-best-path[5.2.134~1-ecd4]:main():lattice-best-path.cc:99) For utterance jackson_4_8, best cost 128.808 + 4329.29 = 4458.09 over 40 frames.
jackson_4_8 four 
LOG (lattice-best-path[5.2.134~1-ecd4]:main():lattice-best-path.cc:99) For utterance jackson_4_9, best cost 128.501 + 4130.18 = 4258.68 over 40 frames.
jackson_4_9 four 
LOG (lattice-best-path[5.2.134~1-ecd4]:main():lattice-best-path.cc:99) For utterance jackson_5_0, best cost 124.527 + 3903.79 = 4028.31 over 40 frames.
jackson_5_0 five 
LOG (lattice-best-path[5.2.134~1-ecd4]:main():lattice-best-path.cc:99) For utterance jackson_5_1, best cost 122.995 + 3718.43 = 3841.42 over 39 frames.
jackson_5_1 five 
LOG (lattice-best-path[5.2.134~1-ecd4]:main():lattice-best-path.cc:99) For utterance jackson_5_10, best cost 127.462 + 3294.6 = 3422.06 over 37 frames.
jackson_5_10 five 
LOG (lattice-best-path[5.2.134~1-ecd4]:main():lattice-best-path.cc:99) For utterance jackson_5_11, best cost 130.26 + 3923.87 = 4054.13 over 42 frames.
jackson_5_11 five 
LOG (lattice-best-path[5.2.134~1-ecd4]:main():lattice-best-path.cc:99) For utterance jackson_5_12, best cost 121.049 + 3241.13 = 3362.18 over 35 frames.
jackson_5_12 five 
LOG (lattice-best-path[5.2.134~1-ecd4]:main():lattice-best-path.cc:99) For utterance jackson_5_13, best cost 121.952 + 3857.78 = 3979.74 over 40 frames.
jackson_5_13 five 
LOG (lattice-best-path[5.2.134~1-ecd4]:main():lattice-best-path.cc:99) For utterance jackson_5_14, best cost 120.432 + 3103.24 = 3223.67 over 36 frames.
jackson_5_14 five 
LOG (lattice-best-path[5.2.134~1-ecd4]:main():lattice-best-path.cc:99) For utterance jackson_5_15, best cost 130.245 + 3991.08 = 4121.32 over 41 frames.
jackson_5_15 five 
LOG (lattice-best-path[5.2.134~1-ecd4]:main():lattice-best-path.cc:99) For utterance jackson_5_16, best cost 122.391 + 3556.02 = 3678.41 over 38 frames.
jackson_5_16 five 
LOG (lattice-best-path[5.2.134~1-ecd4]:main():lattice-best-path.cc:99) For utterance jackson_5_17, best cost 122.749 + 3699.81 = 3822.56 over 38 frames.
jackson_5_17 five 
LOG (lattice-best-path[5.2.134~1-ecd4]:main():lattice-best-path.cc:99) For utterance jackson_5_18, best cost 121.353 + 3052.97 = 3174.32 over 34 frames.
jackson_5_18 five 
LOG (lattice-best-path[5.2.134~1-ecd4]:main():lattice-best-path.cc:99) For utterance jackson_5_19, best cost 122.793 + 3269.83 = 3392.62 over 35 frames.
jackson_5_19 five 
LOG (lattice-best-path[5.2.134~1-ecd4]:main():lattice-best-path.cc:99) For utterance jackson_5_2, best cost 132.563 + 4140.5 = 4273.06 over 43 frames.
jackson_5_2 five 
LOG (lattice-best-path[5.2.134~1-ecd4]:main():lattice-best-path.cc:99) For utterance jackson_5_20, best cost 129.413 + 3181.99 = 3311.4 over 32 frames.
jackson_5_20 one 
LOG (lattice-best-path[5.2.134~1-ecd4]:main():lattice-best-path.cc:99) For utterance jackson_5_21, best cost 131.132 + 3627.92 = 3759.05 over 36 frames.
jackson_5_21 five 
LOG (lattice-best-path[5.2.134~1-ecd4]:main():lattice-best-path.cc:99) For utterance jackson_5_22, best cost 123.511 + 3565.67 = 3689.18 over 35 frames.
jackson_5_22 five 
LOG (lattice-best-path[5.2.134~1-ecd4]:main():lattice-best-path.cc:99) For utterance jackson_5_23, best cost 123.516 + 4034.32 = 4157.84 over 39 frames.
jackson_5_23 five 
LOG (lattice-best-path[5.2.134~1-ecd4]:main():lattice-best-path.cc:99) For utterance jackson_5_24, best cost 127.773 + 3573.53 = 3701.31 over 38 frames.
jackson_5_24 five 
LOG (lattice-best-path[5.2.134~1-ecd4]:main():lattice-best-path.cc:99) For utterance jackson_5_25, best cost 128.12 + 3602.03 = 3730.15 over 37 frames.
jackson_5_25 five 
LOG (lattice-best-path[5.2.134~1-ecd4]:main():lattice-best-path.cc:99) For utterance jackson_5_26, best cost 126.843 + 3840.12 = 3966.96 over 39 frames.
jackson_5_26 five 
LOG (lattice-best-path[5.2.134~1-ecd4]:main():lattice-best-path.cc:99) For utterance jackson_5_27, best cost 123.024 + 3721.33 = 3844.36 over 38 frames.
jackson_5_27 five 
LOG (lattice-best-path[5.2.134~1-ecd4]:main():lattice-best-path.cc:99) For utterance jackson_5_28, best cost 120.82 + 3201.55 = 3322.37 over 35 frames.
jackson_5_28 five 
LOG (lattice-best-path[5.2.134~1-ecd4]:main():lattice-best-path.cc:99) For utterance jackson_5_29, best cost 137.022 + 4597.31 = 4734.33 over 46 frames.
jackson_5_29 five 
LOG (lattice-best-path[5.2.134~1-ecd4]:main():lattice-best-path.cc:99) For utterance jackson_5_3, best cost 122.843 + 3591.11 = 3713.96 over 38 frames.
jackson_5_3 five 
LOG (lattice-best-path[5.2.134~1-ecd4]:main():lattice-best-path.cc:99) For utterance jackson_5_30, best cost 125.345 + 4312.44 = 4437.79 over 41 frames.
jackson_5_30 five 
LOG (lattice-best-path[5.2.134~1-ecd4]:main():lattice-best-path.cc:99) For utterance jackson_5_31, best cost 126.59 + 3707.6 = 3834.19 over 39 frames.
jackson_5_31 five 
LOG (lattice-best-path[5.2.134~1-ecd4]:main():lattice-best-path.cc:99) For utterance jackson_5_32, best cost 128.518 + 3750.46 = 3878.98 over 39 frames.
jackson_5_32 five 
LOG (lattice-best-path[5.2.134~1-ecd4]:main():lattice-best-path.cc:99) For utterance jackson_5_33, best cost 120.494 + 3540.81 = 3661.3 over 37 frames.
jackson_5_33 five 
LOG (lattice-best-path[5.2.134~1-ecd4]:main():lattice-best-path.cc:99) For utterance jackson_5_34, best cost 120.593 + 3334.14 = 3454.73 over 34 frames.
jackson_5_34 five 
LOG (lattice-best-path[5.2.134~1-ecd4]:main():lattice-best-path.cc:99) For utterance jackson_5_35, best cost 124.186 + 4180.09 = 4304.27 over 41 frames.
jackson_5_35 five 
LOG (lattice-best-path[5.2.134~1-ecd4]:main():lattice-best-path.cc:99) For utterance jackson_5_36, best cost 120.346 + 3085.06 = 3205.41 over 35 frames.
jackson_5_36 five 
LOG (lattice-best-path[5.2.134~1-ecd4]:main():lattice-best-path.cc:99) For utterance jackson_5_37, best cost 124.804 + 3613.63 = 3738.43 over 37 frames.
jackson_5_37 five 
LOG (lattice-best-path[5.2.134~1-ecd4]:main():lattice-best-path.cc:99) For utterance jackson_5_38, best cost 128.553 + 4135.04 = 4263.6 over 41 frames.
jackson_5_38 five 
LOG (lattice-best-path[5.2.134~1-ecd4]:main():lattice-best-path.cc:99) For utterance jackson_5_39, best cost 120.815 + 3382.38 = 3503.2 over 36 frames.
jackson_5_39 five 
LOG (lattice-best-path[5.2.134~1-ecd4]:main():lattice-best-path.cc:99) For utterance jackson_5_4, best cost 142.679 + 5097.56 = 5240.24 over 51 frames.
jackson_5_4 five 
LOG (lattice-best-path[5.2.134~1-ecd4]:main():lattice-best-path.cc:99) For utterance jackson_5_40, best cost 122.32 + 3867.96 = 3990.28 over 39 frames.
jackson_5_40 five 
LOG (lattice-best-path[5.2.134~1-ecd4]:main():lattice-best-path.cc:99) For utterance jackson_5_41, best cost 128.929 + 3946.69 = 4075.62 over 38 frames.
jackson_5_41 five 
LOG (lattice-best-path[5.2.134~1-ecd4]:main():lattice-best-path.cc:99) For utterance jackson_5_42, best cost 130.673 + 4919.55 = 5050.23 over 45 frames.
jackson_5_42 five 
LOG (lattice-best-path[5.2.134~1-ecd4]:main():lattice-best-path.cc:99) For utterance jackson_5_43, best cost 129.5 + 4387.76 = 4517.26 over 42 frames.
jackson_5_43 five 
LOG (lattice-best-path[5.2.134~1-ecd4]:main():lattice-best-path.cc:99) For utterance jackson_5_44, best cost 131.06 + 5049.36 = 5180.42 over 47 frames.
jackson_5_44 five 
LOG (lattice-best-path[5.2.134~1-ecd4]:main():lattice-best-path.cc:99) For utterance jackson_5_45, best cost 126.345 + 4602.51 = 4728.86 over 44 frames.
jackson_5_45 five 
LOG (lattice-best-path[5.2.134~1-ecd4]:main():lattice-best-path.cc:99) For utterance jackson_5_46, best cost 132.172 + 5168.73 = 5300.91 over 48 frames.
jackson_5_46 five 
LOG (lattice-best-path[5.2.134~1-ecd4]:main():lattice-best-path.cc:99) For utterance jackson_5_47, best cost 134.97 + 5473.45 = 5608.42 over 49 frames.
jackson_5_47 five 
LOG (lattice-best-path[5.2.134~1-ecd4]:main():lattice-best-path.cc:99) For utterance jackson_5_48, best cost 140.682 + 5708.41 = 5849.09 over 49 frames.
jackson_5_48 five 
LOG (lattice-best-path[5.2.134~1-ecd4]:main():lattice-best-path.cc:99) For utterance jackson_5_49, best cost 130.55 + 4854.3 = 4984.85 over 46 frames.
jackson_5_49 five 
LOG (lattice-best-path[5.2.134~1-ecd4]:main():lattice-best-path.cc:99) For utterance jackson_5_5, best cost 123.643 + 3598.34 = 3721.99 over 37 frames.
jackson_5_5 five 
LOG (lattice-best-path[5.2.134~1-ecd4]:main():lattice-best-path.cc:99) For utterance jackson_5_6, best cost 123.197 + 3868.4 = 3991.6 over 38 frames.
jackson_5_6 five 
LOG (lattice-best-path[5.2.134~1-ecd4]:main():lattice-best-path.cc:99) For utterance jackson_5_7, best cost 120.73 + 3619.22 = 3739.95 over 36 frames.
jackson_5_7 five 
LOG (lattice-best-path[5.2.134~1-ecd4]:main():lattice-best-path.cc:99) For utterance jackson_5_8, best cost 118.586 + 3329.49 = 3448.07 over 35 frames.
jackson_5_8 five 
LOG (lattice-best-path[5.2.134~1-ecd4]:main():lattice-best-path.cc:99) For utterance jackson_5_9, best cost 136.724 + 5964.7 = 6101.43 over 56 frames.
jackson_5_9 five 
LOG (lattice-best-path[5.2.134~1-ecd4]:main():lattice-best-path.cc:99) For utterance jackson_6_0, best cost 162.523 + 8728 = 8890.53 over 81 frames.
jackson_6_0 six 
LOG (lattice-best-path[5.2.134~1-ecd4]:main():lattice-best-path.cc:99) For utterance jackson_6_1, best cost 145.07 + 7157.69 = 7302.76 over 62 frames.
jackson_6_1 six 
LOG (lattice-best-path[5.2.134~1-ecd4]:main():lattice-best-path.cc:99) For utterance jackson_6_10, best cost 157.869 + 8727.3 = 8885.17 over 84 frames.
jackson_6_10 six 
LOG (lattice-best-path[5.2.134~1-ecd4]:main():lattice-best-path.cc:99) For utterance jackson_6_11, best cost 163.109 + 8794.19 = 8957.3 over 85 frames.
jackson_6_11 six 
LOG (lattice-best-path[5.2.134~1-ecd4]:main():lattice-best-path.cc:99) For utterance jackson_6_12, best cost 162.819 + 8634.39 = 8797.21 over 84 frames.
jackson_6_12 six 
LOG (lattice-best-path[5.2.134~1-ecd4]:main():lattice-best-path.cc:99) For utterance jackson_6_13, best cost 150.674 + 7125.9 = 7276.58 over 69 frames.
jackson_6_13 six 
LOG (lattice-best-path[5.2.134~1-ecd4]:main():lattice-best-path.cc:99) For utterance jackson_6_14, best cost 149.317 + 8010.47 = 8159.78 over 75 frames.
jackson_6_14 six 
LOG (lattice-best-path[5.2.134~1-ecd4]:main():lattice-best-path.cc:99) For utterance jackson_6_15, best cost 155.438 + 8977.03 = 9132.46 over 86 frames.
jackson_6_15 six 
LOG (lattice-best-path[5.2.134~1-ecd4]:main():lattice-best-path.cc:99) For utterance jackson_6_16, best cost 145.864 + 7301.77 = 7447.64 over 71 frames.
jackson_6_16 six 
LOG (lattice-best-path[5.2.134~1-ecd4]:main():lattice-best-path.cc:99) For utterance jackson_6_17, best cost 145.679 + 7465.88 = 7611.56 over 72 frames.
jackson_6_17 six 
LOG (lattice-best-path[5.2.134~1-ecd4]:main():lattice-best-path.cc:99) For utterance jackson_6_18, best cost 167.643 + 8390.94 = 8558.59 over 84 frames.
jackson_6_18 six 
LOG (lattice-best-path[5.2.134~1-ecd4]:main():lattice-best-path.cc:99) For utterance jackson_6_19, best cost 144.705 + 7082.92 = 7227.63 over 67 frames.
jackson_6_19 six 
LOG (lattice-best-path[5.2.134~1-ecd4]:main():lattice-best-path.cc:99) For utterance jackson_6_2, best cost 145.045 + 6596.78 = 6741.83 over 61 frames.
jackson_6_2 six 
LOG (lattice-best-path[5.2.134~1-ecd4]:main():lattice-best-path.cc:99) For utterance jackson_6_20, best cost 156.902 + 7274.79 = 7431.69 over 67 frames.
jackson_6_20 six 
LOG (lattice-best-path[5.2.134~1-ecd4]:main():lattice-best-path.cc:99) For utterance jackson_6_21, best cost 165.544 + 8346.68 = 8512.23 over 78 frames.
jackson_6_21 six 
LOG (lattice-best-path[5.2.134~1-ecd4]:main():lattice-best-path.cc:99) For utterance jackson_6_22, best cost 150.705 + 7068.22 = 7218.93 over 69 frames.
jackson_6_22 six 
LOG (lattice-best-path[5.2.134~1-ecd4]:main():lattice-best-path.cc:99) For utterance jackson_6_23, best cost 156.543 + 8332.74 = 8489.28 over 80 frames.
jackson_6_23 six 
LOG (lattice-best-path[5.2.134~1-ecd4]:main():lattice-best-path.cc:99) For utterance jackson_6_24, best cost 148.46 + 7297.28 = 7445.74 over 70 frames.
jackson_6_24 six 
LOG (lattice-best-path[5.2.134~1-ecd4]:main():lattice-best-path.cc:99) For utterance jackson_6_25, best cost 164.269 + 7811.04 = 7975.31 over 77 frames.
jackson_6_25 six 
LOG (lattice-best-path[5.2.134~1-ecd4]:main():lattice-best-path.cc:99) For utterance jackson_6_26, best cost 154.423 + 7358.96 = 7513.38 over 70 frames.
jackson_6_26 six 
LOG (lattice-best-path[5.2.134~1-ecd4]:main():lattice-best-path.cc:99) For utterance jackson_6_27, best cost 158.988 + 8173.85 = 8332.84 over 79 frames.
jackson_6_27 six 
LOG (lattice-best-path[5.2.134~1-ecd4]:main():lattice-best-path.cc:99) For utterance jackson_6_28, best cost 144.76 + 7033.71 = 7178.47 over 63 frames.
jackson_6_28 six 
LOG (lattice-best-path[5.2.134~1-ecd4]:main():lattice-best-path.cc:99) For utterance jackson_6_29, best cost 140.696 + 6589.62 = 6730.31 over 60 frames.
jackson_6_29 six 
LOG (lattice-best-path[5.2.134~1-ecd4]:main():lattice-best-path.cc:99) For utterance jackson_6_3, best cost 155.175 + 9447.25 = 9602.43 over 85 frames.
jackson_6_3 six 
LOG (lattice-best-path[5.2.134~1-ecd4]:main():lattice-best-path.cc:99) For utterance jackson_6_30, best cost 148.565 + 8439.01 = 8587.58 over 78 frames.
jackson_6_30 six 
LOG (lattice-best-path[5.2.134~1-ecd4]:main():lattice-best-path.cc:99) For utterance jackson_6_31, best cost 146.333 + 6519.99 = 6666.32 over 61 frames.
jackson_6_31 six 
LOG (lattice-best-path[5.2.134~1-ecd4]:main():lattice-best-path.cc:99) For utterance jackson_6_32, best cost 170.391 + 9012.64 = 9183.03 over 83 frames.
jackson_6_32 six 
LOG (lattice-best-path[5.2.134~1-ecd4]:main():lattice-best-path.cc:99) For utterance jackson_6_33, best cost 151.558 + 6624.37 = 6775.93 over 62 frames.
jackson_6_33 six 
LOG (lattice-best-path[5.2.134~1-ecd4]:main():lattice-best-path.cc:99) For utterance jackson_6_34, best cost 147.903 + 6125.82 = 6273.72 over 56 frames.
jackson_6_34 six 
LOG (lattice-best-path[5.2.134~1-ecd4]:main():lattice-best-path.cc:99) For utterance jackson_6_35, best cost 144.221 + 7153.68 = 7297.9 over 62 frames.
jackson_6_35 six 
LOG (lattice-best-path[5.2.134~1-ecd4]:main():lattice-best-path.cc:99) For utterance jackson_6_36, best cost 140.359 + 6190.59 = 6330.95 over 56 frames.
jackson_6_36 six 
LOG (lattice-best-path[5.2.134~1-ecd4]:main():lattice-best-path.cc:99) For utterance jackson_6_37, best cost 147.097 + 6964.6 = 7111.7 over 68 frames.
jackson_6_37 six 
LOG (lattice-best-path[5.2.134~1-ecd4]:main():lattice-best-path.cc:99) For utterance jackson_6_38, best cost 156.811 + 7869.53 = 8026.35 over 73 frames.
jackson_6_38 six 
LOG (lattice-best-path[5.2.134~1-ecd4]:main():lattice-best-path.cc:99) For utterance jackson_6_39, best cost 148.861 + 7047.1 = 7195.96 over 64 frames.
jackson_6_39 six 
LOG (lattice-best-path[5.2.134~1-ecd4]:main():lattice-best-path.cc:99) For utterance jackson_6_4, best cost 152.805 + 6852.4 = 7005.21 over 61 frames.
jackson_6_4 six 
LOG (lattice-best-path[5.2.134~1-ecd4]:main():lattice-best-path.cc:99) For utterance jackson_6_40, best cost 147.881 + 6305.84 = 6453.72 over 57 frames.
jackson_6_40 six 
LOG (lattice-best-path[5.2.134~1-ecd4]:main():lattice-best-path.cc:99) For utterance jackson_6_41, best cost 144.121 + 5825.27 = 5969.39 over 54 frames.
jackson_6_41 six 
LOG (lattice-best-path[5.2.134~1-ecd4]:main():lattice-best-path.cc:99) For utterance jackson_6_42, best cost 136.451 + 5154.4 = 5290.85 over 49 frames.
jackson_6_42 six 
LOG (lattice-best-path[5.2.134~1-ecd4]:main():lattice-best-path.cc:99) For utterance jackson_6_43, best cost 154.698 + 6890.69 = 7045.38 over 65 frames.
jackson_6_43 six 
LOG (lattice-best-path[5.2.134~1-ecd4]:main():lattice-best-path.cc:99) For utterance jackson_6_44, best cost 142.907 + 4975.94 = 5118.85 over 47 frames.
jackson_6_44 six 
LOG (lattice-best-path[5.2.134~1-ecd4]:main():lattice-best-path.cc:99) For utterance jackson_6_45, best cost 147.339 + 6163.25 = 6310.59 over 57 frames.
jackson_6_45 six 
LOG (lattice-best-path[5.2.134~1-ecd4]:main():lattice-best-path.cc:99) For utterance jackson_6_46, best cost 156.471 + 8071.02 = 8227.49 over 77 frames.
jackson_6_46 six 
LOG (lattice-best-path[5.2.134~1-ecd4]:main():lattice-best-path.cc:99) For utterance jackson_6_47, best cost 154.509 + 7463.04 = 7617.55 over 68 frames.
jackson_6_47 six 
LOG (lattice-best-path[5.2.134~1-ecd4]:main():lattice-best-path.cc:99) For utterance jackson_6_48, best cost 141.182 + 5358.23 = 5499.42 over 52 frames.
jackson_6_48 six 
LOG (lattice-best-path[5.2.134~1-ecd4]:main():lattice-best-path.cc:99) For utterance jackson_6_49, best cost 146.909 + 7368.33 = 7515.24 over 67 frames.
jackson_6_49 six 
LOG (lattice-best-path[5.2.134~1-ecd4]:main():lattice-best-path.cc:99) For utterance jackson_6_5, best cost 146.343 + 6712.45 = 6858.79 over 66 frames.
jackson_6_5 six 
LOG (lattice-best-path[5.2.134~1-ecd4]:main():lattice-best-path.cc:99) For utterance jackson_6_6, best cost 156.642 + 7749.85 = 7906.5 over 74 frames.
jackson_6_6 six 
LOG (lattice-best-path[5.2.134~1-ecd4]:main():lattice-best-path.cc:99) For utterance jackson_6_7, best cost 143.14 + 6534.17 = 6677.31 over 62 frames.
jackson_6_7 six 
LOG (lattice-best-path[5.2.134~1-ecd4]:main():lattice-best-path.cc:99) For utterance jackson_6_8, best cost 163.33 + 8672.57 = 8835.9 over 81 frames.
jackson_6_8 six 
LOG (lattice-best-path[5.2.134~1-ecd4]:main():lattice-best-path.cc:99) For utterance jackson_6_9, best cost 157.376 + 8324.91 = 8482.28 over 81 frames.
jackson_6_9 six 
LOG (lattice-best-path[5.2.134~1-ecd4]:main():lattice-best-path.cc:99) For utterance jackson_7_0, best cost 128.038 + 4452.16 = 4580.2 over 41 frames.
jackson_7_0 seven 
LOG (lattice-best-path[5.2.134~1-ecd4]:main():lattice-best-path.cc:99) For utterance jackson_7_1, best cost 134.65 + 4506.84 = 4641.49 over 45 frames.
jackson_7_1 seven 
LOG (lattice-best-path[5.2.134~1-ecd4]:main():lattice-best-path.cc:99) For utterance jackson_7_10, best cost 135.668 + 4140.82 = 4276.49 over 42 frames.
jackson_7_10 seven 
LOG (lattice-best-path[5.2.134~1-ecd4]:main():lattice-best-path.cc:99) For utterance jackson_7_11, best cost 129.51 + 3989.5 = 4119.01 over 39 frames.
jackson_7_11 five 
LOG (lattice-best-path[5.2.134~1-ecd4]:main():lattice-best-path.cc:99) For utterance jackson_7_12, best cost 136.659 + 4648.61 = 4785.27 over 42 frames.
jackson_7_12 seven 
LOG (lattice-best-path[5.2.134~1-ecd4]:main():lattice-best-path.cc:99) For utterance jackson_7_13, best cost 138.662 + 4363.93 = 4502.6 over 43 frames.
jackson_7_13 seven 
LOG (lattice-best-path[5.2.134~1-ecd4]:main():lattice-best-path.cc:99) For utterance jackson_7_14, best cost 150.375 + 4575.6 = 4725.97 over 46 frames.
jackson_7_14 seven 
LOG (lattice-best-path[5.2.134~1-ecd4]:main():lattice-best-path.cc:99) For utterance jackson_7_15, best cost 113.613 + 4223.65 = 4337.26 over 38 frames.
jackson_7_15 
LOG (lattice-best-path[5.2.134~1-ecd4]:main():lattice-best-path.cc:99) For utterance jackson_7_16, best cost 139.657 + 4359.56 = 4499.22 over 41 frames.
jackson_7_16 seven 
LOG (lattice-best-path[5.2.134~1-ecd4]:main():lattice-best-path.cc:99) For utterance jackson_7_17, best cost 144.53 + 4742.11 = 4886.64 over 45 frames.
jackson_7_17 seven 
LOG (lattice-best-path[5.2.134~1-ecd4]:main():lattice-best-path.cc:99) For utterance jackson_7_18, best cost 133.392 + 3986.89 = 4120.28 over 39 frames.
jackson_7_18 seven 
LOG (lattice-best-path[5.2.134~1-ecd4]:main():lattice-best-path.cc:99) For utterance jackson_7_19, best cost 144.768 + 4537.31 = 4682.07 over 45 frames.
jackson_7_19 seven 
LOG (lattice-best-path[5.2.134~1-ecd4]:main():lattice-best-path.cc:99) For utterance jackson_7_2, best cost 132.286 + 3725.06 = 3857.34 over 36 frames.
jackson_7_2 seven 
LOG (lattice-best-path[5.2.134~1-ecd4]:main():lattice-best-path.cc:99) For utterance jackson_7_20, best cost 149.807 + 4789.52 = 4939.32 over 44 frames.
jackson_7_20 seven 
LOG (lattice-best-path[5.2.134~1-ecd4]:main():lattice-best-path.cc:99) For utterance jackson_7_21, best cost 149.196 + 5352.79 = 5501.98 over 50 frames.
jackson_7_21 seven 
LOG (lattice-best-path[5.2.134~1-ecd4]:main():lattice-best-path.cc:99) For utterance jackson_7_22, best cost 139.068 + 4577.3 = 4716.37 over 42 frames.
jackson_7_22 seven 
LOG (lattice-best-path[5.2.134~1-ecd4]:main():lattice-best-path.cc:99) For utterance jackson_7_23, best cost 141.814 + 5427.3 = 5569.11 over 54 frames.
jackson_7_23 seven 
LOG (lattice-best-path[5.2.134~1-ecd4]:main():lattice-best-path.cc:99) For utterance jackson_7_24, best cost 139.011 + 4584.08 = 4723.09 over 42 frames.
jackson_7_24 seven 
LOG (lattice-best-path[5.2.134~1-ecd4]:main():lattice-best-path.cc:99) For utterance jackson_7_25, best cost 129.054 + 5154.53 = 5283.58 over 45 frames.
jackson_7_25 seven 
LOG (lattice-best-path[5.2.134~1-ecd4]:main():lattice-best-path.cc:99) For utterance jackson_7_26, best cost 132.612 + 5132.43 = 5265.04 over 47 frames.
jackson_7_26 seven 
LOG (lattice-best-path[5.2.134~1-ecd4]:main():lattice-best-path.cc:99) For utterance jackson_7_27, best cost 132.196 + 5224.8 = 5356.99 over 47 frames.
jackson_7_27 seven 
LOG (lattice-best-path[5.2.134~1-ecd4]:main():lattice-best-path.cc:99) For utterance jackson_7_28, best cost 140.559 + 4338.67 = 4479.23 over 41 frames.
jackson_7_28 seven 
LOG (lattice-best-path[5.2.134~1-ecd4]:main():lattice-best-path.cc:99) For utterance jackson_7_29, best cost 136.917 + 4541.82 = 4678.74 over 43 frames.
jackson_7_29 seven 
LOG (lattice-best-path[5.2.134~1-ecd4]:main():lattice-best-path.cc:99) For utterance jackson_7_3, best cost 133.226 + 4225.14 = 4358.36 over 41 frames.
jackson_7_3 seven 
LOG (lattice-best-path[5.2.134~1-ecd4]:main():lattice-best-path.cc:99) For utterance jackson_7_30, best cost 142.156 + 4498.84 = 4640.99 over 44 frames.
jackson_7_30 seven 
LOG (lattice-best-path[5.2.134~1-ecd4]:main():lattice-best-path.cc:99) For utterance jackson_7_31, best cost 134.179 + 4011.48 = 4145.66 over 40 frames.
jackson_7_31 seven 
LOG (lattice-best-path[5.2.134~1-ecd4]:main():lattice-best-path.cc:99) For utterance jackson_7_32, best cost 143.949 + 5451.58 = 5595.53 over 52 frames.
jackson_7_32 seven 
LOG (lattice-best-path[5.2.134~1-ecd4]:main():lattice-best-path.cc:99) For utterance jackson_7_33, best cost 133.195 + 5592.93 = 5726.12 over 52 frames.
jackson_7_33 seven 
LOG (lattice-best-path[5.2.134~1-ecd4]:main():lattice-best-path.cc:99) For utterance jackson_7_34, best cost 143.731 + 5449.38 = 5593.11 over 49 frames.
jackson_7_34 seven 
LOG (lattice-best-path[5.2.134~1-ecd4]:main():lattice-best-path.cc:99) For utterance jackson_7_35, best cost 131.854 + 3888.64 = 4020.5 over 39 frames.
jackson_7_35 seven 
LOG (lattice-best-path[5.2.134~1-ecd4]:main():lattice-best-path.cc:99) For utterance jackson_7_36, best cost 132.424 + 4039.63 = 4172.06 over 38 frames.
jackson_7_36 seven 
LOG (lattice-best-path[5.2.134~1-ecd4]:main():lattice-best-path.cc:99) For utterance jackson_7_37, best cost 136.086 + 3968.94 = 4105.03 over 39 frames.
jackson_7_37 seven 
LOG (lattice-best-path[5.2.134~1-ecd4]:main():lattice-best-path.cc:99) For utterance jackson_7_38, best cost 141.668 + 5530 = 5671.67 over 46 frames.
jackson_7_38 seven 
LOG (lattice-best-path[5.2.134~1-ecd4]:main():lattice-best-path.cc:99) For utterance jackson_7_39, best cost 203.19 + 5431.08 = 5634.27 over 49 frames.
jackson_7_39 five 
LOG (lattice-best-path[5.2.134~1-ecd4]:main():lattice-best-path.cc:99) For utterance jackson_7_4, best cost 147.679 + 4353.12 = 4500.8 over 40 frames.
jackson_7_4 seven 
LOG (lattice-best-path[5.2.134~1-ecd4]:main():lattice-best-path.cc:99) For utterance jackson_7_40, best cost 133.363 + 5124.22 = 5257.58 over 47 frames.
jackson_7_40 five 
LOG (lattice-best-path[5.2.134~1-ecd4]:main():lattice-best-path.cc:99) For utterance jackson_7_41, best cost 198.21 + 5414.97 = 5613.18 over 48 frames.
jackson_7_41 nine 
LOG (lattice-best-path[5.2.134~1-ecd4]:main():lattice-best-path.cc:99) For utterance jackson_7_42, best cost 160.066 + 5080.21 = 5240.28 over 46 frames.
jackson_7_42 seven 
LOG (lattice-best-path[5.2.134~1-ecd4]:main():lattice-best-path.cc:99) For utterance jackson_7_43, best cost 159.246 + 5575.73 = 5734.97 over 52 frames.
jackson_7_43 seven 
LOG (lattice-best-path[5.2.134~1-ecd4]:main():lattice-best-path.cc:99) For utterance jackson_7_44, best cost 137.966 + 5261.31 = 5399.28 over 49 frames.
jackson_7_44 five 
LOG (lattice-best-path[5.2.134~1-ecd4]:main():lattice-best-path.cc:99) For utterance jackson_7_45, best cost 135.144 + 4797.95 = 4933.09 over 44 frames.
jackson_7_45 five 
LOG (lattice-best-path[5.2.134~1-ecd4]:main():lattice-best-path.cc:99) For utterance jackson_7_46, best cost 153.445 + 5109.38 = 5262.82 over 47 frames.
jackson_7_46 seven 
LOG (lattice-best-path[5.2.134~1-ecd4]:main():lattice-best-path.cc:99) For utterance jackson_7_47, best cost 142.969 + 5378.54 = 5521.51 over 47 frames.
jackson_7_47 seven 
LOG (lattice-best-path[5.2.134~1-ecd4]:main():lattice-best-path.cc:99) For utterance jackson_7_48, best cost 147.862 + 4855.58 = 5003.44 over 44 frames.
jackson_7_48 seven 
LOG (lattice-best-path[5.2.134~1-ecd4]:main():lattice-best-path.cc:99) For utterance jackson_7_49, best cost 149.719 + 5317.36 = 5467.08 over 47 frames.
jackson_7_49 seven 
LOG (lattice-best-path[5.2.134~1-ecd4]:main():lattice-best-path.cc:99) For utterance jackson_7_5, best cost 151.89 + 4280.12 = 4432 over 43 frames.
jackson_7_5 seven 
LOG (lattice-best-path[5.2.134~1-ecd4]:main():lattice-best-path.cc:99) For utterance jackson_7_6, best cost 135.853 + 4671.55 = 4807.4 over 43 frames.
jackson_7_6 seven 
LOG (lattice-best-path[5.2.134~1-ecd4]:main():lattice-best-path.cc:99) For utterance jackson_7_7, best cost 139.218 + 4137.9 = 4277.12 over 40 frames.
jackson_7_7 seven 
LOG (lattice-best-path[5.2.134~1-ecd4]:main():lattice-best-path.cc:99) For utterance jackson_7_8, best cost 147.494 + 4367.17 = 4514.66 over 41 frames.
jackson_7_8 seven 
LOG (lattice-best-path[5.2.134~1-ecd4]:main():lattice-best-path.cc:99) For utterance jackson_7_9, best cost 152.685 + 4522.19 = 4674.87 over 42 frames.
jackson_7_9 seven 
LOG (lattice-best-path[5.2.134~1-ecd4]:main():lattice-best-path.cc:99) For utterance jackson_8_0, best cost 129.69 + 3430.52 = 3560.21 over 33 frames.
jackson_8_0 eight 
LOG (lattice-best-path[5.2.134~1-ecd4]:main():lattice-best-path.cc:99) For utterance jackson_8_1, best cost 124.642 + 3936.87 = 4061.51 over 38 frames.
jackson_8_1 eight 
LOG (lattice-best-path[5.2.134~1-ecd4]:main():lattice-best-path.cc:99) For utterance jackson_8_10, best cost 110.415 + 3471.42 = 3581.83 over 34 frames.
jackson_8_10 eight 
LOG (lattice-best-path[5.2.134~1-ecd4]:main():lattice-best-path.cc:99) For utterance jackson_8_11, best cost 119.011 + 4206.77 = 4325.78 over 39 frames.
jackson_8_11 eight 
LOG (lattice-best-path[5.2.134~1-ecd4]:main():lattice-best-path.cc:99) For utterance jackson_8_12, best cost 126.342 + 3472.04 = 3598.38 over 34 frames.
jackson_8_12 eight 
LOG (lattice-best-path[5.2.134~1-ecd4]:main():lattice-best-path.cc:99) For utterance jackson_8_13, best cost 123.206 + 3992.52 = 4115.72 over 36 frames.
jackson_8_13 eight 
LOG (lattice-best-path[5.2.134~1-ecd4]:main():lattice-best-path.cc:99) For utterance jackson_8_14, best cost 118.062 + 3470.75 = 3588.82 over 34 frames.
jackson_8_14 eight 
LOG (lattice-best-path[5.2.134~1-ecd4]:main():lattice-best-path.cc:99) For utterance jackson_8_15, best cost 129.441 + 3971.74 = 4101.18 over 37 frames.
jackson_8_15 eight 
LOG (lattice-best-path[5.2.134~1-ecd4]:main():lattice-best-path.cc:99) For utterance jackson_8_16, best cost 117.578 + 3527.68 = 3645.26 over 33 frames.
jackson_8_16 eight 
LOG (lattice-best-path[5.2.134~1-ecd4]:main():lattice-best-path.cc:99) For utterance jackson_8_17, best cost 111.261 + 4198.15 = 4309.42 over 38 frames.
jackson_8_17 eight 
LOG (lattice-best-path[5.2.134~1-ecd4]:main():lattice-best-path.cc:99) For utterance jackson_8_18, best cost 115.013 + 3963.99 = 4079.01 over 38 frames.
jackson_8_18 eight 
LOG (lattice-best-path[5.2.134~1-ecd4]:main():lattice-best-path.cc:99) For utterance jackson_8_19, best cost 112.895 + 3904.05 = 4016.95 over 36 frames.
jackson_8_19 eight 
LOG (lattice-best-path[5.2.134~1-ecd4]:main():lattice-best-path.cc:99) For utterance jackson_8_2, best cost 112.018 + 3827.71 = 3939.73 over 36 frames.
jackson_8_2 eight 
LOG (lattice-best-path[5.2.134~1-ecd4]:main():lattice-best-path.cc:99) For utterance jackson_8_20, best cost 126.12 + 4006.33 = 4132.45 over 37 frames.
jackson_8_20 eight 
LOG (lattice-best-path[5.2.134~1-ecd4]:main():lattice-best-path.cc:99) For utterance jackson_8_21, best cost 124.797 + 3991.73 = 4116.53 over 37 frames.
jackson_8_21 eight 
LOG (lattice-best-path[5.2.134~1-ecd4]:main():lattice-best-path.cc:99) For utterance jackson_8_22, best cost 130.645 + 4516.48 = 4647.13 over 43 frames.
jackson_8_22 eight 
LOG (lattice-best-path[5.2.134~1-ecd4]:main():lattice-best-path.cc:99) For utterance jackson_8_23, best cost 132.676 + 4324.35 = 4457.02 over 42 frames.
jackson_8_23 eight 
LOG (lattice-best-path[5.2.134~1-ecd4]:main():lattice-best-path.cc:99) For utterance jackson_8_24, best cost 120.18 + 3730.02 = 3850.2 over 35 frames.
jackson_8_24 eight 
LOG (lattice-best-path[5.2.134~1-ecd4]:main():lattice-best-path.cc:99) For utterance jackson_8_25, best cost 122.977 + 4052.16 = 4175.13 over 38 frames.
jackson_8_25 eight 
LOG (lattice-best-path[5.2.134~1-ecd4]:main():lattice-best-path.cc:99) For utterance jackson_8_26, best cost 136.578 + 4831.74 = 4968.31 over 44 frames.
jackson_8_26 eight 
LOG (lattice-best-path[5.2.134~1-ecd4]:main():lattice-best-path.cc:99) For utterance jackson_8_27, best cost 125.196 + 3996.57 = 4121.77 over 39 frames.
jackson_8_27 eight 
LOG (lattice-best-path[5.2.134~1-ecd4]:main():lattice-best-path.cc:99) For utterance jackson_8_28, best cost 113.548 + 4155.75 = 4269.29 over 39 frames.
jackson_8_28 eight 
LOG (lattice-best-path[5.2.134~1-ecd4]:main():lattice-best-path.cc:99) For utterance jackson_8_29, best cost 124.803 + 3945.7 = 4070.5 over 38 frames.
jackson_8_29 eight 
LOG (lattice-best-path[5.2.134~1-ecd4]:main():lattice-best-path.cc:99) For utterance jackson_8_3, best cost 128.069 + 3887.09 = 4015.16 over 37 frames.
jackson_8_3 eight 
LOG (lattice-best-path[5.2.134~1-ecd4]:main():lattice-best-path.cc:99) For utterance jackson_8_30, best cost 125.507 + 4347.81 = 4473.32 over 42 frames.
jackson_8_30 eight 
LOG (lattice-best-path[5.2.134~1-ecd4]:main():lattice-best-path.cc:99) For utterance jackson_8_31, best cost 54.5242 + 4360.95 = 4415.47 over 40 frames.
jackson_8_31 
LOG (lattice-best-path[5.2.134~1-ecd4]:main():lattice-best-path.cc:99) For utterance jackson_8_32, best cost 119.925 + 4616.64 = 4736.56 over 44 frames.
jackson_8_32 eight 
LOG (lattice-best-path[5.2.134~1-ecd4]:main():lattice-best-path.cc:99) For utterance jackson_8_33, best cost 124.717 + 4799.86 = 4924.58 over 43 frames.
jackson_8_33 eight 
LOG (lattice-best-path[5.2.134~1-ecd4]:main():lattice-best-path.cc:99) For utterance jackson_8_34, best cost 118.996 + 4704.29 = 4823.28 over 46 frames.
jackson_8_34 eight 
LOG (lattice-best-path[5.2.134~1-ecd4]:main():lattice-best-path.cc:99) For utterance jackson_8_35, best cost 121.888 + 4829.52 = 4951.41 over 46 frames.
jackson_8_35 eight 
LOG (lattice-best-path[5.2.134~1-ecd4]:main():lattice-best-path.cc:99) For utterance jackson_8_36, best cost 117.91 + 4279.96 = 4397.87 over 40 frames.
jackson_8_36 eight 
LOG (lattice-best-path[5.2.134~1-ecd4]:main():lattice-best-path.cc:99) For utterance jackson_8_37, best cost 113.5 + 4187.22 = 4300.72 over 39 frames.
jackson_8_37 eight 
LOG (lattice-best-path[5.2.134~1-ecd4]:main():lattice-best-path.cc:99) For utterance jackson_8_38, best cost 112.751 + 4537.71 = 4650.46 over 43 frames.
jackson_8_38 eight 
LOG (lattice-best-path[5.2.134~1-ecd4]:main():lattice-best-path.cc:99) For utterance jackson_8_39, best cost 126.234 + 4853.87 = 4980.11 over 45 frames.
jackson_8_39 eight 
LOG (lattice-best-path[5.2.134~1-ecd4]:main():lattice-best-path.cc:99) For utterance jackson_8_4, best cost 124.68 + 4129.52 = 4254.2 over 39 frames.
jackson_8_4 eight 
LOG (lattice-best-path[5.2.134~1-ecd4]:main():lattice-best-path.cc:99) For utterance jackson_8_40, best cost 129.826 + 4343.19 = 4473.02 over 42 frames.
jackson_8_40 eight 
LOG (lattice-best-path[5.2.134~1-ecd4]:main():lattice-best-path.cc:99) For utterance jackson_8_41, best cost 136.65 + 6145.12 = 6281.77 over 56 frames.
jackson_8_41 eight 
LOG (lattice-best-path[5.2.134~1-ecd4]:main():lattice-best-path.cc:99) For utterance jackson_8_42, best cost 117.886 + 4080.65 = 4198.53 over 40 frames.
jackson_8_42 eight 
LOG (lattice-best-path[5.2.134~1-ecd4]:main():lattice-best-path.cc:99) For utterance jackson_8_43, best cost 119.547 + 4015.38 = 4134.92 over 40 frames.
jackson_8_43 eight 
LOG (lattice-best-path[5.2.134~1-ecd4]:main():lattice-best-path.cc:99) For utterance jackson_8_44, best cost 125.054 + 4425.86 = 4550.92 over 42 frames.
jackson_8_44 eight 
LOG (lattice-best-path[5.2.134~1-ecd4]:main():lattice-best-path.cc:99) For utterance jackson_8_45, best cost 121.409 + 4584.48 = 4705.89 over 42 frames.
jackson_8_45 eight 
LOG (lattice-best-path[5.2.134~1-ecd4]:main():lattice-best-path.cc:99) For utterance jackson_8_46, best cost 120.251 + 4266.56 = 4386.81 over 40 frames.
jackson_8_46 eight 
LOG (lattice-best-path[5.2.134~1-ecd4]:main():lattice-best-path.cc:99) For utterance jackson_8_47, best cost 112.052 + 4222.29 = 4334.34 over 41 frames.
jackson_8_47 eight 
LOG (lattice-best-path[5.2.134~1-ecd4]:main():lattice-best-path.cc:99) For utterance jackson_8_48, best cost 111.985 + 4286.49 = 4398.47 over 40 frames.
jackson_8_48 eight 
LOG (lattice-best-path[5.2.134~1-ecd4]:main():lattice-best-path.cc:99) For utterance jackson_8_49, best cost 122.948 + 4795.07 = 4918.02 over 45 frames.
jackson_8_49 eight 
LOG (lattice-best-path[5.2.134~1-ecd4]:main():lattice-best-path.cc:99) For utterance jackson_8_5, best cost 122.461 + 4294.84 = 4417.31 over 41 frames.
jackson_8_5 eight 
LOG (lattice-best-path[5.2.134~1-ecd4]:main():lattice-best-path.cc:99) For utterance jackson_8_6, best cost 116.145 + 4218.23 = 4334.38 over 40 frames.
jackson_8_6 eight 
LOG (lattice-best-path[5.2.134~1-ecd4]:main():lattice-best-path.cc:99) For utterance jackson_8_7, best cost 125.746 + 4476.59 = 4602.34 over 41 frames.
jackson_8_7 eight 
LOG (lattice-best-path[5.2.134~1-ecd4]:main():lattice-best-path.cc:99) For utterance jackson_8_8, best cost 125.232 + 3729.78 = 3855.01 over 35 frames.
jackson_8_8 eight 
LOG (lattice-best-path[5.2.134~1-ecd4]:main():lattice-best-path.cc:99) For utterance jackson_8_9, best cost 52.7047 + 4022.73 = 4075.43 over 36 frames.
jackson_8_9 
LOG (lattice-best-path[5.2.134~1-ecd4]:main():lattice-best-path.cc:99) For utterance jackson_9_0, best cost 159.723 + 5693.87 = 5853.59 over 58 frames.
jackson_9_0 nine 
LOG (lattice-best-path[5.2.134~1-ecd4]:main():lattice-best-path.cc:99) For utterance jackson_9_1, best cost 156.274 + 5746.89 = 5903.16 over 55 frames.
jackson_9_1 nine 
LOG (lattice-best-path[5.2.134~1-ecd4]:main():lattice-best-path.cc:99) For utterance jackson_9_10, best cost 198.57 + 5376.28 = 5574.85 over 49 frames.
jackson_9_10 five 
LOG (lattice-best-path[5.2.134~1-ecd4]:main():lattice-best-path.cc:99) For utterance jackson_9_11, best cost 187.521 + 6087.41 = 6274.93 over 60 frames.
jackson_9_11 nine 
LOG (lattice-best-path[5.2.134~1-ecd4]:main():lattice-best-path.cc:99) For utterance jackson_9_12, best cost 136.65 + 5719.53 = 5856.18 over 56 frames.
jackson_9_12 nine 
LOG (lattice-best-path[5.2.134~1-ecd4]:main():lattice-best-path.cc:99) For utterance jackson_9_13, best cost 177.247 + 5803.7 = 5980.95 over 57 frames.
jackson_9_13 nine 
LOG (lattice-best-path[5.2.134~1-ecd4]:main():lattice-best-path.cc:99) For utterance jackson_9_14, best cost 180.502 + 6494.69 = 6675.19 over 60 frames.
jackson_9_14 nine 
LOG (lattice-best-path[5.2.134~1-ecd4]:main():lattice-best-path.cc:99) For utterance jackson_9_15, best cost 171.495 + 6196.6 = 6368.1 over 57 frames.
jackson_9_15 nine 
LOG (lattice-best-path[5.2.134~1-ecd4]:main():lattice-best-path.cc:99) For utterance jackson_9_16, best cost 171.283 + 4626.01 = 4797.3 over 45 frames.
jackson_9_16 nine 
LOG (lattice-best-path[5.2.134~1-ecd4]:main():lattice-best-path.cc:99) For utterance jackson_9_17, best cost 161.542 + 4815.62 = 4977.16 over 46 frames.
jackson_9_17 nine 
LOG (lattice-best-path[5.2.134~1-ecd4]:main():lattice-best-path.cc:99) For utterance jackson_9_18, best cost 202.548 + 5352.85 = 5555.4 over 52 frames.
jackson_9_18 five 
LOG (lattice-best-path[5.2.134~1-ecd4]:main():lattice-best-path.cc:99) For utterance jackson_9_19, best cost 159.788 + 5275.2 = 5434.99 over 52 frames.
jackson_9_19 nine 
LOG (lattice-best-path[5.2.134~1-ecd4]:main():lattice-best-path.cc:99) For utterance jackson_9_2, best cost 179.214 + 5930.79 = 6110 over 56 frames.
jackson_9_2 nine 
LOG (lattice-best-path[5.2.134~1-ecd4]:main():lattice-best-path.cc:99) For utterance jackson_9_20, best cost 184.204 + 5821.8 = 6006.01 over 57 frames.
jackson_9_20 nine 
LOG (lattice-best-path[5.2.134~1-ecd4]:main():lattice-best-path.cc:99) For utterance jackson_9_21, best cost 202.218 + 5451.88 = 5654.1 over 52 frames.
jackson_9_21 five 
LOG (lattice-best-path[5.2.134~1-ecd4]:main():lattice-best-path.cc:99) For utterance jackson_9_22, best cost 172.519 + 5171.73 = 5344.25 over 50 frames.
jackson_9_22 nine 
LOG (lattice-best-path[5.2.134~1-ecd4]:main():lattice-best-path.cc:99) For utterance jackson_9_23, best cost 153.897 + 6275.76 = 6429.66 over 60 frames.
jackson_9_23 nine 
LOG (lattice-best-path[5.2.134~1-ecd4]:main():lattice-best-path.cc:99) For utterance jackson_9_24, best cost 220.178 + 5290.86 = 5511.04 over 52 frames.
jackson_9_24 nine 
LOG (lattice-best-path[5.2.134~1-ecd4]:main():lattice-best-path.cc:99) For utterance jackson_9_25, best cost 227.969 + 4596.82 = 4824.79 over 47 frames.
jackson_9_25 nine 
LOG (lattice-best-path[5.2.134~1-ecd4]:main():lattice-best-path.cc:99) For utterance jackson_9_26, best cost 152.291 + 6107.63 = 6259.92 over 60 frames.
jackson_9_26 nine 
LOG (lattice-best-path[5.2.134~1-ecd4]:main():lattice-best-path.cc:99) For utterance jackson_9_27, best cost 174.419 + 5966.27 = 6140.69 over 59 frames.
jackson_9_27 nine 
LOG (lattice-best-path[5.2.134~1-ecd4]:main():lattice-best-path.cc:99) For utterance jackson_9_28, best cost 165.124 + 5901.68 = 6066.8 over 59 frames.
jackson_9_28 nine 
LOG (lattice-best-path[5.2.134~1-ecd4]:main():lattice-best-path.cc:99) For utterance jackson_9_29, best cost 140.334 + 5080.12 = 5220.45 over 50 frames.
jackson_9_29 five 
LOG (lattice-best-path[5.2.134~1-ecd4]:main():lattice-best-path.cc:99) For utterance jackson_9_3, best cost 202.221 + 5599.11 = 5801.33 over 52 frames.
jackson_9_3 five 
LOG (lattice-best-path[5.2.134~1-ecd4]:main():lattice-best-path.cc:99) For utterance jackson_9_30, best cost 203.68 + 7481.46 = 7685.14 over 62 frames.
jackson_9_30 nine 
LOG (lattice-best-path[5.2.134~1-ecd4]:main():lattice-best-path.cc:99) For utterance jackson_9_31, best cost 141.948 + 7178.24 = 7320.19 over 63 frames.
jackson_9_31 nine 
LOG (lattice-best-path[5.2.134~1-ecd4]:main():lattice-best-path.cc:99) For utterance jackson_9_32, best cost 135.375 + 6843.66 = 6979.04 over 62 frames.
jackson_9_32 nine 
LOG (lattice-best-path[5.2.134~1-ecd4]:main():lattice-best-path.cc:99) For utterance jackson_9_33, best cost 203.903 + 7442.32 = 7646.22 over 66 frames.
jackson_9_33 nine 
LOG (lattice-best-path[5.2.134~1-ecd4]:main():lattice-best-path.cc:99) For utterance jackson_9_34, best cost 212.45 + 7034.72 = 7247.17 over 66 frames.
jackson_9_34 nine 
LOG (lattice-best-path[5.2.134~1-ecd4]:main():lattice-best-path.cc:99) For utterance jackson_9_35, best cost 207.59 + 6983.29 = 7190.88 over 64 frames.
jackson_9_35 nine 
LOG (lattice-best-path[5.2.134~1-ecd4]:main():lattice-best-path.cc:99) For utterance jackson_9_36, best cost 207.103 + 7094.41 = 7301.52 over 64 frames.
jackson_9_36 five 
LOG (lattice-best-path[5.2.134~1-ecd4]:main():lattice-best-path.cc:99) For utterance jackson_9_37, best cost 202.657 + 6648.66 = 6851.32 over 60 frames.
jackson_9_37 five 
LOG (lattice-best-path[5.2.134~1-ecd4]:main():lattice-best-path.cc:99) For utterance jackson_9_38, best cost 204.05 + 7120.82 = 7324.87 over 63 frames.
jackson_9_38 five 
LOG (lattice-best-path[5.2.134~1-ecd4]:main():lattice-best-path.cc:99) For utterance jackson_9_39, best cost 220.757 + 6592.52 = 6813.28 over 58 frames.
jackson_9_39 nine 
LOG (lattice-best-path[5.2.134~1-ecd4]:main():lattice-best-path.cc:99) For utterance jackson_9_4, best cost 201.396 + 5844.62 = 6046.01 over 56 frames.
jackson_9_4 one 
LOG (lattice-best-path[5.2.134~1-ecd4]:main():lattice-best-path.cc:99) For utterance jackson_9_40, best cost 202.523 + 6888.1 = 7090.62 over 60 frames.
jackson_9_40 five 
LOG (lattice-best-path[5.2.134~1-ecd4]:main():lattice-best-path.cc:99) For utterance jackson_9_41, best cost 203.073 + 6349.86 = 6552.93 over 54 frames.
jackson_9_41 five 
LOG (lattice-best-path[5.2.134~1-ecd4]:main():lattice-best-path.cc:99) For utterance jackson_9_42, best cost 215.778 + 6242.62 = 6458.4 over 56 frames.
jackson_9_42 nine 
LOG (lattice-best-path[5.2.134~1-ecd4]:main():lattice-best-path.cc:99) For utterance jackson_9_43, best cost 205.26 + 6744.47 = 6949.73 over 60 frames.
jackson_9_43 five 
LOG (lattice-best-path[5.2.134~1-ecd4]:main():lattice-best-path.cc:99) For utterance jackson_9_44, best cost 203.342 + 6700.48 = 6903.82 over 58 frames.
jackson_9_44 five 
LOG (lattice-best-path[5.2.134~1-ecd4]:main():lattice-best-path.cc:99) For utterance jackson_9_45, best cost 203.26 + 5691.91 = 5895.17 over 52 frames.
jackson_9_45 five 
LOG (lattice-best-path[5.2.134~1-ecd4]:main():lattice-best-path.cc:99) For utterance jackson_9_46, best cost 206.789 + 7123.76 = 7330.55 over 63 frames.
jackson_9_46 five 
LOG (lattice-best-path[5.2.134~1-ecd4]:main():lattice-best-path.cc:99) For utterance jackson_9_47, best cost 204.156 + 6642.3 = 6846.46 over 59 frames.
jackson_9_47 five 
LOG (lattice-best-path[5.2.134~1-ecd4]:main():lattice-best-path.cc:99) For utterance jackson_9_48, best cost 123.331 + 6886.95 = 7010.28 over 59 frames.
jackson_9_48 
LOG (lattice-best-path[5.2.134~1-ecd4]:main():lattice-best-path.cc:99) For utterance jackson_9_49, best cost 154.381 + 7004.55 = 7158.93 over 62 frames.
jackson_9_49 nine 
LOG (lattice-best-path[5.2.134~1-ecd4]:main():lattice-best-path.cc:99) For utterance jackson_9_5, best cost 142.558 + 5735 = 5877.56 over 56 frames.
jackson_9_5 five 
LOG (lattice-best-path[5.2.134~1-ecd4]:main():lattice-best-path.cc:99) For utterance jackson_9_6, best cost 241.173 + 5447.18 = 5688.36 over 54 frames.
jackson_9_6 nine 
LOG (lattice-best-path[5.2.134~1-ecd4]:main():lattice-best-path.cc:99) For utterance jackson_9_7, best cost 145.152 + 5438.12 = 5583.27 over 52 frames.
jackson_9_7 nine 
LOG (lattice-best-path[5.2.134~1-ecd4]:main():lattice-best-path.cc:99) For utterance jackson_9_8, best cost 188.705 + 6208.65 = 6397.36 over 62 frames.
jackson_9_8 nine 
LOG (lattice-best-path[5.2.134~1-ecd4]:main():lattice-best-path.cc:99) For utterance jackson_9_9, best cost 201.141 + 5413.21 = 5614.35 over 52 frames.
jackson_9_9 nine 
LOG (lattice-best-path[5.2.134~1-ecd4]:main():lattice-best-path.cc:124) Overall cost per frame is 109.812 = 2.88721 [graph] + 106.925 [acoustic] over 24827 frames.
LOG (lattice-best-path[5.2.134~1-ecd4]:main():lattice-best-path.cc:128) Done 500 lattices, failed for 0
# Accounting: time=0 threads=1
# Ended (code 0) at Sat Nov 11 18:40:42 EST 2017, elapsed time 0 seconds
