# lattice-best-path --lm-scale=8 --word-symbol-table=exp/tri1/graph/words.txt "ark:gunzip -c exp/tri1/decode/lat.*.gz|" ark,t:exp/tri1/decode/scoring/8.tra 
# Started at Sat Nov 11 18:40:42 EST 2017
#
lattice-best-path --lm-scale=8 --word-symbol-table=exp/tri1/graph/words.txt 'ark:gunzip -c exp/tri1/decode/lat.*.gz|' ark,t:exp/tri1/decode/scoring/8.tra 
LOG (lattice-best-path[5.2.134~1-ecd4]:main():lattice-best-path.cc:99) For utterance jackson_0_0, best cost 68.171 + 6327.95 = 6396.12 over 62 frames.
jackson_0_0 zero 
LOG (lattice-best-path[5.2.134~1-ecd4]:main():lattice-best-path.cc:99) For utterance jackson_0_1, best cost 64.7899 + 5616.55 = 5681.34 over 51 frames.
jackson_0_1 zero 
LOG (lattice-best-path[5.2.134~1-ecd4]:main():lattice-best-path.cc:99) For utterance jackson_0_10, best cost 67.5426 + 6899.58 = 6967.12 over 66 frames.
jackson_0_10 zero 
LOG (lattice-best-path[5.2.134~1-ecd4]:main():lattice-best-path.cc:99) For utterance jackson_0_11, best cost 68.6678 + 6072.55 = 6141.22 over 59 frames.
jackson_0_11 zero 
LOG (lattice-best-path[5.2.134~1-ecd4]:main():lattice-best-path.cc:99) For utterance jackson_0_12, best cost 65.9483 + 5674.19 = 5740.14 over 49 frames.
jackson_0_12 zero 
LOG (lattice-best-path[5.2.134~1-ecd4]:main():lattice-best-path.cc:99) For utterance jackson_0_13, best cost 66.1061 + 6097.52 = 6163.62 over 57 frames.
jackson_0_13 zero 
LOG (lattice-best-path[5.2.134~1-ecd4]:main():lattice-best-path.cc:99) For utterance jackson_0_14, best cost 67.1754 + 6363.17 = 6430.35 over 60 frames.
jackson_0_14 zero 
LOG (lattice-best-path[5.2.134~1-ecd4]:main():lattice-best-path.cc:99) For utterance jackson_0_15, best cost 67.3385 + 6577.57 = 6644.91 over 62 frames.
jackson_0_15 zero 
LOG (lattice-best-path[5.2.134~1-ecd4]:main():lattice-best-path.cc:99) For utterance jackson_0_16, best cost 64.5741 + 5682.78 = 5747.35 over 53 frames.
jackson_0_16 zero 
LOG (lattice-best-path[5.2.134~1-ecd4]:main():lattice-best-path.cc:99) For utterance jackson_0_17, best cost 70.1028 + 5369.34 = 5439.44 over 51 frames.
jackson_0_17 zero 
LOG (lattice-best-path[5.2.134~1-ecd4]:main():lattice-best-path.cc:99) For utterance jackson_0_18, best cost 66.4117 + 6636.34 = 6702.75 over 63 frames.
jackson_0_18 zero 
LOG (lattice-best-path[5.2.134~1-ecd4]:main():lattice-best-path.cc:99) For utterance jackson_0_19, best cost 70.8193 + 6733.16 = 6803.98 over 62 frames.
jackson_0_19 zero 
LOG (lattice-best-path[5.2.134~1-ecd4]:main():lattice-best-path.cc:99) For utterance jackson_0_2, best cost 63.8344 + 5531.53 = 5595.36 over 51 frames.
jackson_0_2 zero 
LOG (lattice-best-path[5.2.134~1-ecd4]:main():lattice-best-path.cc:99) For utterance jackson_0_20, best cost 60.3321 + 6496.25 = 6556.59 over 60 frames.
jackson_0_20 zero 
LOG (lattice-best-path[5.2.134~1-ecd4]:main():lattice-best-path.cc:99) For utterance jackson_0_21, best cost 70.1415 + 6156.96 = 6227.1 over 58 frames.
jackson_0_21 zero 
LOG (lattice-best-path[5.2.134~1-ecd4]:main():lattice-best-path.cc:99) For utterance jackson_0_22, best cost 71.4702 + 6034.01 = 6105.48 over 58 frames.
jackson_0_22 zero 
LOG (lattice-best-path[5.2.134~1-ecd4]:main():lattice-best-path.cc:99) For utterance jackson_0_23, best cost 65.9874 + 6014.93 = 6080.91 over 57 frames.
jackson_0_23 zero 
LOG (lattice-best-path[5.2.134~1-ecd4]:main():lattice-best-path.cc:99) For utterance jackson_0_24, best cost 69.0705 + 6680.48 = 6749.55 over 62 frames.
jackson_0_24 zero 
LOG (lattice-best-path[5.2.134~1-ecd4]:main():lattice-best-path.cc:99) For utterance jackson_0_25, best cost 70.2085 + 6397.18 = 6467.39 over 60 frames.
jackson_0_25 zero 
LOG (lattice-best-path[5.2.134~1-ecd4]:main():lattice-best-path.cc:99) For utterance jackson_0_26, best cost 67.7892 + 5983.24 = 6051.03 over 56 frames.
jackson_0_26 zero 
LOG (lattice-best-path[5.2.134~1-ecd4]:main():lattice-best-path.cc:99) For utterance jackson_0_27, best cost 63.1364 + 6406.69 = 6469.82 over 63 frames.
jackson_0_27 zero 
LOG (lattice-best-path[5.2.134~1-ecd4]:main():lattice-best-path.cc:99) For utterance jackson_0_28, best cost 67.5593 + 6577.75 = 6645.31 over 62 frames.
jackson_0_28 zero 
LOG (lattice-best-path[5.2.134~1-ecd4]:main():lattice-best-path.cc:99) For utterance jackson_0_29, best cost 61.693 + 6067.1 = 6128.8 over 56 frames.
jackson_0_29 zero 
LOG (lattice-best-path[5.2.134~1-ecd4]:main():lattice-best-path.cc:99) For utterance jackson_0_3, best cost 66.9598 + 6039.48 = 6106.44 over 58 frames.
jackson_0_3 zero 
LOG (lattice-best-path[5.2.134~1-ecd4]:main():lattice-best-path.cc:99) For utterance jackson_0_30, best cost 67.5678 + 6456.61 = 6524.17 over 62 frames.
jackson_0_30 zero 
LOG (lattice-best-path[5.2.134~1-ecd4]:main():lattice-best-path.cc:99) For utterance jackson_0_31, best cost 60.8728 + 5660.92 = 5721.8 over 55 frames.
jackson_0_31 zero 
LOG (lattice-best-path[5.2.134~1-ecd4]:main():lattice-best-path.cc:99) For utterance jackson_0_32, best cost 65.8791 + 6781.33 = 6847.21 over 60 frames.
jackson_0_32 zero 
LOG (lattice-best-path[5.2.134~1-ecd4]:main():lattice-best-path.cc:99) For utterance jackson_0_33, best cost 67.8983 + 6887.93 = 6955.83 over 64 frames.
jackson_0_33 zero 
LOG (lattice-best-path[5.2.134~1-ecd4]:main():lattice-best-path.cc:99) For utterance jackson_0_34, best cost 67.622 + 6576.25 = 6643.87 over 64 frames.
jackson_0_34 zero 
LOG (lattice-best-path[5.2.134~1-ecd4]:main():lattice-best-path.cc:99) For utterance jackson_0_35, best cost 65.9085 + 6749.57 = 6815.48 over 61 frames.
jackson_0_35 zero 
LOG (lattice-best-path[5.2.134~1-ecd4]:main():lattice-best-path.cc:99) For utterance jackson_0_36, best cost 67.0418 + 6152.4 = 6219.45 over 58 frames.
jackson_0_36 zero 
LOG (lattice-best-path[5.2.134~1-ecd4]:main():lattice-best-path.cc:99) For utterance jackson_0_37, best cost 69.666 + 6284.89 = 6354.56 over 60 frames.
jackson_0_37 zero 
LOG (lattice-best-path[5.2.134~1-ecd4]:main():lattice-best-path.cc:99) For utterance jackson_0_38, best cost 61.3042 + 6672.48 = 6733.79 over 64 frames.
jackson_0_38 zero 
LOG (lattice-best-path[5.2.134~1-ecd4]:main():lattice-best-path.cc:99) For utterance jackson_0_39, best cost 62.0137 + 5785.64 = 5847.65 over 56 frames.
jackson_0_39 zero 
LOG (lattice-best-path[5.2.134~1-ecd4]:main():lattice-best-path.cc:99) For utterance jackson_0_4, best cost 66.6269 + 5152.75 = 5219.37 over 52 frames.
jackson_0_4 zero 
LOG (lattice-best-path[5.2.134~1-ecd4]:main():lattice-best-path.cc:99) For utterance jackson_0_40, best cost 72.1271 + 6953.73 = 7025.86 over 69 frames.
jackson_0_40 zero 
LOG (lattice-best-path[5.2.134~1-ecd4]:main():lattice-best-path.cc:99) For utterance jackson_0_41, best cost 74.0791 + 7096.79 = 7170.87 over 67 frames.
jackson_0_41 zero 
LOG (lattice-best-path[5.2.134~1-ecd4]:main():lattice-best-path.cc:99) For utterance jackson_0_42, best cost 70.5623 + 6842.84 = 6913.4 over 64 frames.
jackson_0_42 zero 
LOG (lattice-best-path[5.2.134~1-ecd4]:main():lattice-best-path.cc:99) For utterance jackson_0_43, best cost 64.0672 + 6360.22 = 6424.29 over 60 frames.
jackson_0_43 zero 
LOG (lattice-best-path[5.2.134~1-ecd4]:main():lattice-best-path.cc:99) For utterance jackson_0_44, best cost 73.9394 + 7255 = 7328.94 over 65 frames.
jackson_0_44 zero 
LOG (lattice-best-path[5.2.134~1-ecd4]:main():lattice-best-path.cc:99) For utterance jackson_0_45, best cost 71.5047 + 7176.95 = 7248.46 over 64 frames.
jackson_0_45 zero 
LOG (lattice-best-path[5.2.134~1-ecd4]:main():lattice-best-path.cc:99) For utterance jackson_0_46, best cost 70.2014 + 7309.56 = 7379.76 over 65 frames.
jackson_0_46 zero 
LOG (lattice-best-path[5.2.134~1-ecd4]:main():lattice-best-path.cc:99) For utterance jackson_0_47, best cost 75.1796 + 7222.62 = 7297.8 over 65 frames.
jackson_0_47 zero 
LOG (lattice-best-path[5.2.134~1-ecd4]:main():lattice-best-path.cc:99) For utterance jackson_0_48, best cost 61.3867 + 6841.66 = 6903.04 over 63 frames.
jackson_0_48 zero 
LOG (lattice-best-path[5.2.134~1-ecd4]:main():lattice-best-path.cc:99) For utterance jackson_0_49, best cost 75.1945 + 8799.55 = 8874.75 over 76 frames.
jackson_0_49 zero 
LOG (lattice-best-path[5.2.134~1-ecd4]:main():lattice-best-path.cc:99) For utterance jackson_0_5, best cost 64.9333 + 5680.6 = 5745.53 over 55 frames.
jackson_0_5 zero 
LOG (lattice-best-path[5.2.134~1-ecd4]:main():lattice-best-path.cc:99) For utterance jackson_0_6, best cost 67.9927 + 6502.03 = 6570.02 over 61 frames.
jackson_0_6 zero 
LOG (lattice-best-path[5.2.134~1-ecd4]:main():lattice-best-path.cc:99) For utterance jackson_0_7, best cost 67.3726 + 5801.62 = 5868.99 over 53 frames.
jackson_0_7 zero 
LOG (lattice-best-path[5.2.134~1-ecd4]:main():lattice-best-path.cc:99) For utterance jackson_0_8, best cost 71.7848 + 5925.33 = 5997.12 over 56 frames.
jackson_0_8 zero 
LOG (lattice-best-path[5.2.134~1-ecd4]:main():lattice-best-path.cc:99) For utterance jackson_0_9, best cost 70.5157 + 6050.8 = 6121.31 over 61 frames.
jackson_0_9 zero 
LOG (lattice-best-path[5.2.134~1-ecd4]:main():lattice-best-path.cc:99) For utterance jackson_1_0, best cost 65.9086 + 5080.24 = 5146.15 over 50 frames.
jackson_1_0 one 
LOG (lattice-best-path[5.2.134~1-ecd4]:main():lattice-best-path.cc:99) For utterance jackson_1_1, best cost 66.2204 + 5257.24 = 5323.46 over 51 frames.
jackson_1_1 one 
LOG (lattice-best-path[5.2.134~1-ecd4]:main():lattice-best-path.cc:99) For utterance jackson_1_10, best cost 69.44 + 6001.57 = 6071.01 over 57 frames.
jackson_1_10 one 
LOG (lattice-best-path[5.2.134~1-ecd4]:main():lattice-best-path.cc:99) For utterance jackson_1_11, best cost 92.0074 + 5160.18 = 5252.19 over 49 frames.
jackson_1_11 nine 
LOG (lattice-best-path[5.2.134~1-ecd4]:main():lattice-best-path.cc:99) For utterance jackson_1_12, best cost 95.0365 + 4660.7 = 4755.73 over 43 frames.
jackson_1_12 one 
LOG (lattice-best-path[5.2.134~1-ecd4]:main():lattice-best-path.cc:99) For utterance jackson_1_13, best cost 96.6072 + 4909.56 = 5006.16 over 45 frames.
jackson_1_13 one 
LOG (lattice-best-path[5.2.134~1-ecd4]:main():lattice-best-path.cc:99) For utterance jackson_1_14, best cost 102.722 + 7252.63 = 7355.36 over 66 frames.
jackson_1_14 one 
LOG (lattice-best-path[5.2.134~1-ecd4]:main():lattice-best-path.cc:99) For utterance jackson_1_15, best cost 70.1816 + 4264.2 = 4334.39 over 43 frames.
jackson_1_15 one 
LOG (lattice-best-path[5.2.134~1-ecd4]:main():lattice-best-path.cc:99) For utterance jackson_1_16, best cost 67.7403 + 4628.99 = 4696.73 over 47 frames.
jackson_1_16 one 
LOG (lattice-best-path[5.2.134~1-ecd4]:main():lattice-best-path.cc:99) For utterance jackson_1_17, best cost 66.4305 + 4260.62 = 4327.05 over 40 frames.
jackson_1_17 one 
LOG (lattice-best-path[5.2.134~1-ecd4]:main():lattice-best-path.cc:99) For utterance jackson_1_18, best cost 66.7353 + 4538.7 = 4605.44 over 43 frames.
jackson_1_18 one 
LOG (lattice-best-path[5.2.134~1-ecd4]:main():lattice-best-path.cc:99) For utterance jackson_1_19, best cost 67.5135 + 4806.35 = 4873.87 over 46 frames.
jackson_1_19 one 
LOG (lattice-best-path[5.2.134~1-ecd4]:main():lattice-best-path.cc:99) For utterance jackson_1_2, best cost 62.3067 + 4708.61 = 4770.91 over 46 frames.
jackson_1_2 one 
LOG (lattice-best-path[5.2.134~1-ecd4]:main():lattice-best-path.cc:99) For utterance jackson_1_20, best cost 66.234 + 4579.04 = 4645.27 over 44 frames.
jackson_1_20 one 
LOG (lattice-best-path[5.2.134~1-ecd4]:main():lattice-best-path.cc:99) For utterance jackson_1_21, best cost 67.059 + 5162.7 = 5229.76 over 47 frames.
jackson_1_21 one 
LOG (lattice-best-path[5.2.134~1-ecd4]:main():lattice-best-path.cc:99) For utterance jackson_1_22, best cost 68.515 + 4691.87 = 4760.39 over 42 frames.
jackson_1_22 one 
LOG (lattice-best-path[5.2.134~1-ecd4]:main():lattice-best-path.cc:99) For utterance jackson_1_23, best cost 66.971 + 4465.34 = 4532.31 over 45 frames.
jackson_1_23 one 
LOG (lattice-best-path[5.2.134~1-ecd4]:main():lattice-best-path.cc:99) For utterance jackson_1_24, best cost 69.8204 + 4511.37 = 4581.19 over 46 frames.
jackson_1_24 one 
LOG (lattice-best-path[5.2.134~1-ecd4]:main():lattice-best-path.cc:99) For utterance jackson_1_25, best cost 74.4933 + 5175.51 = 5250.01 over 53 frames.
jackson_1_25 one 
LOG (lattice-best-path[5.2.134~1-ecd4]:main():lattice-best-path.cc:99) For utterance jackson_1_26, best cost 69.3974 + 5303.96 = 5373.36 over 51 frames.
jackson_1_26 one 
LOG (lattice-best-path[5.2.134~1-ecd4]:main():lattice-best-path.cc:99) For utterance jackson_1_27, best cost 70.0934 + 4863.38 = 4933.48 over 46 frames.
jackson_1_27 one 
LOG (lattice-best-path[5.2.134~1-ecd4]:main():lattice-best-path.cc:99) For utterance jackson_1_28, best cost 68.6525 + 4863.58 = 4932.24 over 45 frames.
jackson_1_28 one 
LOG (lattice-best-path[5.2.134~1-ecd4]:main():lattice-best-path.cc:99) For utterance jackson_1_29, best cost 65.5215 + 4880.44 = 4945.96 over 45 frames.
jackson_1_29 one 
LOG (lattice-best-path[5.2.134~1-ecd4]:main():lattice-best-path.cc:99) For utterance jackson_1_3, best cost 63.1 + 4957.08 = 5020.18 over 48 frames.
jackson_1_3 one 
LOG (lattice-best-path[5.2.134~1-ecd4]:main():lattice-best-path.cc:99) For utterance jackson_1_30, best cost 67.5111 + 5277.1 = 5344.61 over 47 frames.
jackson_1_30 one 
LOG (lattice-best-path[5.2.134~1-ecd4]:main():lattice-best-path.cc:99) For utterance jackson_1_31, best cost 73.1117 + 5420.46 = 5493.57 over 51 frames.
jackson_1_31 one 
LOG (lattice-best-path[5.2.134~1-ecd4]:main():lattice-best-path.cc:99) For utterance jackson_1_32, best cost 70.1245 + 5256.23 = 5326.35 over 50 frames.
jackson_1_32 one 
LOG (lattice-best-path[5.2.134~1-ecd4]:main():lattice-best-path.cc:99) For utterance jackson_1_33, best cost 71.1923 + 6623.64 = 6694.83 over 59 frames.
jackson_1_33 one 
LOG (lattice-best-path[5.2.134~1-ecd4]:main():lattice-best-path.cc:99) For utterance jackson_1_34, best cost 98.6179 + 5163.15 = 5261.77 over 49 frames.
jackson_1_34 one 
LOG (lattice-best-path[5.2.134~1-ecd4]:main():lattice-best-path.cc:99) For utterance jackson_1_35, best cost 69.6127 + 4953.28 = 5022.89 over 48 frames.
jackson_1_35 one 
LOG (lattice-best-path[5.2.134~1-ecd4]:main():lattice-best-path.cc:99) For utterance jackson_1_36, best cost 68.7083 + 4374.11 = 4442.82 over 42 frames.
jackson_1_36 one 
LOG (lattice-best-path[5.2.134~1-ecd4]:main():lattice-best-path.cc:99) For utterance jackson_1_37, best cost 97.6158 + 4316.96 = 4414.58 over 42 frames.
jackson_1_37 one 
LOG (lattice-best-path[5.2.134~1-ecd4]:main():lattice-best-path.cc:99) For utterance jackson_1_38, best cost 68.7697 + 5107.77 = 5176.54 over 48 frames.
jackson_1_38 one 
LOG (lattice-best-path[5.2.134~1-ecd4]:main():lattice-best-path.cc:99) For utterance jackson_1_39, best cost 96.5168 + 6186.78 = 6283.3 over 54 frames.
jackson_1_39 one 
LOG (lattice-best-path[5.2.134~1-ecd4]:main():lattice-best-path.cc:99) For utterance jackson_1_4, best cost 65.8909 + 5496.4 = 5562.29 over 51 frames.
jackson_1_4 one 
LOG (lattice-best-path[5.2.134~1-ecd4]:main():lattice-best-path.cc:99) For utterance jackson_1_40, best cost 72.8582 + 6779.92 = 6852.78 over 59 frames.
jackson_1_40 one 
LOG (lattice-best-path[5.2.134~1-ecd4]:main():lattice-best-path.cc:99) For utterance jackson_1_41, best cost 97.7037 + 6849.39 = 6947.1 over 60 frames.
jackson_1_41 one 
LOG (lattice-best-path[5.2.134~1-ecd4]:main():lattice-best-path.cc:99) For utterance jackson_1_42, best cost 72.6282 + 6851.16 = 6923.79 over 61 frames.
jackson_1_42 one 
LOG (lattice-best-path[5.2.134~1-ecd4]:main():lattice-best-path.cc:99) For utterance jackson_1_43, best cost 96.9007 + 6419.81 = 6516.71 over 56 frames.
jackson_1_43 one 
LOG (lattice-best-path[5.2.134~1-ecd4]:main():lattice-best-path.cc:99) For utterance jackson_1_44, best cost 98.3773 + 6413.26 = 6511.64 over 56 frames.
jackson_1_44 one 
LOG (lattice-best-path[5.2.134~1-ecd4]:main():lattice-best-path.cc:99) For utterance jackson_1_45, best cost 95.4761 + 7073.82 = 7169.3 over 58 frames.
jackson_1_45 one 
LOG (lattice-best-path[5.2.134~1-ecd4]:main():lattice-best-path.cc:99) For utterance jackson_1_46, best cost 97.0674 + 5631.96 = 5729.03 over 51 frames.
jackson_1_46 one 
LOG (lattice-best-path[5.2.134~1-ecd4]:main():lattice-best-path.cc:99) For utterance jackson_1_47, best cost 96.3591 + 6260.25 = 6356.61 over 54 frames.
jackson_1_47 one 
LOG (lattice-best-path[5.2.134~1-ecd4]:main():lattice-best-path.cc:99) For utterance jackson_1_48, best cost 72.1928 + 6246.05 = 6318.24 over 57 frames.
jackson_1_48 one 
LOG (lattice-best-path[5.2.134~1-ecd4]:main():lattice-best-path.cc:99) For utterance jackson_1_49, best cost 96.3442 + 5632.91 = 5729.25 over 48 frames.
jackson_1_49 one 
LOG (lattice-best-path[5.2.134~1-ecd4]:main():lattice-best-path.cc:99) For utterance jackson_1_5, best cost 67.4546 + 5926.25 = 5993.7 over 55 frames.
jackson_1_5 one 
LOG (lattice-best-path[5.2.134~1-ecd4]:main():lattice-best-path.cc:99) For utterance jackson_1_6, best cost 66.5089 + 5286.37 = 5352.88 over 49 frames.
jackson_1_6 one 
LOG (lattice-best-path[5.2.134~1-ecd4]:main():lattice-best-path.cc:99) For utterance jackson_1_7, best cost 69.478 + 5786.4 = 5855.88 over 54 frames.
jackson_1_7 one 
LOG (lattice-best-path[5.2.134~1-ecd4]:main():lattice-best-path.cc:99) For utterance jackson_1_8, best cost 63.5419 + 4905.81 = 4969.36 over 49 frames.
jackson_1_8 one 
LOG (lattice-best-path[5.2.134~1-ecd4]:main():lattice-best-path.cc:99) For utterance jackson_1_9, best cost 71.1508 + 5897.42 = 5968.57 over 56 frames.
jackson_1_9 one 
LOG (lattice-best-path[5.2.134~1-ecd4]:main():lattice-best-path.cc:99) For utterance jackson_2_0, best cost 57.6468 + 5347.6 = 5405.25 over 48 frames.
jackson_2_0 two 
LOG (lattice-best-path[5.2.134~1-ecd4]:main():lattice-best-path.cc:99) For utterance jackson_2_1, best cost 57.6411 + 5937.06 = 5994.7 over 53 frames.
jackson_2_1 two 
LOG (lattice-best-path[5.2.134~1-ecd4]:main():lattice-best-path.cc:99) For utterance jackson_2_10, best cost 60.1983 + 5376.43 = 5436.63 over 50 frames.
jackson_2_10 two 
LOG (lattice-best-path[5.2.134~1-ecd4]:main():lattice-best-path.cc:99) For utterance jackson_2_11, best cost 60.468 + 5227.67 = 5288.14 over 50 frames.
jackson_2_11 two 
LOG (lattice-best-path[5.2.134~1-ecd4]:main():lattice-best-path.cc:99) For utterance jackson_2_12, best cost 69.4591 + 5290.21 = 5359.67 over 47 frames.
jackson_2_12 zero 
LOG (lattice-best-path[5.2.134~1-ecd4]:main():lattice-best-path.cc:99) For utterance jackson_2_13, best cost 60.6449 + 5874.11 = 5934.76 over 50 frames.
jackson_2_13 two 
LOG (lattice-best-path[5.2.134~1-ecd4]:main():lattice-best-path.cc:99) For utterance jackson_2_14, best cost 56.558 + 5697.43 = 5753.99 over 49 frames.
jackson_2_14 two 
LOG (lattice-best-path[5.2.134~1-ecd4]:main():lattice-best-path.cc:99) For utterance jackson_2_15, best cost 57.1148 + 5794.83 = 5851.94 over 50 frames.
jackson_2_15 two 
LOG (lattice-best-path[5.2.134~1-ecd4]:main():lattice-best-path.cc:99) For utterance jackson_2_16, best cost 57.8965 + 5330.21 = 5388.11 over 46 frames.
jackson_2_16 two 
LOG (lattice-best-path[5.2.134~1-ecd4]:main():lattice-best-path.cc:99) For utterance jackson_2_17, best cost 61.6871 + 5984.49 = 6046.17 over 52 frames.
jackson_2_17 two 
LOG (lattice-best-path[5.2.134~1-ecd4]:main():lattice-best-path.cc:99) For utterance jackson_2_18, best cost 61.1973 + 6156.6 = 6217.8 over 53 frames.
jackson_2_18 two 
LOG (lattice-best-path[5.2.134~1-ecd4]:main():lattice-best-path.cc:99) For utterance jackson_2_19, best cost 57.0025 + 5791.44 = 5848.44 over 50 frames.
jackson_2_19 two 
LOG (lattice-best-path[5.2.134~1-ecd4]:main():lattice-best-path.cc:99) For utterance jackson_2_2, best cost 64.3264 + 4545.5 = 4609.83 over 42 frames.
jackson_2_2 zero 
LOG (lattice-best-path[5.2.134~1-ecd4]:main():lattice-best-path.cc:99) For utterance jackson_2_20, best cost 27.177 + 5710.48 = 5737.66 over 46 frames.
jackson_2_20 
LOG (lattice-best-path[5.2.134~1-ecd4]:main():lattice-best-path.cc:99) For utterance jackson_2_21, best cost 65.7756 + 7753.11 = 7818.89 over 72 frames.
jackson_2_21 two 
LOG (lattice-best-path[5.2.134~1-ecd4]:main():lattice-best-path.cc:99) For utterance jackson_2_22, best cost 88.9135 + 4992.19 = 5081.1 over 46 frames.
jackson_2_22 eight two 
LOG (lattice-best-path[5.2.134~1-ecd4]:main():lattice-best-path.cc:99) For utterance jackson_2_23, best cost 67.8977 + 5255.66 = 5323.56 over 48 frames.
jackson_2_23 zero 
LOG (lattice-best-path[5.2.134~1-ecd4]:main():lattice-best-path.cc:99) For utterance jackson_2_24, best cost 61.0033 + 5594.32 = 5655.33 over 50 frames.
jackson_2_24 two 
LOG (lattice-best-path[5.2.134~1-ecd4]:main():lattice-best-path.cc:99) For utterance jackson_2_25, best cost 63.2824 + 5883.01 = 5946.29 over 52 frames.
jackson_2_25 two 
LOG (lattice-best-path[5.2.134~1-ecd4]:main():lattice-best-path.cc:99) For utterance jackson_2_26, best cost 27.6441 + 5756.77 = 5784.42 over 48 frames.
jackson_2_26 
LOG (lattice-best-path[5.2.134~1-ecd4]:main():lattice-best-path.cc:99) For utterance jackson_2_27, best cost 63.7155 + 5680.17 = 5743.88 over 51 frames.
jackson_2_27 two 
LOG (lattice-best-path[5.2.134~1-ecd4]:main():lattice-best-path.cc:99) For utterance jackson_2_28, best cost 60.5406 + 5509.62 = 5570.16 over 49 frames.
jackson_2_28 two 
LOG (lattice-best-path[5.2.134~1-ecd4]:main():lattice-best-path.cc:99) For utterance jackson_2_29, best cost 61.382 + 6098.26 = 6159.64 over 53 frames.
jackson_2_29 two 
LOG (lattice-best-path[5.2.134~1-ecd4]:main():lattice-best-path.cc:99) For utterance jackson_2_3, best cost 98.3934 + 5201.06 = 5299.45 over 48 frames.
jackson_2_3 two 
LOG (lattice-best-path[5.2.134~1-ecd4]:main():lattice-best-path.cc:99) For utterance jackson_2_30, best cost 101.384 + 5014.82 = 5116.21 over 46 frames.
jackson_2_30 eight two 
LOG (lattice-best-path[5.2.134~1-ecd4]:main():lattice-best-path.cc:99) For utterance jackson_2_31, best cost 55.8302 + 4937.89 = 4993.72 over 45 frames.
jackson_2_31 two 
LOG (lattice-best-path[5.2.134~1-ecd4]:main():lattice-best-path.cc:99) For utterance jackson_2_32, best cost 60.1412 + 5279.09 = 5339.23 over 49 frames.
jackson_2_32 two 
LOG (lattice-best-path[5.2.134~1-ecd4]:main():lattice-best-path.cc:99) For utterance jackson_2_33, best cost 60.5113 + 5800.27 = 5860.78 over 49 frames.
jackson_2_33 two 
LOG (lattice-best-path[5.2.134~1-ecd4]:main():lattice-best-path.cc:99) For utterance jackson_2_34, best cost 66.3093 + 5400.93 = 5467.24 over 47 frames.
jackson_2_34 zero 
LOG (lattice-best-path[5.2.134~1-ecd4]:main():lattice-best-path.cc:99) For utterance jackson_2_35, best cost 53.7894 + 4857.97 = 4911.76 over 45 frames.
jackson_2_35 two 
LOG (lattice-best-path[5.2.134~1-ecd4]:main():lattice-best-path.cc:99) For utterance jackson_2_36, best cost 64.9535 + 5610.28 = 5675.23 over 47 frames.
jackson_2_36 three 
LOG (lattice-best-path[5.2.134~1-ecd4]:main():lattice-best-path.cc:99) For utterance jackson_2_37, best cost 25.3865 + 4367.38 = 4392.76 over 38 frames.
jackson_2_37 
LOG (lattice-best-path[5.2.134~1-ecd4]:main():lattice-best-path.cc:99) For utterance jackson_2_38, best cost 68.4899 + 5037.67 = 5106.16 over 45 frames.
jackson_2_38 two 
LOG (lattice-best-path[5.2.134~1-ecd4]:main():lattice-best-path.cc:99) For utterance jackson_2_39, best cost 26.7098 + 4836.32 = 4863.03 over 44 frames.
jackson_2_39 
LOG (lattice-best-path[5.2.134~1-ecd4]:main():lattice-best-path.cc:99) For utterance jackson_2_4, best cost 57.6993 + 5087.17 = 5144.87 over 46 frames.
jackson_2_4 two 
LOG (lattice-best-path[5.2.134~1-ecd4]:main():lattice-best-path.cc:99) For utterance jackson_2_40, best cost 93.6063 + 5631.27 = 5724.87 over 53 frames.
jackson_2_40 eight two 
LOG (lattice-best-path[5.2.134~1-ecd4]:main():lattice-best-path.cc:99) For utterance jackson_2_41, best cost 102.014 + 6197.89 = 6299.9 over 56 frames.
jackson_2_41 eight two 
LOG (lattice-best-path[5.2.134~1-ecd4]:main():lattice-best-path.cc:99) For utterance jackson_2_42, best cost 61.7644 + 6221.07 = 6282.83 over 57 frames.
jackson_2_42 two 
LOG (lattice-best-path[5.2.134~1-ecd4]:main():lattice-best-path.cc:99) For utterance jackson_2_43, best cost 95.2165 + 5692.23 = 5787.45 over 50 frames.
jackson_2_43 eight two 
LOG (lattice-best-path[5.2.134~1-ecd4]:main():lattice-best-path.cc:99) For utterance jackson_2_44, best cost 131.356 + 6904.71 = 7036.06 over 60 frames.
jackson_2_44 eight two 
LOG (lattice-best-path[5.2.134~1-ecd4]:main():lattice-best-path.cc:99) For utterance jackson_2_45, best cost 131.09 + 6846.56 = 6977.65 over 63 frames.
jackson_2_45 eight two 
LOG (lattice-best-path[5.2.134~1-ecd4]:main():lattice-best-path.cc:99) For utterance jackson_2_46, best cost 59.4772 + 5601.33 = 5660.81 over 50 frames.
jackson_2_46 two 
LOG (lattice-best-path[5.2.134~1-ecd4]:main():lattice-best-path.cc:99) For utterance jackson_2_47, best cost 27.6243 + 5109.85 = 5137.48 over 47 frames.
jackson_2_47 
LOG (lattice-best-path[5.2.134~1-ecd4]:main():lattice-best-path.cc:99) For utterance jackson_2_48, best cost 95.3793 + 5264.41 = 5359.79 over 48 frames.
jackson_2_48 eight two 
LOG (lattice-best-path[5.2.134~1-ecd4]:main():lattice-best-path.cc:99) For utterance jackson_2_49, best cost 96.1332 + 5651.46 = 5747.6 over 52 frames.
jackson_2_49 eight two 
LOG (lattice-best-path[5.2.134~1-ecd4]:main():lattice-best-path.cc:99) For utterance jackson_2_5, best cost 57.5455 + 4939.84 = 4997.38 over 45 frames.
jackson_2_5 two 
LOG (lattice-best-path[5.2.134~1-ecd4]:main():lattice-best-path.cc:99) For utterance jackson_2_6, best cost 56.3788 + 4789.1 = 4845.48 over 45 frames.
jackson_2_6 two 
LOG (lattice-best-path[5.2.134~1-ecd4]:main():lattice-best-path.cc:99) For utterance jackson_2_7, best cost 57.6569 + 5039.28 = 5096.94 over 46 frames.
jackson_2_7 two 
LOG (lattice-best-path[5.2.134~1-ecd4]:main():lattice-best-path.cc:99) For utterance jackson_2_8, best cost 56.0687 + 5453.55 = 5509.62 over 46 frames.
jackson_2_8 two 
LOG (lattice-best-path[5.2.134~1-ecd4]:main():lattice-best-path.cc:99) For utterance jackson_2_9, best cost 60.8574 + 5583.45 = 5644.31 over 52 frames.
jackson_2_9 two 
LOG (lattice-best-path[5.2.134~1-ecd4]:main():lattice-best-path.cc:99) For utterance jackson_3_0, best cost 66.8611 + 5168.24 = 5235.1 over 47 frames.
jackson_3_0 three 
LOG (lattice-best-path[5.2.134~1-ecd4]:main():lattice-best-path.cc:99) For utterance jackson_3_1, best cost 66.1268 + 5042.87 = 5109 over 45 frames.
jackson_3_1 three 
LOG (lattice-best-path[5.2.134~1-ecd4]:main():lattice-best-path.cc:99) For utterance jackson_3_10, best cost 63.9482 + 4664.75 = 4728.69 over 44 frames.
jackson_3_10 three 
LOG (lattice-best-path[5.2.134~1-ecd4]:main():lattice-best-path.cc:99) For utterance jackson_3_11, best cost 69.1797 + 4357.61 = 4426.79 over 43 frames.
jackson_3_11 three 
LOG (lattice-best-path[5.2.134~1-ecd4]:main():lattice-best-path.cc:99) For utterance jackson_3_12, best cost 66.7015 + 5222.75 = 5289.45 over 46 frames.
jackson_3_12 three 
LOG (lattice-best-path[5.2.134~1-ecd4]:main():lattice-best-path.cc:99) For utterance jackson_3_13, best cost 67.6233 + 4305.99 = 4373.61 over 42 frames.
jackson_3_13 three 
LOG (lattice-best-path[5.2.134~1-ecd4]:main():lattice-best-path.cc:99) For utterance jackson_3_14, best cost 69.6157 + 4983 = 5052.62 over 48 frames.
jackson_3_14 three 
LOG (lattice-best-path[5.2.134~1-ecd4]:main():lattice-best-path.cc:99) For utterance jackson_3_15, best cost 69.713 + 4344.53 = 4414.24 over 44 frames.
jackson_3_15 three 
LOG (lattice-best-path[5.2.134~1-ecd4]:main():lattice-best-path.cc:99) For utterance jackson_3_16, best cost 63.477 + 4842.69 = 4906.16 over 46 frames.
jackson_3_16 three 
LOG (lattice-best-path[5.2.134~1-ecd4]:main():lattice-best-path.cc:99) For utterance jackson_3_17, best cost 65.9129 + 4372.44 = 4438.35 over 43 frames.
jackson_3_17 three 
LOG (lattice-best-path[5.2.134~1-ecd4]:main():lattice-best-path.cc:99) For utterance jackson_3_18, best cost 64.7797 + 4809.25 = 4874.02 over 46 frames.
jackson_3_18 three 
LOG (lattice-best-path[5.2.134~1-ecd4]:main():lattice-best-path.cc:99) For utterance jackson_3_19, best cost 61.5028 + 4544.15 = 4605.65 over 42 frames.
jackson_3_19 three 
LOG (lattice-best-path[5.2.134~1-ecd4]:main():lattice-best-path.cc:99) For utterance jackson_3_2, best cost 67.6198 + 5552.47 = 5620.09 over 49 frames.
jackson_3_2 three 
LOG (lattice-best-path[5.2.134~1-ecd4]:main():lattice-best-path.cc:99) For utterance jackson_3_20, best cost 64.2493 + 4830.68 = 4894.93 over 45 frames.
jackson_3_20 three 
LOG (lattice-best-path[5.2.134~1-ecd4]:main():lattice-best-path.cc:99) For utterance jackson_3_21, best cost 67.1013 + 4543.51 = 4610.61 over 44 frames.
jackson_3_21 three 
LOG (lattice-best-path[5.2.134~1-ecd4]:main():lattice-best-path.cc:99) For utterance jackson_3_22, best cost 64.2314 + 4356.25 = 4420.48 over 41 frames.
jackson_3_22 three 
LOG (lattice-best-path[5.2.134~1-ecd4]:main():lattice-best-path.cc:99) For utterance jackson_3_23, best cost 64.1371 + 4885.24 = 4949.37 over 44 frames.
jackson_3_23 three 
LOG (lattice-best-path[5.2.134~1-ecd4]:main():lattice-best-path.cc:99) For utterance jackson_3_24, best cost 69.9921 + 4252.34 = 4322.34 over 41 frames.
jackson_3_24 three 
LOG (lattice-best-path[5.2.134~1-ecd4]:main():lattice-best-path.cc:99) For utterance jackson_3_25, best cost 68.6765 + 5125.21 = 5193.89 over 46 frames.
jackson_3_25 three 
LOG (lattice-best-path[5.2.134~1-ecd4]:main():lattice-best-path.cc:99) For utterance jackson_3_26, best cost 69.0313 + 4468.48 = 4537.51 over 42 frames.
jackson_3_26 three 
LOG (lattice-best-path[5.2.134~1-ecd4]:main():lattice-best-path.cc:99) For utterance jackson_3_27, best cost 65.6801 + 4606.62 = 4672.3 over 44 frames.
jackson_3_27 three 
LOG (lattice-best-path[5.2.134~1-ecd4]:main():lattice-best-path.cc:99) For utterance jackson_3_28, best cost 68.8492 + 4796.88 = 4865.73 over 42 frames.
jackson_3_28 three 
LOG (lattice-best-path[5.2.134~1-ecd4]:main():lattice-best-path.cc:99) For utterance jackson_3_29, best cost 64.0332 + 5171.97 = 5236.01 over 46 frames.
jackson_3_29 three 
LOG (lattice-best-path[5.2.134~1-ecd4]:main():lattice-best-path.cc:99) For utterance jackson_3_3, best cost 68.5043 + 5422.51 = 5491.01 over 49 frames.
jackson_3_3 three 
LOG (lattice-best-path[5.2.134~1-ecd4]:main():lattice-best-path.cc:99) For utterance jackson_3_30, best cost 59.6385 + 5193.62 = 5253.26 over 46 frames.
jackson_3_30 three 
LOG (lattice-best-path[5.2.134~1-ecd4]:main():lattice-best-path.cc:99) For utterance jackson_3_31, best cost 66.3204 + 5400.79 = 5467.11 over 47 frames.
jackson_3_31 three 
LOG (lattice-best-path[5.2.134~1-ecd4]:main():lattice-best-path.cc:99) For utterance jackson_3_32, best cost 61.9351 + 5419.34 = 5481.28 over 46 frames.
jackson_3_32 three 
LOG (lattice-best-path[5.2.134~1-ecd4]:main():lattice-best-path.cc:99) For utterance jackson_3_33, best cost 65.0641 + 5265.19 = 5330.25 over 46 frames.
jackson_3_33 three 
LOG (lattice-best-path[5.2.134~1-ecd4]:main():lattice-best-path.cc:99) For utterance jackson_3_34, best cost 69.0101 + 4705.95 = 4774.96 over 46 frames.
jackson_3_34 three 
LOG (lattice-best-path[5.2.134~1-ecd4]:main():lattice-best-path.cc:99) For utterance jackson_3_35, best cost 68.971 + 5450.5 = 5519.47 over 50 frames.
jackson_3_35 three 
LOG (lattice-best-path[5.2.134~1-ecd4]:main():lattice-best-path.cc:99) For utterance jackson_3_36, best cost 67.5863 + 5287.32 = 5354.9 over 49 frames.
jackson_3_36 three 
LOG (lattice-best-path[5.2.134~1-ecd4]:main():lattice-best-path.cc:99) For utterance jackson_3_37, best cost 65.2101 + 5358.49 = 5423.7 over 49 frames.
jackson_3_37 three 
LOG (lattice-best-path[5.2.134~1-ecd4]:main():lattice-best-path.cc:99) For utterance jackson_3_38, best cost 69.3495 + 5619.16 = 5688.51 over 51 frames.
jackson_3_38 three 
LOG (lattice-best-path[5.2.134~1-ecd4]:main():lattice-best-path.cc:99) For utterance jackson_3_39, best cost 70.7641 + 5300.04 = 5370.81 over 49 frames.
jackson_3_39 three 
LOG (lattice-best-path[5.2.134~1-ecd4]:main():lattice-best-path.cc:99) For utterance jackson_3_4, best cost 68.2859 + 4396.47 = 4464.76 over 43 frames.
jackson_3_4 three 
LOG (lattice-best-path[5.2.134~1-ecd4]:main():lattice-best-path.cc:99) For utterance jackson_3_40, best cost 67.0234 + 5494.63 = 5561.65 over 50 frames.
jackson_3_40 three 
LOG (lattice-best-path[5.2.134~1-ecd4]:main():lattice-best-path.cc:99) For utterance jackson_3_41, best cost 64.1887 + 5327.4 = 5391.59 over 48 frames.
jackson_3_41 three 
LOG (lattice-best-path[5.2.134~1-ecd4]:main():lattice-best-path.cc:99) For utterance jackson_3_42, best cost 67.742 + 5105.04 = 5172.78 over 48 frames.
jackson_3_42 three 
LOG (lattice-best-path[5.2.134~1-ecd4]:main():lattice-best-path.cc:99) For utterance jackson_3_43, best cost 66.3446 + 5326.3 = 5392.65 over 48 frames.
jackson_3_43 three 
LOG (lattice-best-path[5.2.134~1-ecd4]:main():lattice-best-path.cc:99) For utterance jackson_3_44, best cost 74.7644 + 5768.97 = 5843.74 over 53 frames.
jackson_3_44 three 
LOG (lattice-best-path[5.2.134~1-ecd4]:main():lattice-best-path.cc:99) For utterance jackson_3_45, best cost 79.7987 + 5984.16 = 6063.96 over 55 frames.
jackson_3_45 three 
LOG (lattice-best-path[5.2.134~1-ecd4]:main():lattice-best-path.cc:99) For utterance jackson_3_46, best cost 66.4087 + 5616.36 = 5682.77 over 52 frames.
jackson_3_46 three 
LOG (lattice-best-path[5.2.134~1-ecd4]:main():lattice-best-path.cc:99) For utterance jackson_3_47, best cost 72.5975 + 5853.93 = 5926.52 over 55 frames.
jackson_3_47 three 
LOG (lattice-best-path[5.2.134~1-ecd4]:main():lattice-best-path.cc:99) For utterance jackson_3_48, best cost 69.8301 + 5094.65 = 5164.48 over 49 frames.
jackson_3_48 three 
LOG (lattice-best-path[5.2.134~1-ecd4]:main():lattice-best-path.cc:99) For utterance jackson_3_49, best cost 66.4582 + 5652.37 = 5718.83 over 50 frames.
jackson_3_49 three 
LOG (lattice-best-path[5.2.134~1-ecd4]:main():lattice-best-path.cc:99) For utterance jackson_3_5, best cost 70.0496 + 4486.55 = 4556.6 over 43 frames.
jackson_3_5 three 
LOG (lattice-best-path[5.2.134~1-ecd4]:main():lattice-best-path.cc:99) For utterance jackson_3_6, best cost 70.4504 + 4620.65 = 4691.1 over 45 frames.
jackson_3_6 three 
LOG (lattice-best-path[5.2.134~1-ecd4]:main():lattice-best-path.cc:99) For utterance jackson_3_7, best cost 73.7308 + 5135.19 = 5208.92 over 47 frames.
jackson_3_7 three 
LOG (lattice-best-path[5.2.134~1-ecd4]:main():lattice-best-path.cc:99) For utterance jackson_3_8, best cost 70.4863 + 4453.66 = 4524.15 over 43 frames.
jackson_3_8 three 
LOG (lattice-best-path[5.2.134~1-ecd4]:main():lattice-best-path.cc:99) For utterance jackson_3_9, best cost 62.687 + 5009.23 = 5071.92 over 47 frames.
jackson_3_9 three 
LOG (lattice-best-path[5.2.134~1-ecd4]:main():lattice-best-path.cc:99) For utterance jackson_4_0, best cost 64.65 + 4440.51 = 4505.16 over 44 frames.
jackson_4_0 four 
LOG (lattice-best-path[5.2.134~1-ecd4]:main():lattice-best-path.cc:99) For utterance jackson_4_1, best cost 61.8671 + 3791.21 = 3853.08 over 40 frames.
jackson_4_1 four 
LOG (lattice-best-path[5.2.134~1-ecd4]:main():lattice-best-path.cc:99) For utterance jackson_4_10, best cost 59.4203 + 4101.63 = 4161.05 over 36 frames.
jackson_4_10 four 
LOG (lattice-best-path[5.2.134~1-ecd4]:main():lattice-best-path.cc:99) For utterance jackson_4_11, best cost 59.1655 + 3895.41 = 3954.57 over 36 frames.
jackson_4_11 four 
LOG (lattice-best-path[5.2.134~1-ecd4]:main():lattice-best-path.cc:99) For utterance jackson_4_12, best cost 60.067 + 3630.89 = 3690.95 over 39 frames.
jackson_4_12 four 
LOG (lattice-best-path[5.2.134~1-ecd4]:main():lattice-best-path.cc:99) For utterance jackson_4_13, best cost 59.474 + 3883.53 = 3943.01 over 35 frames.
jackson_4_13 four 
LOG (lattice-best-path[5.2.134~1-ecd4]:main():lattice-best-path.cc:99) For utterance jackson_4_14, best cost 56.7852 + 3709.97 = 3766.76 over 35 frames.
jackson_4_14 four 
LOG (lattice-best-path[5.2.134~1-ecd4]:main():lattice-best-path.cc:99) For utterance jackson_4_15, best cost 62.5632 + 4592.38 = 4654.94 over 43 frames.
jackson_4_15 four 
LOG (lattice-best-path[5.2.134~1-ecd4]:main():lattice-best-path.cc:99) For utterance jackson_4_16, best cost 63.6245 + 4438.57 = 4502.2 over 41 frames.
jackson_4_16 four 
LOG (lattice-best-path[5.2.134~1-ecd4]:main():lattice-best-path.cc:99) For utterance jackson_4_17, best cost 61.7982 + 4534.72 = 4596.52 over 38 frames.
jackson_4_17 four 
LOG (lattice-best-path[5.2.134~1-ecd4]:main():lattice-best-path.cc:99) For utterance jackson_4_18, best cost 61.2968 + 4247.88 = 4309.18 over 38 frames.
jackson_4_18 four 
LOG (lattice-best-path[5.2.134~1-ecd4]:main():lattice-best-path.cc:99) For utterance jackson_4_19, best cost 58.6464 + 3827.14 = 3885.78 over 34 frames.
jackson_4_19 four 
LOG (lattice-best-path[5.2.134~1-ecd4]:main():lattice-best-path.cc:99) For utterance jackson_4_2, best cost 60.9941 + 3754.12 = 3815.12 over 40 frames.
jackson_4_2 four 
LOG (lattice-best-path[5.2.134~1-ecd4]:main():lattice-best-path.cc:99) For utterance jackson_4_20, best cost 63.7085 + 4179.87 = 4243.57 over 37 frames.
jackson_4_20 four 
LOG (lattice-best-path[5.2.134~1-ecd4]:main():lattice-best-path.cc:99) For utterance jackson_4_21, best cost 56.8389 + 3717.98 = 3774.82 over 33 frames.
jackson_4_21 four 
LOG (lattice-best-path[5.2.134~1-ecd4]:main():lattice-best-path.cc:99) For utterance jackson_4_22, best cost 61.2786 + 4536.48 = 4597.76 over 40 frames.
jackson_4_22 four 
LOG (lattice-best-path[5.2.134~1-ecd4]:main():lattice-best-path.cc:99) For utterance jackson_4_23, best cost 60.9187 + 3970.29 = 4031.21 over 39 frames.
jackson_4_23 four 
LOG (lattice-best-path[5.2.134~1-ecd4]:main():lattice-best-path.cc:99) For utterance jackson_4_24, best cost 62.1686 + 4238.86 = 4301.03 over 38 frames.
jackson_4_24 four 
LOG (lattice-best-path[5.2.134~1-ecd4]:main():lattice-best-path.cc:99) For utterance jackson_4_25, best cost 60.09 + 4209.67 = 4269.76 over 39 frames.
jackson_4_25 four 
LOG (lattice-best-path[5.2.134~1-ecd4]:main():lattice-best-path.cc:99) For utterance jackson_4_26, best cost 62.2013 + 4693.81 = 4756.01 over 41 frames.
jackson_4_26 four 
LOG (lattice-best-path[5.2.134~1-ecd4]:main():lattice-best-path.cc:99) For utterance jackson_4_27, best cost 61.578 + 4410.6 = 4472.18 over 41 frames.
jackson_4_27 four 
LOG (lattice-best-path[5.2.134~1-ecd4]:main():lattice-best-path.cc:99) For utterance jackson_4_28, best cost 62.884 + 5141.56 = 5204.44 over 45 frames.
jackson_4_28 four 
LOG (lattice-best-path[5.2.134~1-ecd4]:main():lattice-best-path.cc:99) For utterance jackson_4_29, best cost 63.7695 + 4689.92 = 4753.68 over 42 frames.
jackson_4_29 four 
LOG (lattice-best-path[5.2.134~1-ecd4]:main():lattice-best-path.cc:99) For utterance jackson_4_3, best cost 61.9694 + 3901.36 = 3963.33 over 39 frames.
jackson_4_3 four 
LOG (lattice-best-path[5.2.134~1-ecd4]:main():lattice-best-path.cc:99) For utterance jackson_4_30, best cost 63.0013 + 4511.35 = 4574.35 over 42 frames.
jackson_4_30 four 
LOG (lattice-best-path[5.2.134~1-ecd4]:main():lattice-best-path.cc:99) For utterance jackson_4_31, best cost 60.5044 + 4746.27 = 4806.78 over 41 frames.
jackson_4_31 four 
LOG (lattice-best-path[5.2.134~1-ecd4]:main():lattice-best-path.cc:99) For utterance jackson_4_32, best cost 64.4526 + 4147.51 = 4211.96 over 41 frames.
jackson_4_32 four 
LOG (lattice-best-path[5.2.134~1-ecd4]:main():lattice-best-path.cc:99) For utterance jackson_4_33, best cost 60.4923 + 3958.61 = 4019.1 over 40 frames.
jackson_4_33 four 
LOG (lattice-best-path[5.2.134~1-ecd4]:main():lattice-best-path.cc:99) For utterance jackson_4_34, best cost 62.7933 + 3668.12 = 3730.91 over 38 frames.
jackson_4_34 four 
LOG (lattice-best-path[5.2.134~1-ecd4]:main():lattice-best-path.cc:99) For utterance jackson_4_35, best cost 58.0636 + 4139.75 = 4197.81 over 41 frames.
jackson_4_35 four 
LOG (lattice-best-path[5.2.134~1-ecd4]:main():lattice-best-path.cc:99) For utterance jackson_4_36, best cost 60.2289 + 3734.51 = 3794.74 over 38 frames.
jackson_4_36 four 
LOG (lattice-best-path[5.2.134~1-ecd4]:main():lattice-best-path.cc:99) For utterance jackson_4_37, best cost 65.8956 + 5081.85 = 5147.75 over 48 frames.
jackson_4_37 four 
LOG (lattice-best-path[5.2.134~1-ecd4]:main():lattice-best-path.cc:99) For utterance jackson_4_38, best cost 67.4045 + 4909.27 = 4976.68 over 45 frames.
jackson_4_38 four 
LOG (lattice-best-path[5.2.134~1-ecd4]:main():lattice-best-path.cc:99) For utterance jackson_4_39, best cost 65.5718 + 5087.31 = 5152.88 over 46 frames.
jackson_4_39 four 
LOG (lattice-best-path[5.2.134~1-ecd4]:main():lattice-best-path.cc:99) For utterance jackson_4_4, best cost 63.4093 + 4102.39 = 4165.8 over 41 frames.
jackson_4_4 four 
LOG (lattice-best-path[5.2.134~1-ecd4]:main():lattice-best-path.cc:99) For utterance jackson_4_40, best cost 93.4658 + 4956.07 = 5049.53 over 45 frames.
jackson_4_40 four 
LOG (lattice-best-path[5.2.134~1-ecd4]:main():lattice-best-path.cc:99) For utterance jackson_4_41, best cost 90.6119 + 4807.67 = 4898.28 over 43 frames.
jackson_4_41 four 
LOG (lattice-best-path[5.2.134~1-ecd4]:main():lattice-best-path.cc:99) For utterance jackson_4_42, best cost 62.1311 + 4510.63 = 4572.76 over 41 frames.
jackson_4_42 four 
LOG (lattice-best-path[5.2.134~1-ecd4]:main():lattice-best-path.cc:99) For utterance jackson_4_43, best cost 62.4969 + 4856.63 = 4919.13 over 44 frames.
jackson_4_43 four 
LOG (lattice-best-path[5.2.134~1-ecd4]:main():lattice-best-path.cc:99) For utterance jackson_4_44, best cost 92.8394 + 5367.76 = 5460.6 over 45 frames.
jackson_4_44 four 
LOG (lattice-best-path[5.2.134~1-ecd4]:main():lattice-best-path.cc:99) For utterance jackson_4_45, best cost 62.8347 + 4593.01 = 4655.85 over 42 frames.
jackson_4_45 four 
LOG (lattice-best-path[5.2.134~1-ecd4]:main():lattice-best-path.cc:99) For utterance jackson_4_46, best cost 67.5663 + 5326.67 = 5394.23 over 49 frames.
jackson_4_46 four 
LOG (lattice-best-path[5.2.134~1-ecd4]:main():lattice-best-path.cc:99) For utterance jackson_4_47, best cost 66.1618 + 5142.77 = 5208.93 over 47 frames.
jackson_4_47 four 
LOG (lattice-best-path[5.2.134~1-ecd4]:main():lattice-best-path.cc:99) For utterance jackson_4_48, best cost 66.5143 + 5013.34 = 5079.86 over 45 frames.
jackson_4_48 four 
LOG (lattice-best-path[5.2.134~1-ecd4]:main():lattice-best-path.cc:99) For utterance jackson_4_49, best cost 66.403 + 5257.51 = 5323.91 over 48 frames.
jackson_4_49 four 
LOG (lattice-best-path[5.2.134~1-ecd4]:main():lattice-best-path.cc:99) For utterance jackson_4_5, best cost 64.981 + 4491.73 = 4556.71 over 42 frames.
jackson_4_5 four 
LOG (lattice-best-path[5.2.134~1-ecd4]:main():lattice-best-path.cc:99) For utterance jackson_4_6, best cost 66.8506 + 4772.57 = 4839.42 over 43 frames.
jackson_4_6 four 
LOG (lattice-best-path[5.2.134~1-ecd4]:main():lattice-best-path.cc:99) For utterance jackson_4_7, best cost 59.8808 + 4184.24 = 4244.12 over 39 frames.
jackson_4_7 four 
LOG (lattice-best-path[5.2.134~1-ecd4]:main():lattice-best-path.cc:99) For utterance jackson_4_8, best cost 60.6154 + 4329.29 = 4389.9 over 40 frames.
jackson_4_8 four 
LOG (lattice-best-path[5.2.134~1-ecd4]:main():lattice-best-path.cc:99) For utterance jackson_4_9, best cost 60.4712 + 4130.18 = 4190.65 over 40 frames.
jackson_4_9 four 
LOG (lattice-best-path[5.2.134~1-ecd4]:main():lattice-best-path.cc:99) For utterance jackson_5_0, best cost 58.6008 + 3903.79 = 3962.39 over 40 frames.
jackson_5_0 five 
LOG (lattice-best-path[5.2.134~1-ecd4]:main():lattice-best-path.cc:99) For utterance jackson_5_1, best cost 57.88 + 3718.43 = 3776.31 over 39 frames.
jackson_5_1 five 
LOG (lattice-best-path[5.2.134~1-ecd4]:main():lattice-best-path.cc:99) For utterance jackson_5_10, best cost 59.9822 + 3294.6 = 3354.58 over 37 frames.
jackson_5_10 five 
LOG (lattice-best-path[5.2.134~1-ecd4]:main():lattice-best-path.cc:99) For utterance jackson_5_11, best cost 61.2986 + 3923.87 = 3985.17 over 42 frames.
jackson_5_11 five 
LOG (lattice-best-path[5.2.134~1-ecd4]:main():lattice-best-path.cc:99) For utterance jackson_5_12, best cost 56.9644 + 3241.13 = 3298.1 over 35 frames.
jackson_5_12 five 
LOG (lattice-best-path[5.2.134~1-ecd4]:main():lattice-best-path.cc:99) For utterance jackson_5_13, best cost 57.389 + 3857.78 = 3915.17 over 40 frames.
jackson_5_13 five 
LOG (lattice-best-path[5.2.134~1-ecd4]:main():lattice-best-path.cc:99) For utterance jackson_5_14, best cost 56.6741 + 3103.24 = 3159.91 over 36 frames.
jackson_5_14 five 
LOG (lattice-best-path[5.2.134~1-ecd4]:main():lattice-best-path.cc:99) For utterance jackson_5_15, best cost 61.2919 + 3991.08 = 4052.37 over 41 frames.
jackson_5_15 five 
LOG (lattice-best-path[5.2.134~1-ecd4]:main():lattice-best-path.cc:99) For utterance jackson_5_16, best cost 57.5956 + 3556.02 = 3613.62 over 38 frames.
jackson_5_16 five 
LOG (lattice-best-path[5.2.134~1-ecd4]:main():lattice-best-path.cc:99) For utterance jackson_5_17, best cost 57.7644 + 3699.81 = 3757.58 over 38 frames.
jackson_5_17 five 
LOG (lattice-best-path[5.2.134~1-ecd4]:main():lattice-best-path.cc:99) For utterance jackson_5_18, best cost 57.1073 + 3052.97 = 3110.07 over 34 frames.
jackson_5_18 five 
LOG (lattice-best-path[5.2.134~1-ecd4]:main():lattice-best-path.cc:99) For utterance jackson_5_19, best cost 57.785 + 3269.83 = 3327.61 over 35 frames.
jackson_5_19 five 
LOG (lattice-best-path[5.2.134~1-ecd4]:main():lattice-best-path.cc:99) For utterance jackson_5_2, best cost 62.3825 + 4140.5 = 4202.88 over 43 frames.
jackson_5_2 five 
LOG (lattice-best-path[5.2.134~1-ecd4]:main():lattice-best-path.cc:99) For utterance jackson_5_20, best cost 60.9004 + 3181.99 = 3242.89 over 32 frames.
jackson_5_20 one 
LOG (lattice-best-path[5.2.134~1-ecd4]:main():lattice-best-path.cc:99) For utterance jackson_5_21, best cost 61.7091 + 3627.92 = 3689.63 over 36 frames.
jackson_5_21 five 
LOG (lattice-best-path[5.2.134~1-ecd4]:main():lattice-best-path.cc:99) For utterance jackson_5_22, best cost 58.1227 + 3565.67 = 3623.79 over 35 frames.
jackson_5_22 five 
LOG (lattice-best-path[5.2.134~1-ecd4]:main():lattice-best-path.cc:99) For utterance jackson_5_23, best cost 58.125 + 4034.32 = 4092.45 over 39 frames.
jackson_5_23 five 
LOG (lattice-best-path[5.2.134~1-ecd4]:main():lattice-best-path.cc:99) For utterance jackson_5_24, best cost 60.1284 + 3573.53 = 3633.66 over 38 frames.
jackson_5_24 five 
LOG (lattice-best-path[5.2.134~1-ecd4]:main():lattice-best-path.cc:99) For utterance jackson_5_25, best cost 60.2919 + 3602.03 = 3662.32 over 37 frames.
jackson_5_25 five 
LOG (lattice-best-path[5.2.134~1-ecd4]:main():lattice-best-path.cc:99) For utterance jackson_5_26, best cost 59.6906 + 3840.12 = 3899.81 over 39 frames.
jackson_5_26 five 
LOG (lattice-best-path[5.2.134~1-ecd4]:main():lattice-best-path.cc:99) For utterance jackson_5_27, best cost 57.8939 + 3721.33 = 3779.23 over 38 frames.
jackson_5_27 five 
LOG (lattice-best-path[5.2.134~1-ecd4]:main():lattice-best-path.cc:99) For utterance jackson_5_28, best cost 56.8563 + 3201.55 = 3258.41 over 35 frames.
jackson_5_28 five 
LOG (lattice-best-path[5.2.134~1-ecd4]:main():lattice-best-path.cc:99) For utterance jackson_5_29, best cost 64.4812 + 4597.31 = 4661.79 over 46 frames.
jackson_5_29 five 
LOG (lattice-best-path[5.2.134~1-ecd4]:main():lattice-best-path.cc:99) For utterance jackson_5_3, best cost 57.8086 + 3591.11 = 3648.92 over 38 frames.
jackson_5_3 five 
LOG (lattice-best-path[5.2.134~1-ecd4]:main():lattice-best-path.cc:99) For utterance jackson_5_30, best cost 58.9857 + 4312.44 = 4371.43 over 41 frames.
jackson_5_30 five 
LOG (lattice-best-path[5.2.134~1-ecd4]:main():lattice-best-path.cc:99) For utterance jackson_5_31, best cost 59.5716 + 3707.6 = 3767.17 over 39 frames.
jackson_5_31 five 
LOG (lattice-best-path[5.2.134~1-ecd4]:main():lattice-best-path.cc:99) For utterance jackson_5_32, best cost 60.479 + 3750.46 = 3810.94 over 39 frames.
jackson_5_32 five 
LOG (lattice-best-path[5.2.134~1-ecd4]:main():lattice-best-path.cc:99) For utterance jackson_5_33, best cost 56.703 + 3540.81 = 3597.51 over 37 frames.
jackson_5_33 five 
LOG (lattice-best-path[5.2.134~1-ecd4]:main():lattice-best-path.cc:99) For utterance jackson_5_34, best cost 56.7499 + 3334.14 = 3390.89 over 34 frames.
jackson_5_34 five 
LOG (lattice-best-path[5.2.134~1-ecd4]:main():lattice-best-path.cc:99) For utterance jackson_5_35, best cost 58.4403 + 4180.09 = 4238.53 over 41 frames.
jackson_5_35 five 
LOG (lattice-best-path[5.2.134~1-ecd4]:main():lattice-best-path.cc:99) For utterance jackson_5_36, best cost 56.6334 + 3085.06 = 3141.7 over 35 frames.
jackson_5_36 five 
LOG (lattice-best-path[5.2.134~1-ecd4]:main():lattice-best-path.cc:99) For utterance jackson_5_37, best cost 58.7313 + 3613.63 = 3672.36 over 37 frames.
jackson_5_37 five 
LOG (lattice-best-path[5.2.134~1-ecd4]:main():lattice-best-path.cc:99) For utterance jackson_5_38, best cost 60.4956 + 4135.04 = 4195.54 over 41 frames.
jackson_5_38 five 
LOG (lattice-best-path[5.2.134~1-ecd4]:main():lattice-best-path.cc:99) For utterance jackson_5_39, best cost 56.854 + 3382.38 = 3439.24 over 36 frames.
jackson_5_39 five 
LOG (lattice-best-path[5.2.134~1-ecd4]:main():lattice-best-path.cc:99) For utterance jackson_5_4, best cost 67.1431 + 5097.56 = 5164.71 over 51 frames.
jackson_5_4 five 
LOG (lattice-best-path[5.2.134~1-ecd4]:main():lattice-best-path.cc:99) For utterance jackson_5_40, best cost 57.5624 + 3867.96 = 3925.52 over 39 frames.
jackson_5_40 five 
LOG (lattice-best-path[5.2.134~1-ecd4]:main():lattice-best-path.cc:99) For utterance jackson_5_41, best cost 60.6727 + 3946.69 = 4007.37 over 38 frames.
jackson_5_41 five 
LOG (lattice-best-path[5.2.134~1-ecd4]:main():lattice-best-path.cc:99) For utterance jackson_5_42, best cost 61.4933 + 4919.55 = 4981.05 over 45 frames.
jackson_5_42 five 
LOG (lattice-best-path[5.2.134~1-ecd4]:main():lattice-best-path.cc:99) For utterance jackson_5_43, best cost 60.9412 + 4387.76 = 4448.7 over 42 frames.
jackson_5_43 five 
LOG (lattice-best-path[5.2.134~1-ecd4]:main():lattice-best-path.cc:99) For utterance jackson_5_44, best cost 64.9038 + 5045.81 = 5110.72 over 47 frames.
jackson_5_44 one 
LOG (lattice-best-path[5.2.134~1-ecd4]:main():lattice-best-path.cc:99) For utterance jackson_5_45, best cost 59.4564 + 4602.51 = 4661.97 over 44 frames.
jackson_5_45 five 
LOG (lattice-best-path[5.2.134~1-ecd4]:main():lattice-best-path.cc:99) For utterance jackson_5_46, best cost 62.1985 + 5168.73 = 5230.93 over 48 frames.
jackson_5_46 five 
LOG (lattice-best-path[5.2.134~1-ecd4]:main():lattice-best-path.cc:99) For utterance jackson_5_47, best cost 63.5151 + 5473.45 = 5536.97 over 49 frames.
jackson_5_47 five 
LOG (lattice-best-path[5.2.134~1-ecd4]:main():lattice-best-path.cc:99) For utterance jackson_5_48, best cost 66.2034 + 5708.41 = 5774.61 over 49 frames.
jackson_5_48 five 
LOG (lattice-best-path[5.2.134~1-ecd4]:main():lattice-best-path.cc:99) For utterance jackson_5_49, best cost 61.4355 + 4854.3 = 4915.73 over 46 frames.
jackson_5_49 five 
LOG (lattice-best-path[5.2.134~1-ecd4]:main():lattice-best-path.cc:99) For utterance jackson_5_5, best cost 58.1848 + 3598.34 = 3656.53 over 37 frames.
jackson_5_5 five 
LOG (lattice-best-path[5.2.134~1-ecd4]:main():lattice-best-path.cc:99) For utterance jackson_5_6, best cost 57.9749 + 3868.4 = 3926.38 over 38 frames.
jackson_5_6 five 
LOG (lattice-best-path[5.2.134~1-ecd4]:main():lattice-best-path.cc:99) For utterance jackson_5_7, best cost 56.814 + 3619.22 = 3676.03 over 36 frames.
jackson_5_7 five 
LOG (lattice-best-path[5.2.134~1-ecd4]:main():lattice-best-path.cc:99) For utterance jackson_5_8, best cost 55.8053 + 3329.49 = 3385.29 over 35 frames.
jackson_5_8 five 
LOG (lattice-best-path[5.2.134~1-ecd4]:main():lattice-best-path.cc:99) For utterance jackson_5_9, best cost 64.3405 + 5964.7 = 6029.04 over 56 frames.
jackson_5_9 five 
LOG (lattice-best-path[5.2.134~1-ecd4]:main():lattice-best-path.cc:99) For utterance jackson_6_0, best cost 76.4815 + 8728 = 8804.48 over 81 frames.
jackson_6_0 six 
LOG (lattice-best-path[5.2.134~1-ecd4]:main():lattice-best-path.cc:99) For utterance jackson_6_1, best cost 68.2683 + 7157.69 = 7225.96 over 62 frames.
jackson_6_1 six 
LOG (lattice-best-path[5.2.134~1-ecd4]:main():lattice-best-path.cc:99) For utterance jackson_6_10, best cost 74.2913 + 8727.3 = 8801.59 over 84 frames.
jackson_6_10 six 
LOG (lattice-best-path[5.2.134~1-ecd4]:main():lattice-best-path.cc:99) For utterance jackson_6_11, best cost 76.7571 + 8794.19 = 8870.95 over 85 frames.
jackson_6_11 six 
LOG (lattice-best-path[5.2.134~1-ecd4]:main():lattice-best-path.cc:99) For utterance jackson_6_12, best cost 76.6207 + 8634.39 = 8711.01 over 84 frames.
jackson_6_12 six 
LOG (lattice-best-path[5.2.134~1-ecd4]:main():lattice-best-path.cc:99) For utterance jackson_6_13, best cost 70.9056 + 7125.9 = 7196.81 over 69 frames.
jackson_6_13 six 
LOG (lattice-best-path[5.2.134~1-ecd4]:main():lattice-best-path.cc:99) For utterance jackson_6_14, best cost 70.2667 + 8010.47 = 8080.73 over 75 frames.
jackson_6_14 six 
LOG (lattice-best-path[5.2.134~1-ecd4]:main():lattice-best-path.cc:99) For utterance jackson_6_15, best cost 73.1473 + 8977.03 = 9050.17 over 86 frames.
jackson_6_15 six 
LOG (lattice-best-path[5.2.134~1-ecd4]:main():lattice-best-path.cc:99) For utterance jackson_6_16, best cost 68.6417 + 7301.77 = 7370.41 over 71 frames.
jackson_6_16 six 
LOG (lattice-best-path[5.2.134~1-ecd4]:main():lattice-best-path.cc:99) For utterance jackson_6_17, best cost 68.5547 + 7465.88 = 7534.44 over 72 frames.
jackson_6_17 six 
LOG (lattice-best-path[5.2.134~1-ecd4]:main():lattice-best-path.cc:99) For utterance jackson_6_18, best cost 78.891 + 8390.94 = 8469.83 over 84 frames.
jackson_6_18 six 
LOG (lattice-best-path[5.2.134~1-ecd4]:main():lattice-best-path.cc:99) For utterance jackson_6_19, best cost 68.0967 + 7082.92 = 7151.02 over 67 frames.
jackson_6_19 six 
LOG (lattice-best-path[5.2.134~1-ecd4]:main():lattice-best-path.cc:99) For utterance jackson_6_2, best cost 68.2565 + 6596.78 = 6665.04 over 61 frames.
jackson_6_2 six 
LOG (lattice-best-path[5.2.134~1-ecd4]:main():lattice-best-path.cc:99) For utterance jackson_6_20, best cost 73.8361 + 7274.79 = 7348.62 over 67 frames.
jackson_6_20 six 
LOG (lattice-best-path[5.2.134~1-ecd4]:main():lattice-best-path.cc:99) For utterance jackson_6_21, best cost 77.9032 + 8346.68 = 8424.59 over 78 frames.
jackson_6_21 six 
LOG (lattice-best-path[5.2.134~1-ecd4]:main():lattice-best-path.cc:99) For utterance jackson_6_22, best cost 70.9202 + 7068.22 = 7139.15 over 69 frames.
jackson_6_22 six 
LOG (lattice-best-path[5.2.134~1-ecd4]:main():lattice-best-path.cc:99) For utterance jackson_6_23, best cost 73.6671 + 8332.74 = 8406.4 over 80 frames.
jackson_6_23 six 
LOG (lattice-best-path[5.2.134~1-ecd4]:main():lattice-best-path.cc:99) For utterance jackson_6_24, best cost 69.8635 + 7297.28 = 7367.14 over 70 frames.
jackson_6_24 six 
LOG (lattice-best-path[5.2.134~1-ecd4]:main():lattice-best-path.cc:99) For utterance jackson_6_25, best cost 77.303 + 7811.04 = 7888.34 over 77 frames.
jackson_6_25 six 
LOG (lattice-best-path[5.2.134~1-ecd4]:main():lattice-best-path.cc:99) For utterance jackson_6_26, best cost 72.6698 + 7358.96 = 7431.63 over 70 frames.
jackson_6_26 six 
LOG (lattice-best-path[5.2.134~1-ecd4]:main():lattice-best-path.cc:99) For utterance jackson_6_27, best cost 74.818 + 8173.85 = 8248.67 over 79 frames.
jackson_6_27 six 
LOG (lattice-best-path[5.2.134~1-ecd4]:main():lattice-best-path.cc:99) For utterance jackson_6_28, best cost 68.1225 + 7033.71 = 7101.83 over 63 frames.
jackson_6_28 six 
LOG (lattice-best-path[5.2.134~1-ecd4]:main():lattice-best-path.cc:99) For utterance jackson_6_29, best cost 66.21 + 6589.62 = 6655.83 over 60 frames.
jackson_6_29 six 
LOG (lattice-best-path[5.2.134~1-ecd4]:main():lattice-best-path.cc:99) For utterance jackson_6_3, best cost 73.0233 + 9447.25 = 9520.28 over 85 frames.
jackson_6_3 six 
LOG (lattice-best-path[5.2.134~1-ecd4]:main():lattice-best-path.cc:99) For utterance jackson_6_30, best cost 69.913 + 8439.01 = 8508.93 over 78 frames.
jackson_6_30 six 
LOG (lattice-best-path[5.2.134~1-ecd4]:main():lattice-best-path.cc:99) For utterance jackson_6_31, best cost 68.8624 + 6519.99 = 6588.85 over 61 frames.
jackson_6_31 six 
LOG (lattice-best-path[5.2.134~1-ecd4]:main():lattice-best-path.cc:99) For utterance jackson_6_32, best cost 80.1841 + 9012.64 = 9092.82 over 83 frames.
jackson_6_32 six 
LOG (lattice-best-path[5.2.134~1-ecd4]:main():lattice-best-path.cc:99) For utterance jackson_6_33, best cost 71.3214 + 6624.37 = 6695.69 over 62 frames.
jackson_6_33 six 
LOG (lattice-best-path[5.2.134~1-ecd4]:main():lattice-best-path.cc:99) For utterance jackson_6_34, best cost 69.6013 + 6125.82 = 6195.42 over 56 frames.
jackson_6_34 six 
LOG (lattice-best-path[5.2.134~1-ecd4]:main():lattice-best-path.cc:99) For utterance jackson_6_35, best cost 67.8685 + 7153.68 = 7221.55 over 62 frames.
jackson_6_35 six 
LOG (lattice-best-path[5.2.134~1-ecd4]:main():lattice-best-path.cc:99) For utterance jackson_6_36, best cost 66.0514 + 6190.59 = 6256.64 over 56 frames.
jackson_6_36 six 
LOG (lattice-best-path[5.2.134~1-ecd4]:main():lattice-best-path.cc:99) For utterance jackson_6_37, best cost 69.2222 + 6964.6 = 7033.82 over 68 frames.
jackson_6_37 six 
LOG (lattice-best-path[5.2.134~1-ecd4]:main():lattice-best-path.cc:99) For utterance jackson_6_38, best cost 73.7936 + 7869.53 = 7943.33 over 73 frames.
jackson_6_38 six 
LOG (lattice-best-path[5.2.134~1-ecd4]:main():lattice-best-path.cc:99) For utterance jackson_6_39, best cost 70.0522 + 7047.1 = 7117.15 over 64 frames.
jackson_6_39 six 
LOG (lattice-best-path[5.2.134~1-ecd4]:main():lattice-best-path.cc:99) For utterance jackson_6_4, best cost 71.9083 + 6852.4 = 6924.31 over 61 frames.
jackson_6_4 six 
LOG (lattice-best-path[5.2.134~1-ecd4]:main():lattice-best-path.cc:99) For utterance jackson_6_40, best cost 69.5912 + 6305.84 = 6375.43 over 57 frames.
jackson_6_40 six 
LOG (lattice-best-path[5.2.134~1-ecd4]:main():lattice-best-path.cc:99) For utterance jackson_6_41, best cost 67.8214 + 5825.27 = 5893.09 over 54 frames.
jackson_6_41 six 
LOG (lattice-best-path[5.2.134~1-ecd4]:main():lattice-best-path.cc:99) For utterance jackson_6_42, best cost 64.2124 + 5154.4 = 5218.61 over 49 frames.
jackson_6_42 six 
LOG (lattice-best-path[5.2.134~1-ecd4]:main():lattice-best-path.cc:99) For utterance jackson_6_43, best cost 72.7991 + 6890.69 = 6963.49 over 65 frames.
jackson_6_43 six 
LOG (lattice-best-path[5.2.134~1-ecd4]:main():lattice-best-path.cc:99) For utterance jackson_6_44, best cost 67.2504 + 4975.94 = 5043.2 over 47 frames.
jackson_6_44 six 
LOG (lattice-best-path[5.2.134~1-ecd4]:main():lattice-best-path.cc:99) For utterance jackson_6_45, best cost 69.3361 + 6163.25 = 6232.59 over 57 frames.
jackson_6_45 six 
LOG (lattice-best-path[5.2.134~1-ecd4]:main():lattice-best-path.cc:99) For utterance jackson_6_46, best cost 73.6333 + 8071.02 = 8144.66 over 77 frames.
jackson_6_46 six 
LOG (lattice-best-path[5.2.134~1-ecd4]:main():lattice-best-path.cc:99) For utterance jackson_6_47, best cost 72.7102 + 7463.04 = 7535.75 over 68 frames.
jackson_6_47 six 
LOG (lattice-best-path[5.2.134~1-ecd4]:main():lattice-best-path.cc:99) For utterance jackson_6_48, best cost 66.4387 + 5358.23 = 5424.67 over 52 frames.
jackson_6_48 six 
LOG (lattice-best-path[5.2.134~1-ecd4]:main():lattice-best-path.cc:99) For utterance jackson_6_49, best cost 69.1338 + 7368.33 = 7437.46 over 67 frames.
jackson_6_49 six 
LOG (lattice-best-path[5.2.134~1-ecd4]:main():lattice-best-path.cc:99) For utterance jackson_6_5, best cost 68.8671 + 6712.45 = 6781.32 over 66 frames.
jackson_6_5 six 
LOG (lattice-best-path[5.2.134~1-ecd4]:main():lattice-best-path.cc:99) For utterance jackson_6_6, best cost 73.7141 + 7749.85 = 7823.57 over 74 frames.
jackson_6_6 six 
LOG (lattice-best-path[5.2.134~1-ecd4]:main():lattice-best-path.cc:99) For utterance jackson_6_7, best cost 67.3599 + 6534.17 = 6601.53 over 62 frames.
jackson_6_7 six 
LOG (lattice-best-path[5.2.134~1-ecd4]:main():lattice-best-path.cc:99) For utterance jackson_6_8, best cost 76.8612 + 8672.57 = 8749.43 over 81 frames.
jackson_6_8 six 
LOG (lattice-best-path[5.2.134~1-ecd4]:main():lattice-best-path.cc:99) For utterance jackson_6_9, best cost 74.0592 + 8324.91 = 8398.97 over 81 frames.
jackson_6_9 six 
LOG (lattice-best-path[5.2.134~1-ecd4]:main():lattice-best-path.cc:99) For utterance jackson_7_0, best cost 60.2534 + 4452.16 = 4512.41 over 41 frames.
jackson_7_0 seven 
LOG (lattice-best-path[5.2.134~1-ecd4]:main():lattice-best-path.cc:99) For utterance jackson_7_1, best cost 63.3645 + 4506.84 = 4570.2 over 45 frames.
jackson_7_1 seven 
LOG (lattice-best-path[5.2.134~1-ecd4]:main():lattice-best-path.cc:99) For utterance jackson_7_10, best cost 63.8439 + 4140.82 = 4204.66 over 42 frames.
jackson_7_10 seven 
LOG (lattice-best-path[5.2.134~1-ecd4]:main():lattice-best-path.cc:99) For utterance jackson_7_11, best cost 60.9459 + 3989.5 = 4050.45 over 39 frames.
jackson_7_11 five 
LOG (lattice-best-path[5.2.134~1-ecd4]:main():lattice-best-path.cc:99) For utterance jackson_7_12, best cost 64.31 + 4648.61 = 4712.92 over 42 frames.
jackson_7_12 seven 
LOG (lattice-best-path[5.2.134~1-ecd4]:main():lattice-best-path.cc:99) For utterance jackson_7_13, best cost 65.2526 + 4363.93 = 4429.19 over 43 frames.
jackson_7_13 seven 
LOG (lattice-best-path[5.2.134~1-ecd4]:main():lattice-best-path.cc:99) For utterance jackson_7_14, best cost 70.7645 + 4575.6 = 4646.36 over 46 frames.
jackson_7_14 seven 
LOG (lattice-best-path[5.2.134~1-ecd4]:main():lattice-best-path.cc:99) For utterance jackson_7_15, best cost 67.6042 + 4204.56 = 4272.16 over 38 frames.
jackson_7_15 seven 
LOG (lattice-best-path[5.2.134~1-ecd4]:main():lattice-best-path.cc:99) For utterance jackson_7_16, best cost 65.7211 + 4359.56 = 4425.28 over 41 frames.
jackson_7_16 seven 
LOG (lattice-best-path[5.2.134~1-ecd4]:main():lattice-best-path.cc:99) For utterance jackson_7_17, best cost 68.0142 + 4742.11 = 4810.13 over 45 frames.
jackson_7_17 seven 
LOG (lattice-best-path[5.2.134~1-ecd4]:main():lattice-best-path.cc:99) For utterance jackson_7_18, best cost 62.7729 + 3986.89 = 4049.66 over 39 frames.
jackson_7_18 seven 
LOG (lattice-best-path[5.2.134~1-ecd4]:main():lattice-best-path.cc:99) For utterance jackson_7_19, best cost 68.126 + 4537.31 = 4605.43 over 45 frames.
jackson_7_19 seven 
LOG (lattice-best-path[5.2.134~1-ecd4]:main():lattice-best-path.cc:99) For utterance jackson_7_2, best cost 62.2524 + 3725.06 = 3787.31 over 36 frames.
jackson_7_2 seven 
LOG (lattice-best-path[5.2.134~1-ecd4]:main():lattice-best-path.cc:99) For utterance jackson_7_20, best cost 70.4973 + 4789.52 = 4860.01 over 44 frames.
jackson_7_20 seven 
LOG (lattice-best-path[5.2.134~1-ecd4]:main():lattice-best-path.cc:99) For utterance jackson_7_21, best cost 70.2099 + 5352.79 = 5423 over 50 frames.
jackson_7_21 seven 
LOG (lattice-best-path[5.2.134~1-ecd4]:main():lattice-best-path.cc:99) For utterance jackson_7_22, best cost 65.4439 + 4577.3 = 4642.75 over 42 frames.
jackson_7_22 seven 
LOG (lattice-best-path[5.2.134~1-ecd4]:main():lattice-best-path.cc:99) For utterance jackson_7_23, best cost 66.736 + 5427.3 = 5494.04 over 54 frames.
jackson_7_23 seven 
LOG (lattice-best-path[5.2.134~1-ecd4]:main():lattice-best-path.cc:99) For utterance jackson_7_24, best cost 65.417 + 4584.08 = 4649.5 over 42 frames.
jackson_7_24 seven 
LOG (lattice-best-path[5.2.134~1-ecd4]:main():lattice-best-path.cc:99) For utterance jackson_7_25, best cost 98.637 + 5085.63 = 5184.27 over 45 frames.
jackson_7_25 five seven 
LOG (lattice-best-path[5.2.134~1-ecd4]:main():lattice-best-path.cc:99) For utterance jackson_7_26, best cost 97.5369 + 5058.76 = 5156.3 over 47 frames.
jackson_7_26 five seven 
LOG (lattice-best-path[5.2.134~1-ecd4]:main():lattice-best-path.cc:99) For utterance jackson_7_27, best cost 97.0047 + 5160.9 = 5257.91 over 47 frames.
jackson_7_27 five seven 
LOG (lattice-best-path[5.2.134~1-ecd4]:main():lattice-best-path.cc:99) For utterance jackson_7_28, best cost 66.1456 + 4338.67 = 4404.82 over 41 frames.
jackson_7_28 seven 
LOG (lattice-best-path[5.2.134~1-ecd4]:main():lattice-best-path.cc:99) For utterance jackson_7_29, best cost 64.4313 + 4541.82 = 4606.25 over 43 frames.
jackson_7_29 seven 
LOG (lattice-best-path[5.2.134~1-ecd4]:main():lattice-best-path.cc:99) For utterance jackson_7_3, best cost 62.6944 + 4225.14 = 4287.83 over 41 frames.
jackson_7_3 seven 
LOG (lattice-best-path[5.2.134~1-ecd4]:main():lattice-best-path.cc:99) For utterance jackson_7_30, best cost 66.8968 + 4498.84 = 4565.73 over 44 frames.
jackson_7_30 seven 
LOG (lattice-best-path[5.2.134~1-ecd4]:main():lattice-best-path.cc:99) For utterance jackson_7_31, best cost 63.1428 + 4011.48 = 4074.63 over 40 frames.
jackson_7_31 seven 
LOG (lattice-best-path[5.2.134~1-ecd4]:main():lattice-best-path.cc:99) For utterance jackson_7_32, best cost 67.7409 + 5451.58 = 5519.32 over 52 frames.
jackson_7_32 seven 
LOG (lattice-best-path[5.2.134~1-ecd4]:main():lattice-best-path.cc:99) For utterance jackson_7_33, best cost 62.6801 + 5592.93 = 5655.61 over 52 frames.
jackson_7_33 seven 
LOG (lattice-best-path[5.2.134~1-ecd4]:main():lattice-best-path.cc:99) For utterance jackson_7_34, best cost 67.6383 + 5449.38 = 5517.02 over 49 frames.
jackson_7_34 seven 
LOG (lattice-best-path[5.2.134~1-ecd4]:main():lattice-best-path.cc:99) For utterance jackson_7_35, best cost 62.0488 + 3888.64 = 3950.69 over 39 frames.
jackson_7_35 seven 
LOG (lattice-best-path[5.2.134~1-ecd4]:main():lattice-best-path.cc:99) For utterance jackson_7_36, best cost 62.3173 + 4039.63 = 4101.95 over 38 frames.
jackson_7_36 seven 
LOG (lattice-best-path[5.2.134~1-ecd4]:main():lattice-best-path.cc:99) For utterance jackson_7_37, best cost 64.0405 + 3968.94 = 4032.98 over 39 frames.
jackson_7_37 seven 
LOG (lattice-best-path[5.2.134~1-ecd4]:main():lattice-best-path.cc:99) For utterance jackson_7_38, best cost 66.6671 + 5530 = 5596.67 over 46 frames.
jackson_7_38 seven 
LOG (lattice-best-path[5.2.134~1-ecd4]:main():lattice-best-path.cc:99) For utterance jackson_7_39, best cost 101.801 + 5418.64 = 5520.44 over 49 frames.
jackson_7_39 seven 
LOG (lattice-best-path[5.2.134~1-ecd4]:main():lattice-best-path.cc:99) For utterance jackson_7_4, best cost 69.496 + 4353.12 = 4422.62 over 40 frames.
jackson_7_4 seven 
LOG (lattice-best-path[5.2.134~1-ecd4]:main():lattice-best-path.cc:99) For utterance jackson_7_40, best cost 62.7593 + 5124.22 = 5186.98 over 47 frames.
jackson_7_40 five 
LOG (lattice-best-path[5.2.134~1-ecd4]:main():lattice-best-path.cc:99) For utterance jackson_7_41, best cost 93.2754 + 5414.97 = 5508.25 over 48 frames.
jackson_7_41 nine 
LOG (lattice-best-path[5.2.134~1-ecd4]:main():lattice-best-path.cc:99) For utterance jackson_7_42, best cost 75.325 + 5080.21 = 5155.54 over 46 frames.
jackson_7_42 seven 
LOG (lattice-best-path[5.2.134~1-ecd4]:main():lattice-best-path.cc:99) For utterance jackson_7_43, best cost 74.9393 + 5575.73 = 5650.67 over 52 frames.
jackson_7_43 seven 
LOG (lattice-best-path[5.2.134~1-ecd4]:main():lattice-best-path.cc:99) For utterance jackson_7_44, best cost 64.9249 + 5261.31 = 5326.24 over 49 frames.
jackson_7_44 five 
LOG (lattice-best-path[5.2.134~1-ecd4]:main():lattice-best-path.cc:99) For utterance jackson_7_45, best cost 98.7631 + 4724.72 = 4823.49 over 44 frames.
jackson_7_45 seven 
LOG (lattice-best-path[5.2.134~1-ecd4]:main():lattice-best-path.cc:99) For utterance jackson_7_46, best cost 72.2093 + 5109.38 = 5181.59 over 47 frames.
jackson_7_46 seven 
LOG (lattice-best-path[5.2.134~1-ecd4]:main():lattice-best-path.cc:99) For utterance jackson_7_47, best cost 67.2793 + 5378.54 = 5445.82 over 47 frames.
jackson_7_47 seven 
LOG (lattice-best-path[5.2.134~1-ecd4]:main():lattice-best-path.cc:99) For utterance jackson_7_48, best cost 69.5821 + 4855.58 = 4925.16 over 44 frames.
jackson_7_48 seven 
LOG (lattice-best-path[5.2.134~1-ecd4]:main():lattice-best-path.cc:99) For utterance jackson_7_49, best cost 70.4561 + 5317.36 = 5387.81 over 47 frames.
jackson_7_49 seven 
LOG (lattice-best-path[5.2.134~1-ecd4]:main():lattice-best-path.cc:99) For utterance jackson_7_5, best cost 71.4774 + 4280.12 = 4351.59 over 43 frames.
jackson_7_5 seven 
LOG (lattice-best-path[5.2.134~1-ecd4]:main():lattice-best-path.cc:99) For utterance jackson_7_6, best cost 63.9308 + 4671.55 = 4735.48 over 43 frames.
jackson_7_6 seven 
LOG (lattice-best-path[5.2.134~1-ecd4]:main():lattice-best-path.cc:99) For utterance jackson_7_7, best cost 65.5142 + 4137.9 = 4203.41 over 40 frames.
jackson_7_7 seven 
LOG (lattice-best-path[5.2.134~1-ecd4]:main():lattice-best-path.cc:99) For utterance jackson_7_8, best cost 69.409 + 4367.17 = 4436.58 over 41 frames.
jackson_7_8 seven 
LOG (lattice-best-path[5.2.134~1-ecd4]:main():lattice-best-path.cc:99) For utterance jackson_7_9, best cost 71.8516 + 4522.19 = 4594.04 over 42 frames.
jackson_7_9 seven 
LOG (lattice-best-path[5.2.134~1-ecd4]:main():lattice-best-path.cc:99) For utterance jackson_8_0, best cost 61.0306 + 3430.52 = 3491.55 over 33 frames.
jackson_8_0 eight 
LOG (lattice-best-path[5.2.134~1-ecd4]:main():lattice-best-path.cc:99) For utterance jackson_8_1, best cost 58.6548 + 3936.87 = 3995.52 over 38 frames.
jackson_8_1 eight 
LOG (lattice-best-path[5.2.134~1-ecd4]:main():lattice-best-path.cc:99) For utterance jackson_8_10, best cost 51.9599 + 3471.42 = 3523.38 over 34 frames.
jackson_8_10 eight 
LOG (lattice-best-path[5.2.134~1-ecd4]:main():lattice-best-path.cc:99) For utterance jackson_8_11, best cost 56.0054 + 4206.77 = 4262.77 over 39 frames.
jackson_8_11 eight 
LOG (lattice-best-path[5.2.134~1-ecd4]:main():lattice-best-path.cc:99) For utterance jackson_8_12, best cost 59.4549 + 3472.04 = 3531.5 over 34 frames.
jackson_8_12 eight 
LOG (lattice-best-path[5.2.134~1-ecd4]:main():lattice-best-path.cc:99) For utterance jackson_8_13, best cost 57.9794 + 3992.52 = 4050.5 over 36 frames.
jackson_8_13 eight 
LOG (lattice-best-path[5.2.134~1-ecd4]:main():lattice-best-path.cc:99) For utterance jackson_8_14, best cost 55.5586 + 3470.75 = 3526.31 over 34 frames.
jackson_8_14 eight 
LOG (lattice-best-path[5.2.134~1-ecd4]:main():lattice-best-path.cc:99) For utterance jackson_8_15, best cost 60.9135 + 3971.74 = 4032.66 over 37 frames.
jackson_8_15 eight 
LOG (lattice-best-path[5.2.134~1-ecd4]:main():lattice-best-path.cc:99) For utterance jackson_8_16, best cost 55.3307 + 3527.68 = 3583.01 over 33 frames.
jackson_8_16 eight 
LOG (lattice-best-path[5.2.134~1-ecd4]:main():lattice-best-path.cc:99) For utterance jackson_8_17, best cost 52.3583 + 4198.15 = 4250.51 over 38 frames.
jackson_8_17 eight 
LOG (lattice-best-path[5.2.134~1-ecd4]:main():lattice-best-path.cc:99) For utterance jackson_8_18, best cost 54.1239 + 3963.99 = 4018.12 over 38 frames.
jackson_8_18 eight 
LOG (lattice-best-path[5.2.134~1-ecd4]:main():lattice-best-path.cc:99) For utterance jackson_8_19, best cost 53.1272 + 3904.05 = 3957.18 over 36 frames.
jackson_8_19 eight 
LOG (lattice-best-path[5.2.134~1-ecd4]:main():lattice-best-path.cc:99) For utterance jackson_8_2, best cost 52.7143 + 3827.71 = 3880.43 over 36 frames.
jackson_8_2 eight 
LOG (lattice-best-path[5.2.134~1-ecd4]:main():lattice-best-path.cc:99) For utterance jackson_8_20, best cost 59.3505 + 4006.33 = 4065.68 over 37 frames.
jackson_8_20 eight 
LOG (lattice-best-path[5.2.134~1-ecd4]:main():lattice-best-path.cc:99) For utterance jackson_8_21, best cost 58.7281 + 3991.73 = 4050.46 over 37 frames.
jackson_8_21 eight 
LOG (lattice-best-path[5.2.134~1-ecd4]:main():lattice-best-path.cc:99) For utterance jackson_8_22, best cost 61.4801 + 4516.48 = 4577.96 over 43 frames.
jackson_8_22 eight 
LOG (lattice-best-path[5.2.134~1-ecd4]:main():lattice-best-path.cc:99) For utterance jackson_8_23, best cost 62.4357 + 4324.35 = 4386.78 over 42 frames.
jackson_8_23 eight 
LOG (lattice-best-path[5.2.134~1-ecd4]:main():lattice-best-path.cc:99) For utterance jackson_8_24, best cost 56.5555 + 3730.02 = 3786.57 over 35 frames.
jackson_8_24 eight 
LOG (lattice-best-path[5.2.134~1-ecd4]:main():lattice-best-path.cc:99) For utterance jackson_8_25, best cost 57.8718 + 4052.16 = 4110.03 over 38 frames.
jackson_8_25 eight 
LOG (lattice-best-path[5.2.134~1-ecd4]:main():lattice-best-path.cc:99) For utterance jackson_8_26, best cost 64.2721 + 4831.74 = 4896.01 over 44 frames.
jackson_8_26 eight 
LOG (lattice-best-path[5.2.134~1-ecd4]:main():lattice-best-path.cc:99) For utterance jackson_8_27, best cost 58.9156 + 3996.57 = 4055.49 over 39 frames.
jackson_8_27 eight 
LOG (lattice-best-path[5.2.134~1-ecd4]:main():lattice-best-path.cc:99) For utterance jackson_8_28, best cost 53.4345 + 4155.75 = 4209.18 over 39 frames.
jackson_8_28 eight 
LOG (lattice-best-path[5.2.134~1-ecd4]:main():lattice-best-path.cc:99) For utterance jackson_8_29, best cost 58.7308 + 3945.7 = 4004.43 over 38 frames.
jackson_8_29 eight 
LOG (lattice-best-path[5.2.134~1-ecd4]:main():lattice-best-path.cc:99) For utterance jackson_8_3, best cost 60.2678 + 3887.09 = 3947.36 over 37 frames.
jackson_8_3 eight 
LOG (lattice-best-path[5.2.134~1-ecd4]:main():lattice-best-path.cc:99) For utterance jackson_8_30, best cost 59.0619 + 4347.81 = 4406.87 over 42 frames.
jackson_8_30 eight 
LOG (lattice-best-path[5.2.134~1-ecd4]:main():lattice-best-path.cc:99) For utterance jackson_8_31, best cost 57.5793 + 4305.25 = 4362.83 over 40 frames.
jackson_8_31 eight 
LOG (lattice-best-path[5.2.134~1-ecd4]:main():lattice-best-path.cc:99) For utterance jackson_8_32, best cost 56.4352 + 4616.64 = 4673.07 over 44 frames.
jackson_8_32 eight 
LOG (lattice-best-path[5.2.134~1-ecd4]:main():lattice-best-path.cc:99) For utterance jackson_8_33, best cost 58.6904 + 4799.86 = 4858.55 over 43 frames.
jackson_8_33 eight 
LOG (lattice-best-path[5.2.134~1-ecd4]:main():lattice-best-path.cc:99) For utterance jackson_8_34, best cost 55.9983 + 4704.29 = 4760.29 over 46 frames.
jackson_8_34 eight 
LOG (lattice-best-path[5.2.134~1-ecd4]:main():lattice-best-path.cc:99) For utterance jackson_8_35, best cost 57.3591 + 4829.52 = 4886.88 over 46 frames.
jackson_8_35 eight 
LOG (lattice-best-path[5.2.134~1-ecd4]:main():lattice-best-path.cc:99) For utterance jackson_8_36, best cost 55.4869 + 4279.96 = 4335.44 over 40 frames.
jackson_8_36 eight 
LOG (lattice-best-path[5.2.134~1-ecd4]:main():lattice-best-path.cc:99) For utterance jackson_8_37, best cost 53.4117 + 4187.22 = 4240.63 over 39 frames.
jackson_8_37 eight 
LOG (lattice-best-path[5.2.134~1-ecd4]:main():lattice-best-path.cc:99) For utterance jackson_8_38, best cost 53.0593 + 4537.71 = 4590.77 over 43 frames.
jackson_8_38 eight 
LOG (lattice-best-path[5.2.134~1-ecd4]:main():lattice-best-path.cc:99) For utterance jackson_8_39, best cost 59.4042 + 4853.87 = 4913.28 over 45 frames.
jackson_8_39 eight 
LOG (lattice-best-path[5.2.134~1-ecd4]:main():lattice-best-path.cc:99) For utterance jackson_8_4, best cost 58.673 + 4129.52 = 4188.2 over 39 frames.
jackson_8_4 eight 
LOG (lattice-best-path[5.2.134~1-ecd4]:main():lattice-best-path.cc:99) For utterance jackson_8_40, best cost 61.0947 + 4343.19 = 4404.28 over 42 frames.
jackson_8_40 eight 
LOG (lattice-best-path[5.2.134~1-ecd4]:main():lattice-best-path.cc:99) For utterance jackson_8_41, best cost 64.3061 + 6145.12 = 6209.42 over 56 frames.
jackson_8_41 eight 
LOG (lattice-best-path[5.2.134~1-ecd4]:main():lattice-best-path.cc:99) For utterance jackson_8_42, best cost 55.4757 + 4080.65 = 4136.12 over 40 frames.
jackson_8_42 eight 
LOG (lattice-best-path[5.2.134~1-ecd4]:main():lattice-best-path.cc:99) For utterance jackson_8_43, best cost 56.2573 + 4015.38 = 4071.63 over 40 frames.
jackson_8_43 eight 
LOG (lattice-best-path[5.2.134~1-ecd4]:main():lattice-best-path.cc:99) For utterance jackson_8_44, best cost 58.8488 + 4425.86 = 4484.71 over 42 frames.
jackson_8_44 eight 
LOG (lattice-best-path[5.2.134~1-ecd4]:main():lattice-best-path.cc:99) For utterance jackson_8_45, best cost 57.1338 + 4584.48 = 4641.61 over 42 frames.
jackson_8_45 eight 
LOG (lattice-best-path[5.2.134~1-ecd4]:main():lattice-best-path.cc:99) For utterance jackson_8_46, best cost 56.5885 + 4266.56 = 4323.15 over 40 frames.
jackson_8_46 eight 
LOG (lattice-best-path[5.2.134~1-ecd4]:main():lattice-best-path.cc:99) For utterance jackson_8_47, best cost 52.7304 + 4222.29 = 4275.02 over 41 frames.
jackson_8_47 eight 
LOG (lattice-best-path[5.2.134~1-ecd4]:main():lattice-best-path.cc:99) For utterance jackson_8_48, best cost 52.699 + 4286.49 = 4339.19 over 40 frames.
jackson_8_48 eight 
LOG (lattice-best-path[5.2.134~1-ecd4]:main():lattice-best-path.cc:99) For utterance jackson_8_49, best cost 57.858 + 4795.07 = 4852.93 over 45 frames.
jackson_8_49 eight 
LOG (lattice-best-path[5.2.134~1-ecd4]:main():lattice-best-path.cc:99) For utterance jackson_8_5, best cost 57.6286 + 4294.84 = 4352.47 over 41 frames.
jackson_8_5 eight 
LOG (lattice-best-path[5.2.134~1-ecd4]:main():lattice-best-path.cc:99) For utterance jackson_8_6, best cost 54.6567 + 4218.23 = 4272.89 over 40 frames.
jackson_8_6 eight 
LOG (lattice-best-path[5.2.134~1-ecd4]:main():lattice-best-path.cc:99) For utterance jackson_8_7, best cost 59.1745 + 4476.59 = 4535.77 over 41 frames.
jackson_8_7 eight 
LOG (lattice-best-path[5.2.134~1-ecd4]:main():lattice-best-path.cc:99) For utterance jackson_8_8, best cost 58.9328 + 3729.78 = 3788.71 over 35 frames.
jackson_8_8 eight 
LOG (lattice-best-path[5.2.134~1-ecd4]:main():lattice-best-path.cc:99) For utterance jackson_8_9, best cost 52.2952 + 3992.38 = 4044.67 over 36 frames.
jackson_8_9 eight 
LOG (lattice-best-path[5.2.134~1-ecd4]:main():lattice-best-path.cc:99) For utterance jackson_9_0, best cost 75.164 + 5693.87 = 5769.03 over 58 frames.
jackson_9_0 nine 
LOG (lattice-best-path[5.2.134~1-ecd4]:main():lattice-best-path.cc:99) For utterance jackson_9_1, best cost 73.5407 + 5746.89 = 5820.43 over 55 frames.
jackson_9_1 nine 
LOG (lattice-best-path[5.2.134~1-ecd4]:main():lattice-best-path.cc:99) For utterance jackson_9_10, best cost 93.4447 + 5376.28 = 5469.73 over 49 frames.
jackson_9_10 five 
LOG (lattice-best-path[5.2.134~1-ecd4]:main():lattice-best-path.cc:99) For utterance jackson_9_11, best cost 88.2451 + 6087.41 = 6175.66 over 60 frames.
jackson_9_11 nine 
LOG (lattice-best-path[5.2.134~1-ecd4]:main():lattice-best-path.cc:99) For utterance jackson_9_12, best cost 64.3058 + 5719.53 = 5783.84 over 56 frames.
jackson_9_12 nine 
LOG (lattice-best-path[5.2.134~1-ecd4]:main():lattice-best-path.cc:99) For utterance jackson_9_13, best cost 83.4103 + 5803.7 = 5887.11 over 57 frames.
jackson_9_13 nine 
LOG (lattice-best-path[5.2.134~1-ecd4]:main():lattice-best-path.cc:99) For utterance jackson_9_14, best cost 84.942 + 6494.69 = 6579.63 over 60 frames.
jackson_9_14 nine 
LOG (lattice-best-path[5.2.134~1-ecd4]:main():lattice-best-path.cc:99) For utterance jackson_9_15, best cost 80.7033 + 6196.6 = 6277.3 over 57 frames.
jackson_9_15 nine 
LOG (lattice-best-path[5.2.134~1-ecd4]:main():lattice-best-path.cc:99) For utterance jackson_9_16, best cost 80.6037 + 4626.01 = 4706.62 over 45 frames.
jackson_9_16 nine 
LOG (lattice-best-path[5.2.134~1-ecd4]:main():lattice-best-path.cc:99) For utterance jackson_9_17, best cost 76.02 + 4815.62 = 4891.64 over 46 frames.
jackson_9_17 nine 
LOG (lattice-best-path[5.2.134~1-ecd4]:main():lattice-best-path.cc:99) For utterance jackson_9_18, best cost 95.3166 + 5352.85 = 5448.17 over 52 frames.
jackson_9_18 five 
LOG (lattice-best-path[5.2.134~1-ecd4]:main():lattice-best-path.cc:99) For utterance jackson_9_19, best cost 75.1943 + 5275.2 = 5350.4 over 52 frames.
jackson_9_19 nine 
LOG (lattice-best-path[5.2.134~1-ecd4]:main():lattice-best-path.cc:99) For utterance jackson_9_2, best cost 84.3362 + 5930.79 = 6015.13 over 56 frames.
jackson_9_2 nine 
LOG (lattice-best-path[5.2.134~1-ecd4]:main():lattice-best-path.cc:99) For utterance jackson_9_20, best cost 86.6843 + 5821.8 = 5908.49 over 57 frames.
jackson_9_20 nine 
LOG (lattice-best-path[5.2.134~1-ecd4]:main():lattice-best-path.cc:99) For utterance jackson_9_21, best cost 115.598 + 5417.03 = 5532.63 over 52 frames.
jackson_9_21 nine 
LOG (lattice-best-path[5.2.134~1-ecd4]:main():lattice-best-path.cc:99) For utterance jackson_9_22, best cost 81.1853 + 5171.73 = 5252.92 over 50 frames.
jackson_9_22 nine 
LOG (lattice-best-path[5.2.134~1-ecd4]:main():lattice-best-path.cc:99) For utterance jackson_9_23, best cost 72.422 + 6275.76 = 6348.18 over 60 frames.
jackson_9_23 nine 
LOG (lattice-best-path[5.2.134~1-ecd4]:main():lattice-best-path.cc:99) For utterance jackson_9_24, best cost 103.613 + 5290.86 = 5394.47 over 52 frames.
jackson_9_24 nine 
LOG (lattice-best-path[5.2.134~1-ecd4]:main():lattice-best-path.cc:99) For utterance jackson_9_25, best cost 107.28 + 4596.82 = 4704.1 over 47 frames.
jackson_9_25 nine 
LOG (lattice-best-path[5.2.134~1-ecd4]:main():lattice-best-path.cc:99) For utterance jackson_9_26, best cost 71.6665 + 6107.63 = 6179.3 over 60 frames.
jackson_9_26 nine 
LOG (lattice-best-path[5.2.134~1-ecd4]:main():lattice-best-path.cc:99) For utterance jackson_9_27, best cost 82.0795 + 5966.27 = 6048.35 over 59 frames.
jackson_9_27 nine 
LOG (lattice-best-path[5.2.134~1-ecd4]:main():lattice-best-path.cc:99) For utterance jackson_9_28, best cost 77.7052 + 5901.68 = 5979.38 over 59 frames.
jackson_9_28 nine 
LOG (lattice-best-path[5.2.134~1-ecd4]:main():lattice-best-path.cc:99) For utterance jackson_9_29, best cost 66.0396 + 5080.12 = 5146.16 over 50 frames.
jackson_9_29 five 
LOG (lattice-best-path[5.2.134~1-ecd4]:main():lattice-best-path.cc:99) For utterance jackson_9_3, best cost 95.1629 + 5599.11 = 5694.27 over 52 frames.
jackson_9_3 five 
LOG (lattice-best-path[5.2.134~1-ecd4]:main():lattice-best-path.cc:99) For utterance jackson_9_30, best cost 95.8496 + 7481.46 = 7577.3 over 62 frames.
jackson_9_30 nine 
LOG (lattice-best-path[5.2.134~1-ecd4]:main():lattice-best-path.cc:99) For utterance jackson_9_31, best cost 66.7991 + 7178.24 = 7245.04 over 63 frames.
jackson_9_31 nine 
LOG (lattice-best-path[5.2.134~1-ecd4]:main():lattice-best-path.cc:99) For utterance jackson_9_32, best cost 63.7061 + 6843.66 = 6907.37 over 62 frames.
jackson_9_32 nine 
LOG (lattice-best-path[5.2.134~1-ecd4]:main():lattice-best-path.cc:99) For utterance jackson_9_33, best cost 95.9543 + 7442.32 = 7538.28 over 66 frames.
jackson_9_33 nine 
LOG (lattice-best-path[5.2.134~1-ecd4]:main():lattice-best-path.cc:99) For utterance jackson_9_34, best cost 99.9764 + 7034.72 = 7134.7 over 66 frames.
jackson_9_34 nine 
LOG (lattice-best-path[5.2.134~1-ecd4]:main():lattice-best-path.cc:99) For utterance jackson_9_35, best cost 97.6894 + 6983.29 = 7080.98 over 64 frames.
jackson_9_35 nine 
LOG (lattice-best-path[5.2.134~1-ecd4]:main():lattice-best-path.cc:99) For utterance jackson_9_36, best cost 97.4601 + 7094.41 = 7191.87 over 64 frames.
jackson_9_36 five 
LOG (lattice-best-path[5.2.134~1-ecd4]:main():lattice-best-path.cc:99) For utterance jackson_9_37, best cost 95.3679 + 6648.66 = 6744.03 over 60 frames.
jackson_9_37 five 
LOG (lattice-best-path[5.2.134~1-ecd4]:main():lattice-best-path.cc:99) For utterance jackson_9_38, best cost 96.0237 + 7120.82 = 7216.84 over 63 frames.
jackson_9_38 five 
LOG (lattice-best-path[5.2.134~1-ecd4]:main():lattice-best-path.cc:99) For utterance jackson_9_39, best cost 103.886 + 6592.52 = 6696.41 over 58 frames.
jackson_9_39 nine 
LOG (lattice-best-path[5.2.134~1-ecd4]:main():lattice-best-path.cc:99) For utterance jackson_9_4, best cost 95.2547 + 5843.79 = 5939.05 over 56 frames.
jackson_9_4 five 
LOG (lattice-best-path[5.2.134~1-ecd4]:main():lattice-best-path.cc:99) For utterance jackson_9_40, best cost 95.3048 + 6888.1 = 6983.4 over 60 frames.
jackson_9_40 five 
LOG (lattice-best-path[5.2.134~1-ecd4]:main():lattice-best-path.cc:99) For utterance jackson_9_41, best cost 95.5638 + 6349.86 = 6445.42 over 54 frames.
jackson_9_41 five 
LOG (lattice-best-path[5.2.134~1-ecd4]:main():lattice-best-path.cc:99) For utterance jackson_9_42, best cost 101.543 + 6242.62 = 6344.17 over 56 frames.
jackson_9_42 nine 
LOG (lattice-best-path[5.2.134~1-ecd4]:main():lattice-best-path.cc:99) For utterance jackson_9_43, best cost 96.5928 + 6744.47 = 6841.06 over 60 frames.
jackson_9_43 five 
LOG (lattice-best-path[5.2.134~1-ecd4]:main():lattice-best-path.cc:99) For utterance jackson_9_44, best cost 95.6905 + 6700.48 = 6796.17 over 58 frames.
jackson_9_44 five 
LOG (lattice-best-path[5.2.134~1-ecd4]:main():lattice-best-path.cc:99) For utterance jackson_9_45, best cost 95.6517 + 5691.91 = 5787.56 over 52 frames.
jackson_9_45 five 
LOG (lattice-best-path[5.2.134~1-ecd4]:main():lattice-best-path.cc:99) For utterance jackson_9_46, best cost 97.3122 + 7123.76 = 7221.07 over 63 frames.
jackson_9_46 five 
LOG (lattice-best-path[5.2.134~1-ecd4]:main():lattice-best-path.cc:99) For utterance jackson_9_47, best cost 96.0732 + 6642.3 = 6738.38 over 59 frames.
jackson_9_47 five 
LOG (lattice-best-path[5.2.134~1-ecd4]:main():lattice-best-path.cc:99) For utterance jackson_9_48, best cost 58.038 + 6886.95 = 6944.99 over 59 frames.
jackson_9_48 
LOG (lattice-best-path[5.2.134~1-ecd4]:main():lattice-best-path.cc:99) For utterance jackson_9_49, best cost 134.665 + 6917.28 = 7051.95 over 62 frames.
jackson_9_49 five nine 
LOG (lattice-best-path[5.2.134~1-ecd4]:main():lattice-best-path.cc:99) For utterance jackson_9_5, best cost 105.184 + 5658.57 = 5763.76 over 56 frames.
jackson_9_5 five nine 
LOG (lattice-best-path[5.2.134~1-ecd4]:main():lattice-best-path.cc:99) For utterance jackson_9_6, best cost 113.493 + 5447.18 = 5560.68 over 54 frames.
jackson_9_6 nine 
LOG (lattice-best-path[5.2.134~1-ecd4]:main():lattice-best-path.cc:99) For utterance jackson_9_7, best cost 68.307 + 5438.12 = 5506.42 over 52 frames.
jackson_9_7 nine 
LOG (lattice-best-path[5.2.134~1-ecd4]:main():lattice-best-path.cc:99) For utterance jackson_9_8, best cost 88.8025 + 6208.65 = 6297.45 over 62 frames.
jackson_9_8 nine 
LOG (lattice-best-path[5.2.134~1-ecd4]:main():lattice-best-path.cc:99) For utterance jackson_9_9, best cost 94.6548 + 5413.21 = 5507.87 over 52 frames.
jackson_9_9 nine 
LOG (lattice-best-path[5.2.134~1-ecd4]:main():lattice-best-path.cc:124) Overall cost per frame is 108.262 = 1.38772 [graph] + 106.874 [acoustic] over 24827 frames.
LOG (lattice-best-path[5.2.134~1-ecd4]:main():lattice-best-path.cc:128) Done 500 lattices, failed for 0
# Accounting: time=0 threads=1
# Ended (code 0) at Sat Nov 11 18:40:42 EST 2017, elapsed time 0 seconds
