# lattice-best-path --lm-scale=11 --word-symbol-table=exp/tri1/graph/words.txt "ark:gunzip -c exp/tri1/decode/lat.*.gz|" ark,t:exp/tri1/decode/scoring/11.tra 
# Started at Sat Nov 11 18:40:42 EST 2017
#
lattice-best-path --lm-scale=11 --word-symbol-table=exp/tri1/graph/words.txt 'ark:gunzip -c exp/tri1/decode/lat.*.gz|' ark,t:exp/tri1/decode/scoring/11.tra 
LOG (lattice-best-path[5.2.134~1-ecd4]:main():lattice-best-path.cc:99) For utterance jackson_0_0, best cost 93.7351 + 6327.95 = 6421.68 over 62 frames.
jackson_0_0 zero 
LOG (lattice-best-path[5.2.134~1-ecd4]:main():lattice-best-path.cc:99) For utterance jackson_0_1, best cost 89.0861 + 5616.55 = 5705.64 over 51 frames.
jackson_0_1 zero 
LOG (lattice-best-path[5.2.134~1-ecd4]:main():lattice-best-path.cc:99) For utterance jackson_0_10, best cost 92.871 + 6899.58 = 6992.45 over 66 frames.
jackson_0_10 zero 
LOG (lattice-best-path[5.2.134~1-ecd4]:main():lattice-best-path.cc:99) For utterance jackson_0_11, best cost 94.4182 + 6072.55 = 6166.97 over 59 frames.
jackson_0_11 zero 
LOG (lattice-best-path[5.2.134~1-ecd4]:main():lattice-best-path.cc:99) For utterance jackson_0_12, best cost 90.679 + 5674.19 = 5764.87 over 49 frames.
jackson_0_12 zero 
LOG (lattice-best-path[5.2.134~1-ecd4]:main():lattice-best-path.cc:99) For utterance jackson_0_13, best cost 90.8959 + 6097.52 = 6188.42 over 57 frames.
jackson_0_13 zero 
LOG (lattice-best-path[5.2.134~1-ecd4]:main():lattice-best-path.cc:99) For utterance jackson_0_14, best cost 92.3661 + 6363.17 = 6455.54 over 60 frames.
jackson_0_14 zero 
LOG (lattice-best-path[5.2.134~1-ecd4]:main():lattice-best-path.cc:99) For utterance jackson_0_15, best cost 92.5904 + 6577.57 = 6670.16 over 62 frames.
jackson_0_15 zero 
LOG (lattice-best-path[5.2.134~1-ecd4]:main():lattice-best-path.cc:99) For utterance jackson_0_16, best cost 88.7894 + 5682.78 = 5771.57 over 53 frames.
jackson_0_16 zero 
LOG (lattice-best-path[5.2.134~1-ecd4]:main():lattice-best-path.cc:99) For utterance jackson_0_17, best cost 96.3914 + 5369.34 = 5465.73 over 51 frames.
jackson_0_17 zero 
LOG (lattice-best-path[5.2.134~1-ecd4]:main():lattice-best-path.cc:99) For utterance jackson_0_18, best cost 91.3161 + 6636.34 = 6727.66 over 63 frames.
jackson_0_18 zero 
LOG (lattice-best-path[5.2.134~1-ecd4]:main():lattice-best-path.cc:99) For utterance jackson_0_19, best cost 97.3766 + 6733.16 = 6830.53 over 62 frames.
jackson_0_19 zero 
LOG (lattice-best-path[5.2.134~1-ecd4]:main():lattice-best-path.cc:99) For utterance jackson_0_2, best cost 87.7722 + 5531.53 = 5619.3 over 51 frames.
jackson_0_2 zero 
LOG (lattice-best-path[5.2.134~1-ecd4]:main():lattice-best-path.cc:99) For utterance jackson_0_20, best cost 82.9567 + 6496.25 = 6579.21 over 60 frames.
jackson_0_20 zero 
LOG (lattice-best-path[5.2.134~1-ecd4]:main():lattice-best-path.cc:99) For utterance jackson_0_21, best cost 96.4446 + 6156.96 = 6253.41 over 58 frames.
jackson_0_21 zero 
LOG (lattice-best-path[5.2.134~1-ecd4]:main():lattice-best-path.cc:99) For utterance jackson_0_22, best cost 98.2715 + 6034.01 = 6132.28 over 58 frames.
jackson_0_22 zero 
LOG (lattice-best-path[5.2.134~1-ecd4]:main():lattice-best-path.cc:99) For utterance jackson_0_23, best cost 90.7327 + 6014.93 = 6105.66 over 57 frames.
jackson_0_23 zero 
LOG (lattice-best-path[5.2.134~1-ecd4]:main():lattice-best-path.cc:99) For utterance jackson_0_24, best cost 94.972 + 6680.48 = 6775.45 over 62 frames.
jackson_0_24 zero 
LOG (lattice-best-path[5.2.134~1-ecd4]:main():lattice-best-path.cc:99) For utterance jackson_0_25, best cost 96.5366 + 6397.18 = 6493.72 over 60 frames.
jackson_0_25 zero 
LOG (lattice-best-path[5.2.134~1-ecd4]:main():lattice-best-path.cc:99) For utterance jackson_0_26, best cost 93.2102 + 5983.24 = 6076.45 over 56 frames.
jackson_0_26 zero 
LOG (lattice-best-path[5.2.134~1-ecd4]:main():lattice-best-path.cc:99) For utterance jackson_0_27, best cost 86.8125 + 6406.69 = 6493.5 over 63 frames.
jackson_0_27 zero 
LOG (lattice-best-path[5.2.134~1-ecd4]:main():lattice-best-path.cc:99) For utterance jackson_0_28, best cost 92.894 + 6577.75 = 6670.65 over 62 frames.
jackson_0_28 zero 
LOG (lattice-best-path[5.2.134~1-ecd4]:main():lattice-best-path.cc:99) For utterance jackson_0_29, best cost 84.8278 + 6067.1 = 6151.93 over 56 frames.
jackson_0_29 zero 
LOG (lattice-best-path[5.2.134~1-ecd4]:main():lattice-best-path.cc:99) For utterance jackson_0_3, best cost 92.0697 + 6039.48 = 6131.55 over 58 frames.
jackson_0_3 zero 
LOG (lattice-best-path[5.2.134~1-ecd4]:main():lattice-best-path.cc:99) For utterance jackson_0_30, best cost 92.9058 + 6456.61 = 6549.51 over 62 frames.
jackson_0_30 zero 
LOG (lattice-best-path[5.2.134~1-ecd4]:main():lattice-best-path.cc:99) For utterance jackson_0_31, best cost 83.7 + 5660.92 = 5744.62 over 55 frames.
jackson_0_31 zero 
LOG (lattice-best-path[5.2.134~1-ecd4]:main():lattice-best-path.cc:99) For utterance jackson_0_32, best cost 90.5838 + 6781.33 = 6871.92 over 60 frames.
jackson_0_32 zero 
LOG (lattice-best-path[5.2.134~1-ecd4]:main():lattice-best-path.cc:99) For utterance jackson_0_33, best cost 93.3602 + 6887.93 = 6981.29 over 64 frames.
jackson_0_33 zero 
LOG (lattice-best-path[5.2.134~1-ecd4]:main():lattice-best-path.cc:99) For utterance jackson_0_34, best cost 92.9803 + 6576.25 = 6669.23 over 64 frames.
jackson_0_34 zero 
LOG (lattice-best-path[5.2.134~1-ecd4]:main():lattice-best-path.cc:99) For utterance jackson_0_35, best cost 90.6242 + 6749.57 = 6840.19 over 61 frames.
jackson_0_35 zero 
LOG (lattice-best-path[5.2.134~1-ecd4]:main():lattice-best-path.cc:99) For utterance jackson_0_36, best cost 92.1825 + 6152.4 = 6244.59 over 58 frames.
jackson_0_36 zero 
LOG (lattice-best-path[5.2.134~1-ecd4]:main():lattice-best-path.cc:99) For utterance jackson_0_37, best cost 95.7908 + 6284.89 = 6380.68 over 60 frames.
jackson_0_37 zero 
LOG (lattice-best-path[5.2.134~1-ecd4]:main():lattice-best-path.cc:99) For utterance jackson_0_38, best cost 84.2932 + 6672.48 = 6756.77 over 64 frames.
jackson_0_38 zero 
LOG (lattice-best-path[5.2.134~1-ecd4]:main():lattice-best-path.cc:99) For utterance jackson_0_39, best cost 85.2688 + 5785.64 = 5870.91 over 56 frames.
jackson_0_39 zero 
LOG (lattice-best-path[5.2.134~1-ecd4]:main():lattice-best-path.cc:99) For utterance jackson_0_4, best cost 91.612 + 5152.75 = 5244.36 over 52 frames.
jackson_0_4 zero 
LOG (lattice-best-path[5.2.134~1-ecd4]:main():lattice-best-path.cc:99) For utterance jackson_0_40, best cost 99.1747 + 6953.73 = 7052.91 over 69 frames.
jackson_0_40 zero 
LOG (lattice-best-path[5.2.134~1-ecd4]:main():lattice-best-path.cc:99) For utterance jackson_0_41, best cost 101.859 + 7096.79 = 7198.65 over 67 frames.
jackson_0_41 zero 
LOG (lattice-best-path[5.2.134~1-ecd4]:main():lattice-best-path.cc:99) For utterance jackson_0_42, best cost 97.0231 + 6842.84 = 6939.86 over 64 frames.
jackson_0_42 zero 
LOG (lattice-best-path[5.2.134~1-ecd4]:main():lattice-best-path.cc:99) For utterance jackson_0_43, best cost 88.0924 + 6360.22 = 6448.32 over 60 frames.
jackson_0_43 zero 
LOG (lattice-best-path[5.2.134~1-ecd4]:main():lattice-best-path.cc:99) For utterance jackson_0_44, best cost 101.667 + 7255 = 7356.67 over 65 frames.
jackson_0_44 zero 
LOG (lattice-best-path[5.2.134~1-ecd4]:main():lattice-best-path.cc:99) For utterance jackson_0_45, best cost 98.3189 + 7176.95 = 7275.27 over 64 frames.
jackson_0_45 zero 
LOG (lattice-best-path[5.2.134~1-ecd4]:main():lattice-best-path.cc:99) For utterance jackson_0_46, best cost 96.5269 + 7309.56 = 7406.09 over 65 frames.
jackson_0_46 zero 
LOG (lattice-best-path[5.2.134~1-ecd4]:main():lattice-best-path.cc:99) For utterance jackson_0_47, best cost 103.372 + 7222.62 = 7325.99 over 65 frames.
jackson_0_47 zero 
LOG (lattice-best-path[5.2.134~1-ecd4]:main():lattice-best-path.cc:99) For utterance jackson_0_48, best cost 84.4067 + 6841.66 = 6926.06 over 63 frames.
jackson_0_48 zero 
LOG (lattice-best-path[5.2.134~1-ecd4]:main():lattice-best-path.cc:99) For utterance jackson_0_49, best cost 103.392 + 8799.55 = 8902.94 over 76 frames.
jackson_0_49 zero 
LOG (lattice-best-path[5.2.134~1-ecd4]:main():lattice-best-path.cc:99) For utterance jackson_0_5, best cost 89.2833 + 5680.6 = 5769.88 over 55 frames.
jackson_0_5 zero 
LOG (lattice-best-path[5.2.134~1-ecd4]:main():lattice-best-path.cc:99) For utterance jackson_0_6, best cost 93.49 + 6502.03 = 6595.52 over 61 frames.
jackson_0_6 zero 
LOG (lattice-best-path[5.2.134~1-ecd4]:main():lattice-best-path.cc:99) For utterance jackson_0_7, best cost 92.6373 + 5801.62 = 5894.26 over 53 frames.
jackson_0_7 zero 
LOG (lattice-best-path[5.2.134~1-ecd4]:main():lattice-best-path.cc:99) For utterance jackson_0_8, best cost 98.7042 + 5925.33 = 6024.04 over 56 frames.
jackson_0_8 zero 
LOG (lattice-best-path[5.2.134~1-ecd4]:main():lattice-best-path.cc:99) For utterance jackson_0_9, best cost 96.9591 + 6050.8 = 6147.76 over 61 frames.
jackson_0_9 zero 
LOG (lattice-best-path[5.2.134~1-ecd4]:main():lattice-best-path.cc:99) For utterance jackson_1_0, best cost 90.6243 + 5080.24 = 5170.87 over 50 frames.
jackson_1_0 one 
LOG (lattice-best-path[5.2.134~1-ecd4]:main():lattice-best-path.cc:99) For utterance jackson_1_1, best cost 91.053 + 5257.24 = 5348.29 over 51 frames.
jackson_1_1 one 
LOG (lattice-best-path[5.2.134~1-ecd4]:main():lattice-best-path.cc:99) For utterance jackson_1_10, best cost 95.48 + 6001.57 = 6097.05 over 57 frames.
jackson_1_10 one 
LOG (lattice-best-path[5.2.134~1-ecd4]:main():lattice-best-path.cc:99) For utterance jackson_1_11, best cost 126.51 + 5160.18 = 5286.69 over 49 frames.
jackson_1_11 nine 
LOG (lattice-best-path[5.2.134~1-ecd4]:main():lattice-best-path.cc:99) For utterance jackson_1_12, best cost 130.675 + 4660.7 = 4791.37 over 43 frames.
jackson_1_12 one 
LOG (lattice-best-path[5.2.134~1-ecd4]:main():lattice-best-path.cc:99) For utterance jackson_1_13, best cost 132.835 + 4909.56 = 5042.39 over 45 frames.
jackson_1_13 one 
LOG (lattice-best-path[5.2.134~1-ecd4]:main():lattice-best-path.cc:99) For utterance jackson_1_14, best cost 141.243 + 7252.63 = 7393.88 over 66 frames.
jackson_1_14 one 
LOG (lattice-best-path[5.2.134~1-ecd4]:main():lattice-best-path.cc:99) For utterance jackson_1_15, best cost 96.4996 + 4264.2 = 4360.7 over 43 frames.
jackson_1_15 one 
LOG (lattice-best-path[5.2.134~1-ecd4]:main():lattice-best-path.cc:99) For utterance jackson_1_16, best cost 93.1429 + 4628.99 = 4722.14 over 47 frames.
jackson_1_16 one 
LOG (lattice-best-path[5.2.134~1-ecd4]:main():lattice-best-path.cc:99) For utterance jackson_1_17, best cost 91.342 + 4260.62 = 4351.96 over 40 frames.
jackson_1_17 one 
LOG (lattice-best-path[5.2.134~1-ecd4]:main():lattice-best-path.cc:99) For utterance jackson_1_18, best cost 91.7611 + 4538.7 = 4630.46 over 43 frames.
jackson_1_18 one 
LOG (lattice-best-path[5.2.134~1-ecd4]:main():lattice-best-path.cc:99) For utterance jackson_1_19, best cost 92.8311 + 4806.35 = 4899.18 over 46 frames.
jackson_1_19 one 
LOG (lattice-best-path[5.2.134~1-ecd4]:main():lattice-best-path.cc:99) For utterance jackson_1_2, best cost 85.6717 + 4708.61 = 4794.28 over 46 frames.
jackson_1_2 one 
LOG (lattice-best-path[5.2.134~1-ecd4]:main():lattice-best-path.cc:99) For utterance jackson_1_20, best cost 91.0718 + 4579.04 = 4670.11 over 44 frames.
jackson_1_20 one 
LOG (lattice-best-path[5.2.134~1-ecd4]:main():lattice-best-path.cc:99) For utterance jackson_1_21, best cost 92.2062 + 5162.7 = 5254.91 over 47 frames.
jackson_1_21 one 
LOG (lattice-best-path[5.2.134~1-ecd4]:main():lattice-best-path.cc:99) For utterance jackson_1_22, best cost 94.2082 + 4691.87 = 4786.08 over 42 frames.
jackson_1_22 one 
LOG (lattice-best-path[5.2.134~1-ecd4]:main():lattice-best-path.cc:99) For utterance jackson_1_23, best cost 92.0851 + 4465.34 = 4557.43 over 45 frames.
jackson_1_23 one 
LOG (lattice-best-path[5.2.134~1-ecd4]:main():lattice-best-path.cc:99) For utterance jackson_1_24, best cost 96.003 + 4511.37 = 4607.37 over 46 frames.
jackson_1_24 one 
LOG (lattice-best-path[5.2.134~1-ecd4]:main():lattice-best-path.cc:99) For utterance jackson_1_25, best cost 102.428 + 5175.51 = 5277.94 over 53 frames.
jackson_1_25 one 
LOG (lattice-best-path[5.2.134~1-ecd4]:main():lattice-best-path.cc:99) For utterance jackson_1_26, best cost 95.4214 + 5303.96 = 5399.38 over 51 frames.
jackson_1_26 one 
LOG (lattice-best-path[5.2.134~1-ecd4]:main():lattice-best-path.cc:99) For utterance jackson_1_27, best cost 96.3784 + 4863.38 = 4959.76 over 46 frames.
jackson_1_27 one 
LOG (lattice-best-path[5.2.134~1-ecd4]:main():lattice-best-path.cc:99) For utterance jackson_1_28, best cost 94.3972 + 4863.58 = 4957.98 over 45 frames.
jackson_1_28 one 
LOG (lattice-best-path[5.2.134~1-ecd4]:main():lattice-best-path.cc:99) For utterance jackson_1_29, best cost 90.092 + 4880.44 = 4970.53 over 45 frames.
jackson_1_29 one 
LOG (lattice-best-path[5.2.134~1-ecd4]:main():lattice-best-path.cc:99) For utterance jackson_1_3, best cost 86.7625 + 4957.08 = 5043.84 over 48 frames.
jackson_1_3 one 
LOG (lattice-best-path[5.2.134~1-ecd4]:main():lattice-best-path.cc:99) For utterance jackson_1_30, best cost 92.8278 + 5277.1 = 5369.92 over 47 frames.
jackson_1_30 one 
LOG (lattice-best-path[5.2.134~1-ecd4]:main():lattice-best-path.cc:99) For utterance jackson_1_31, best cost 100.529 + 5420.46 = 5520.99 over 51 frames.
jackson_1_31 one 
LOG (lattice-best-path[5.2.134~1-ecd4]:main():lattice-best-path.cc:99) For utterance jackson_1_32, best cost 96.4212 + 5256.23 = 5352.65 over 50 frames.
jackson_1_32 one 
LOG (lattice-best-path[5.2.134~1-ecd4]:main():lattice-best-path.cc:99) For utterance jackson_1_33, best cost 97.8895 + 6623.64 = 6721.53 over 59 frames.
jackson_1_33 one 
LOG (lattice-best-path[5.2.134~1-ecd4]:main():lattice-best-path.cc:99) For utterance jackson_1_34, best cost 135.6 + 5163.15 = 5298.75 over 49 frames.
jackson_1_34 one 
LOG (lattice-best-path[5.2.134~1-ecd4]:main():lattice-best-path.cc:99) For utterance jackson_1_35, best cost 95.7174 + 4953.28 = 5048.99 over 48 frames.
jackson_1_35 one 
LOG (lattice-best-path[5.2.134~1-ecd4]:main():lattice-best-path.cc:99) For utterance jackson_1_36, best cost 94.4739 + 4374.11 = 4468.58 over 42 frames.
jackson_1_36 one 
LOG (lattice-best-path[5.2.134~1-ecd4]:main():lattice-best-path.cc:99) For utterance jackson_1_37, best cost 134.222 + 4316.96 = 4451.18 over 42 frames.
jackson_1_37 one 
LOG (lattice-best-path[5.2.134~1-ecd4]:main():lattice-best-path.cc:99) For utterance jackson_1_38, best cost 94.5584 + 5107.77 = 5202.33 over 48 frames.
jackson_1_38 one 
LOG (lattice-best-path[5.2.134~1-ecd4]:main():lattice-best-path.cc:99) For utterance jackson_1_39, best cost 132.711 + 6186.78 = 6319.49 over 54 frames.
jackson_1_39 one 
LOG (lattice-best-path[5.2.134~1-ecd4]:main():lattice-best-path.cc:99) For utterance jackson_1_4, best cost 90.6 + 5496.4 = 5587 over 51 frames.
jackson_1_4 one 
LOG (lattice-best-path[5.2.134~1-ecd4]:main():lattice-best-path.cc:99) For utterance jackson_1_40, best cost 100.18 + 6779.92 = 6880.1 over 59 frames.
jackson_1_40 one 
LOG (lattice-best-path[5.2.134~1-ecd4]:main():lattice-best-path.cc:99) For utterance jackson_1_41, best cost 134.343 + 6849.39 = 6983.74 over 60 frames.
jackson_1_41 one 
LOG (lattice-best-path[5.2.134~1-ecd4]:main():lattice-best-path.cc:99) For utterance jackson_1_42, best cost 99.8638 + 6851.16 = 6951.02 over 61 frames.
jackson_1_42 one 
LOG (lattice-best-path[5.2.134~1-ecd4]:main():lattice-best-path.cc:99) For utterance jackson_1_43, best cost 133.238 + 6419.81 = 6553.05 over 56 frames.
jackson_1_43 one 
LOG (lattice-best-path[5.2.134~1-ecd4]:main():lattice-best-path.cc:99) For utterance jackson_1_44, best cost 135.269 + 6413.26 = 6548.53 over 56 frames.
jackson_1_44 one 
LOG (lattice-best-path[5.2.134~1-ecd4]:main():lattice-best-path.cc:99) For utterance jackson_1_45, best cost 131.28 + 7073.82 = 7205.1 over 58 frames.
jackson_1_45 one 
LOG (lattice-best-path[5.2.134~1-ecd4]:main():lattice-best-path.cc:99) For utterance jackson_1_46, best cost 133.468 + 5631.96 = 5765.43 over 51 frames.
jackson_1_46 one 
LOG (lattice-best-path[5.2.134~1-ecd4]:main():lattice-best-path.cc:99) For utterance jackson_1_47, best cost 132.494 + 6260.25 = 6392.74 over 54 frames.
jackson_1_47 one 
LOG (lattice-best-path[5.2.134~1-ecd4]:main():lattice-best-path.cc:99) For utterance jackson_1_48, best cost 99.2651 + 6246.05 = 6345.31 over 57 frames.
jackson_1_48 one 
LOG (lattice-best-path[5.2.134~1-ecd4]:main():lattice-best-path.cc:99) For utterance jackson_1_49, best cost 132.473 + 5632.91 = 5765.38 over 48 frames.
jackson_1_49 one 
LOG (lattice-best-path[5.2.134~1-ecd4]:main():lattice-best-path.cc:99) For utterance jackson_1_5, best cost 92.7501 + 5926.25 = 6019 over 55 frames.
jackson_1_5 one 
LOG (lattice-best-path[5.2.134~1-ecd4]:main():lattice-best-path.cc:99) For utterance jackson_1_6, best cost 91.4498 + 5286.37 = 5377.82 over 49 frames.
jackson_1_6 one 
LOG (lattice-best-path[5.2.134~1-ecd4]:main():lattice-best-path.cc:99) For utterance jackson_1_7, best cost 95.5322 + 5786.4 = 5881.93 over 54 frames.
jackson_1_7 one 
LOG (lattice-best-path[5.2.134~1-ecd4]:main():lattice-best-path.cc:99) For utterance jackson_1_8, best cost 87.3701 + 4905.81 = 4993.19 over 49 frames.
jackson_1_8 one 
LOG (lattice-best-path[5.2.134~1-ecd4]:main():lattice-best-path.cc:99) For utterance jackson_1_9, best cost 97.8324 + 5897.42 = 5995.25 over 56 frames.
jackson_1_9 one 
LOG (lattice-best-path[5.2.134~1-ecd4]:main():lattice-best-path.cc:99) For utterance jackson_2_0, best cost 79.2644 + 5347.6 = 5426.87 over 48 frames.
jackson_2_0 two 
LOG (lattice-best-path[5.2.134~1-ecd4]:main():lattice-best-path.cc:99) For utterance jackson_2_1, best cost 79.2566 + 5937.06 = 6016.31 over 53 frames.
jackson_2_1 two 
LOG (lattice-best-path[5.2.134~1-ecd4]:main():lattice-best-path.cc:99) For utterance jackson_2_10, best cost 82.7726 + 5376.43 = 5459.2 over 50 frames.
jackson_2_10 two 
LOG (lattice-best-path[5.2.134~1-ecd4]:main():lattice-best-path.cc:99) For utterance jackson_2_11, best cost 83.1436 + 5227.67 = 5310.81 over 50 frames.
jackson_2_11 two 
LOG (lattice-best-path[5.2.134~1-ecd4]:main():lattice-best-path.cc:99) For utterance jackson_2_12, best cost 95.5062 + 5290.21 = 5385.72 over 47 frames.
jackson_2_12 zero 
LOG (lattice-best-path[5.2.134~1-ecd4]:main():lattice-best-path.cc:99) For utterance jackson_2_13, best cost 83.3867 + 5874.11 = 5957.5 over 50 frames.
jackson_2_13 two 
LOG (lattice-best-path[5.2.134~1-ecd4]:main():lattice-best-path.cc:99) For utterance jackson_2_14, best cost 77.7672 + 5697.43 = 5775.2 over 49 frames.
jackson_2_14 two 
LOG (lattice-best-path[5.2.134~1-ecd4]:main():lattice-best-path.cc:99) For utterance jackson_2_15, best cost 78.5329 + 5794.83 = 5873.36 over 50 frames.
jackson_2_15 two 
LOG (lattice-best-path[5.2.134~1-ecd4]:main():lattice-best-path.cc:99) For utterance jackson_2_16, best cost 79.6077 + 5330.21 = 5409.82 over 46 frames.
jackson_2_16 two 
LOG (lattice-best-path[5.2.134~1-ecd4]:main():lattice-best-path.cc:99) For utterance jackson_2_17, best cost 84.8198 + 5984.49 = 6069.31 over 52 frames.
jackson_2_17 two 
LOG (lattice-best-path[5.2.134~1-ecd4]:main():lattice-best-path.cc:99) For utterance jackson_2_18, best cost 84.1462 + 6156.6 = 6240.75 over 53 frames.
jackson_2_18 two 
LOG (lattice-best-path[5.2.134~1-ecd4]:main():lattice-best-path.cc:99) For utterance jackson_2_19, best cost 78.3784 + 5791.44 = 5869.81 over 50 frames.
jackson_2_19 two 
LOG (lattice-best-path[5.2.134~1-ecd4]:main():lattice-best-path.cc:99) For utterance jackson_2_2, best cost 88.4487 + 4545.5 = 4633.95 over 42 frames.
jackson_2_2 zero 
LOG (lattice-best-path[5.2.134~1-ecd4]:main():lattice-best-path.cc:99) For utterance jackson_2_20, best cost 37.3684 + 5710.48 = 5747.85 over 46 frames.
jackson_2_20 
LOG (lattice-best-path[5.2.134~1-ecd4]:main():lattice-best-path.cc:99) For utterance jackson_2_21, best cost 90.4415 + 7753.11 = 7843.56 over 72 frames.
jackson_2_21 two 
LOG (lattice-best-path[5.2.134~1-ecd4]:main():lattice-best-path.cc:99) For utterance jackson_2_22, best cost 122.256 + 4992.19 = 5114.44 over 46 frames.
jackson_2_22 eight two 
LOG (lattice-best-path[5.2.134~1-ecd4]:main():lattice-best-path.cc:99) For utterance jackson_2_23, best cost 93.3594 + 5255.66 = 5349.02 over 48 frames.
jackson_2_23 zero 
LOG (lattice-best-path[5.2.134~1-ecd4]:main():lattice-best-path.cc:99) For utterance jackson_2_24, best cost 83.8796 + 5594.32 = 5678.2 over 50 frames.
jackson_2_24 two 
LOG (lattice-best-path[5.2.134~1-ecd4]:main():lattice-best-path.cc:99) For utterance jackson_2_25, best cost 87.0133 + 5883.01 = 5970.02 over 52 frames.
jackson_2_25 two 
LOG (lattice-best-path[5.2.134~1-ecd4]:main():lattice-best-path.cc:99) For utterance jackson_2_26, best cost 38.0107 + 5756.77 = 5794.79 over 48 frames.
jackson_2_26 
LOG (lattice-best-path[5.2.134~1-ecd4]:main():lattice-best-path.cc:99) For utterance jackson_2_27, best cost 87.6088 + 5680.17 = 5767.77 over 51 frames.
jackson_2_27 two 
LOG (lattice-best-path[5.2.134~1-ecd4]:main():lattice-best-path.cc:99) For utterance jackson_2_28, best cost 83.2433 + 5509.62 = 5592.86 over 49 frames.
jackson_2_28 two 
LOG (lattice-best-path[5.2.134~1-ecd4]:main():lattice-best-path.cc:99) For utterance jackson_2_29, best cost 84.4002 + 6098.26 = 6182.66 over 53 frames.
jackson_2_29 two 
LOG (lattice-best-path[5.2.134~1-ecd4]:main():lattice-best-path.cc:99) For utterance jackson_2_3, best cost 135.291 + 5201.06 = 5336.35 over 48 frames.
jackson_2_3 two 
LOG (lattice-best-path[5.2.134~1-ecd4]:main():lattice-best-path.cc:99) For utterance jackson_2_30, best cost 139.403 + 5014.82 = 5154.22 over 46 frames.
jackson_2_30 eight two 
LOG (lattice-best-path[5.2.134~1-ecd4]:main():lattice-best-path.cc:99) For utterance jackson_2_31, best cost 76.7665 + 4937.89 = 5014.66 over 45 frames.
jackson_2_31 two 
LOG (lattice-best-path[5.2.134~1-ecd4]:main():lattice-best-path.cc:99) For utterance jackson_2_32, best cost 82.6942 + 5279.09 = 5361.79 over 49 frames.
jackson_2_32 two 
LOG (lattice-best-path[5.2.134~1-ecd4]:main():lattice-best-path.cc:99) For utterance jackson_2_33, best cost 83.2031 + 5800.27 = 5883.47 over 49 frames.
jackson_2_33 two 
LOG (lattice-best-path[5.2.134~1-ecd4]:main():lattice-best-path.cc:99) For utterance jackson_2_34, best cost 91.1752 + 5400.93 = 5492.11 over 47 frames.
jackson_2_34 zero 
LOG (lattice-best-path[5.2.134~1-ecd4]:main():lattice-best-path.cc:99) For utterance jackson_2_35, best cost 73.9604 + 4857.97 = 4931.93 over 45 frames.
jackson_2_35 two 
LOG (lattice-best-path[5.2.134~1-ecd4]:main():lattice-best-path.cc:99) For utterance jackson_2_36, best cost 89.3111 + 5610.28 = 5699.59 over 47 frames.
jackson_2_36 three 
LOG (lattice-best-path[5.2.134~1-ecd4]:main():lattice-best-path.cc:99) For utterance jackson_2_37, best cost 34.9064 + 4367.38 = 4402.28 over 38 frames.
jackson_2_37 
LOG (lattice-best-path[5.2.134~1-ecd4]:main():lattice-best-path.cc:99) For utterance jackson_2_38, best cost 94.1736 + 5037.67 = 5131.84 over 45 frames.
jackson_2_38 two 
LOG (lattice-best-path[5.2.134~1-ecd4]:main():lattice-best-path.cc:99) For utterance jackson_2_39, best cost 36.726 + 4836.32 = 4873.04 over 44 frames.
jackson_2_39 
LOG (lattice-best-path[5.2.134~1-ecd4]:main():lattice-best-path.cc:99) For utterance jackson_2_4, best cost 79.3365 + 5087.17 = 5166.51 over 46 frames.
jackson_2_4 two 
LOG (lattice-best-path[5.2.134~1-ecd4]:main():lattice-best-path.cc:99) For utterance jackson_2_40, best cost 128.709 + 5631.27 = 5759.97 over 53 frames.
jackson_2_40 eight two 
LOG (lattice-best-path[5.2.134~1-ecd4]:main():lattice-best-path.cc:99) For utterance jackson_2_41, best cost 140.27 + 6197.89 = 6338.16 over 56 frames.
jackson_2_41 eight two 
LOG (lattice-best-path[5.2.134~1-ecd4]:main():lattice-best-path.cc:99) For utterance jackson_2_42, best cost 84.926 + 6221.07 = 6305.99 over 57 frames.
jackson_2_42 two 
LOG (lattice-best-path[5.2.134~1-ecd4]:main():lattice-best-path.cc:99) For utterance jackson_2_43, best cost 130.923 + 5692.23 = 5823.15 over 50 frames.
jackson_2_43 eight two 
LOG (lattice-best-path[5.2.134~1-ecd4]:main():lattice-best-path.cc:99) For utterance jackson_2_44, best cost 180.614 + 6904.71 = 7085.32 over 60 frames.
jackson_2_44 eight two 
LOG (lattice-best-path[5.2.134~1-ecd4]:main():lattice-best-path.cc:99) For utterance jackson_2_45, best cost 180.248 + 6846.56 = 7026.81 over 63 frames.
jackson_2_45 eight two 
LOG (lattice-best-path[5.2.134~1-ecd4]:main():lattice-best-path.cc:99) For utterance jackson_2_46, best cost 81.7811 + 5601.33 = 5683.11 over 50 frames.
jackson_2_46 two 
LOG (lattice-best-path[5.2.134~1-ecd4]:main():lattice-best-path.cc:99) For utterance jackson_2_47, best cost 37.9835 + 5109.85 = 5147.83 over 47 frames.
jackson_2_47 
LOG (lattice-best-path[5.2.134~1-ecd4]:main():lattice-best-path.cc:99) For utterance jackson_2_48, best cost 131.146 + 5264.41 = 5395.56 over 48 frames.
jackson_2_48 eight two 
LOG (lattice-best-path[5.2.134~1-ecd4]:main():lattice-best-path.cc:99) For utterance jackson_2_49, best cost 132.183 + 5651.46 = 5783.65 over 52 frames.
jackson_2_49 eight two 
LOG (lattice-best-path[5.2.134~1-ecd4]:main():lattice-best-path.cc:99) For utterance jackson_2_5, best cost 79.125 + 4939.84 = 5018.96 over 45 frames.
jackson_2_5 two 
LOG (lattice-best-path[5.2.134~1-ecd4]:main():lattice-best-path.cc:99) For utterance jackson_2_6, best cost 77.5209 + 4789.1 = 4866.62 over 45 frames.
jackson_2_6 two 
LOG (lattice-best-path[5.2.134~1-ecd4]:main():lattice-best-path.cc:99) For utterance jackson_2_7, best cost 79.2783 + 5039.28 = 5118.56 over 46 frames.
jackson_2_7 two 
LOG (lattice-best-path[5.2.134~1-ecd4]:main():lattice-best-path.cc:99) For utterance jackson_2_8, best cost 77.0945 + 5453.55 = 5530.65 over 46 frames.
jackson_2_8 two 
LOG (lattice-best-path[5.2.134~1-ecd4]:main():lattice-best-path.cc:99) For utterance jackson_2_9, best cost 83.6789 + 5583.45 = 5667.13 over 52 frames.
jackson_2_9 two 
LOG (lattice-best-path[5.2.134~1-ecd4]:main():lattice-best-path.cc:99) For utterance jackson_3_0, best cost 91.934 + 5168.24 = 5260.17 over 47 frames.
jackson_3_0 three 
LOG (lattice-best-path[5.2.134~1-ecd4]:main():lattice-best-path.cc:99) For utterance jackson_3_1, best cost 90.9244 + 5042.87 = 5133.8 over 45 frames.
jackson_3_1 three 
LOG (lattice-best-path[5.2.134~1-ecd4]:main():lattice-best-path.cc:99) For utterance jackson_3_10, best cost 87.9288 + 4664.75 = 4752.67 over 44 frames.
jackson_3_10 three 
LOG (lattice-best-path[5.2.134~1-ecd4]:main():lattice-best-path.cc:99) For utterance jackson_3_11, best cost 95.1221 + 4357.61 = 4452.74 over 43 frames.
jackson_3_11 three 
LOG (lattice-best-path[5.2.134~1-ecd4]:main():lattice-best-path.cc:99) For utterance jackson_3_12, best cost 91.7146 + 5222.75 = 5314.46 over 46 frames.
jackson_3_12 three 
LOG (lattice-best-path[5.2.134~1-ecd4]:main():lattice-best-path.cc:99) For utterance jackson_3_13, best cost 92.982 + 4305.99 = 4398.97 over 42 frames.
jackson_3_13 three 
LOG (lattice-best-path[5.2.134~1-ecd4]:main():lattice-best-path.cc:99) For utterance jackson_3_14, best cost 95.7216 + 4983 = 5078.72 over 48 frames.
jackson_3_14 three 
LOG (lattice-best-path[5.2.134~1-ecd4]:main():lattice-best-path.cc:99) For utterance jackson_3_15, best cost 95.8554 + 4344.53 = 4440.39 over 44 frames.
jackson_3_15 three 
LOG (lattice-best-path[5.2.134~1-ecd4]:main():lattice-best-path.cc:99) For utterance jackson_3_16, best cost 87.2809 + 4842.69 = 4929.97 over 46 frames.
jackson_3_16 three 
LOG (lattice-best-path[5.2.134~1-ecd4]:main():lattice-best-path.cc:99) For utterance jackson_3_17, best cost 90.6303 + 4372.44 = 4463.07 over 43 frames.
jackson_3_17 three 
LOG (lattice-best-path[5.2.134~1-ecd4]:main():lattice-best-path.cc:99) For utterance jackson_3_18, best cost 89.0721 + 4809.25 = 4898.32 over 46 frames.
jackson_3_18 three 
LOG (lattice-best-path[5.2.134~1-ecd4]:main():lattice-best-path.cc:99) For utterance jackson_3_19, best cost 84.5663 + 4544.15 = 4628.71 over 42 frames.
jackson_3_19 three 
LOG (lattice-best-path[5.2.134~1-ecd4]:main():lattice-best-path.cc:99) For utterance jackson_3_2, best cost 92.9773 + 5552.47 = 5645.44 over 49 frames.
jackson_3_2 three 
LOG (lattice-best-path[5.2.134~1-ecd4]:main():lattice-best-path.cc:99) For utterance jackson_3_20, best cost 88.3428 + 4830.68 = 4919.03 over 45 frames.
jackson_3_20 three 
LOG (lattice-best-path[5.2.134~1-ecd4]:main():lattice-best-path.cc:99) For utterance jackson_3_21, best cost 92.2643 + 4543.51 = 4635.78 over 44 frames.
jackson_3_21 three 
LOG (lattice-best-path[5.2.134~1-ecd4]:main():lattice-best-path.cc:99) For utterance jackson_3_22, best cost 88.3181 + 4356.25 = 4444.56 over 41 frames.
jackson_3_22 three 
LOG (lattice-best-path[5.2.134~1-ecd4]:main():lattice-best-path.cc:99) For utterance jackson_3_23, best cost 88.1886 + 4885.24 = 4973.42 over 44 frames.
jackson_3_23 three 
LOG (lattice-best-path[5.2.134~1-ecd4]:main():lattice-best-path.cc:99) For utterance jackson_3_24, best cost 96.2391 + 4252.34 = 4348.58 over 41 frames.
jackson_3_24 three 
LOG (lattice-best-path[5.2.134~1-ecd4]:main():lattice-best-path.cc:99) For utterance jackson_3_25, best cost 94.4302 + 5125.21 = 5219.64 over 46 frames.
jackson_3_25 three 
LOG (lattice-best-path[5.2.134~1-ecd4]:main():lattice-best-path.cc:99) For utterance jackson_3_26, best cost 94.918 + 4468.48 = 4563.39 over 42 frames.
jackson_3_26 three 
LOG (lattice-best-path[5.2.134~1-ecd4]:main():lattice-best-path.cc:99) For utterance jackson_3_27, best cost 90.3101 + 4606.62 = 4696.93 over 44 frames.
jackson_3_27 three 
LOG (lattice-best-path[5.2.134~1-ecd4]:main():lattice-best-path.cc:99) For utterance jackson_3_28, best cost 94.6677 + 4796.88 = 4891.55 over 42 frames.
jackson_3_28 three 
LOG (lattice-best-path[5.2.134~1-ecd4]:main():lattice-best-path.cc:99) For utterance jackson_3_29, best cost 88.0457 + 5171.97 = 5260.02 over 46 frames.
jackson_3_29 three 
LOG (lattice-best-path[5.2.134~1-ecd4]:main():lattice-best-path.cc:99) For utterance jackson_3_3, best cost 94.1934 + 5422.51 = 5516.7 over 49 frames.
jackson_3_3 three 
LOG (lattice-best-path[5.2.134~1-ecd4]:main():lattice-best-path.cc:99) For utterance jackson_3_30, best cost 82.003 + 5193.62 = 5275.63 over 46 frames.
jackson_3_30 three 
LOG (lattice-best-path[5.2.134~1-ecd4]:main():lattice-best-path.cc:99) For utterance jackson_3_31, best cost 91.1905 + 5400.79 = 5491.98 over 47 frames.
jackson_3_31 three 
LOG (lattice-best-path[5.2.134~1-ecd4]:main():lattice-best-path.cc:99) For utterance jackson_3_32, best cost 85.1608 + 5419.34 = 5504.5 over 46 frames.
jackson_3_32 three 
LOG (lattice-best-path[5.2.134~1-ecd4]:main():lattice-best-path.cc:99) For utterance jackson_3_33, best cost 89.4631 + 5265.19 = 5354.65 over 46 frames.
jackson_3_33 three 
LOG (lattice-best-path[5.2.134~1-ecd4]:main():lattice-best-path.cc:99) For utterance jackson_3_34, best cost 94.8889 + 4705.95 = 4800.84 over 46 frames.
jackson_3_34 three 
LOG (lattice-best-path[5.2.134~1-ecd4]:main():lattice-best-path.cc:99) For utterance jackson_3_35, best cost 94.8352 + 5450.5 = 5545.33 over 50 frames.
jackson_3_35 three 
LOG (lattice-best-path[5.2.134~1-ecd4]:main():lattice-best-path.cc:99) For utterance jackson_3_36, best cost 92.9311 + 5287.32 = 5380.25 over 49 frames.
jackson_3_36 three 
LOG (lattice-best-path[5.2.134~1-ecd4]:main():lattice-best-path.cc:99) For utterance jackson_3_37, best cost 89.6639 + 5358.49 = 5448.16 over 49 frames.
jackson_3_37 three 
LOG (lattice-best-path[5.2.134~1-ecd4]:main():lattice-best-path.cc:99) For utterance jackson_3_38, best cost 95.3555 + 5619.16 = 5714.51 over 51 frames.
jackson_3_38 three 
LOG (lattice-best-path[5.2.134~1-ecd4]:main():lattice-best-path.cc:99) For utterance jackson_3_39, best cost 97.3007 + 5300.04 = 5397.34 over 49 frames.
jackson_3_39 three 
LOG (lattice-best-path[5.2.134~1-ecd4]:main():lattice-best-path.cc:99) For utterance jackson_3_4, best cost 93.8931 + 4396.47 = 4490.37 over 43 frames.
jackson_3_4 three 
LOG (lattice-best-path[5.2.134~1-ecd4]:main():lattice-best-path.cc:99) For utterance jackson_3_40, best cost 92.1572 + 5494.63 = 5586.79 over 50 frames.
jackson_3_40 three 
LOG (lattice-best-path[5.2.134~1-ecd4]:main():lattice-best-path.cc:99) For utterance jackson_3_41, best cost 88.2595 + 5327.4 = 5415.66 over 48 frames.
jackson_3_41 three 
LOG (lattice-best-path[5.2.134~1-ecd4]:main():lattice-best-path.cc:99) For utterance jackson_3_42, best cost 93.1452 + 5105.04 = 5198.18 over 48 frames.
jackson_3_42 three 
LOG (lattice-best-path[5.2.134~1-ecd4]:main():lattice-best-path.cc:99) For utterance jackson_3_43, best cost 91.2238 + 5326.3 = 5417.52 over 48 frames.
jackson_3_43 three 
LOG (lattice-best-path[5.2.134~1-ecd4]:main():lattice-best-path.cc:99) For utterance jackson_3_44, best cost 102.801 + 5768.97 = 5871.77 over 53 frames.
jackson_3_44 three 
LOG (lattice-best-path[5.2.134~1-ecd4]:main():lattice-best-path.cc:99) For utterance jackson_3_45, best cost 109.723 + 5984.16 = 6093.88 over 55 frames.
jackson_3_45 three 
LOG (lattice-best-path[5.2.134~1-ecd4]:main():lattice-best-path.cc:99) For utterance jackson_3_46, best cost 91.312 + 5616.36 = 5707.67 over 52 frames.
jackson_3_46 three 
LOG (lattice-best-path[5.2.134~1-ecd4]:main():lattice-best-path.cc:99) For utterance jackson_3_47, best cost 99.8216 + 5853.93 = 5953.75 over 55 frames.
jackson_3_47 three 
LOG (lattice-best-path[5.2.134~1-ecd4]:main():lattice-best-path.cc:99) For utterance jackson_3_48, best cost 96.0163 + 5094.65 = 5190.66 over 49 frames.
jackson_3_48 three 
LOG (lattice-best-path[5.2.134~1-ecd4]:main():lattice-best-path.cc:99) For utterance jackson_3_49, best cost 91.38 + 5652.37 = 5743.75 over 50 frames.
jackson_3_49 three 
LOG (lattice-best-path[5.2.134~1-ecd4]:main():lattice-best-path.cc:99) For utterance jackson_3_5, best cost 96.3181 + 4486.55 = 4582.87 over 43 frames.
jackson_3_5 three 
LOG (lattice-best-path[5.2.134~1-ecd4]:main():lattice-best-path.cc:99) For utterance jackson_3_6, best cost 96.8693 + 4620.65 = 4717.52 over 45 frames.
jackson_3_6 three 
LOG (lattice-best-path[5.2.134~1-ecd4]:main():lattice-best-path.cc:99) For utterance jackson_3_7, best cost 101.38 + 5135.19 = 5236.57 over 47 frames.
jackson_3_7 three 
LOG (lattice-best-path[5.2.134~1-ecd4]:main():lattice-best-path.cc:99) For utterance jackson_3_8, best cost 96.9186 + 4453.66 = 4550.58 over 43 frames.
jackson_3_8 three 
LOG (lattice-best-path[5.2.134~1-ecd4]:main():lattice-best-path.cc:99) For utterance jackson_3_9, best cost 86.1946 + 5009.23 = 5095.42 over 47 frames.
jackson_3_9 three 
LOG (lattice-best-path[5.2.134~1-ecd4]:main():lattice-best-path.cc:99) For utterance jackson_4_0, best cost 88.8937 + 4440.51 = 4529.4 over 44 frames.
jackson_4_0 four 
LOG (lattice-best-path[5.2.134~1-ecd4]:main():lattice-best-path.cc:99) For utterance jackson_4_1, best cost 85.0673 + 3791.21 = 3876.28 over 40 frames.
jackson_4_1 four 
LOG (lattice-best-path[5.2.134~1-ecd4]:main():lattice-best-path.cc:99) For utterance jackson_4_10, best cost 81.703 + 4101.63 = 4183.33 over 36 frames.
jackson_4_10 four 
LOG (lattice-best-path[5.2.134~1-ecd4]:main():lattice-best-path.cc:99) For utterance jackson_4_11, best cost 81.3526 + 3895.41 = 3976.76 over 36 frames.
jackson_4_11 four 
LOG (lattice-best-path[5.2.134~1-ecd4]:main():lattice-best-path.cc:99) For utterance jackson_4_12, best cost 82.5921 + 3630.89 = 3713.48 over 39 frames.
jackson_4_12 four 
LOG (lattice-best-path[5.2.134~1-ecd4]:main():lattice-best-path.cc:99) For utterance jackson_4_13, best cost 81.7767 + 3883.53 = 3965.31 over 35 frames.
jackson_4_13 four 
LOG (lattice-best-path[5.2.134~1-ecd4]:main():lattice-best-path.cc:99) For utterance jackson_4_14, best cost 78.0796 + 3709.97 = 3788.05 over 35 frames.
jackson_4_14 four 
LOG (lattice-best-path[5.2.134~1-ecd4]:main():lattice-best-path.cc:99) For utterance jackson_4_15, best cost 86.0243 + 4592.38 = 4678.4 over 43 frames.
jackson_4_15 four 
LOG (lattice-best-path[5.2.134~1-ecd4]:main():lattice-best-path.cc:99) For utterance jackson_4_16, best cost 87.4837 + 4438.57 = 4526.06 over 41 frames.
jackson_4_16 four 
LOG (lattice-best-path[5.2.134~1-ecd4]:main():lattice-best-path.cc:99) For utterance jackson_4_17, best cost 84.9725 + 4534.72 = 4619.7 over 38 frames.
jackson_4_17 four 
LOG (lattice-best-path[5.2.134~1-ecd4]:main():lattice-best-path.cc:99) For utterance jackson_4_18, best cost 84.2831 + 4247.88 = 4332.16 over 38 frames.
jackson_4_18 four 
LOG (lattice-best-path[5.2.134~1-ecd4]:main():lattice-best-path.cc:99) For utterance jackson_4_19, best cost 80.6388 + 3827.14 = 3907.78 over 34 frames.
jackson_4_19 four 
LOG (lattice-best-path[5.2.134~1-ecd4]:main():lattice-best-path.cc:99) For utterance jackson_4_2, best cost 83.8669 + 3754.12 = 3837.99 over 40 frames.
jackson_4_2 four 
LOG (lattice-best-path[5.2.134~1-ecd4]:main():lattice-best-path.cc:99) For utterance jackson_4_20, best cost 87.5991 + 4179.87 = 4267.47 over 37 frames.
jackson_4_20 four 
LOG (lattice-best-path[5.2.134~1-ecd4]:main():lattice-best-path.cc:99) For utterance jackson_4_21, best cost 78.1535 + 3717.98 = 3796.13 over 33 frames.
jackson_4_21 four 
LOG (lattice-best-path[5.2.134~1-ecd4]:main():lattice-best-path.cc:99) For utterance jackson_4_22, best cost 84.2581 + 4536.48 = 4620.74 over 40 frames.
jackson_4_22 four 
LOG (lattice-best-path[5.2.134~1-ecd4]:main():lattice-best-path.cc:99) For utterance jackson_4_23, best cost 83.7632 + 3970.29 = 4054.05 over 39 frames.
jackson_4_23 four 
LOG (lattice-best-path[5.2.134~1-ecd4]:main():lattice-best-path.cc:99) For utterance jackson_4_24, best cost 85.4819 + 4238.86 = 4324.35 over 38 frames.
jackson_4_24 four 
LOG (lattice-best-path[5.2.134~1-ecd4]:main():lattice-best-path.cc:99) For utterance jackson_4_25, best cost 82.6237 + 4209.67 = 4292.29 over 39 frames.
jackson_4_25 four 
LOG (lattice-best-path[5.2.134~1-ecd4]:main():lattice-best-path.cc:99) For utterance jackson_4_26, best cost 85.5268 + 4693.81 = 4779.33 over 41 frames.
jackson_4_26 four 
LOG (lattice-best-path[5.2.134~1-ecd4]:main():lattice-best-path.cc:99) For utterance jackson_4_27, best cost 84.6698 + 4410.6 = 4495.27 over 41 frames.
jackson_4_27 four 
LOG (lattice-best-path[5.2.134~1-ecd4]:main():lattice-best-path.cc:99) For utterance jackson_4_28, best cost 86.4655 + 5141.56 = 5228.02 over 45 frames.
jackson_4_28 four 
LOG (lattice-best-path[5.2.134~1-ecd4]:main():lattice-best-path.cc:99) For utterance jackson_4_29, best cost 87.6831 + 4689.92 = 4777.6 over 42 frames.
jackson_4_29 four 
LOG (lattice-best-path[5.2.134~1-ecd4]:main():lattice-best-path.cc:99) For utterance jackson_4_3, best cost 85.208 + 3901.36 = 3986.57 over 39 frames.
jackson_4_3 four 
LOG (lattice-best-path[5.2.134~1-ecd4]:main():lattice-best-path.cc:99) For utterance jackson_4_30, best cost 86.6268 + 4511.35 = 4597.97 over 42 frames.
jackson_4_30 four 
LOG (lattice-best-path[5.2.134~1-ecd4]:main():lattice-best-path.cc:99) For utterance jackson_4_31, best cost 83.1936 + 4746.27 = 4829.46 over 41 frames.
jackson_4_31 four 
LOG (lattice-best-path[5.2.134~1-ecd4]:main():lattice-best-path.cc:99) For utterance jackson_4_32, best cost 88.6223 + 4147.51 = 4236.13 over 41 frames.
jackson_4_32 four 
LOG (lattice-best-path[5.2.134~1-ecd4]:main():lattice-best-path.cc:99) For utterance jackson_4_33, best cost 83.1769 + 3958.61 = 4041.79 over 40 frames.
jackson_4_33 four 
LOG (lattice-best-path[5.2.134~1-ecd4]:main():lattice-best-path.cc:99) For utterance jackson_4_34, best cost 86.3408 + 3668.12 = 3754.46 over 38 frames.
jackson_4_34 four 
LOG (lattice-best-path[5.2.134~1-ecd4]:main():lattice-best-path.cc:99) For utterance jackson_4_35, best cost 79.8374 + 4139.75 = 4219.59 over 41 frames.
jackson_4_35 four 
LOG (lattice-best-path[5.2.134~1-ecd4]:main():lattice-best-path.cc:99) For utterance jackson_4_36, best cost 82.8148 + 3734.51 = 3817.33 over 38 frames.
jackson_4_36 four 
LOG (lattice-best-path[5.2.134~1-ecd4]:main():lattice-best-path.cc:99) For utterance jackson_4_37, best cost 90.6065 + 5081.85 = 5172.46 over 48 frames.
jackson_4_37 four 
LOG (lattice-best-path[5.2.134~1-ecd4]:main():lattice-best-path.cc:99) For utterance jackson_4_38, best cost 92.6812 + 4909.27 = 5001.95 over 45 frames.
jackson_4_38 four 
LOG (lattice-best-path[5.2.134~1-ecd4]:main():lattice-best-path.cc:99) For utterance jackson_4_39, best cost 90.1612 + 5087.31 = 5177.47 over 46 frames.
jackson_4_39 four 
LOG (lattice-best-path[5.2.134~1-ecd4]:main():lattice-best-path.cc:99) For utterance jackson_4_4, best cost 87.1878 + 4102.39 = 4189.58 over 41 frames.
jackson_4_4 four 
LOG (lattice-best-path[5.2.134~1-ecd4]:main():lattice-best-path.cc:99) For utterance jackson_4_40, best cost 128.515 + 4956.07 = 5084.58 over 45 frames.
jackson_4_40 four 
LOG (lattice-best-path[5.2.134~1-ecd4]:main():lattice-best-path.cc:99) For utterance jackson_4_41, best cost 124.591 + 4807.67 = 4932.26 over 43 frames.
jackson_4_41 four 
LOG (lattice-best-path[5.2.134~1-ecd4]:main():lattice-best-path.cc:99) For utterance jackson_4_42, best cost 85.4302 + 4510.63 = 4596.06 over 41 frames.
jackson_4_42 four 
LOG (lattice-best-path[5.2.134~1-ecd4]:main():lattice-best-path.cc:99) For utterance jackson_4_43, best cost 85.9332 + 4856.63 = 4942.56 over 44 frames.
jackson_4_43 four 
LOG (lattice-best-path[5.2.134~1-ecd4]:main():lattice-best-path.cc:99) For utterance jackson_4_44, best cost 127.654 + 5367.76 = 5495.41 over 45 frames.
jackson_4_44 four 
LOG (lattice-best-path[5.2.134~1-ecd4]:main():lattice-best-path.cc:99) For utterance jackson_4_45, best cost 86.3977 + 4593.01 = 4679.41 over 42 frames.
jackson_4_45 four 
LOG (lattice-best-path[5.2.134~1-ecd4]:main():lattice-best-path.cc:99) For utterance jackson_4_46, best cost 92.9037 + 5326.67 = 5419.57 over 49 frames.
jackson_4_46 four 
LOG (lattice-best-path[5.2.134~1-ecd4]:main():lattice-best-path.cc:99) For utterance jackson_4_47, best cost 90.9725 + 5142.77 = 5233.74 over 47 frames.
jackson_4_47 four 
LOG (lattice-best-path[5.2.134~1-ecd4]:main():lattice-best-path.cc:99) For utterance jackson_4_48, best cost 91.4572 + 5013.34 = 5104.8 over 45 frames.
jackson_4_48 four 
LOG (lattice-best-path[5.2.134~1-ecd4]:main():lattice-best-path.cc:99) For utterance jackson_4_49, best cost 91.3042 + 5257.51 = 5348.81 over 48 frames.
jackson_4_49 four 
LOG (lattice-best-path[5.2.134~1-ecd4]:main():lattice-best-path.cc:99) For utterance jackson_4_5, best cost 89.3489 + 4491.73 = 4581.08 over 42 frames.
jackson_4_5 four 
LOG (lattice-best-path[5.2.134~1-ecd4]:main():lattice-best-path.cc:99) For utterance jackson_4_6, best cost 91.9195 + 4772.57 = 4864.49 over 43 frames.
jackson_4_6 four 
LOG (lattice-best-path[5.2.134~1-ecd4]:main():lattice-best-path.cc:99) For utterance jackson_4_7, best cost 82.3361 + 4184.24 = 4266.58 over 39 frames.
jackson_4_7 four 
LOG (lattice-best-path[5.2.134~1-ecd4]:main():lattice-best-path.cc:99) For utterance jackson_4_8, best cost 83.3462 + 4329.29 = 4412.63 over 40 frames.
jackson_4_8 four 
LOG (lattice-best-path[5.2.134~1-ecd4]:main():lattice-best-path.cc:99) For utterance jackson_4_9, best cost 83.1479 + 4130.18 = 4213.33 over 40 frames.
jackson_4_9 four 
LOG (lattice-best-path[5.2.134~1-ecd4]:main():lattice-best-path.cc:99) For utterance jackson_5_0, best cost 80.5761 + 3903.79 = 3984.36 over 40 frames.
jackson_5_0 five 
LOG (lattice-best-path[5.2.134~1-ecd4]:main():lattice-best-path.cc:99) For utterance jackson_5_1, best cost 79.585 + 3718.43 = 3798.01 over 39 frames.
jackson_5_1 five 
LOG (lattice-best-path[5.2.134~1-ecd4]:main():lattice-best-path.cc:99) For utterance jackson_5_10, best cost 82.4756 + 3294.6 = 3377.08 over 37 frames.
jackson_5_10 five 
LOG (lattice-best-path[5.2.134~1-ecd4]:main():lattice-best-path.cc:99) For utterance jackson_5_11, best cost 84.2856 + 3923.87 = 4008.16 over 42 frames.
jackson_5_11 five 
LOG (lattice-best-path[5.2.134~1-ecd4]:main():lattice-best-path.cc:99) For utterance jackson_5_12, best cost 78.3261 + 3241.13 = 3319.46 over 35 frames.
jackson_5_12 five 
LOG (lattice-best-path[5.2.134~1-ecd4]:main():lattice-best-path.cc:99) For utterance jackson_5_13, best cost 78.9099 + 3857.78 = 3936.69 over 40 frames.
jackson_5_13 five 
LOG (lattice-best-path[5.2.134~1-ecd4]:main():lattice-best-path.cc:99) For utterance jackson_5_14, best cost 77.9269 + 3103.24 = 3181.17 over 36 frames.
jackson_5_14 five 
LOG (lattice-best-path[5.2.134~1-ecd4]:main():lattice-best-path.cc:99) For utterance jackson_5_15, best cost 84.2763 + 3991.08 = 4075.36 over 41 frames.
jackson_5_15 five 
LOG (lattice-best-path[5.2.134~1-ecd4]:main():lattice-best-path.cc:99) For utterance jackson_5_16, best cost 79.1939 + 3556.02 = 3635.22 over 38 frames.
jackson_5_16 five 
LOG (lattice-best-path[5.2.134~1-ecd4]:main():lattice-best-path.cc:99) For utterance jackson_5_17, best cost 79.4261 + 3699.81 = 3779.24 over 38 frames.
jackson_5_17 five 
LOG (lattice-best-path[5.2.134~1-ecd4]:main():lattice-best-path.cc:99) For utterance jackson_5_18, best cost 78.5226 + 3052.97 = 3131.49 over 34 frames.
jackson_5_18 five 
LOG (lattice-best-path[5.2.134~1-ecd4]:main():lattice-best-path.cc:99) For utterance jackson_5_19, best cost 79.4543 + 3269.83 = 3349.28 over 35 frames.
jackson_5_19 five 
LOG (lattice-best-path[5.2.134~1-ecd4]:main():lattice-best-path.cc:99) For utterance jackson_5_2, best cost 85.7759 + 4140.5 = 4226.27 over 43 frames.
jackson_5_2 five 
LOG (lattice-best-path[5.2.134~1-ecd4]:main():lattice-best-path.cc:99) For utterance jackson_5_20, best cost 83.738 + 3181.99 = 3265.73 over 32 frames.
jackson_5_20 one 
LOG (lattice-best-path[5.2.134~1-ecd4]:main():lattice-best-path.cc:99) For utterance jackson_5_21, best cost 84.8501 + 3627.92 = 3712.77 over 36 frames.
jackson_5_21 five 
LOG (lattice-best-path[5.2.134~1-ecd4]:main():lattice-best-path.cc:99) For utterance jackson_5_22, best cost 79.9187 + 3565.67 = 3645.59 over 35 frames.
jackson_5_22 five 
LOG (lattice-best-path[5.2.134~1-ecd4]:main():lattice-best-path.cc:99) For utterance jackson_5_23, best cost 79.9219 + 4034.32 = 4114.24 over 39 frames.
jackson_5_23 five 
LOG (lattice-best-path[5.2.134~1-ecd4]:main():lattice-best-path.cc:99) For utterance jackson_5_24, best cost 82.6765 + 3573.53 = 3656.21 over 38 frames.
jackson_5_24 five 
LOG (lattice-best-path[5.2.134~1-ecd4]:main():lattice-best-path.cc:99) For utterance jackson_5_25, best cost 82.9014 + 3602.03 = 3684.93 over 37 frames.
jackson_5_25 five 
LOG (lattice-best-path[5.2.134~1-ecd4]:main():lattice-best-path.cc:99) For utterance jackson_5_26, best cost 82.0746 + 3840.12 = 3922.19 over 39 frames.
jackson_5_26 five 
LOG (lattice-best-path[5.2.134~1-ecd4]:main():lattice-best-path.cc:99) For utterance jackson_5_27, best cost 79.6041 + 3721.33 = 3800.94 over 38 frames.
jackson_5_27 five 
LOG (lattice-best-path[5.2.134~1-ecd4]:main():lattice-best-path.cc:99) For utterance jackson_5_28, best cost 78.1775 + 3201.55 = 3279.73 over 35 frames.
jackson_5_28 five 
LOG (lattice-best-path[5.2.134~1-ecd4]:main():lattice-best-path.cc:99) For utterance jackson_5_29, best cost 88.6616 + 4597.31 = 4685.97 over 46 frames.
jackson_5_29 five 
LOG (lattice-best-path[5.2.134~1-ecd4]:main():lattice-best-path.cc:99) For utterance jackson_5_3, best cost 79.4869 + 3591.11 = 3670.6 over 38 frames.
jackson_5_3 five 
LOG (lattice-best-path[5.2.134~1-ecd4]:main():lattice-best-path.cc:99) For utterance jackson_5_30, best cost 81.1053 + 4312.44 = 4393.55 over 41 frames.
jackson_5_30 five 
LOG (lattice-best-path[5.2.134~1-ecd4]:main():lattice-best-path.cc:99) For utterance jackson_5_31, best cost 81.9109 + 3707.6 = 3789.51 over 39 frames.
jackson_5_31 five 
LOG (lattice-best-path[5.2.134~1-ecd4]:main():lattice-best-path.cc:99) For utterance jackson_5_32, best cost 83.1586 + 3750.46 = 3833.62 over 39 frames.
jackson_5_32 five 
LOG (lattice-best-path[5.2.134~1-ecd4]:main():lattice-best-path.cc:99) For utterance jackson_5_33, best cost 77.9666 + 3540.81 = 3618.78 over 37 frames.
jackson_5_33 five 
LOG (lattice-best-path[5.2.134~1-ecd4]:main():lattice-best-path.cc:99) For utterance jackson_5_34, best cost 78.0311 + 3334.14 = 3412.17 over 34 frames.
jackson_5_34 five 
LOG (lattice-best-path[5.2.134~1-ecd4]:main():lattice-best-path.cc:99) For utterance jackson_5_35, best cost 80.3555 + 4180.09 = 4260.44 over 41 frames.
jackson_5_35 five 
LOG (lattice-best-path[5.2.134~1-ecd4]:main():lattice-best-path.cc:99) For utterance jackson_5_36, best cost 77.8709 + 3085.06 = 3162.93 over 35 frames.
jackson_5_36 five 
LOG (lattice-best-path[5.2.134~1-ecd4]:main():lattice-best-path.cc:99) For utterance jackson_5_37, best cost 80.7555 + 3613.63 = 3694.39 over 37 frames.
jackson_5_37 five 
LOG (lattice-best-path[5.2.134~1-ecd4]:main():lattice-best-path.cc:99) For utterance jackson_5_38, best cost 83.1815 + 4135.04 = 4218.22 over 41 frames.
jackson_5_38 five 
LOG (lattice-best-path[5.2.134~1-ecd4]:main():lattice-best-path.cc:99) For utterance jackson_5_39, best cost 78.1742 + 3382.38 = 3460.56 over 36 frames.
jackson_5_39 five 
LOG (lattice-best-path[5.2.134~1-ecd4]:main():lattice-best-path.cc:99) For utterance jackson_5_4, best cost 92.3218 + 5097.56 = 5189.89 over 51 frames.
jackson_5_4 five 
LOG (lattice-best-path[5.2.134~1-ecd4]:main():lattice-best-path.cc:99) For utterance jackson_5_40, best cost 79.1483 + 3867.96 = 3947.1 over 39 frames.
jackson_5_40 five 
LOG (lattice-best-path[5.2.134~1-ecd4]:main():lattice-best-path.cc:99) For utterance jackson_5_41, best cost 83.4249 + 3946.69 = 4030.12 over 38 frames.
jackson_5_41 five 
LOG (lattice-best-path[5.2.134~1-ecd4]:main():lattice-best-path.cc:99) For utterance jackson_5_42, best cost 84.5533 + 4919.55 = 5004.11 over 45 frames.
jackson_5_42 five 
LOG (lattice-best-path[5.2.134~1-ecd4]:main():lattice-best-path.cc:99) For utterance jackson_5_43, best cost 83.7942 + 4387.76 = 4471.55 over 42 frames.
jackson_5_43 five 
LOG (lattice-best-path[5.2.134~1-ecd4]:main():lattice-best-path.cc:99) For utterance jackson_5_44, best cost 84.8038 + 5049.36 = 5134.16 over 47 frames.
jackson_5_44 five 
LOG (lattice-best-path[5.2.134~1-ecd4]:main():lattice-best-path.cc:99) For utterance jackson_5_45, best cost 81.7526 + 4602.51 = 4684.26 over 44 frames.
jackson_5_45 five 
LOG (lattice-best-path[5.2.134~1-ecd4]:main():lattice-best-path.cc:99) For utterance jackson_5_46, best cost 85.5229 + 5168.73 = 5254.26 over 48 frames.
jackson_5_46 five 
LOG (lattice-best-path[5.2.134~1-ecd4]:main():lattice-best-path.cc:99) For utterance jackson_5_47, best cost 87.3333 + 5473.45 = 5560.79 over 49 frames.
jackson_5_47 five 
LOG (lattice-best-path[5.2.134~1-ecd4]:main():lattice-best-path.cc:99) For utterance jackson_5_48, best cost 91.0296 + 5708.41 = 5799.44 over 49 frames.
jackson_5_48 five 
LOG (lattice-best-path[5.2.134~1-ecd4]:main():lattice-best-path.cc:99) For utterance jackson_5_49, best cost 84.4738 + 4854.3 = 4938.77 over 46 frames.
jackson_5_49 five 
LOG (lattice-best-path[5.2.134~1-ecd4]:main():lattice-best-path.cc:99) For utterance jackson_5_5, best cost 80.0041 + 3598.34 = 3678.35 over 37 frames.
jackson_5_5 five 
LOG (lattice-best-path[5.2.134~1-ecd4]:main():lattice-best-path.cc:99) For utterance jackson_5_6, best cost 79.7155 + 3868.4 = 3948.12 over 38 frames.
jackson_5_6 five 
LOG (lattice-best-path[5.2.134~1-ecd4]:main():lattice-best-path.cc:99) For utterance jackson_5_7, best cost 78.1192 + 3619.22 = 3697.34 over 36 frames.
jackson_5_7 five 
LOG (lattice-best-path[5.2.134~1-ecd4]:main():lattice-best-path.cc:99) For utterance jackson_5_8, best cost 76.7323 + 3329.49 = 3406.22 over 35 frames.
jackson_5_8 five 
LOG (lattice-best-path[5.2.134~1-ecd4]:main():lattice-best-path.cc:99) For utterance jackson_5_9, best cost 88.4682 + 5964.7 = 6053.17 over 56 frames.
jackson_5_9 five 
LOG (lattice-best-path[5.2.134~1-ecd4]:main():lattice-best-path.cc:99) For utterance jackson_6_0, best cost 105.162 + 8728 = 8833.17 over 81 frames.
jackson_6_0 six 
LOG (lattice-best-path[5.2.134~1-ecd4]:main():lattice-best-path.cc:99) For utterance jackson_6_1, best cost 93.8689 + 7157.69 = 7251.56 over 62 frames.
jackson_6_1 six 
LOG (lattice-best-path[5.2.134~1-ecd4]:main():lattice-best-path.cc:99) For utterance jackson_6_10, best cost 102.151 + 8727.3 = 8829.45 over 84 frames.
jackson_6_10 six 
LOG (lattice-best-path[5.2.134~1-ecd4]:main():lattice-best-path.cc:99) For utterance jackson_6_11, best cost 105.541 + 8794.19 = 8899.73 over 85 frames.
jackson_6_11 six 
LOG (lattice-best-path[5.2.134~1-ecd4]:main():lattice-best-path.cc:99) For utterance jackson_6_12, best cost 105.353 + 8634.39 = 8739.74 over 84 frames.
jackson_6_12 six 
LOG (lattice-best-path[5.2.134~1-ecd4]:main():lattice-best-path.cc:99) For utterance jackson_6_13, best cost 97.4952 + 7125.9 = 7223.4 over 69 frames.
jackson_6_13 six 
LOG (lattice-best-path[5.2.134~1-ecd4]:main():lattice-best-path.cc:99) For utterance jackson_6_14, best cost 96.6168 + 8010.47 = 8107.08 over 75 frames.
jackson_6_14 six 
LOG (lattice-best-path[5.2.134~1-ecd4]:main():lattice-best-path.cc:99) For utterance jackson_6_15, best cost 100.577 + 8977.03 = 9077.6 over 86 frames.
jackson_6_15 six 
LOG (lattice-best-path[5.2.134~1-ecd4]:main():lattice-best-path.cc:99) For utterance jackson_6_16, best cost 94.3823 + 7301.77 = 7396.15 over 71 frames.
jackson_6_16 six 
LOG (lattice-best-path[5.2.134~1-ecd4]:main():lattice-best-path.cc:99) For utterance jackson_6_17, best cost 94.2627 + 7465.88 = 7560.14 over 72 frames.
jackson_6_17 six 
LOG (lattice-best-path[5.2.134~1-ecd4]:main():lattice-best-path.cc:99) For utterance jackson_6_18, best cost 108.475 + 8390.94 = 8499.42 over 84 frames.
jackson_6_18 six 
LOG (lattice-best-path[5.2.134~1-ecd4]:main():lattice-best-path.cc:99) For utterance jackson_6_19, best cost 93.6329 + 7082.92 = 7176.56 over 67 frames.
jackson_6_19 six 
LOG (lattice-best-path[5.2.134~1-ecd4]:main():lattice-best-path.cc:99) For utterance jackson_6_2, best cost 93.8527 + 6596.78 = 6690.63 over 61 frames.
jackson_6_2 six 
LOG (lattice-best-path[5.2.134~1-ecd4]:main():lattice-best-path.cc:99) For utterance jackson_6_20, best cost 101.525 + 7274.79 = 7376.31 over 67 frames.
jackson_6_20 six 
LOG (lattice-best-path[5.2.134~1-ecd4]:main():lattice-best-path.cc:99) For utterance jackson_6_21, best cost 107.117 + 8346.68 = 8453.8 over 78 frames.
jackson_6_21 six 
LOG (lattice-best-path[5.2.134~1-ecd4]:main():lattice-best-path.cc:99) For utterance jackson_6_22, best cost 97.5153 + 7068.22 = 7165.74 over 69 frames.
jackson_6_22 six 
LOG (lattice-best-path[5.2.134~1-ecd4]:main():lattice-best-path.cc:99) For utterance jackson_6_23, best cost 101.292 + 8332.74 = 8434.03 over 80 frames.
jackson_6_23 six 
LOG (lattice-best-path[5.2.134~1-ecd4]:main():lattice-best-path.cc:99) For utterance jackson_6_24, best cost 96.0623 + 7297.28 = 7393.34 over 70 frames.
jackson_6_24 six 
LOG (lattice-best-path[5.2.134~1-ecd4]:main():lattice-best-path.cc:99) For utterance jackson_6_25, best cost 106.292 + 7811.04 = 7917.33 over 77 frames.
jackson_6_25 six 
LOG (lattice-best-path[5.2.134~1-ecd4]:main():lattice-best-path.cc:99) For utterance jackson_6_26, best cost 99.9209 + 7358.96 = 7458.88 over 70 frames.
jackson_6_26 six 
LOG (lattice-best-path[5.2.134~1-ecd4]:main():lattice-best-path.cc:99) For utterance jackson_6_27, best cost 102.875 + 8173.85 = 8276.73 over 79 frames.
jackson_6_27 six 
LOG (lattice-best-path[5.2.134~1-ecd4]:main():lattice-best-path.cc:99) For utterance jackson_6_28, best cost 93.6684 + 7033.71 = 7127.38 over 63 frames.
jackson_6_28 six 
LOG (lattice-best-path[5.2.134~1-ecd4]:main():lattice-best-path.cc:99) For utterance jackson_6_29, best cost 91.0388 + 6589.62 = 6680.65 over 60 frames.
jackson_6_29 six 
LOG (lattice-best-path[5.2.134~1-ecd4]:main():lattice-best-path.cc:99) For utterance jackson_6_3, best cost 100.407 + 9447.25 = 9547.66 over 85 frames.
jackson_6_3 six 
LOG (lattice-best-path[5.2.134~1-ecd4]:main():lattice-best-path.cc:99) For utterance jackson_6_30, best cost 96.1304 + 8439.01 = 8535.14 over 78 frames.
jackson_6_30 six 
LOG (lattice-best-path[5.2.134~1-ecd4]:main():lattice-best-path.cc:99) For utterance jackson_6_31, best cost 94.6858 + 6519.99 = 6614.68 over 61 frames.
jackson_6_31 six 
LOG (lattice-best-path[5.2.134~1-ecd4]:main():lattice-best-path.cc:99) For utterance jackson_6_32, best cost 110.253 + 9012.64 = 9122.89 over 83 frames.
jackson_6_32 six 
LOG (lattice-best-path[5.2.134~1-ecd4]:main():lattice-best-path.cc:99) For utterance jackson_6_33, best cost 98.0669 + 6624.37 = 6722.44 over 62 frames.
jackson_6_33 six 
LOG (lattice-best-path[5.2.134~1-ecd4]:main():lattice-best-path.cc:99) For utterance jackson_6_34, best cost 95.7018 + 6125.82 = 6221.52 over 56 frames.
jackson_6_34 six 
LOG (lattice-best-path[5.2.134~1-ecd4]:main():lattice-best-path.cc:99) For utterance jackson_6_35, best cost 93.3192 + 7153.68 = 7247 over 62 frames.
jackson_6_35 six 
LOG (lattice-best-path[5.2.134~1-ecd4]:main():lattice-best-path.cc:99) For utterance jackson_6_36, best cost 90.8207 + 6190.59 = 6281.41 over 56 frames.
jackson_6_36 six 
LOG (lattice-best-path[5.2.134~1-ecd4]:main():lattice-best-path.cc:99) For utterance jackson_6_37, best cost 95.1805 + 6964.6 = 7059.78 over 68 frames.
jackson_6_37 six 
LOG (lattice-best-path[5.2.134~1-ecd4]:main():lattice-best-path.cc:99) For utterance jackson_6_38, best cost 101.466 + 7869.53 = 7971 over 73 frames.
jackson_6_38 six 
LOG (lattice-best-path[5.2.134~1-ecd4]:main():lattice-best-path.cc:99) For utterance jackson_6_39, best cost 96.3218 + 7047.1 = 7143.42 over 64 frames.
jackson_6_39 six 
LOG (lattice-best-path[5.2.134~1-ecd4]:main():lattice-best-path.cc:99) For utterance jackson_6_4, best cost 98.8739 + 6852.4 = 6951.28 over 61 frames.
jackson_6_4 six 
LOG (lattice-best-path[5.2.134~1-ecd4]:main():lattice-best-path.cc:99) For utterance jackson_6_40, best cost 95.6878 + 6305.84 = 6401.53 over 57 frames.
jackson_6_40 six 
LOG (lattice-best-path[5.2.134~1-ecd4]:main():lattice-best-path.cc:99) For utterance jackson_6_41, best cost 93.2545 + 5825.27 = 5918.53 over 54 frames.
jackson_6_41 six 
LOG (lattice-best-path[5.2.134~1-ecd4]:main():lattice-best-path.cc:99) For utterance jackson_6_42, best cost 88.292 + 5154.4 = 5242.69 over 49 frames.
jackson_6_42 six 
LOG (lattice-best-path[5.2.134~1-ecd4]:main():lattice-best-path.cc:99) For utterance jackson_6_43, best cost 100.099 + 6890.69 = 6990.78 over 65 frames.
jackson_6_43 six 
LOG (lattice-best-path[5.2.134~1-ecd4]:main():lattice-best-path.cc:99) For utterance jackson_6_44, best cost 92.4693 + 4975.94 = 5068.41 over 47 frames.
jackson_6_44 six 
LOG (lattice-best-path[5.2.134~1-ecd4]:main():lattice-best-path.cc:99) For utterance jackson_6_45, best cost 95.3371 + 6163.25 = 6258.59 over 57 frames.
jackson_6_45 six 
LOG (lattice-best-path[5.2.134~1-ecd4]:main():lattice-best-path.cc:99) For utterance jackson_6_46, best cost 101.246 + 8071.02 = 8172.27 over 77 frames.
jackson_6_46 six 
LOG (lattice-best-path[5.2.134~1-ecd4]:main():lattice-best-path.cc:99) For utterance jackson_6_47, best cost 99.9765 + 7463.04 = 7563.02 over 68 frames.
jackson_6_47 six 
LOG (lattice-best-path[5.2.134~1-ecd4]:main():lattice-best-path.cc:99) For utterance jackson_6_48, best cost 91.3532 + 5358.23 = 5449.59 over 52 frames.
jackson_6_48 six 
LOG (lattice-best-path[5.2.134~1-ecd4]:main():lattice-best-path.cc:99) For utterance jackson_6_49, best cost 95.0589 + 7368.33 = 7463.39 over 67 frames.
jackson_6_49 six 
LOG (lattice-best-path[5.2.134~1-ecd4]:main():lattice-best-path.cc:99) For utterance jackson_6_5, best cost 94.6922 + 6712.45 = 6807.14 over 66 frames.
jackson_6_5 six 
LOG (lattice-best-path[5.2.134~1-ecd4]:main():lattice-best-path.cc:99) For utterance jackson_6_6, best cost 101.357 + 7749.85 = 7851.21 over 74 frames.
jackson_6_6 six 
LOG (lattice-best-path[5.2.134~1-ecd4]:main():lattice-best-path.cc:99) For utterance jackson_6_7, best cost 92.6199 + 6534.17 = 6626.79 over 62 frames.
jackson_6_7 six 
LOG (lattice-best-path[5.2.134~1-ecd4]:main():lattice-best-path.cc:99) For utterance jackson_6_8, best cost 105.684 + 8672.57 = 8778.25 over 81 frames.
jackson_6_8 six 
LOG (lattice-best-path[5.2.134~1-ecd4]:main():lattice-best-path.cc:99) For utterance jackson_6_9, best cost 101.831 + 8324.91 = 8426.74 over 81 frames.
jackson_6_9 six 
LOG (lattice-best-path[5.2.134~1-ecd4]:main():lattice-best-path.cc:99) For utterance jackson_7_0, best cost 82.8484 + 4452.16 = 4535.01 over 41 frames.
jackson_7_0 seven 
LOG (lattice-best-path[5.2.134~1-ecd4]:main():lattice-best-path.cc:99) For utterance jackson_7_1, best cost 87.1262 + 4506.84 = 4593.97 over 45 frames.
jackson_7_1 seven 
LOG (lattice-best-path[5.2.134~1-ecd4]:main():lattice-best-path.cc:99) For utterance jackson_7_10, best cost 87.7854 + 4140.82 = 4228.6 over 42 frames.
jackson_7_10 seven 
LOG (lattice-best-path[5.2.134~1-ecd4]:main():lattice-best-path.cc:99) For utterance jackson_7_11, best cost 83.8006 + 3989.5 = 4073.3 over 39 frames.
jackson_7_11 five 
LOG (lattice-best-path[5.2.134~1-ecd4]:main():lattice-best-path.cc:99) For utterance jackson_7_12, best cost 88.4262 + 4648.61 = 4737.04 over 42 frames.
jackson_7_12 seven 
LOG (lattice-best-path[5.2.134~1-ecd4]:main():lattice-best-path.cc:99) For utterance jackson_7_13, best cost 89.7223 + 4363.93 = 4453.66 over 43 frames.
jackson_7_13 seven 
LOG (lattice-best-path[5.2.134~1-ecd4]:main():lattice-best-path.cc:99) For utterance jackson_7_14, best cost 97.3012 + 4575.6 = 4672.9 over 46 frames.
jackson_7_14 seven 
LOG (lattice-best-path[5.2.134~1-ecd4]:main():lattice-best-path.cc:99) For utterance jackson_7_15, best cost 73.514 + 4223.65 = 4297.17 over 38 frames.
jackson_7_15 
LOG (lattice-best-path[5.2.134~1-ecd4]:main():lattice-best-path.cc:99) For utterance jackson_7_16, best cost 90.3666 + 4359.56 = 4449.92 over 41 frames.
jackson_7_16 seven 
LOG (lattice-best-path[5.2.134~1-ecd4]:main():lattice-best-path.cc:99) For utterance jackson_7_17, best cost 93.5196 + 4742.11 = 4835.63 over 45 frames.
jackson_7_17 seven 
LOG (lattice-best-path[5.2.134~1-ecd4]:main():lattice-best-path.cc:99) For utterance jackson_7_18, best cost 86.3127 + 3986.89 = 4073.2 over 39 frames.
jackson_7_18 seven 
LOG (lattice-best-path[5.2.134~1-ecd4]:main():lattice-best-path.cc:99) For utterance jackson_7_19, best cost 93.6732 + 4537.31 = 4630.98 over 45 frames.
jackson_7_19 seven 
LOG (lattice-best-path[5.2.134~1-ecd4]:main():lattice-best-path.cc:99) For utterance jackson_7_2, best cost 85.5971 + 3725.06 = 3810.66 over 36 frames.
jackson_7_2 seven 
LOG (lattice-best-path[5.2.134~1-ecd4]:main():lattice-best-path.cc:99) For utterance jackson_7_20, best cost 96.9337 + 4789.52 = 4886.45 over 44 frames.
jackson_7_20 seven 
LOG (lattice-best-path[5.2.134~1-ecd4]:main():lattice-best-path.cc:99) For utterance jackson_7_21, best cost 96.5386 + 5352.79 = 5449.33 over 50 frames.
jackson_7_21 seven 
LOG (lattice-best-path[5.2.134~1-ecd4]:main():lattice-best-path.cc:99) For utterance jackson_7_22, best cost 89.9853 + 4577.3 = 4667.29 over 42 frames.
jackson_7_22 seven 
LOG (lattice-best-path[5.2.134~1-ecd4]:main():lattice-best-path.cc:99) For utterance jackson_7_23, best cost 91.7621 + 5427.3 = 5519.06 over 54 frames.
jackson_7_23 seven 
LOG (lattice-best-path[5.2.134~1-ecd4]:main():lattice-best-path.cc:99) For utterance jackson_7_24, best cost 89.9484 + 4584.08 = 4674.03 over 42 frames.
jackson_7_24 seven 
LOG (lattice-best-path[5.2.134~1-ecd4]:main():lattice-best-path.cc:99) For utterance jackson_7_25, best cost 135.626 + 5085.63 = 5221.26 over 45 frames.
jackson_7_25 five seven 
LOG (lattice-best-path[5.2.134~1-ecd4]:main():lattice-best-path.cc:99) For utterance jackson_7_26, best cost 134.113 + 5058.76 = 5192.88 over 47 frames.
jackson_7_26 five seven 
LOG (lattice-best-path[5.2.134~1-ecd4]:main():lattice-best-path.cc:99) For utterance jackson_7_27, best cost 133.382 + 5160.9 = 5294.28 over 47 frames.
jackson_7_27 five seven 
LOG (lattice-best-path[5.2.134~1-ecd4]:main():lattice-best-path.cc:99) For utterance jackson_7_28, best cost 90.9502 + 4338.67 = 4429.62 over 41 frames.
jackson_7_28 seven 
LOG (lattice-best-path[5.2.134~1-ecd4]:main():lattice-best-path.cc:99) For utterance jackson_7_29, best cost 88.5931 + 4541.82 = 4630.42 over 43 frames.
jackson_7_29 seven 
LOG (lattice-best-path[5.2.134~1-ecd4]:main():lattice-best-path.cc:99) For utterance jackson_7_3, best cost 86.2048 + 4225.14 = 4311.34 over 41 frames.
jackson_7_3 seven 
LOG (lattice-best-path[5.2.134~1-ecd4]:main():lattice-best-path.cc:99) For utterance jackson_7_30, best cost 91.9831 + 4498.84 = 4590.82 over 44 frames.
jackson_7_30 seven 
LOG (lattice-best-path[5.2.134~1-ecd4]:main():lattice-best-path.cc:99) For utterance jackson_7_31, best cost 86.8214 + 4011.48 = 4098.3 over 40 frames.
jackson_7_31 seven 
LOG (lattice-best-path[5.2.134~1-ecd4]:main():lattice-best-path.cc:99) For utterance jackson_7_32, best cost 93.1437 + 5451.58 = 5544.72 over 52 frames.
jackson_7_32 seven 
LOG (lattice-best-path[5.2.134~1-ecd4]:main():lattice-best-path.cc:99) For utterance jackson_7_33, best cost 86.1852 + 5592.93 = 5679.11 over 52 frames.
jackson_7_33 seven 
LOG (lattice-best-path[5.2.134~1-ecd4]:main():lattice-best-path.cc:99) For utterance jackson_7_34, best cost 93.0026 + 5449.38 = 5542.38 over 49 frames.
jackson_7_34 seven 
LOG (lattice-best-path[5.2.134~1-ecd4]:main():lattice-best-path.cc:99) For utterance jackson_7_35, best cost 85.3171 + 3888.64 = 3973.96 over 39 frames.
jackson_7_35 seven 
LOG (lattice-best-path[5.2.134~1-ecd4]:main():lattice-best-path.cc:99) For utterance jackson_7_36, best cost 85.6863 + 4039.63 = 4125.32 over 38 frames.
jackson_7_36 seven 
LOG (lattice-best-path[5.2.134~1-ecd4]:main():lattice-best-path.cc:99) For utterance jackson_7_37, best cost 88.0557 + 3968.94 = 4057 over 39 frames.
jackson_7_37 seven 
LOG (lattice-best-path[5.2.134~1-ecd4]:main():lattice-best-path.cc:99) For utterance jackson_7_38, best cost 91.6672 + 5530 = 5621.67 over 46 frames.
jackson_7_38 seven 
LOG (lattice-best-path[5.2.134~1-ecd4]:main():lattice-best-path.cc:99) For utterance jackson_7_39, best cost 139.977 + 5418.64 = 5558.61 over 49 frames.
jackson_7_39 seven 
LOG (lattice-best-path[5.2.134~1-ecd4]:main():lattice-best-path.cc:99) For utterance jackson_7_4, best cost 95.557 + 4353.12 = 4448.68 over 40 frames.
jackson_7_4 seven 
LOG (lattice-best-path[5.2.134~1-ecd4]:main():lattice-best-path.cc:99) For utterance jackson_7_40, best cost 86.294 + 5124.22 = 5210.51 over 47 frames.
jackson_7_40 five 
LOG (lattice-best-path[5.2.134~1-ecd4]:main():lattice-best-path.cc:99) For utterance jackson_7_41, best cost 128.254 + 5414.97 = 5543.22 over 48 frames.
jackson_7_41 nine 
LOG (lattice-best-path[5.2.134~1-ecd4]:main():lattice-best-path.cc:99) For utterance jackson_7_42, best cost 103.572 + 5080.21 = 5183.79 over 46 frames.
jackson_7_42 seven 
LOG (lattice-best-path[5.2.134~1-ecd4]:main():lattice-best-path.cc:99) For utterance jackson_7_43, best cost 103.042 + 5575.73 = 5678.77 over 52 frames.
jackson_7_43 seven 
LOG (lattice-best-path[5.2.134~1-ecd4]:main():lattice-best-path.cc:99) For utterance jackson_7_44, best cost 89.2718 + 5261.31 = 5350.58 over 49 frames.
jackson_7_44 five 
LOG (lattice-best-path[5.2.134~1-ecd4]:main():lattice-best-path.cc:99) For utterance jackson_7_45, best cost 135.799 + 4724.72 = 4860.52 over 44 frames.
jackson_7_45 seven 
LOG (lattice-best-path[5.2.134~1-ecd4]:main():lattice-best-path.cc:99) For utterance jackson_7_46, best cost 99.2878 + 5109.38 = 5208.66 over 47 frames.
jackson_7_46 seven 
LOG (lattice-best-path[5.2.134~1-ecd4]:main():lattice-best-path.cc:99) For utterance jackson_7_47, best cost 92.5091 + 5378.54 = 5471.05 over 47 frames.
jackson_7_47 seven 
LOG (lattice-best-path[5.2.134~1-ecd4]:main():lattice-best-path.cc:99) For utterance jackson_7_48, best cost 95.6754 + 4855.58 = 4951.26 over 44 frames.
jackson_7_48 seven 
LOG (lattice-best-path[5.2.134~1-ecd4]:main():lattice-best-path.cc:99) For utterance jackson_7_49, best cost 96.8771 + 5317.36 = 5414.23 over 47 frames.
jackson_7_49 seven 
LOG (lattice-best-path[5.2.134~1-ecd4]:main():lattice-best-path.cc:99) For utterance jackson_7_5, best cost 98.2815 + 4280.12 = 4378.4 over 43 frames.
jackson_7_5 seven 
LOG (lattice-best-path[5.2.134~1-ecd4]:main():lattice-best-path.cc:99) For utterance jackson_7_6, best cost 87.9049 + 4671.55 = 4759.45 over 43 frames.
jackson_7_6 seven 
LOG (lattice-best-path[5.2.134~1-ecd4]:main():lattice-best-path.cc:99) For utterance jackson_7_7, best cost 90.0821 + 4137.9 = 4227.98 over 40 frames.
jackson_7_7 seven 
LOG (lattice-best-path[5.2.134~1-ecd4]:main():lattice-best-path.cc:99) For utterance jackson_7_8, best cost 95.4374 + 4367.17 = 4462.6 over 41 frames.
jackson_7_8 seven 
LOG (lattice-best-path[5.2.134~1-ecd4]:main():lattice-best-path.cc:99) For utterance jackson_7_9, best cost 98.7959 + 4522.19 = 4620.98 over 42 frames.
jackson_7_9 seven 
LOG (lattice-best-path[5.2.134~1-ecd4]:main():lattice-best-path.cc:99) For utterance jackson_8_0, best cost 83.9171 + 3430.52 = 3514.43 over 33 frames.
jackson_8_0 eight 
LOG (lattice-best-path[5.2.134~1-ecd4]:main():lattice-best-path.cc:99) For utterance jackson_8_1, best cost 80.6504 + 3936.87 = 4017.52 over 38 frames.
jackson_8_1 eight 
LOG (lattice-best-path[5.2.134~1-ecd4]:main():lattice-best-path.cc:99) For utterance jackson_8_10, best cost 71.4449 + 3471.42 = 3542.86 over 34 frames.
jackson_8_10 eight 
LOG (lattice-best-path[5.2.134~1-ecd4]:main():lattice-best-path.cc:99) For utterance jackson_8_11, best cost 77.0074 + 4206.77 = 4283.77 over 39 frames.
jackson_8_11 eight 
LOG (lattice-best-path[5.2.134~1-ecd4]:main():lattice-best-path.cc:99) For utterance jackson_8_12, best cost 81.7505 + 3472.04 = 3553.79 over 34 frames.
jackson_8_12 eight 
LOG (lattice-best-path[5.2.134~1-ecd4]:main():lattice-best-path.cc:99) For utterance jackson_8_13, best cost 79.7216 + 3992.52 = 4072.24 over 36 frames.
jackson_8_13 eight 
LOG (lattice-best-path[5.2.134~1-ecd4]:main():lattice-best-path.cc:99) For utterance jackson_8_14, best cost 76.393 + 3470.75 = 3547.15 over 34 frames.
jackson_8_14 eight 
LOG (lattice-best-path[5.2.134~1-ecd4]:main():lattice-best-path.cc:99) For utterance jackson_8_15, best cost 83.756 + 3971.74 = 4055.5 over 37 frames.
jackson_8_15 eight 
LOG (lattice-best-path[5.2.134~1-ecd4]:main():lattice-best-path.cc:99) For utterance jackson_8_16, best cost 76.0797 + 3527.68 = 3603.76 over 33 frames.
jackson_8_16 eight 
LOG (lattice-best-path[5.2.134~1-ecd4]:main():lattice-best-path.cc:99) For utterance jackson_8_17, best cost 71.9926 + 4198.15 = 4270.15 over 38 frames.
jackson_8_17 eight 
LOG (lattice-best-path[5.2.134~1-ecd4]:main():lattice-best-path.cc:99) For utterance jackson_8_18, best cost 74.4204 + 3963.99 = 4038.41 over 38 frames.
jackson_8_18 eight 
LOG (lattice-best-path[5.2.134~1-ecd4]:main():lattice-best-path.cc:99) For utterance jackson_8_19, best cost 73.0499 + 3904.05 = 3977.1 over 36 frames.
jackson_8_19 eight 
LOG (lattice-best-path[5.2.134~1-ecd4]:main():lattice-best-path.cc:99) For utterance jackson_8_2, best cost 72.4822 + 3827.71 = 3900.19 over 36 frames.
jackson_8_2 eight 
LOG (lattice-best-path[5.2.134~1-ecd4]:main():lattice-best-path.cc:99) For utterance jackson_8_20, best cost 81.6069 + 4006.33 = 4087.94 over 37 frames.
jackson_8_20 eight 
LOG (lattice-best-path[5.2.134~1-ecd4]:main():lattice-best-path.cc:99) For utterance jackson_8_21, best cost 80.7511 + 3991.73 = 4072.49 over 37 frames.
jackson_8_21 eight 
LOG (lattice-best-path[5.2.134~1-ecd4]:main():lattice-best-path.cc:99) For utterance jackson_8_22, best cost 84.5352 + 4516.48 = 4601.02 over 43 frames.
jackson_8_22 eight 
LOG (lattice-best-path[5.2.134~1-ecd4]:main():lattice-best-path.cc:99) For utterance jackson_8_23, best cost 85.8491 + 4324.35 = 4410.19 over 42 frames.
jackson_8_23 eight 
LOG (lattice-best-path[5.2.134~1-ecd4]:main():lattice-best-path.cc:99) For utterance jackson_8_24, best cost 77.7638 + 3730.02 = 3807.78 over 35 frames.
jackson_8_24 eight 
LOG (lattice-best-path[5.2.134~1-ecd4]:main():lattice-best-path.cc:99) For utterance jackson_8_25, best cost 79.5737 + 4052.16 = 4131.73 over 38 frames.
jackson_8_25 eight 
LOG (lattice-best-path[5.2.134~1-ecd4]:main():lattice-best-path.cc:99) For utterance jackson_8_26, best cost 88.3741 + 4831.74 = 4920.11 over 44 frames.
jackson_8_26 eight 
LOG (lattice-best-path[5.2.134~1-ecd4]:main():lattice-best-path.cc:99) For utterance jackson_8_27, best cost 81.0089 + 3996.57 = 4077.58 over 39 frames.
jackson_8_27 eight 
LOG (lattice-best-path[5.2.134~1-ecd4]:main():lattice-best-path.cc:99) For utterance jackson_8_28, best cost 73.4724 + 4155.75 = 4229.22 over 39 frames.
jackson_8_28 eight 
LOG (lattice-best-path[5.2.134~1-ecd4]:main():lattice-best-path.cc:99) For utterance jackson_8_29, best cost 80.7549 + 3945.7 = 4026.46 over 38 frames.
jackson_8_29 eight 
LOG (lattice-best-path[5.2.134~1-ecd4]:main():lattice-best-path.cc:99) For utterance jackson_8_3, best cost 82.8683 + 3887.09 = 3969.96 over 37 frames.
jackson_8_3 eight 
LOG (lattice-best-path[5.2.134~1-ecd4]:main():lattice-best-path.cc:99) For utterance jackson_8_30, best cost 81.2101 + 4347.81 = 4429.02 over 42 frames.
jackson_8_30 eight 
LOG (lattice-best-path[5.2.134~1-ecd4]:main():lattice-best-path.cc:99) For utterance jackson_8_31, best cost 79.1716 + 4305.25 = 4384.43 over 40 frames.
jackson_8_31 eight 
LOG (lattice-best-path[5.2.134~1-ecd4]:main():lattice-best-path.cc:99) For utterance jackson_8_32, best cost 77.5984 + 4616.64 = 4694.24 over 44 frames.
jackson_8_32 eight 
LOG (lattice-best-path[5.2.134~1-ecd4]:main():lattice-best-path.cc:99) For utterance jackson_8_33, best cost 80.6994 + 4799.86 = 4880.56 over 43 frames.
jackson_8_33 eight 
LOG (lattice-best-path[5.2.134~1-ecd4]:main():lattice-best-path.cc:99) For utterance jackson_8_34, best cost 76.9976 + 4704.29 = 4781.29 over 46 frames.
jackson_8_34 eight 
LOG (lattice-best-path[5.2.134~1-ecd4]:main():lattice-best-path.cc:99) For utterance jackson_8_35, best cost 78.8688 + 4829.52 = 4908.39 over 46 frames.
jackson_8_35 eight 
LOG (lattice-best-path[5.2.134~1-ecd4]:main():lattice-best-path.cc:99) For utterance jackson_8_36, best cost 76.2945 + 4279.96 = 4356.25 over 40 frames.
jackson_8_36 eight 
LOG (lattice-best-path[5.2.134~1-ecd4]:main():lattice-best-path.cc:99) For utterance jackson_8_37, best cost 73.4411 + 4187.22 = 4260.66 over 39 frames.
jackson_8_37 eight 
LOG (lattice-best-path[5.2.134~1-ecd4]:main():lattice-best-path.cc:99) For utterance jackson_8_38, best cost 72.9565 + 4537.71 = 4610.67 over 43 frames.
jackson_8_38 eight 
LOG (lattice-best-path[5.2.134~1-ecd4]:main():lattice-best-path.cc:99) For utterance jackson_8_39, best cost 81.6808 + 4853.87 = 4935.55 over 45 frames.
jackson_8_39 eight 
LOG (lattice-best-path[5.2.134~1-ecd4]:main():lattice-best-path.cc:99) For utterance jackson_8_4, best cost 80.6753 + 4129.52 = 4210.2 over 39 frames.
jackson_8_4 eight 
LOG (lattice-best-path[5.2.134~1-ecd4]:main():lattice-best-path.cc:99) For utterance jackson_8_40, best cost 84.0052 + 4343.19 = 4427.19 over 42 frames.
jackson_8_40 eight 
LOG (lattice-best-path[5.2.134~1-ecd4]:main():lattice-best-path.cc:99) For utterance jackson_8_41, best cost 88.4209 + 6145.12 = 6233.54 over 56 frames.
jackson_8_41 eight 
LOG (lattice-best-path[5.2.134~1-ecd4]:main():lattice-best-path.cc:99) For utterance jackson_8_42, best cost 76.2791 + 4080.65 = 4156.93 over 40 frames.
jackson_8_42 eight 
LOG (lattice-best-path[5.2.134~1-ecd4]:main():lattice-best-path.cc:99) For utterance jackson_8_43, best cost 77.3538 + 4015.38 = 4092.73 over 40 frames.
jackson_8_43 eight 
LOG (lattice-best-path[5.2.134~1-ecd4]:main():lattice-best-path.cc:99) For utterance jackson_8_44, best cost 80.9171 + 4425.86 = 4506.78 over 42 frames.
jackson_8_44 eight 
LOG (lattice-best-path[5.2.134~1-ecd4]:main():lattice-best-path.cc:99) For utterance jackson_8_45, best cost 78.559 + 4584.48 = 4663.04 over 42 frames.
jackson_8_45 eight 
LOG (lattice-best-path[5.2.134~1-ecd4]:main():lattice-best-path.cc:99) For utterance jackson_8_46, best cost 77.8092 + 4266.56 = 4344.37 over 40 frames.
jackson_8_46 eight 
LOG (lattice-best-path[5.2.134~1-ecd4]:main():lattice-best-path.cc:99) For utterance jackson_8_47, best cost 72.5043 + 4222.29 = 4294.79 over 41 frames.
jackson_8_47 eight 
LOG (lattice-best-path[5.2.134~1-ecd4]:main():lattice-best-path.cc:99) For utterance jackson_8_48, best cost 72.4611 + 4286.49 = 4358.95 over 40 frames.
jackson_8_48 eight 
LOG (lattice-best-path[5.2.134~1-ecd4]:main():lattice-best-path.cc:99) For utterance jackson_8_49, best cost 79.5547 + 4795.07 = 4874.63 over 45 frames.
jackson_8_49 eight 
LOG (lattice-best-path[5.2.134~1-ecd4]:main():lattice-best-path.cc:99) For utterance jackson_8_5, best cost 79.2393 + 4294.84 = 4374.08 over 41 frames.
jackson_8_5 eight 
LOG (lattice-best-path[5.2.134~1-ecd4]:main():lattice-best-path.cc:99) For utterance jackson_8_6, best cost 75.153 + 4218.23 = 4293.38 over 40 frames.
jackson_8_6 eight 
LOG (lattice-best-path[5.2.134~1-ecd4]:main():lattice-best-path.cc:99) For utterance jackson_8_7, best cost 81.3649 + 4476.59 = 4557.96 over 41 frames.
jackson_8_7 eight 
LOG (lattice-best-path[5.2.134~1-ecd4]:main():lattice-best-path.cc:99) For utterance jackson_8_8, best cost 81.0326 + 3729.78 = 3810.81 over 35 frames.
jackson_8_8 eight 
LOG (lattice-best-path[5.2.134~1-ecd4]:main():lattice-best-path.cc:99) For utterance jackson_8_9, best cost 34.1031 + 4022.73 = 4056.83 over 36 frames.
jackson_8_9 
LOG (lattice-best-path[5.2.134~1-ecd4]:main():lattice-best-path.cc:99) For utterance jackson_9_0, best cost 103.35 + 5693.87 = 5797.22 over 58 frames.
jackson_9_0 nine 
LOG (lattice-best-path[5.2.134~1-ecd4]:main():lattice-best-path.cc:99) For utterance jackson_9_1, best cost 101.118 + 5746.89 = 5848 over 55 frames.
jackson_9_1 nine 
LOG (lattice-best-path[5.2.134~1-ecd4]:main():lattice-best-path.cc:99) For utterance jackson_9_10, best cost 128.486 + 5376.28 = 5504.77 over 49 frames.
jackson_9_10 five 
LOG (lattice-best-path[5.2.134~1-ecd4]:main():lattice-best-path.cc:99) For utterance jackson_9_11, best cost 121.337 + 6087.41 = 6208.75 over 60 frames.
jackson_9_11 nine 
LOG (lattice-best-path[5.2.134~1-ecd4]:main():lattice-best-path.cc:99) For utterance jackson_9_12, best cost 88.4205 + 5719.53 = 5807.95 over 56 frames.
jackson_9_12 nine 
LOG (lattice-best-path[5.2.134~1-ecd4]:main():lattice-best-path.cc:99) For utterance jackson_9_13, best cost 114.689 + 5803.7 = 5918.39 over 57 frames.
jackson_9_13 nine 
LOG (lattice-best-path[5.2.134~1-ecd4]:main():lattice-best-path.cc:99) For utterance jackson_9_14, best cost 116.795 + 6494.69 = 6611.48 over 60 frames.
jackson_9_14 nine 
LOG (lattice-best-path[5.2.134~1-ecd4]:main():lattice-best-path.cc:99) For utterance jackson_9_15, best cost 110.967 + 6196.6 = 6307.57 over 57 frames.
jackson_9_15 nine 
LOG (lattice-best-path[5.2.134~1-ecd4]:main():lattice-best-path.cc:99) For utterance jackson_9_16, best cost 110.83 + 4626.01 = 4736.84 over 45 frames.
jackson_9_16 nine 
LOG (lattice-best-path[5.2.134~1-ecd4]:main():lattice-best-path.cc:99) For utterance jackson_9_17, best cost 104.527 + 4815.62 = 4920.14 over 46 frames.
jackson_9_17 nine 
LOG (lattice-best-path[5.2.134~1-ecd4]:main():lattice-best-path.cc:99) For utterance jackson_9_18, best cost 131.06 + 5352.85 = 5483.91 over 52 frames.
jackson_9_18 five 
LOG (lattice-best-path[5.2.134~1-ecd4]:main():lattice-best-path.cc:99) For utterance jackson_9_19, best cost 103.392 + 5275.2 = 5378.6 over 52 frames.
jackson_9_19 nine 
LOG (lattice-best-path[5.2.134~1-ecd4]:main():lattice-best-path.cc:99) For utterance jackson_9_2, best cost 115.962 + 5930.79 = 6046.75 over 56 frames.
jackson_9_2 nine 
LOG (lattice-best-path[5.2.134~1-ecd4]:main():lattice-best-path.cc:99) For utterance jackson_9_20, best cost 119.191 + 5821.8 = 5940.99 over 57 frames.
jackson_9_20 nine 
LOG (lattice-best-path[5.2.134~1-ecd4]:main():lattice-best-path.cc:99) For utterance jackson_9_21, best cost 158.947 + 5417.03 = 5575.98 over 52 frames.
jackson_9_21 nine 
LOG (lattice-best-path[5.2.134~1-ecd4]:main():lattice-best-path.cc:99) For utterance jackson_9_22, best cost 111.63 + 5171.73 = 5283.36 over 50 frames.
jackson_9_22 nine 
LOG (lattice-best-path[5.2.134~1-ecd4]:main():lattice-best-path.cc:99) For utterance jackson_9_23, best cost 99.5803 + 6275.76 = 6375.34 over 60 frames.
jackson_9_23 nine 
LOG (lattice-best-path[5.2.134~1-ecd4]:main():lattice-best-path.cc:99) For utterance jackson_9_24, best cost 142.468 + 5290.86 = 5433.33 over 52 frames.
jackson_9_24 nine 
LOG (lattice-best-path[5.2.134~1-ecd4]:main():lattice-best-path.cc:99) For utterance jackson_9_25, best cost 147.51 + 4596.82 = 4744.33 over 47 frames.
jackson_9_25 nine 
LOG (lattice-best-path[5.2.134~1-ecd4]:main():lattice-best-path.cc:99) For utterance jackson_9_26, best cost 98.5415 + 6107.63 = 6206.17 over 60 frames.
jackson_9_26 nine 
LOG (lattice-best-path[5.2.134~1-ecd4]:main():lattice-best-path.cc:99) For utterance jackson_9_27, best cost 112.859 + 5966.27 = 6079.13 over 59 frames.
jackson_9_27 nine 
LOG (lattice-best-path[5.2.134~1-ecd4]:main():lattice-best-path.cc:99) For utterance jackson_9_28, best cost 106.845 + 5901.68 = 6008.52 over 59 frames.
jackson_9_28 nine 
LOG (lattice-best-path[5.2.134~1-ecd4]:main():lattice-best-path.cc:99) For utterance jackson_9_29, best cost 90.8045 + 5080.12 = 5170.92 over 50 frames.
jackson_9_29 five 
LOG (lattice-best-path[5.2.134~1-ecd4]:main():lattice-best-path.cc:99) For utterance jackson_9_3, best cost 130.849 + 5599.11 = 5729.96 over 52 frames.
jackson_9_3 five 
LOG (lattice-best-path[5.2.134~1-ecd4]:main():lattice-best-path.cc:99) For utterance jackson_9_30, best cost 131.793 + 7481.46 = 7613.25 over 62 frames.
jackson_9_30 nine 
LOG (lattice-best-path[5.2.134~1-ecd4]:main():lattice-best-path.cc:99) For utterance jackson_9_31, best cost 91.8488 + 7178.24 = 7270.09 over 63 frames.
jackson_9_31 nine 
LOG (lattice-best-path[5.2.134~1-ecd4]:main():lattice-best-path.cc:99) For utterance jackson_9_32, best cost 87.5958 + 6843.66 = 6931.26 over 62 frames.
jackson_9_32 nine 
LOG (lattice-best-path[5.2.134~1-ecd4]:main():lattice-best-path.cc:99) For utterance jackson_9_33, best cost 131.937 + 7442.32 = 7574.26 over 66 frames.
jackson_9_33 nine 
LOG (lattice-best-path[5.2.134~1-ecd4]:main():lattice-best-path.cc:99) For utterance jackson_9_34, best cost 137.468 + 7034.72 = 7172.19 over 66 frames.
jackson_9_34 nine 
LOG (lattice-best-path[5.2.134~1-ecd4]:main():lattice-best-path.cc:99) For utterance jackson_9_35, best cost 134.323 + 6983.29 = 7117.62 over 64 frames.
jackson_9_35 nine 
LOG (lattice-best-path[5.2.134~1-ecd4]:main():lattice-best-path.cc:99) For utterance jackson_9_36, best cost 134.008 + 7094.41 = 7228.42 over 64 frames.
jackson_9_36 five 
LOG (lattice-best-path[5.2.134~1-ecd4]:main():lattice-best-path.cc:99) For utterance jackson_9_37, best cost 131.131 + 6648.66 = 6779.79 over 60 frames.
jackson_9_37 five 
LOG (lattice-best-path[5.2.134~1-ecd4]:main():lattice-best-path.cc:99) For utterance jackson_9_38, best cost 132.033 + 7120.82 = 7252.85 over 63 frames.
jackson_9_38 five 
LOG (lattice-best-path[5.2.134~1-ecd4]:main():lattice-best-path.cc:99) For utterance jackson_9_39, best cost 142.843 + 6592.52 = 6735.37 over 58 frames.
jackson_9_39 nine 
LOG (lattice-best-path[5.2.134~1-ecd4]:main():lattice-best-path.cc:99) For utterance jackson_9_4, best cost 130.975 + 5843.79 = 5974.77 over 56 frames.
jackson_9_4 five 
LOG (lattice-best-path[5.2.134~1-ecd4]:main():lattice-best-path.cc:99) For utterance jackson_9_40, best cost 131.044 + 6888.1 = 7019.14 over 60 frames.
jackson_9_40 five 
LOG (lattice-best-path[5.2.134~1-ecd4]:main():lattice-best-path.cc:99) For utterance jackson_9_41, best cost 131.4 + 6349.86 = 6481.26 over 54 frames.
jackson_9_41 five 
LOG (lattice-best-path[5.2.134~1-ecd4]:main():lattice-best-path.cc:99) For utterance jackson_9_42, best cost 139.621 + 6242.62 = 6382.25 over 56 frames.
jackson_9_42 nine 
LOG (lattice-best-path[5.2.134~1-ecd4]:main():lattice-best-path.cc:99) For utterance jackson_9_43, best cost 132.815 + 6744.47 = 6877.28 over 60 frames.
jackson_9_43 five 
LOG (lattice-best-path[5.2.134~1-ecd4]:main():lattice-best-path.cc:99) For utterance jackson_9_44, best cost 131.574 + 6700.48 = 6832.05 over 58 frames.
jackson_9_44 five 
LOG (lattice-best-path[5.2.134~1-ecd4]:main():lattice-best-path.cc:99) For utterance jackson_9_45, best cost 131.521 + 5691.91 = 5823.43 over 52 frames.
jackson_9_45 five 
LOG (lattice-best-path[5.2.134~1-ecd4]:main():lattice-best-path.cc:99) For utterance jackson_9_46, best cost 133.804 + 7123.76 = 7257.56 over 63 frames.
jackson_9_46 five 
LOG (lattice-best-path[5.2.134~1-ecd4]:main():lattice-best-path.cc:99) For utterance jackson_9_47, best cost 132.101 + 6642.3 = 6774.4 over 59 frames.
jackson_9_47 five 
LOG (lattice-best-path[5.2.134~1-ecd4]:main():lattice-best-path.cc:99) For utterance jackson_9_48, best cost 79.8022 + 6886.95 = 6966.76 over 59 frames.
jackson_9_48 
LOG (lattice-best-path[5.2.134~1-ecd4]:main():lattice-best-path.cc:99) For utterance jackson_9_49, best cost 134.082 + 6960.81 = 7094.89 over 62 frames.
jackson_9_49 five 
LOG (lattice-best-path[5.2.134~1-ecd4]:main():lattice-best-path.cc:99) For utterance jackson_9_5, best cost 144.628 + 5658.57 = 5803.2 over 56 frames.
jackson_9_5 five nine 
LOG (lattice-best-path[5.2.134~1-ecd4]:main():lattice-best-path.cc:99) For utterance jackson_9_6, best cost 156.053 + 5447.18 = 5603.24 over 54 frames.
jackson_9_6 nine 
LOG (lattice-best-path[5.2.134~1-ecd4]:main():lattice-best-path.cc:99) For utterance jackson_9_7, best cost 93.9221 + 5438.12 = 5532.04 over 52 frames.
jackson_9_7 nine 
LOG (lattice-best-path[5.2.134~1-ecd4]:main():lattice-best-path.cc:99) For utterance jackson_9_8, best cost 122.103 + 6208.65 = 6330.76 over 62 frames.
jackson_9_8 nine 
LOG (lattice-best-path[5.2.134~1-ecd4]:main():lattice-best-path.cc:99) For utterance jackson_9_9, best cost 130.15 + 5413.21 = 5543.36 over 52 frames.
jackson_9_9 nine 
LOG (lattice-best-path[5.2.134~1-ecd4]:main():lattice-best-path.cc:124) Overall cost per frame is 108.782 = 1.90357 [graph] + 106.878 [acoustic] over 24827 frames.
LOG (lattice-best-path[5.2.134~1-ecd4]:main():lattice-best-path.cc:128) Done 500 lattices, failed for 0
# Accounting: time=0 threads=1
# Ended (code 0) at Sat Nov 11 18:40:42 EST 2017, elapsed time 0 seconds
