# gunzip -c exp/tri1/decode/depth_stats_tmp.*.gz | steps/diagnostic/analyze_lattice_depth_stats.py exp/tri1/graph 
# Started at Sat Nov 11 18:40:42 EST 2017
#
The total amount of data analyzed assuming 100 frames per second is 0.1 hours
Overall, lattice depth (10,50,90-percentile)=(1,1,2) and mean=1.3
Nonsilence phones as a group account for 80.7% of frames, with lattice depth (10,50,90-percentile)=(1,1,2) and mean=1.2
Phone sil accounts for 19.3% of frames, with lattice depth (10,50,90-percentile)=(1,1,3) and mean=1.6
Phone n_E accounts for 6.6% of frames, with lattice depth (10,50,90-percentile)=(1,1,2) and mean=1.3
Phone ey_B accounts for 6.2% of frames, with lattice depth (10,50,90-percentile)=(1,1,1) and mean=1.1
Phone ay_I accounts for 6.0% of frames, with lattice depth (10,50,90-percentile)=(1,1,2) and mean=1.4
Phone th_B accounts for 5.4% of frames, with lattice depth (10,50,90-percentile)=(1,1,1) and mean=1.1
Phone f_B accounts for 5.2% of frames, with lattice depth (10,50,90-percentile)=(1,1,2) and mean=1.2
Phone ow_E accounts for 4.4% of frames, with lattice depth (10,50,90-percentile)=(1,1,1) and mean=1.2
Phone uw_E accounts for 4.3% of frames, with lattice depth (10,50,90-percentile)=(1,1,3) and mean=1.6
Phone ih_I accounts for 3.4% of frames, with lattice depth (10,50,90-percentile)=(1,1,1) and mean=1.0
Phone n_B accounts for 3.4% of frames, with lattice depth (10,50,90-percentile)=(1,1,3) and mean=1.5
Phone s_B accounts for 3.2% of frames, with lattice depth (10,50,90-percentile)=(1,1,1) and mean=1.1
Phone z_B accounts for 2.9% of frames, with lattice depth (10,50,90-percentile)=(1,1,2) and mean=1.2
Phone ah_I accounts for 2.9% of frames, with lattice depth (10,50,90-percentile)=(1,1,2) and mean=1.3
Phone r_E accounts for 2.8% of frames, with lattice depth (10,50,90-percentile)=(1,1,1) and mean=1.0
Phone v_E accounts for 2.6% of frames, with lattice depth (10,50,90-percentile)=(1,1,3) and mean=1.4
Phone ao_I accounts for 2.5% of frames, with lattice depth (10,50,90-percentile)=(1,1,1) and mean=1.0
Phone k_I accounts for 2.2% of frames, with lattice depth (10,50,90-percentile)=(1,1,1) and mean=1.1
Phone eh_I accounts for 2.1% of frames, with lattice depth (10,50,90-percentile)=(1,1,2) and mean=1.4
Phone r_I accounts for 2.1% of frames, with lattice depth (10,50,90-percentile)=(1,1,2) and mean=1.2
Phone t_B accounts for 1.9% of frames, with lattice depth (10,50,90-percentile)=(1,1,3) and mean=1.5
Phone iy_I accounts for 1.8% of frames, with lattice depth (10,50,90-percentile)=(1,1,2) and mean=1.3
Phone iy_E accounts for 1.8% of frames, with lattice depth (10,50,90-percentile)=(1,1,1) and mean=1.1
Phone w_I accounts for 1.7% of frames, with lattice depth (10,50,90-percentile)=(1,1,1) and mean=1.0
Phone v_I accounts for 1.3% of frames, with lattice depth (10,50,90-percentile)=(1,1,3) and mean=1.5
Phone hh_B accounts for 1.3% of frames, with lattice depth (10,50,90-percentile)=(1,1,1) and mean=1.0
Phone t_E accounts for 1.2% of frames, with lattice depth (10,50,90-percentile)=(1,1,2) and mean=1.2
Phone s_E accounts for 1.0% of frames, with lattice depth (10,50,90-percentile)=(1,1,1) and mean=1.0
# Accounting: time=0 threads=1
# Ended (code 0) at Sat Nov 11 18:40:42 EST 2017, elapsed time 0 seconds
