# gmm-latgen-faster --max-active=7000 --beam=13.0 --lattice-beam=6.0 --acoustic-scale=0.083333 --allow-partial=true --word-symbol-table=exp/tri1/graph/words.txt exp/tri1/final.mdl exp/tri1/graph/HCLG.fst "ark,s,cs:apply-cmvn  --utt2spk=ark:data/test/split1/1/utt2spk scp:data/test/split1/1/cmvn.scp scp:data/test/split1/1/feats.scp ark:- | add-deltas  ark:- ark:- |" "ark:|gzip -c > exp/tri1/decode/lat.1.gz" 
# Started at Sat Nov 11 18:40:32 EST 2017
#
gmm-latgen-faster --max-active=7000 --beam=13.0 --lattice-beam=6.0 --acoustic-scale=0.083333 --allow-partial=true --word-symbol-table=exp/tri1/graph/words.txt exp/tri1/final.mdl exp/tri1/graph/HCLG.fst 'ark,s,cs:apply-cmvn  --utt2spk=ark:data/test/split1/1/utt2spk scp:data/test/split1/1/cmvn.scp scp:data/test/split1/1/feats.scp ark:- | add-deltas  ark:- ark:- |' 'ark:|gzip -c > exp/tri1/decode/lat.1.gz' 
add-deltas ark:- ark:- 
apply-cmvn --utt2spk=ark:data/test/split1/1/utt2spk scp:data/test/split1/1/cmvn.scp scp:data/test/split1/1/feats.scp ark:- 
jackson_0_0 zero 
LOG (gmm-latgen-faster[5.2.134~1-ecd4]:DecodeUtteranceLatticeFaster():decoder-wrappers.cc:286) Log-like per frame for utterance jackson_0_0 is -8.64271 over 62 frames.
jackson_0_1 zero 
LOG (gmm-latgen-faster[5.2.134~1-ecd4]:DecodeUtteranceLatticeFaster():decoder-wrappers.cc:286) Log-like per frame for utterance jackson_0_1 is -9.33614 over 51 frames.
jackson_0_10 zero 
LOG (gmm-latgen-faster[5.2.134~1-ecd4]:DecodeUtteranceLatticeFaster():decoder-wrappers.cc:286) Log-like per frame for utterance jackson_0_10 is -8.83947 over 66 frames.
jackson_0_11 zero 
LOG (gmm-latgen-faster[5.2.134~1-ecd4]:DecodeUtteranceLatticeFaster():decoder-wrappers.cc:286) Log-like per frame for utterance jackson_0_11 is -8.7225 over 59 frames.
jackson_0_12 zero 
LOG (gmm-latgen-faster[5.2.134~1-ecd4]:DecodeUtteranceLatticeFaster():decoder-wrappers.cc:286) Log-like per frame for utterance jackson_0_12 is -9.81819 over 49 frames.
jackson_0_13 zero 
LOG (gmm-latgen-faster[5.2.134~1-ecd4]:DecodeUtteranceLatticeFaster():decoder-wrappers.cc:286) Log-like per frame for utterance jackson_0_13 is -9.05944 over 57 frames.
jackson_0_14 zero 
LOG (gmm-latgen-faster[5.2.134~1-ecd4]:DecodeUtteranceLatticeFaster():decoder-wrappers.cc:286) Log-like per frame for utterance jackson_0_14 is -8.97765 over 60 frames.
jackson_0_15 zero 
LOG (gmm-latgen-faster[5.2.134~1-ecd4]:DecodeUtteranceLatticeFaster():decoder-wrappers.cc:286) Log-like per frame for utterance jackson_0_15 is -8.97655 over 62 frames.
jackson_0_16 zero 
LOG (gmm-latgen-faster[5.2.134~1-ecd4]:DecodeUtteranceLatticeFaster():decoder-wrappers.cc:286) Log-like per frame for utterance jackson_0_16 is -9.08745 over 53 frames.
jackson_0_17 zero 
LOG (gmm-latgen-faster[5.2.134~1-ecd4]:DecodeUtteranceLatticeFaster():decoder-wrappers.cc:286) Log-like per frame for utterance jackson_0_17 is -8.94522 over 51 frames.
jackson_0_18 zero 
LOG (gmm-latgen-faster[5.2.134~1-ecd4]:DecodeUtteranceLatticeFaster():decoder-wrappers.cc:286) Log-like per frame for utterance jackson_0_18 is -8.90996 over 63 frames.
jackson_0_19 zero 
LOG (gmm-latgen-faster[5.2.134~1-ecd4]:DecodeUtteranceLatticeFaster():decoder-wrappers.cc:286) Log-like per frame for utterance jackson_0_19 is -9.19269 over 62 frames.
jackson_0_2 zero 
LOG (gmm-latgen-faster[5.2.134~1-ecd4]:DecodeUtteranceLatticeFaster():decoder-wrappers.cc:286) Log-like per frame for utterance jackson_0_2 is -9.19487 over 51 frames.
jackson_0_20 zero 
LOG (gmm-latgen-faster[5.2.134~1-ecd4]:DecodeUtteranceLatticeFaster():decoder-wrappers.cc:286) Log-like per frame for utterance jackson_0_20 is -9.14823 over 60 frames.
jackson_0_21 zero 
LOG (gmm-latgen-faster[5.2.134~1-ecd4]:DecodeUtteranceLatticeFaster():decoder-wrappers.cc:286) Log-like per frame for utterance jackson_0_21 is -8.99734 over 58 frames.
jackson_0_22 zero 
LOG (gmm-latgen-faster[5.2.134~1-ecd4]:DecodeUtteranceLatticeFaster():decoder-wrappers.cc:286) Log-like per frame for utterance jackson_0_22 is -8.82355 over 58 frames.
jackson_0_23 zero 
LOG (gmm-latgen-faster[5.2.134~1-ecd4]:DecodeUtteranceLatticeFaster():decoder-wrappers.cc:286) Log-like per frame for utterance jackson_0_23 is -8.93843 over 57 frames.
jackson_0_24 zero 
LOG (gmm-latgen-faster[5.2.134~1-ecd4]:DecodeUtteranceLatticeFaster():decoder-wrappers.cc:286) Log-like per frame for utterance jackson_0_24 is -9.11836 over 62 frames.
jackson_0_25 zero 
LOG (gmm-latgen-faster[5.2.134~1-ecd4]:DecodeUtteranceLatticeFaster():decoder-wrappers.cc:286) Log-like per frame for utterance jackson_0_25 is -9.03121 over 60 frames.
jackson_0_26 zero 
LOG (gmm-latgen-faster[5.2.134~1-ecd4]:DecodeUtteranceLatticeFaster():decoder-wrappers.cc:286) Log-like per frame for utterance jackson_0_26 is -9.05491 over 56 frames.
jackson_0_27 zero 
LOG (gmm-latgen-faster[5.2.134~1-ecd4]:DecodeUtteranceLatticeFaster():decoder-wrappers.cc:286) Log-like per frame for utterance jackson_0_27 is -8.59969 over 63 frames.
jackson_0_28 zero 
LOG (gmm-latgen-faster[5.2.134~1-ecd4]:DecodeUtteranceLatticeFaster():decoder-wrappers.cc:286) Log-like per frame for utterance jackson_0_28 is -8.97723 over 62 frames.
jackson_0_29 zero 
LOG (gmm-latgen-faster[5.2.134~1-ecd4]:DecodeUtteranceLatticeFaster():decoder-wrappers.cc:286) Log-like per frame for utterance jackson_0_29 is -9.1661 over 56 frames.
jackson_0_3 zero 
LOG (gmm-latgen-faster[5.2.134~1-ecd4]:DecodeUtteranceLatticeFaster():decoder-wrappers.cc:286) Log-like per frame for utterance jackson_0_3 is -8.82169 over 58 frames.
jackson_0_30 zero 
LOG (gmm-latgen-faster[5.2.134~1-ecd4]:DecodeUtteranceLatticeFaster():decoder-wrappers.cc:286) Log-like per frame for utterance jackson_0_30 is -8.81443 over 62 frames.
jackson_0_31 zero 
LOG (gmm-latgen-faster[5.2.134~1-ecd4]:DecodeUtteranceLatticeFaster():decoder-wrappers.cc:286) Log-like per frame for utterance jackson_0_31 is -8.71547 over 55 frames.
jackson_0_32 zero 
LOG (gmm-latgen-faster[5.2.134~1-ecd4]:DecodeUtteranceLatticeFaster():decoder-wrappers.cc:286) Log-like per frame for utterance jackson_0_32 is -9.55573 over 60 frames.
jackson_0_33 zero 
LOG (gmm-latgen-faster[5.2.134~1-ecd4]:DecodeUtteranceLatticeFaster():decoder-wrappers.cc:286) Log-like per frame for utterance jackson_0_33 is -9.10124 over 64 frames.
jackson_0_34 zero 
LOG (gmm-latgen-faster[5.2.134~1-ecd4]:DecodeUtteranceLatticeFaster():decoder-wrappers.cc:286) Log-like per frame for utterance jackson_0_34 is -8.69486 over 64 frames.
jackson_0_35 zero 
LOG (gmm-latgen-faster[5.2.134~1-ecd4]:DecodeUtteranceLatticeFaster():decoder-wrappers.cc:286) Log-like per frame for utterance jackson_0_35 is -9.35575 over 61 frames.
jackson_0_36 zero 
LOG (gmm-latgen-faster[5.2.134~1-ecd4]:DecodeUtteranceLatticeFaster():decoder-wrappers.cc:286) Log-like per frame for utterance jackson_0_36 is -8.98411 over 58 frames.
jackson_0_37 zero 
LOG (gmm-latgen-faster[5.2.134~1-ecd4]:DecodeUtteranceLatticeFaster():decoder-wrappers.cc:286) Log-like per frame for utterance jackson_0_37 is -8.87412 over 60 frames.
jackson_0_38 zero 
LOG (gmm-latgen-faster[5.2.134~1-ecd4]:DecodeUtteranceLatticeFaster():decoder-wrappers.cc:286) Log-like per frame for utterance jackson_0_38 is -8.80783 over 64 frames.
jackson_0_39 zero 
LOG (gmm-latgen-faster[5.2.134~1-ecd4]:DecodeUtteranceLatticeFaster():decoder-wrappers.cc:286) Log-like per frame for utterance jackson_0_39 is -8.74797 over 56 frames.
jackson_0_4 zero 
LOG (gmm-latgen-faster[5.2.134~1-ecd4]:DecodeUtteranceLatticeFaster():decoder-wrappers.cc:286) Log-like per frame for utterance jackson_0_4 is -8.41773 over 52 frames.
jackson_0_40 zero 
LOG (gmm-latgen-faster[5.2.134~1-ecd4]:DecodeUtteranceLatticeFaster():decoder-wrappers.cc:286) Log-like per frame for utterance jackson_0_40 is -8.52886 over 69 frames.
jackson_0_41 zero 
LOG (gmm-latgen-faster[5.2.134~1-ecd4]:DecodeUtteranceLatticeFaster():decoder-wrappers.cc:286) Log-like per frame for utterance jackson_0_41 is -8.96503 over 67 frames.
jackson_0_42 zero 
LOG (gmm-latgen-faster[5.2.134~1-ecd4]:DecodeUtteranceLatticeFaster():decoder-wrappers.cc:286) Log-like per frame for utterance jackson_0_42 is -9.04773 over 64 frames.
jackson_0_43 zero 
LOG (gmm-latgen-faster[5.2.134~1-ecd4]:DecodeUtteranceLatticeFaster():decoder-wrappers.cc:286) Log-like per frame for utterance jackson_0_43 is -8.96708 over 60 frames.
jackson_0_44 zero 
LOG (gmm-latgen-faster[5.2.134~1-ecd4]:DecodeUtteranceLatticeFaster():decoder-wrappers.cc:286) Log-like per frame for utterance jackson_0_44 is -9.44344 over 65 frames.
jackson_0_45 zero 
LOG (gmm-latgen-faster[5.2.134~1-ecd4]:DecodeUtteranceLatticeFaster():decoder-wrappers.cc:286) Log-like per frame for utterance jackson_0_45 is -9.48461 over 64 frames.
jackson_0_46 zero 
LOG (gmm-latgen-faster[5.2.134~1-ecd4]:DecodeUtteranceLatticeFaster():decoder-wrappers.cc:286) Log-like per frame for utterance jackson_0_46 is -9.50619 over 65 frames.
jackson_0_47 zero 
LOG (gmm-latgen-faster[5.2.134~1-ecd4]:DecodeUtteranceLatticeFaster():decoder-wrappers.cc:286) Log-like per frame for utterance jackson_0_47 is -9.40431 over 65 frames.
jackson_0_48 zero 
LOG (gmm-latgen-faster[5.2.134~1-ecd4]:DecodeUtteranceLatticeFaster():decoder-wrappers.cc:286) Log-like per frame for utterance jackson_0_48 is -9.17157 over 63 frames.
jackson_0_49 zero 
LOG (gmm-latgen-faster[5.2.134~1-ecd4]:DecodeUtteranceLatticeFaster():decoder-wrappers.cc:286) Log-like per frame for utterance jackson_0_49 is -9.77227 over 76 frames.
jackson_0_5 zero 
LOG (gmm-latgen-faster[5.2.134~1-ecd4]:DecodeUtteranceLatticeFaster():decoder-wrappers.cc:286) Log-like per frame for utterance jackson_0_5 is -8.7545 over 55 frames.
jackson_0_6 zero 
LOG (gmm-latgen-faster[5.2.134~1-ecd4]:DecodeUtteranceLatticeFaster():decoder-wrappers.cc:286) Log-like per frame for utterance jackson_0_6 is -9.02185 over 61 frames.
jackson_0_7 zero 
LOG (gmm-latgen-faster[5.2.134~1-ecd4]:DecodeUtteranceLatticeFaster():decoder-wrappers.cc:286) Log-like per frame for utterance jackson_0_7 is -9.2809 over 53 frames.
jackson_0_8 zero 
LOG (gmm-latgen-faster[5.2.134~1-ecd4]:DecodeUtteranceLatticeFaster():decoder-wrappers.cc:286) Log-like per frame for utterance jackson_0_8 is -8.97766 over 56 frames.
jackson_0_9 zero 
LOG (gmm-latgen-faster[5.2.134~1-ecd4]:DecodeUtteranceLatticeFaster():decoder-wrappers.cc:286) Log-like per frame for utterance jackson_0_9 is -8.41058 over 61 frames.
jackson_1_0 one 
LOG (gmm-latgen-faster[5.2.134~1-ecd4]:DecodeUtteranceLatticeFaster():decoder-wrappers.cc:286) Log-like per frame for utterance jackson_1_0 is -8.63181 over 50 frames.
jackson_1_1 one 
LOG (gmm-latgen-faster[5.2.134~1-ecd4]:DecodeUtteranceLatticeFaster():decoder-wrappers.cc:286) Log-like per frame for utterance jackson_1_1 is -8.75253 over 51 frames.
jackson_1_10 one 
LOG (gmm-latgen-faster[5.2.134~1-ecd4]:DecodeUtteranceLatticeFaster():decoder-wrappers.cc:286) Log-like per frame for utterance jackson_1_10 is -8.92647 over 57 frames.
jackson_1_11 nine 
LOG (gmm-latgen-faster[5.2.134~1-ecd4]:DecodeUtteranceLatticeFaster():decoder-wrappers.cc:286) Log-like per frame for utterance jackson_1_11 is -9.0105 over 49 frames.
jackson_1_12 one 
LOG (gmm-latgen-faster[5.2.134~1-ecd4]:DecodeUtteranceLatticeFaster():decoder-wrappers.cc:286) Log-like per frame for utterance jackson_1_12 is -9.30859 over 43 frames.
jackson_1_13 one 
LOG (gmm-latgen-faster[5.2.134~1-ecd4]:DecodeUtteranceLatticeFaster():decoder-wrappers.cc:286) Log-like per frame for utterance jackson_1_13 is -9.36009 over 45 frames.
jackson_1_14 one 
LOG (gmm-latgen-faster[5.2.134~1-ecd4]:DecodeUtteranceLatticeFaster():decoder-wrappers.cc:286) Log-like per frame for utterance jackson_1_14 is -9.35188 over 66 frames.
jackson_1_15 one 
LOG (gmm-latgen-faster[5.2.134~1-ecd4]:DecodeUtteranceLatticeFaster():decoder-wrappers.cc:286) Log-like per frame for utterance jackson_1_15 is -8.46795 over 43 frames.
jackson_1_16 one 
LOG (gmm-latgen-faster[5.2.134~1-ecd4]:DecodeUtteranceLatticeFaster():decoder-wrappers.cc:286) Log-like per frame for utterance jackson_1_16 is -8.38756 over 47 frames.
jackson_1_17 one 
LOG (gmm-latgen-faster[5.2.134~1-ecd4]:DecodeUtteranceLatticeFaster():decoder-wrappers.cc:286) Log-like per frame for utterance jackson_1_17 is -9.08385 over 40 frames.
jackson_1_18 one 
LOG (gmm-latgen-faster[5.2.134~1-ecd4]:DecodeUtteranceLatticeFaster():decoder-wrappers.cc:286) Log-like per frame for utterance jackson_1_18 is -8.98989 over 43 frames.
jackson_1_19 one 
LOG (gmm-latgen-faster[5.2.134~1-ecd4]:DecodeUtteranceLatticeFaster():decoder-wrappers.cc:286) Log-like per frame for utterance jackson_1_19 is -8.89059 over 46 frames.
jackson_1_2 one 
LOG (gmm-latgen-faster[5.2.134~1-ecd4]:DecodeUtteranceLatticeFaster():decoder-wrappers.cc:286) Log-like per frame for utterance jackson_1_2 is -8.69936 over 46 frames.
jackson_1_20 one 
LOG (gmm-latgen-faster[5.2.134~1-ecd4]:DecodeUtteranceLatticeFaster():decoder-wrappers.cc:286) Log-like per frame for utterance jackson_1_20 is -8.86055 over 44 frames.
jackson_1_21 one 
LOG (gmm-latgen-faster[5.2.134~1-ecd4]:DecodeUtteranceLatticeFaster():decoder-wrappers.cc:286) Log-like per frame for utterance jackson_1_21 is -9.33204 over 47 frames.
jackson_1_22 one 
LOG (gmm-latgen-faster[5.2.134~1-ecd4]:DecodeUtteranceLatticeFaster():decoder-wrappers.cc:286) Log-like per frame for utterance jackson_1_22 is -9.51314 over 42 frames.
jackson_1_23 one 
LOG (gmm-latgen-faster[5.2.134~1-ecd4]:DecodeUtteranceLatticeFaster():decoder-wrappers.cc:286) Log-like per frame for utterance jackson_1_23 is -8.45515 over 45 frames.
jackson_1_24 one 
LOG (gmm-latgen-faster[5.2.134~1-ecd4]:DecodeUtteranceLatticeFaster():decoder-wrappers.cc:286) Log-like per frame for utterance jackson_1_24 is -8.36247 over 46 frames.
jackson_1_25 one 
LOG (gmm-latgen-faster[5.2.134~1-ecd4]:DecodeUtteranceLatticeFaster():decoder-wrappers.cc:286) Log-like per frame for utterance jackson_1_25 is -8.31326 over 53 frames.
jackson_1_26 one 
LOG (gmm-latgen-faster[5.2.134~1-ecd4]:DecodeUtteranceLatticeFaster():decoder-wrappers.cc:286) Log-like per frame for utterance jackson_1_26 is -8.83666 over 51 frames.
jackson_1_27 one 
LOG (gmm-latgen-faster[5.2.134~1-ecd4]:DecodeUtteranceLatticeFaster():decoder-wrappers.cc:286) Log-like per frame for utterance jackson_1_27 is -9.00091 over 46 frames.
jackson_1_28 one 
LOG (gmm-latgen-faster[5.2.134~1-ecd4]:DecodeUtteranceLatticeFaster():decoder-wrappers.cc:286) Log-like per frame for utterance jackson_1_28 is -9.1973 over 45 frames.
jackson_1_29 one 
LOG (gmm-latgen-faster[5.2.134~1-ecd4]:DecodeUtteranceLatticeFaster():decoder-wrappers.cc:286) Log-like per frame for utterance jackson_1_29 is -9.21982 over 45 frames.
jackson_1_3 one 
LOG (gmm-latgen-faster[5.2.134~1-ecd4]:DecodeUtteranceLatticeFaster():decoder-wrappers.cc:286) Log-like per frame for utterance jackson_1_3 is -8.77033 over 48 frames.
jackson_1_30 one 
LOG (gmm-latgen-faster[5.2.134~1-ecd4]:DecodeUtteranceLatticeFaster():decoder-wrappers.cc:286) Log-like per frame for utterance jackson_1_30 is -9.53606 over 47 frames.
jackson_1_31 one 
LOG (gmm-latgen-faster[5.2.134~1-ecd4]:DecodeUtteranceLatticeFaster():decoder-wrappers.cc:286) Log-like per frame for utterance jackson_1_31 is -9.03612 over 51 frames.
jackson_1_32 one 
LOG (gmm-latgen-faster[5.2.134~1-ecd4]:DecodeUtteranceLatticeFaster():decoder-wrappers.cc:286) Log-like per frame for utterance jackson_1_32 is -8.93566 over 50 frames.
jackson_1_33 one 
LOG (gmm-latgen-faster[5.2.134~1-ecd4]:DecodeUtteranceLatticeFaster():decoder-wrappers.cc:286) Log-like per frame for utterance jackson_1_33 is -9.50621 over 59 frames.
jackson_1_34 one 
LOG (gmm-latgen-faster[5.2.134~1-ecd4]:DecodeUtteranceLatticeFaster():decoder-wrappers.cc:286) Log-like per frame for utterance jackson_1_34 is -9.03241 over 49 frames.
jackson_1_35 one 
LOG (gmm-latgen-faster[5.2.134~1-ecd4]:DecodeUtteranceLatticeFaster():decoder-wrappers.cc:286) Log-like per frame for utterance jackson_1_35 is -8.78069 over 48 frames.
jackson_1_36 one 
LOG (gmm-latgen-faster[5.2.134~1-ecd4]:DecodeUtteranceLatticeFaster():decoder-wrappers.cc:286) Log-like per frame for utterance jackson_1_36 is -8.88324 over 42 frames.
jackson_1_37 one 
LOG (gmm-latgen-faster[5.2.134~1-ecd4]:DecodeUtteranceLatticeFaster():decoder-wrappers.cc:286) Log-like per frame for utterance jackson_1_37 is -8.85589 over 42 frames.
jackson_1_38 one 
LOG (gmm-latgen-faster[5.2.134~1-ecd4]:DecodeUtteranceLatticeFaster():decoder-wrappers.cc:286) Log-like per frame for utterance jackson_1_38 is -9.0467 over 48 frames.
jackson_1_39 one 
LOG (gmm-latgen-faster[5.2.134~1-ecd4]:DecodeUtteranceLatticeFaster():decoder-wrappers.cc:286) Log-like per frame for utterance jackson_1_39 is -9.77088 over 54 frames.
jackson_1_4 one 
LOG (gmm-latgen-faster[5.2.134~1-ecd4]:DecodeUtteranceLatticeFaster():decoder-wrappers.cc:286) Log-like per frame for utterance jackson_1_4 is -9.14251 over 51 frames.
jackson_1_40 one 
LOG (gmm-latgen-faster[5.2.134~1-ecd4]:DecodeUtteranceLatticeFaster():decoder-wrappers.cc:286) Log-like per frame for utterance jackson_1_40 is -9.73049 over 59 frames.
jackson_1_41 one 
LOG (gmm-latgen-faster[5.2.134~1-ecd4]:DecodeUtteranceLatticeFaster():decoder-wrappers.cc:286) Log-like per frame for utterance jackson_1_41 is -9.71656 over 60 frames.
jackson_1_42 one 
LOG (gmm-latgen-faster[5.2.134~1-ecd4]:DecodeUtteranceLatticeFaster():decoder-wrappers.cc:286) Log-like per frame for utterance jackson_1_42 is -9.5083 over 61 frames.
jackson_1_43 one 
LOG (gmm-latgen-faster[5.2.134~1-ecd4]:DecodeUtteranceLatticeFaster():decoder-wrappers.cc:286) Log-like per frame for utterance jackson_1_43 is -9.76954 over 56 frames.
jackson_1_44 one 
LOG (gmm-latgen-faster[5.2.134~1-ecd4]:DecodeUtteranceLatticeFaster():decoder-wrappers.cc:286) Log-like per frame for utterance jackson_1_44 is -9.7631 over 56 frames.
jackson_1_45 one 
LOG (gmm-latgen-faster[5.2.134~1-ecd4]:DecodeUtteranceLatticeFaster():decoder-wrappers.cc:286) Log-like per frame for utterance jackson_1_45 is -10.3693 over 58 frames.
jackson_1_46 one 
LOG (gmm-latgen-faster[5.2.134~1-ecd4]:DecodeUtteranceLatticeFaster():decoder-wrappers.cc:286) Log-like per frame for utterance jackson_1_46 is -9.44043 over 51 frames.
jackson_1_47 one 
LOG (gmm-latgen-faster[5.2.134~1-ecd4]:DecodeUtteranceLatticeFaster():decoder-wrappers.cc:286) Log-like per frame for utterance jackson_1_47 is -9.88389 over 54 frames.
jackson_1_48 one 
LOG (gmm-latgen-faster[5.2.134~1-ecd4]:DecodeUtteranceLatticeFaster():decoder-wrappers.cc:286) Log-like per frame for utterance jackson_1_48 is -9.28993 over 57 frames.
jackson_1_49 one 
LOG (gmm-latgen-faster[5.2.134~1-ecd4]:DecodeUtteranceLatticeFaster():decoder-wrappers.cc:286) Log-like per frame for utterance jackson_1_49 is -10.0302 over 48 frames.
jackson_1_5 one 
LOG (gmm-latgen-faster[5.2.134~1-ecd4]:DecodeUtteranceLatticeFaster():decoder-wrappers.cc:286) Log-like per frame for utterance jackson_1_5 is -9.13244 over 55 frames.
jackson_1_6 one 
LOG (gmm-latgen-faster[5.2.134~1-ecd4]:DecodeUtteranceLatticeFaster():decoder-wrappers.cc:286) Log-like per frame for utterance jackson_1_6 is -9.16006 over 49 frames.
jackson_1_7 one 
LOG (gmm-latgen-faster[5.2.134~1-ecd4]:DecodeUtteranceLatticeFaster():decoder-wrappers.cc:286) Log-like per frame for utterance jackson_1_7 is -9.09042 over 54 frames.
jackson_1_8 one 
LOG (gmm-latgen-faster[5.2.134~1-ecd4]:DecodeUtteranceLatticeFaster():decoder-wrappers.cc:286) Log-like per frame for utterance jackson_1_8 is -8.50529 over 49 frames.
jackson_1_9 one 
LOG (gmm-latgen-faster[5.2.134~1-ecd4]:DecodeUtteranceLatticeFaster():decoder-wrappers.cc:286) Log-like per frame for utterance jackson_1_9 is -8.9347 over 56 frames.
jackson_2_0 two 
LOG (gmm-latgen-faster[5.2.134~1-ecd4]:DecodeUtteranceLatticeFaster():decoder-wrappers.cc:286) Log-like per frame for utterance jackson_2_0 is -9.43412 over 48 frames.
jackson_2_1 two 
LOG (gmm-latgen-faster[5.2.134~1-ecd4]:DecodeUtteranceLatticeFaster():decoder-wrappers.cc:286) Log-like per frame for utterance jackson_2_1 is -9.4709 over 53 frames.
jackson_2_10 two 
LOG (gmm-latgen-faster[5.2.134~1-ecd4]:DecodeUtteranceLatticeFaster():decoder-wrappers.cc:286) Log-like per frame for utterance jackson_2_10 is -9.11118 over 50 frames.
jackson_2_11 two 
LOG (gmm-latgen-faster[5.2.134~1-ecd4]:DecodeUtteranceLatticeFaster():decoder-wrappers.cc:286) Log-like per frame for utterance jackson_2_11 is -8.86392 over 50 frames.
jackson_2_12 zero 
LOG (gmm-latgen-faster[5.2.134~1-ecd4]:DecodeUtteranceLatticeFaster():decoder-wrappers.cc:286) Log-like per frame for utterance jackson_2_12 is -9.5645 over 47 frames.
jackson_2_13 two 
LOG (gmm-latgen-faster[5.2.134~1-ecd4]:DecodeUtteranceLatticeFaster():decoder-wrappers.cc:286) Log-like per frame for utterance jackson_2_13 is -9.94176 over 50 frames.
jackson_2_14 two 
LOG (gmm-latgen-faster[5.2.134~1-ecd4]:DecodeUtteranceLatticeFaster():decoder-wrappers.cc:286) Log-like per frame for utterance jackson_2_14 is -9.83375 over 49 frames.
jackson_2_15 two 
LOG (gmm-latgen-faster[5.2.134~1-ecd4]:DecodeUtteranceLatticeFaster():decoder-wrappers.cc:286) Log-like per frame for utterance jackson_2_15 is -9.80079 over 50 frames.
jackson_2_16 two 
LOG (gmm-latgen-faster[5.2.134~1-ecd4]:DecodeUtteranceLatticeFaster():decoder-wrappers.cc:286) Log-like per frame for utterance jackson_2_16 is -9.81347 over 46 frames.
jackson_2_17 two 
LOG (gmm-latgen-faster[5.2.134~1-ecd4]:DecodeUtteranceLatticeFaster():decoder-wrappers.cc:286) Log-like per frame for utterance jackson_2_17 is -9.73877 over 52 frames.
jackson_2_18 two 
LOG (gmm-latgen-faster[5.2.134~1-ecd4]:DecodeUtteranceLatticeFaster():decoder-wrappers.cc:286) Log-like per frame for utterance jackson_2_18 is -9.82449 over 53 frames.
jackson_2_19 two 
LOG (gmm-latgen-faster[5.2.134~1-ecd4]:DecodeUtteranceLatticeFaster():decoder-wrappers.cc:286) Log-like per frame for utterance jackson_2_19 is -9.79486 over 50 frames.
jackson_2_2 zero 
LOG (gmm-latgen-faster[5.2.134~1-ecd4]:DecodeUtteranceLatticeFaster():decoder-wrappers.cc:286) Log-like per frame for utterance jackson_2_2 is -9.21026 over 42 frames.
jackson_2_20 
LOG (gmm-latgen-faster[5.2.134~1-ecd4]:DecodeUtteranceLatticeFaster():decoder-wrappers.cc:286) Log-like per frame for utterance jackson_2_20 is -10.4189 over 46 frames.
jackson_2_21 two 
LOG (gmm-latgen-faster[5.2.134~1-ecd4]:DecodeUtteranceLatticeFaster():decoder-wrappers.cc:286) Log-like per frame for utterance jackson_2_21 is -9.08767 over 72 frames.
jackson_2_22 eight two 
LOG (gmm-latgen-faster[5.2.134~1-ecd4]:DecodeUtteranceLatticeFaster():decoder-wrappers.cc:286) Log-like per frame for utterance jackson_2_22 is -9.28539 over 46 frames.
jackson_2_23 zero 
LOG (gmm-latgen-faster[5.2.134~1-ecd4]:DecodeUtteranceLatticeFaster():decoder-wrappers.cc:286) Log-like per frame for utterance jackson_2_23 is -9.30119 over 48 frames.
jackson_2_24 two 
LOG (gmm-latgen-faster[5.2.134~1-ecd4]:DecodeUtteranceLatticeFaster():decoder-wrappers.cc:286) Log-like per frame for utterance jackson_2_24 is -9.47635 over 50 frames.
jackson_2_25 two 
LOG (gmm-latgen-faster[5.2.134~1-ecd4]:DecodeUtteranceLatticeFaster():decoder-wrappers.cc:286) Log-like per frame for utterance jackson_2_25 is -9.57998 over 52 frames.
jackson_2_26 
LOG (gmm-latgen-faster[5.2.134~1-ecd4]:DecodeUtteranceLatticeFaster():decoder-wrappers.cc:286) Log-like per frame for utterance jackson_2_26 is -10.0664 over 48 frames.
jackson_2_27 two 
LOG (gmm-latgen-faster[5.2.134~1-ecd4]:DecodeUtteranceLatticeFaster():decoder-wrappers.cc:286) Log-like per frame for utterance jackson_2_27 is -9.43744 over 51 frames.
jackson_2_28 two 
LOG (gmm-latgen-faster[5.2.134~1-ecd4]:DecodeUtteranceLatticeFaster():decoder-wrappers.cc:286) Log-like per frame for utterance jackson_2_28 is -9.5245 over 49 frames.
jackson_2_29 two 
LOG (gmm-latgen-faster[5.2.134~1-ecd4]:DecodeUtteranceLatticeFaster():decoder-wrappers.cc:286) Log-like per frame for utterance jackson_2_29 is -9.73319 over 53 frames.
jackson_2_3 two 
LOG (gmm-latgen-faster[5.2.134~1-ecd4]:DecodeUtteranceLatticeFaster():decoder-wrappers.cc:286) Log-like per frame for utterance jackson_2_3 is -9.28581 over 48 frames.
jackson_2_30 eight two 
LOG (gmm-latgen-faster[5.2.134~1-ecd4]:DecodeUtteranceLatticeFaster():decoder-wrappers.cc:286) Log-like per frame for utterance jackson_2_30 is -9.36029 over 46 frames.
jackson_2_31 two 
LOG (gmm-latgen-faster[5.2.134~1-ecd4]:DecodeUtteranceLatticeFaster():decoder-wrappers.cc:286) Log-like per frame for utterance jackson_2_31 is -9.29929 over 45 frames.
jackson_2_32 two 
LOG (gmm-latgen-faster[5.2.134~1-ecd4]:DecodeUtteranceLatticeFaster():decoder-wrappers.cc:286) Log-like per frame for utterance jackson_2_32 is -9.13143 over 49 frames.
jackson_2_33 two 
LOG (gmm-latgen-faster[5.2.134~1-ecd4]:DecodeUtteranceLatticeFaster():decoder-wrappers.cc:286) Log-like per frame for utterance jackson_2_33 is -10.0187 over 49 frames.
jackson_2_34 zero 
LOG (gmm-latgen-faster[5.2.134~1-ecd4]:DecodeUtteranceLatticeFaster():decoder-wrappers.cc:286) Log-like per frame for utterance jackson_2_34 is -9.75244 over 47 frames.
jackson_2_35 two 
LOG (gmm-latgen-faster[5.2.134~1-ecd4]:DecodeUtteranceLatticeFaster():decoder-wrappers.cc:286) Log-like per frame for utterance jackson_2_35 is -9.14562 over 45 frames.
jackson_2_36 two 
LOG (gmm-latgen-faster[5.2.134~1-ecd4]:DecodeUtteranceLatticeFaster():decoder-wrappers.cc:286) Log-like per frame for utterance jackson_2_36 is -10.1192 over 47 frames.
jackson_2_37 
LOG (gmm-latgen-faster[5.2.134~1-ecd4]:DecodeUtteranceLatticeFaster():decoder-wrappers.cc:286) Log-like per frame for utterance jackson_2_37 is -9.66105 over 38 frames.
jackson_2_38 two 
LOG (gmm-latgen-faster[5.2.134~1-ecd4]:DecodeUtteranceLatticeFaster():decoder-wrappers.cc:286) Log-like per frame for utterance jackson_2_38 is -9.51923 over 45 frames.
jackson_2_39 
LOG (gmm-latgen-faster[5.2.134~1-ecd4]:DecodeUtteranceLatticeFaster():decoder-wrappers.cc:286) Log-like per frame for utterance jackson_2_39 is -9.23553 over 44 frames.
jackson_2_4 two 
LOG (gmm-latgen-faster[5.2.134~1-ecd4]:DecodeUtteranceLatticeFaster():decoder-wrappers.cc:286) Log-like per frame for utterance jackson_2_4 is -9.37265 over 46 frames.
jackson_2_40 eight two 
LOG (gmm-latgen-faster[5.2.134~1-ecd4]:DecodeUtteranceLatticeFaster():decoder-wrappers.cc:286) Log-like per frame for utterance jackson_2_40 is -9.07493 over 53 frames.
jackson_2_41 eight two 
LOG (gmm-latgen-faster[5.2.134~1-ecd4]:DecodeUtteranceLatticeFaster():decoder-wrappers.cc:286) Log-like per frame for utterance jackson_2_41 is -9.45072 over 56 frames.
jackson_2_42 two 
LOG (gmm-latgen-faster[5.2.134~1-ecd4]:DecodeUtteranceLatticeFaster():decoder-wrappers.cc:286) Log-like per frame for utterance jackson_2_42 is -9.23054 over 57 frames.
jackson_2_43 eight two 
LOG (gmm-latgen-faster[5.2.134~1-ecd4]:DecodeUtteranceLatticeFaster():decoder-wrappers.cc:286) Log-like per frame for utterance jackson_2_43 is -9.72505 over 50 frames.
jackson_2_44 eight two 
LOG (gmm-latgen-faster[5.2.134~1-ecd4]:DecodeUtteranceLatticeFaster():decoder-wrappers.cc:286) Log-like per frame for utterance jackson_2_44 is -9.86349 over 60 frames.
jackson_2_45 eight two 
LOG (gmm-latgen-faster[5.2.134~1-ecd4]:DecodeUtteranceLatticeFaster():decoder-wrappers.cc:286) Log-like per frame for utterance jackson_2_45 is -9.31636 over 63 frames.
jackson_2_46 two 
LOG (gmm-latgen-faster[5.2.134~1-ecd4]:DecodeUtteranceLatticeFaster():decoder-wrappers.cc:286) Log-like per frame for utterance jackson_2_46 is -9.48421 over 50 frames.
jackson_2_47 
LOG (gmm-latgen-faster[5.2.134~1-ecd4]:DecodeUtteranceLatticeFaster():decoder-wrappers.cc:286) Log-like per frame for utterance jackson_2_47 is -9.13345 over 47 frames.
jackson_2_48 eight two 
LOG (gmm-latgen-faster[5.2.134~1-ecd4]:DecodeUtteranceLatticeFaster():decoder-wrappers.cc:286) Log-like per frame for utterance jackson_2_48 is -9.38795 over 48 frames.
jackson_2_49 eight two 
LOG (gmm-latgen-faster[5.2.134~1-ecd4]:DecodeUtteranceLatticeFaster():decoder-wrappers.cc:286) Log-like per frame for utterance jackson_2_49 is -9.28788 over 52 frames.
jackson_2_5 two 
LOG (gmm-latgen-faster[5.2.134~1-ecd4]:DecodeUtteranceLatticeFaster():decoder-wrappers.cc:286) Log-like per frame for utterance jackson_2_5 is -9.30766 over 45 frames.
jackson_2_6 two 
LOG (gmm-latgen-faster[5.2.134~1-ecd4]:DecodeUtteranceLatticeFaster():decoder-wrappers.cc:286) Log-like per frame for utterance jackson_2_6 is -9.02527 over 45 frames.
jackson_2_7 two 
LOG (gmm-latgen-faster[5.2.134~1-ecd4]:DecodeUtteranceLatticeFaster():decoder-wrappers.cc:286) Log-like per frame for utterance jackson_2_7 is -9.28578 over 46 frames.
jackson_2_8 two 
LOG (gmm-latgen-faster[5.2.134~1-ecd4]:DecodeUtteranceLatticeFaster():decoder-wrappers.cc:286) Log-like per frame for utterance jackson_2_8 is -10.0319 over 46 frames.
jackson_2_9 two 
LOG (gmm-latgen-faster[5.2.134~1-ecd4]:DecodeUtteranceLatticeFaster():decoder-wrappers.cc:286) Log-like per frame for utterance jackson_2_9 is -9.09409 over 52 frames.
jackson_3_0 three 
LOG (gmm-latgen-faster[5.2.134~1-ecd4]:DecodeUtteranceLatticeFaster():decoder-wrappers.cc:286) Log-like per frame for utterance jackson_3_0 is -9.34133 over 47 frames.
jackson_3_1 three 
LOG (gmm-latgen-faster[5.2.134~1-ecd4]:DecodeUtteranceLatticeFaster():decoder-wrappers.cc:286) Log-like per frame for utterance jackson_3_1 is -9.5223 over 45 frames.
jackson_3_10 three 
LOG (gmm-latgen-faster[5.2.134~1-ecd4]:DecodeUtteranceLatticeFaster():decoder-wrappers.cc:286) Log-like per frame for utterance jackson_3_10 is -9.01638 over 44 frames.
jackson_3_11 three 
LOG (gmm-latgen-faster[5.2.134~1-ecd4]:DecodeUtteranceLatticeFaster():decoder-wrappers.cc:286) Log-like per frame for utterance jackson_3_11 is -8.64606 over 43 frames.
jackson_3_12 three 
LOG (gmm-latgen-faster[5.2.134~1-ecd4]:DecodeUtteranceLatticeFaster():decoder-wrappers.cc:286) Log-like per frame for utterance jackson_3_12 is -9.64272 over 46 frames.
jackson_3_13 three 
LOG (gmm-latgen-faster[5.2.134~1-ecd4]:DecodeUtteranceLatticeFaster():decoder-wrappers.cc:286) Log-like per frame for utterance jackson_3_13 is -8.74485 over 42 frames.
jackson_3_14 three 
LOG (gmm-latgen-faster[5.2.134~1-ecd4]:DecodeUtteranceLatticeFaster():decoder-wrappers.cc:286) Log-like per frame for utterance jackson_3_14 is -8.8323 over 48 frames.
jackson_3_15 three 
LOG (gmm-latgen-faster[5.2.134~1-ecd4]:DecodeUtteranceLatticeFaster():decoder-wrappers.cc:286) Log-like per frame for utterance jackson_3_15 is -8.4263 over 44 frames.
jackson_3_16 three 
LOG (gmm-latgen-faster[5.2.134~1-ecd4]:DecodeUtteranceLatticeFaster():decoder-wrappers.cc:286) Log-like per frame for utterance jackson_3_16 is -8.94544 over 46 frames.
jackson_3_17 three 
LOG (gmm-latgen-faster[5.2.134~1-ecd4]:DecodeUtteranceLatticeFaster():decoder-wrappers.cc:286) Log-like per frame for utterance jackson_3_17 is -8.66529 over 43 frames.
jackson_3_18 three 
LOG (gmm-latgen-faster[5.2.134~1-ecd4]:DecodeUtteranceLatticeFaster():decoder-wrappers.cc:286) Log-like per frame for utterance jackson_3_18 is -8.8884 over 46 frames.
jackson_3_19 three 
LOG (gmm-latgen-faster[5.2.134~1-ecd4]:DecodeUtteranceLatticeFaster():decoder-wrappers.cc:286) Log-like per frame for utterance jackson_3_19 is -9.19917 over 42 frames.
jackson_3_2 three 
LOG (gmm-latgen-faster[5.2.134~1-ecd4]:DecodeUtteranceLatticeFaster():decoder-wrappers.cc:286) Log-like per frame for utterance jackson_3_2 is -9.61543 over 49 frames.
jackson_3_20 three 
LOG (gmm-latgen-faster[5.2.134~1-ecd4]:DecodeUtteranceLatticeFaster():decoder-wrappers.cc:286) Log-like per frame for utterance jackson_3_20 is -9.12414 over 45 frames.
jackson_3_21 three 
LOG (gmm-latgen-faster[5.2.134~1-ecd4]:DecodeUtteranceLatticeFaster():decoder-wrappers.cc:286) Log-like per frame for utterance jackson_3_21 is -8.79573 over 44 frames.
jackson_3_22 three 
LOG (gmm-latgen-faster[5.2.134~1-ecd4]:DecodeUtteranceLatticeFaster():decoder-wrappers.cc:286) Log-like per frame for utterance jackson_3_22 is -9.04995 over 41 frames.
jackson_3_23 three 
LOG (gmm-latgen-faster[5.2.134~1-ecd4]:DecodeUtteranceLatticeFaster():decoder-wrappers.cc:286) Log-like per frame for utterance jackson_3_23 is -9.43451 over 44 frames.
jackson_3_24 three 
LOG (gmm-latgen-faster[5.2.134~1-ecd4]:DecodeUtteranceLatticeFaster():decoder-wrappers.cc:286) Log-like per frame for utterance jackson_3_24 is -8.85633 over 41 frames.
jackson_3_25 three 
LOG (gmm-latgen-faster[5.2.134~1-ecd4]:DecodeUtteranceLatticeFaster():decoder-wrappers.cc:286) Log-like per frame for utterance jackson_3_25 is -9.47138 over 46 frames.
jackson_3_26 three 
LOG (gmm-latgen-faster[5.2.134~1-ecd4]:DecodeUtteranceLatticeFaster():decoder-wrappers.cc:286) Log-like per frame for utterance jackson_3_26 is -9.07144 over 42 frames.
jackson_3_27 three 
LOG (gmm-latgen-faster[5.2.134~1-ecd4]:DecodeUtteranceLatticeFaster():decoder-wrappers.cc:286) Log-like per frame for utterance jackson_3_27 is -8.91122 over 44 frames.
jackson_3_28 three 
LOG (gmm-latgen-faster[5.2.134~1-ecd4]:DecodeUtteranceLatticeFaster():decoder-wrappers.cc:286) Log-like per frame for utterance jackson_3_28 is -9.7225 over 42 frames.
jackson_3_29 three 
LOG (gmm-latgen-faster[5.2.134~1-ecd4]:DecodeUtteranceLatticeFaster():decoder-wrappers.cc:286) Log-like per frame for utterance jackson_3_29 is -9.54348 over 46 frames.
jackson_3_3 three 
LOG (gmm-latgen-faster[5.2.134~1-ecd4]:DecodeUtteranceLatticeFaster():decoder-wrappers.cc:286) Log-like per frame for utterance jackson_3_3 is -9.39667 over 49 frames.
jackson_3_30 three 
LOG (gmm-latgen-faster[5.2.134~1-ecd4]:DecodeUtteranceLatticeFaster():decoder-wrappers.cc:286) Log-like per frame for utterance jackson_3_30 is -9.57076 over 46 frames.
jackson_3_31 three 
LOG (gmm-latgen-faster[5.2.134~1-ecd4]:DecodeUtteranceLatticeFaster():decoder-wrappers.cc:286) Log-like per frame for utterance jackson_3_31 is -9.75222 over 47 frames.
jackson_3_32 three 
LOG (gmm-latgen-faster[5.2.134~1-ecd4]:DecodeUtteranceLatticeFaster():decoder-wrappers.cc:286) Log-like per frame for utterance jackson_3_32 is -9.98591 over 46 frames.
jackson_3_33 three 
LOG (gmm-latgen-faster[5.2.134~1-ecd4]:DecodeUtteranceLatticeFaster():decoder-wrappers.cc:286) Log-like per frame for utterance jackson_3_33 is -9.71515 over 46 frames.
jackson_3_34 three 
LOG (gmm-latgen-faster[5.2.134~1-ecd4]:DecodeUtteranceLatticeFaster():decoder-wrappers.cc:286) Log-like per frame for utterance jackson_3_34 is -8.71277 over 46 frames.
jackson_3_35 three 
LOG (gmm-latgen-faster[5.2.134~1-ecd4]:DecodeUtteranceLatticeFaster():decoder-wrappers.cc:286) Log-like per frame for utterance jackson_3_35 is -9.25656 over 50 frames.
jackson_3_36 three 
LOG (gmm-latgen-faster[5.2.134~1-ecd4]:DecodeUtteranceLatticeFaster():decoder-wrappers.cc:286) Log-like per frame for utterance jackson_3_36 is -9.16441 over 49 frames.
jackson_3_37 three 
LOG (gmm-latgen-faster[5.2.134~1-ecd4]:DecodeUtteranceLatticeFaster():decoder-wrappers.cc:286) Log-like per frame for utterance jackson_3_37 is -9.2794 over 49 frames.
jackson_3_38 three 
LOG (gmm-latgen-faster[5.2.134~1-ecd4]:DecodeUtteranceLatticeFaster():decoder-wrappers.cc:286) Log-like per frame for utterance jackson_3_38 is -9.35157 over 51 frames.
jackson_3_39 three 
LOG (gmm-latgen-faster[5.2.134~1-ecd4]:DecodeUtteranceLatticeFaster():decoder-wrappers.cc:286) Log-like per frame for utterance jackson_3_39 is -9.19416 over 49 frames.
jackson_3_4 three 
LOG (gmm-latgen-faster[5.2.134~1-ecd4]:DecodeUtteranceLatticeFaster():decoder-wrappers.cc:286) Log-like per frame for utterance jackson_3_4 is -8.71877 over 43 frames.
jackson_3_40 three 
LOG (gmm-latgen-faster[5.2.134~1-ecd4]:DecodeUtteranceLatticeFaster():decoder-wrappers.cc:286) Log-like per frame for utterance jackson_3_40 is -9.32524 over 50 frames.
jackson_3_41 three 
LOG (gmm-latgen-faster[5.2.134~1-ecd4]:DecodeUtteranceLatticeFaster():decoder-wrappers.cc:286) Log-like per frame for utterance jackson_3_41 is -9.41608 over 48 frames.
jackson_3_42 three 
LOG (gmm-latgen-faster[5.2.134~1-ecd4]:DecodeUtteranceLatticeFaster():decoder-wrappers.cc:286) Log-like per frame for utterance jackson_3_42 is -9.03929 over 48 frames.
jackson_3_43 three 
LOG (gmm-latgen-faster[5.2.134~1-ecd4]:DecodeUtteranceLatticeFaster():decoder-wrappers.cc:286) Log-like per frame for utterance jackson_3_43 is -9.41978 over 48 frames.
jackson_3_44 three 
LOG (gmm-latgen-faster[5.2.134~1-ecd4]:DecodeUtteranceLatticeFaster():decoder-wrappers.cc:286) Log-like per frame for utterance jackson_3_44 is -9.247 over 53 frames.
jackson_3_45 three 
LOG (gmm-latgen-faster[5.2.134~1-ecd4]:DecodeUtteranceLatticeFaster():decoder-wrappers.cc:286) Log-like per frame for utterance jackson_3_45 is -9.24823 over 55 frames.
jackson_3_46 three 
LOG (gmm-latgen-faster[5.2.134~1-ecd4]:DecodeUtteranceLatticeFaster():decoder-wrappers.cc:286) Log-like per frame for utterance jackson_3_46 is -9.16018 over 52 frames.
jackson_3_47 three 
LOG (gmm-latgen-faster[5.2.134~1-ecd4]:DecodeUtteranceLatticeFaster():decoder-wrappers.cc:286) Log-like per frame for utterance jackson_3_47 is -9.03454 over 55 frames.
jackson_3_48 three 
LOG (gmm-latgen-faster[5.2.134~1-ecd4]:DecodeUtteranceLatticeFaster():decoder-wrappers.cc:286) Log-like per frame for utterance jackson_3_48 is -8.84247 over 49 frames.
jackson_3_49 three 
LOG (gmm-latgen-faster[5.2.134~1-ecd4]:DecodeUtteranceLatticeFaster():decoder-wrappers.cc:286) Log-like per frame for utterance jackson_3_49 is -9.58673 over 50 frames.
jackson_3_5 three 
LOG (gmm-latgen-faster[5.2.134~1-ecd4]:DecodeUtteranceLatticeFaster():decoder-wrappers.cc:286) Log-like per frame for utterance jackson_3_5 is -8.89846 over 43 frames.
jackson_3_6 three 
LOG (gmm-latgen-faster[5.2.134~1-ecd4]:DecodeUtteranceLatticeFaster():decoder-wrappers.cc:286) Log-like per frame for utterance jackson_3_6 is -8.75242 over 45 frames.
jackson_3_7 three 
LOG (gmm-latgen-faster[5.2.134~1-ecd4]:DecodeUtteranceLatticeFaster():decoder-wrappers.cc:286) Log-like per frame for utterance jackson_3_7 is -9.301 over 47 frames.
jackson_3_8 three 
LOG (gmm-latgen-faster[5.2.134~1-ecd4]:DecodeUtteranceLatticeFaster():decoder-wrappers.cc:286) Log-like per frame for utterance jackson_3_8 is -8.83599 over 43 frames.
jackson_3_9 three 
LOG (gmm-latgen-faster[5.2.134~1-ecd4]:DecodeUtteranceLatticeFaster():decoder-wrappers.cc:286) Log-like per frame for utterance jackson_3_9 is -9.0483 over 47 frames.
jackson_4_0 four 
LOG (gmm-latgen-faster[5.2.134~1-ecd4]:DecodeUtteranceLatticeFaster():decoder-wrappers.cc:286) Log-like per frame for utterance jackson_4_0 is -8.59368 over 44 frames.
jackson_4_1 four 
LOG (gmm-latgen-faster[5.2.134~1-ecd4]:DecodeUtteranceLatticeFaster():decoder-wrappers.cc:286) Log-like per frame for utterance jackson_4_1 is -8.09166 over 40 frames.
jackson_4_10 four 
LOG (gmm-latgen-faster[5.2.134~1-ecd4]:DecodeUtteranceLatticeFaster():decoder-wrappers.cc:286) Log-like per frame for utterance jackson_4_10 is -9.7008 over 36 frames.
jackson_4_11 four 
LOG (gmm-latgen-faster[5.2.134~1-ecd4]:DecodeUtteranceLatticeFaster():decoder-wrappers.cc:286) Log-like per frame for utterance jackson_4_11 is -9.22254 over 36 frames.
jackson_4_12 four 
LOG (gmm-latgen-faster[5.2.134~1-ecd4]:DecodeUtteranceLatticeFaster():decoder-wrappers.cc:286) Log-like per frame for utterance jackson_4_12 is -7.9508 over 39 frames.
jackson_4_13 four 
LOG (gmm-latgen-faster[5.2.134~1-ecd4]:DecodeUtteranceLatticeFaster():decoder-wrappers.cc:286) Log-like per frame for utterance jackson_4_13 is -9.45888 over 35 frames.
jackson_4_14 four 
LOG (gmm-latgen-faster[5.2.134~1-ecd4]:DecodeUtteranceLatticeFaster():decoder-wrappers.cc:286) Log-like per frame for utterance jackson_4_14 is -9.03603 over 35 frames.
jackson_4_15 four 
LOG (gmm-latgen-faster[5.2.134~1-ecd4]:DecodeUtteranceLatticeFaster():decoder-wrappers.cc:286) Log-like per frame for utterance jackson_4_15 is -9.08179 over 43 frames.
jackson_4_16 four 
LOG (gmm-latgen-faster[5.2.134~1-ecd4]:DecodeUtteranceLatticeFaster():decoder-wrappers.cc:286) Log-like per frame for utterance jackson_4_16 is -9.21543 over 41 frames.
jackson_4_17 four 
LOG (gmm-latgen-faster[5.2.134~1-ecd4]:DecodeUtteranceLatticeFaster():decoder-wrappers.cc:286) Log-like per frame for utterance jackson_4_17 is -10.1478 over 38 frames.
jackson_4_18 four 
LOG (gmm-latgen-faster[5.2.134~1-ecd4]:DecodeUtteranceLatticeFaster():decoder-wrappers.cc:286) Log-like per frame for utterance jackson_4_18 is -9.51712 over 38 frames.
jackson_4_19 four 
LOG (gmm-latgen-faster[5.2.134~1-ecd4]:DecodeUtteranceLatticeFaster():decoder-wrappers.cc:286) Log-like per frame for utterance jackson_4_19 is -9.59582 over 34 frames.
jackson_4_2 four 
LOG (gmm-latgen-faster[5.2.134~1-ecd4]:DecodeUtteranceLatticeFaster():decoder-wrappers.cc:286) Log-like per frame for utterance jackson_4_2 is -8.01166 over 40 frames.
jackson_4_20 four 
LOG (gmm-latgen-faster[5.2.134~1-ecd4]:DecodeUtteranceLatticeFaster():decoder-wrappers.cc:286) Log-like per frame for utterance jackson_4_20 is -9.62931 over 37 frames.
jackson_4_21 four 
LOG (gmm-latgen-faster[5.2.134~1-ecd4]:DecodeUtteranceLatticeFaster():decoder-wrappers.cc:286) Log-like per frame for utterance jackson_4_21 is -9.6041 over 33 frames.
jackson_4_22 four 
LOG (gmm-latgen-faster[5.2.134~1-ecd4]:DecodeUtteranceLatticeFaster():decoder-wrappers.cc:286) Log-like per frame for utterance jackson_4_22 is -9.64246 over 40 frames.
jackson_4_23 four 
LOG (gmm-latgen-faster[5.2.134~1-ecd4]:DecodeUtteranceLatticeFaster():decoder-wrappers.cc:286) Log-like per frame for utterance jackson_4_23 is -8.67874 over 39 frames.
jackson_4_24 four 
LOG (gmm-latgen-faster[5.2.134~1-ecd4]:DecodeUtteranceLatticeFaster():decoder-wrappers.cc:286) Log-like per frame for utterance jackson_4_24 is -9.50022 over 38 frames.
jackson_4_25 four 
LOG (gmm-latgen-faster[5.2.134~1-ecd4]:DecodeUtteranceLatticeFaster():decoder-wrappers.cc:286) Log-like per frame for utterance jackson_4_25 is -9.18757 over 39 frames.
jackson_4_26 four 
LOG (gmm-latgen-faster[5.2.134~1-ecd4]:DecodeUtteranceLatticeFaster():decoder-wrappers.cc:286) Log-like per frame for utterance jackson_4_26 is -9.72986 over 41 frames.
jackson_4_27 four 
LOG (gmm-latgen-faster[5.2.134~1-ecd4]:DecodeUtteranceLatticeFaster():decoder-wrappers.cc:286) Log-like per frame for utterance jackson_4_27 is -9.15233 over 41 frames.
jackson_4_28 four 
LOG (gmm-latgen-faster[5.2.134~1-ecd4]:DecodeUtteranceLatticeFaster():decoder-wrappers.cc:286) Log-like per frame for utterance jackson_4_28 is -9.69604 over 45 frames.
jackson_4_29 four 
LOG (gmm-latgen-faster[5.2.134~1-ecd4]:DecodeUtteranceLatticeFaster():decoder-wrappers.cc:286) Log-like per frame for utterance jackson_4_29 is -9.49514 over 42 frames.
jackson_4_3 four 
LOG (gmm-latgen-faster[5.2.134~1-ecd4]:DecodeUtteranceLatticeFaster():decoder-wrappers.cc:286) Log-like per frame for utterance jackson_4_3 is -8.53482 over 39 frames.
jackson_4_30 four 
LOG (gmm-latgen-faster[5.2.134~1-ecd4]:DecodeUtteranceLatticeFaster():decoder-wrappers.cc:286) Log-like per frame for utterance jackson_4_30 is -9.13855 over 42 frames.
jackson_4_31 four 
LOG (gmm-latgen-faster[5.2.134~1-ecd4]:DecodeUtteranceLatticeFaster():decoder-wrappers.cc:286) Log-like per frame for utterance jackson_4_31 is -9.83132 over 41 frames.
jackson_4_32 four 
LOG (gmm-latgen-faster[5.2.134~1-ecd4]:DecodeUtteranceLatticeFaster():decoder-wrappers.cc:286) Log-like per frame for utterance jackson_4_32 is -8.62636 over 41 frames.
jackson_4_33 four 
LOG (gmm-latgen-faster[5.2.134~1-ecd4]:DecodeUtteranceLatticeFaster():decoder-wrappers.cc:286) Log-like per frame for utterance jackson_4_33 is -8.43611 over 40 frames.
jackson_4_34 four 
LOG (gmm-latgen-faster[5.2.134~1-ecd4]:DecodeUtteranceLatticeFaster():decoder-wrappers.cc:286) Log-like per frame for utterance jackson_4_34 is -8.25064 over 38 frames.
jackson_4_35 four 
LOG (gmm-latgen-faster[5.2.134~1-ecd4]:DecodeUtteranceLatticeFaster():decoder-wrappers.cc:286) Log-like per frame for utterance jackson_4_35 is -8.59112 over 41 frames.
jackson_4_36 four 
LOG (gmm-latgen-faster[5.2.134~1-ecd4]:DecodeUtteranceLatticeFaster():decoder-wrappers.cc:286) Log-like per frame for utterance jackson_4_36 is -8.38781 over 38 frames.
jackson_4_37 four 
LOG (gmm-latgen-faster[5.2.134~1-ecd4]:DecodeUtteranceLatticeFaster():decoder-wrappers.cc:286) Log-like per frame for utterance jackson_4_37 is -8.99423 over 48 frames.
jackson_4_38 four 
LOG (gmm-latgen-faster[5.2.134~1-ecd4]:DecodeUtteranceLatticeFaster():decoder-wrappers.cc:286) Log-like per frame for utterance jackson_4_38 is -9.27844 over 45 frames.
jackson_4_39 four 
LOG (gmm-latgen-faster[5.2.134~1-ecd4]:DecodeUtteranceLatticeFaster():decoder-wrappers.cc:286) Log-like per frame for utterance jackson_4_39 is -9.39429 over 46 frames.
jackson_4_4 four 
LOG (gmm-latgen-faster[5.2.134~1-ecd4]:DecodeUtteranceLatticeFaster():decoder-wrappers.cc:286) Log-like per frame for utterance jackson_4_4 is -8.53148 over 41 frames.
jackson_4_40 four 
LOG (gmm-latgen-faster[5.2.134~1-ecd4]:DecodeUtteranceLatticeFaster():decoder-wrappers.cc:286) Log-like per frame for utterance jackson_4_40 is -9.43749 over 45 frames.
jackson_4_41 four 
LOG (gmm-latgen-faster[5.2.134~1-ecd4]:DecodeUtteranceLatticeFaster():decoder-wrappers.cc:286) Log-like per frame for utterance jackson_4_41 is -9.58057 over 43 frames.
jackson_4_42 four 
LOG (gmm-latgen-faster[5.2.134~1-ecd4]:DecodeUtteranceLatticeFaster():decoder-wrappers.cc:286) Log-like per frame for utterance jackson_4_42 is -9.35733 over 41 frames.
jackson_4_43 four 
LOG (gmm-latgen-faster[5.2.134~1-ecd4]:DecodeUtteranceLatticeFaster():decoder-wrappers.cc:286) Log-like per frame for utterance jackson_4_43 is -9.37568 over 44 frames.
jackson_4_44 four 
LOG (gmm-latgen-faster[5.2.134~1-ecd4]:DecodeUtteranceLatticeFaster():decoder-wrappers.cc:286) Log-like per frame for utterance jackson_4_44 is -10.1981 over 45 frames.
jackson_4_45 four 
LOG (gmm-latgen-faster[5.2.134~1-ecd4]:DecodeUtteranceLatticeFaster():decoder-wrappers.cc:286) Log-like per frame for utterance jackson_4_45 is -9.30009 over 42 frames.
jackson_4_46 four 
LOG (gmm-latgen-faster[5.2.134~1-ecd4]:DecodeUtteranceLatticeFaster():decoder-wrappers.cc:286) Log-like per frame for utterance jackson_4_46 is -9.23129 over 49 frames.
jackson_4_47 four 
LOG (gmm-latgen-faster[5.2.134~1-ecd4]:DecodeUtteranceLatticeFaster():decoder-wrappers.cc:286) Log-like per frame for utterance jackson_4_47 is -9.29431 over 47 frames.
jackson_4_48 four 
LOG (gmm-latgen-faster[5.2.134~1-ecd4]:DecodeUtteranceLatticeFaster():decoder-wrappers.cc:286) Log-like per frame for utterance jackson_4_48 is -9.4687 over 45 frames.
jackson_4_49 four 
LOG (gmm-latgen-faster[5.2.134~1-ecd4]:DecodeUtteranceLatticeFaster():decoder-wrappers.cc:286) Log-like per frame for utterance jackson_4_49 is -9.30051 over 48 frames.
jackson_4_5 four 
LOG (gmm-latgen-faster[5.2.134~1-ecd4]:DecodeUtteranceLatticeFaster():decoder-wrappers.cc:286) Log-like per frame for utterance jackson_4_5 is -9.10552 over 42 frames.
jackson_4_6 four 
LOG (gmm-latgen-faster[5.2.134~1-ecd4]:DecodeUtteranceLatticeFaster():decoder-wrappers.cc:286) Log-like per frame for utterance jackson_4_6 is -9.44347 over 43 frames.
jackson_4_7 four 
LOG (gmm-latgen-faster[5.2.134~1-ecd4]:DecodeUtteranceLatticeFaster():decoder-wrappers.cc:286) Log-like per frame for utterance jackson_4_7 is -9.13258 over 39 frames.
jackson_4_8 four 
LOG (gmm-latgen-faster[5.2.134~1-ecd4]:DecodeUtteranceLatticeFaster():decoder-wrappers.cc:286) Log-like per frame for utterance jackson_4_8 is -9.20873 over 40 frames.
jackson_4_9 four 
LOG (gmm-latgen-faster[5.2.134~1-ecd4]:DecodeUtteranceLatticeFaster():decoder-wrappers.cc:286) Log-like per frame for utterance jackson_4_9 is -8.79348 over 40 frames.
jackson_5_0 five 
LOG (gmm-latgen-faster[5.2.134~1-ecd4]:DecodeUtteranceLatticeFaster():decoder-wrappers.cc:286) Log-like per frame for utterance jackson_5_0 is -8.31599 over 40 frames.
jackson_5_1 five 
LOG (gmm-latgen-faster[5.2.134~1-ecd4]:DecodeUtteranceLatticeFaster():decoder-wrappers.cc:286) Log-like per frame for utterance jackson_5_1 is -8.13084 over 39 frames.
jackson_5_10 five 
LOG (gmm-latgen-faster[5.2.134~1-ecd4]:DecodeUtteranceLatticeFaster():decoder-wrappers.cc:286) Log-like per frame for utterance jackson_5_10 is -7.62288 over 37 frames.
jackson_5_11 five 
LOG (gmm-latgen-faster[5.2.134~1-ecd4]:DecodeUtteranceLatticeFaster():decoder-wrappers.cc:286) Log-like per frame for utterance jackson_5_11 is -7.96787 over 42 frames.
jackson_5_12 five 
LOG (gmm-latgen-faster[5.2.134~1-ecd4]:DecodeUtteranceLatticeFaster():decoder-wrappers.cc:286) Log-like per frame for utterance jackson_5_12 is -7.92039 over 35 frames.
jackson_5_13 five 
LOG (gmm-latgen-faster[5.2.134~1-ecd4]:DecodeUtteranceLatticeFaster():decoder-wrappers.cc:286) Log-like per frame for utterance jackson_5_13 is -8.21636 over 40 frames.
jackson_5_14 five 
LOG (gmm-latgen-faster[5.2.134~1-ecd4]:DecodeUtteranceLatticeFaster():decoder-wrappers.cc:286) Log-like per frame for utterance jackson_5_14 is -7.38018 over 36 frames.
jackson_5_15 five 
LOG (gmm-latgen-faster[5.2.134~1-ecd4]:DecodeUtteranceLatticeFaster():decoder-wrappers.cc:286) Log-like per frame for utterance jackson_5_15 is -8.29878 over 41 frames.
jackson_5_16 five 
LOG (gmm-latgen-faster[5.2.134~1-ecd4]:DecodeUtteranceLatticeFaster():decoder-wrappers.cc:286) Log-like per frame for utterance jackson_5_16 is -7.98772 over 38 frames.
jackson_5_17 five 
LOG (gmm-latgen-faster[5.2.134~1-ecd4]:DecodeUtteranceLatticeFaster():decoder-wrappers.cc:286) Log-like per frame for utterance jackson_5_17 is -8.30361 over 38 frames.
jackson_5_18 five 
LOG (gmm-latgen-faster[5.2.134~1-ecd4]:DecodeUtteranceLatticeFaster():decoder-wrappers.cc:286) Log-like per frame for utterance jackson_5_18 is -7.69269 over 34 frames.
jackson_5_19 five 
LOG (gmm-latgen-faster[5.2.134~1-ecd4]:DecodeUtteranceLatticeFaster():decoder-wrappers.cc:286) Log-like per frame for utterance jackson_5_19 is -7.99165 over 35 frames.
jackson_5_2 five 
LOG (gmm-latgen-faster[5.2.134~1-ecd4]:DecodeUtteranceLatticeFaster():decoder-wrappers.cc:286) Log-like per frame for utterance jackson_5_2 is -8.20553 over 43 frames.
jackson_5_20 one 
LOG (gmm-latgen-faster[5.2.134~1-ecd4]:DecodeUtteranceLatticeFaster():decoder-wrappers.cc:286) Log-like per frame for utterance jackson_5_20 is -8.52428 over 32 frames.
jackson_5_21 five 
LOG (gmm-latgen-faster[5.2.134~1-ecd4]:DecodeUtteranceLatticeFaster():decoder-wrappers.cc:286) Log-like per frame for utterance jackson_5_21 is -8.6122 over 36 frames.
jackson_5_22 five 
LOG (gmm-latgen-faster[5.2.134~1-ecd4]:DecodeUtteranceLatticeFaster():decoder-wrappers.cc:286) Log-like per frame for utterance jackson_5_22 is -8.69724 over 35 frames.
jackson_5_23 five 
LOG (gmm-latgen-faster[5.2.134~1-ecd4]:DecodeUtteranceLatticeFaster():decoder-wrappers.cc:286) Log-like per frame for utterance jackson_5_23 is -8.80661 over 39 frames.
jackson_5_24 five 
LOG (gmm-latgen-faster[5.2.134~1-ecd4]:DecodeUtteranceLatticeFaster():decoder-wrappers.cc:286) Log-like per frame for utterance jackson_5_24 is -8.03446 over 38 frames.
jackson_5_25 five 
LOG (gmm-latgen-faster[5.2.134~1-ecd4]:DecodeUtteranceLatticeFaster():decoder-wrappers.cc:286) Log-like per frame for utterance jackson_5_25 is -8.31633 over 37 frames.
jackson_5_26 five 
LOG (gmm-latgen-faster[5.2.134~1-ecd4]:DecodeUtteranceLatticeFaster():decoder-wrappers.cc:286) Log-like per frame for utterance jackson_5_26 is -8.39666 over 39 frames.
jackson_5_27 five 
LOG (gmm-latgen-faster[5.2.134~1-ecd4]:DecodeUtteranceLatticeFaster():decoder-wrappers.cc:286) Log-like per frame for utterance jackson_5_27 is -8.35123 over 38 frames.
jackson_5_28 five 
LOG (gmm-latgen-faster[5.2.134~1-ecd4]:DecodeUtteranceLatticeFaster():decoder-wrappers.cc:286) Log-like per frame for utterance jackson_5_28 is -7.82576 over 35 frames.
jackson_5_29 five 
LOG (gmm-latgen-faster[5.2.134~1-ecd4]:DecodeUtteranceLatticeFaster():decoder-wrappers.cc:286) Log-like per frame for utterance jackson_5_29 is -8.50364 over 46 frames.
jackson_5_3 five 
LOG (gmm-latgen-faster[5.2.134~1-ecd4]:DecodeUtteranceLatticeFaster():decoder-wrappers.cc:286) Log-like per frame for utterance jackson_5_3 is -8.06538 over 38 frames.
jackson_5_30 five 
LOG (gmm-latgen-faster[5.2.134~1-ecd4]:DecodeUtteranceLatticeFaster():decoder-wrappers.cc:286) Log-like per frame for utterance jackson_5_30 is -8.94493 over 41 frames.
jackson_5_31 five 
LOG (gmm-latgen-faster[5.2.134~1-ecd4]:DecodeUtteranceLatticeFaster():decoder-wrappers.cc:286) Log-like per frame for utterance jackson_5_31 is -8.11313 over 39 frames.
jackson_5_32 five 
LOG (gmm-latgen-faster[5.2.134~1-ecd4]:DecodeUtteranceLatticeFaster():decoder-wrappers.cc:286) Log-like per frame for utterance jackson_5_32 is -8.20762 over 39 frames.
jackson_5_33 five 
LOG (gmm-latgen-faster[5.2.134~1-ecd4]:DecodeUtteranceLatticeFaster():decoder-wrappers.cc:286) Log-like per frame for utterance jackson_5_33 is -8.16633 over 37 frames.
jackson_5_34 five 
LOG (gmm-latgen-faster[5.2.134~1-ecd4]:DecodeUtteranceLatticeFaster():decoder-wrappers.cc:286) Log-like per frame for utterance jackson_5_34 is -8.38052 over 34 frames.
jackson_5_35 five 
LOG (gmm-latgen-faster[5.2.134~1-ecd4]:DecodeUtteranceLatticeFaster():decoder-wrappers.cc:286) Log-like per frame for utterance jackson_5_35 is -8.67425 over 41 frames.
jackson_5_36 five 
LOG (gmm-latgen-faster[5.2.134~1-ecd4]:DecodeUtteranceLatticeFaster():decoder-wrappers.cc:286) Log-like per frame for utterance jackson_5_36 is -7.54762 over 35 frames.
jackson_5_37 five 
LOG (gmm-latgen-faster[5.2.134~1-ecd4]:DecodeUtteranceLatticeFaster():decoder-wrappers.cc:286) Log-like per frame for utterance jackson_5_37 is -8.33719 over 37 frames.
jackson_5_38 five 
LOG (gmm-latgen-faster[5.2.134~1-ecd4]:DecodeUtteranceLatticeFaster():decoder-wrappers.cc:286) Log-like per frame for utterance jackson_5_38 is -8.58896 over 41 frames.
jackson_5_39 five 
LOG (gmm-latgen-faster[5.2.134~1-ecd4]:DecodeUtteranceLatticeFaster():decoder-wrappers.cc:286) Log-like per frame for utterance jackson_5_39 is -8.02697 over 36 frames.
jackson_5_4 five 
LOG (gmm-latgen-faster[5.2.134~1-ecd4]:DecodeUtteranceLatticeFaster():decoder-wrappers.cc:286) Log-like per frame for utterance jackson_5_4 is -8.49389 over 51 frames.
jackson_5_40 five 
LOG (gmm-latgen-faster[5.2.134~1-ecd4]:DecodeUtteranceLatticeFaster():decoder-wrappers.cc:286) Log-like per frame for utterance jackson_5_40 is -8.44933 over 39 frames.
jackson_5_41 five 
LOG (gmm-latgen-faster[5.2.134~1-ecd4]:DecodeUtteranceLatticeFaster():decoder-wrappers.cc:286) Log-like per frame for utterance jackson_5_41 is -8.85458 over 38 frames.
jackson_5_42 five 
LOG (gmm-latgen-faster[5.2.134~1-ecd4]:DecodeUtteranceLatticeFaster():decoder-wrappers.cc:286) Log-like per frame for utterance jackson_5_42 is -9.28106 over 45 frames.
jackson_5_43 five 
LOG (gmm-latgen-faster[5.2.134~1-ecd4]:DecodeUtteranceLatticeFaster():decoder-wrappers.cc:286) Log-like per frame for utterance jackson_5_43 is -8.88721 over 42 frames.
jackson_5_44 five 
LOG (gmm-latgen-faster[5.2.134~1-ecd4]:DecodeUtteranceLatticeFaster():decoder-wrappers.cc:286) Log-like per frame for utterance jackson_5_44 is -9.11675 over 47 frames.
jackson_5_45 five 
LOG (gmm-latgen-faster[5.2.134~1-ecd4]:DecodeUtteranceLatticeFaster():decoder-wrappers.cc:286) Log-like per frame for utterance jackson_5_45 is -8.88575 over 44 frames.
jackson_5_46 five 
LOG (gmm-latgen-faster[5.2.134~1-ecd4]:DecodeUtteranceLatticeFaster():decoder-wrappers.cc:286) Log-like per frame for utterance jackson_5_46 is -9.13544 over 48 frames.
jackson_5_47 five 
LOG (gmm-latgen-faster[5.2.134~1-ecd4]:DecodeUtteranceLatticeFaster():decoder-wrappers.cc:286) Log-like per frame for utterance jackson_5_47 is -9.47058 over 49 frames.
jackson_5_48 five 
LOG (gmm-latgen-faster[5.2.134~1-ecd4]:DecodeUtteranceLatticeFaster():decoder-wrappers.cc:286) Log-like per frame for utterance jackson_5_48 is -9.87703 over 49 frames.
jackson_5_49 five 
LOG (gmm-latgen-faster[5.2.134~1-ecd4]:DecodeUtteranceLatticeFaster():decoder-wrappers.cc:286) Log-like per frame for utterance jackson_5_49 is -8.96093 over 46 frames.
jackson_5_5 five 
LOG (gmm-latgen-faster[5.2.134~1-ecd4]:DecodeUtteranceLatticeFaster():decoder-wrappers.cc:286) Log-like per frame for utterance jackson_5_5 is -8.30092 over 37 frames.
jackson_5_6 five 
LOG (gmm-latgen-faster[5.2.134~1-ecd4]:DecodeUtteranceLatticeFaster():decoder-wrappers.cc:286) Log-like per frame for utterance jackson_5_6 is -8.67401 over 38 frames.
jackson_5_7 five 
LOG (gmm-latgen-faster[5.2.134~1-ecd4]:DecodeUtteranceLatticeFaster():decoder-wrappers.cc:286) Log-like per frame for utterance jackson_5_7 is -8.57505 over 36 frames.
jackson_5_8 five 
LOG (gmm-latgen-faster[5.2.134~1-ecd4]:DecodeUtteranceLatticeFaster():decoder-wrappers.cc:286) Log-like per frame for utterance jackson_5_8 is -8.12662 over 35 frames.
jackson_5_9 five 
LOG (gmm-latgen-faster[5.2.134~1-ecd4]:DecodeUtteranceLatticeFaster():decoder-wrappers.cc:286) Log-like per frame for utterance jackson_5_9 is -9.01963 over 56 frames.
jackson_6_0 six 
LOG (gmm-latgen-faster[5.2.134~1-ecd4]:DecodeUtteranceLatticeFaster():decoder-wrappers.cc:286) Log-like per frame for utterance jackson_6_0 is -9.09742 over 81 frames.
jackson_6_1 six 
LOG (gmm-latgen-faster[5.2.134~1-ecd4]:DecodeUtteranceLatticeFaster():decoder-wrappers.cc:286) Log-like per frame for utterance jackson_6_1 is -9.75815 over 62 frames.
jackson_6_10 six 
LOG (gmm-latgen-faster[5.2.134~1-ecd4]:DecodeUtteranceLatticeFaster():decoder-wrappers.cc:286) Log-like per frame for utterance jackson_6_10 is -8.76856 over 84 frames.
jackson_6_11 six 
LOG (gmm-latgen-faster[5.2.134~1-ecd4]:DecodeUtteranceLatticeFaster():decoder-wrappers.cc:286) Log-like per frame for utterance jackson_6_11 is -8.7346 over 85 frames.
jackson_6_12 six 
LOG (gmm-latgen-faster[5.2.134~1-ecd4]:DecodeUtteranceLatticeFaster():decoder-wrappers.cc:286) Log-like per frame for utterance jackson_6_12 is -8.67985 over 84 frames.
jackson_6_13 six 
LOG (gmm-latgen-faster[5.2.134~1-ecd4]:DecodeUtteranceLatticeFaster():decoder-wrappers.cc:286) Log-like per frame for utterance jackson_6_13 is -8.73458 over 69 frames.
jackson_6_14 six 
LOG (gmm-latgen-faster[5.2.134~1-ecd4]:DecodeUtteranceLatticeFaster():decoder-wrappers.cc:286) Log-like per frame for utterance jackson_6_14 is -9.01759 over 75 frames.
jackson_6_15 six 
LOG (gmm-latgen-faster[5.2.134~1-ecd4]:DecodeUtteranceLatticeFaster():decoder-wrappers.cc:286) Log-like per frame for utterance jackson_6_15 is -8.80495 over 86 frames.
jackson_6_16 six 
LOG (gmm-latgen-faster[5.2.134~1-ecd4]:DecodeUtteranceLatticeFaster():decoder-wrappers.cc:286) Log-like per frame for utterance jackson_6_16 is -8.69097 over 71 frames.
jackson_6_17 six 
LOG (gmm-latgen-faster[5.2.134~1-ecd4]:DecodeUtteranceLatticeFaster():decoder-wrappers.cc:286) Log-like per frame for utterance jackson_6_17 is -8.76005 over 72 frames.
jackson_6_18 six 
LOG (gmm-latgen-faster[5.2.134~1-ecd4]:DecodeUtteranceLatticeFaster():decoder-wrappers.cc:286) Log-like per frame for utterance jackson_6_18 is -8.44171 over 84 frames.
jackson_6_19 six 
LOG (gmm-latgen-faster[5.2.134~1-ecd4]:DecodeUtteranceLatticeFaster():decoder-wrappers.cc:286) Log-like per frame for utterance jackson_6_19 is -8.93661 over 67 frames.
jackson_6_2 six 
LOG (gmm-latgen-faster[5.2.134~1-ecd4]:DecodeUtteranceLatticeFaster():decoder-wrappers.cc:286) Log-like per frame for utterance jackson_6_2 is -9.15183 over 61 frames.
jackson_6_20 six 
LOG (gmm-latgen-faster[5.2.134~1-ecd4]:DecodeUtteranceLatticeFaster():decoder-wrappers.cc:286) Log-like per frame for utterance jackson_6_20 is -9.18596 over 67 frames.
jackson_6_21 six 
LOG (gmm-latgen-faster[5.2.134~1-ecd4]:DecodeUtteranceLatticeFaster():decoder-wrappers.cc:286) Log-like per frame for utterance jackson_6_21 is -9.04221 over 78 frames.
jackson_6_22 six 
LOG (gmm-latgen-faster[5.2.134~1-ecd4]:DecodeUtteranceLatticeFaster():decoder-wrappers.cc:286) Log-like per frame for utterance jackson_6_22 is -8.66495 over 69 frames.
jackson_6_23 six 
LOG (gmm-latgen-faster[5.2.134~1-ecd4]:DecodeUtteranceLatticeFaster():decoder-wrappers.cc:286) Log-like per frame for utterance jackson_6_23 is -8.79501 over 80 frames.
jackson_6_24 six 
LOG (gmm-latgen-faster[5.2.134~1-ecd4]:DecodeUtteranceLatticeFaster():decoder-wrappers.cc:286) Log-like per frame for utterance jackson_6_24 is -8.81196 over 70 frames.
jackson_6_25 six 
LOG (gmm-latgen-faster[5.2.134~1-ecd4]:DecodeUtteranceLatticeFaster():decoder-wrappers.cc:286) Log-like per frame for utterance jackson_6_25 is -8.57897 over 77 frames.
jackson_6_26 six 
LOG (gmm-latgen-faster[5.2.134~1-ecd4]:DecodeUtteranceLatticeFaster():decoder-wrappers.cc:286) Log-like per frame for utterance jackson_6_26 is -8.8904 over 70 frames.
jackson_6_27 six 
LOG (gmm-latgen-faster[5.2.134~1-ecd4]:DecodeUtteranceLatticeFaster():decoder-wrappers.cc:286) Log-like per frame for utterance jackson_6_27 is -8.74056 over 79 frames.
jackson_6_28 six 
LOG (gmm-latgen-faster[5.2.134~1-ecd4]:DecodeUtteranceLatticeFaster():decoder-wrappers.cc:286) Log-like per frame for utterance jackson_6_28 is -9.43898 over 63 frames.
jackson_6_29 six 
LOG (gmm-latgen-faster[5.2.134~1-ecd4]:DecodeUtteranceLatticeFaster():decoder-wrappers.cc:286) Log-like per frame for utterance jackson_6_29 is -9.29015 over 60 frames.
jackson_6_3 six 
LOG (gmm-latgen-faster[5.2.134~1-ecd4]:DecodeUtteranceLatticeFaster():decoder-wrappers.cc:286) Log-like per frame for utterance jackson_6_3 is -9.36936 over 85 frames.
jackson_6_30 six 
LOG (gmm-latgen-faster[5.2.134~1-ecd4]:DecodeUtteranceLatticeFaster():decoder-wrappers.cc:286) Log-like per frame for utterance jackson_6_30 is -9.12804 over 78 frames.
jackson_6_31 six 
LOG (gmm-latgen-faster[5.2.134~1-ecd4]:DecodeUtteranceLatticeFaster():decoder-wrappers.cc:286) Log-like per frame for utterance jackson_6_31 is -9.04817 over 61 frames.
jackson_6_32 six 
LOG (gmm-latgen-faster[5.2.134~1-ecd4]:DecodeUtteranceLatticeFaster():decoder-wrappers.cc:286) Log-like per frame for utterance jackson_6_32 is -9.16956 over 83 frames.
jackson_6_33 six 
LOG (gmm-latgen-faster[5.2.134~1-ecd4]:DecodeUtteranceLatticeFaster():decoder-wrappers.cc:286) Log-like per frame for utterance jackson_6_33 is -9.04748 over 62 frames.
jackson_6_34 six 
LOG (gmm-latgen-faster[5.2.134~1-ecd4]:DecodeUtteranceLatticeFaster():decoder-wrappers.cc:286) Log-like per frame for utterance jackson_6_34 is -9.27113 over 56 frames.
jackson_6_35 six 
LOG (gmm-latgen-faster[5.2.134~1-ecd4]:DecodeUtteranceLatticeFaster():decoder-wrappers.cc:286) Log-like per frame for utterance jackson_6_35 is -9.75196 over 62 frames.
jackson_6_36 six 
LOG (gmm-latgen-faster[5.2.134~1-ecd4]:DecodeUtteranceLatticeFaster():decoder-wrappers.cc:286) Log-like per frame for utterance jackson_6_36 is -9.35959 over 56 frames.
jackson_6_37 six 
LOG (gmm-latgen-faster[5.2.134~1-ecd4]:DecodeUtteranceLatticeFaster():decoder-wrappers.cc:286) Log-like per frame for utterance jackson_6_37 is -8.66226 over 68 frames.
jackson_6_38 six 
LOG (gmm-latgen-faster[5.2.134~1-ecd4]:DecodeUtteranceLatticeFaster():decoder-wrappers.cc:286) Log-like per frame for utterance jackson_6_38 is -9.10981 over 73 frames.
jackson_6_39 six 
LOG (gmm-latgen-faster[5.2.134~1-ecd4]:DecodeUtteranceLatticeFaster():decoder-wrappers.cc:286) Log-like per frame for utterance jackson_6_39 is -9.31269 over 64 frames.
jackson_6_4 six 
LOG (gmm-latgen-faster[5.2.134~1-ecd4]:DecodeUtteranceLatticeFaster():decoder-wrappers.cc:286) Log-like per frame for utterance jackson_6_4 is -9.50852 over 61 frames.
jackson_6_40 six 
LOG (gmm-latgen-faster[5.2.134~1-ecd4]:DecodeUtteranceLatticeFaster():decoder-wrappers.cc:286) Log-like per frame for utterance jackson_6_40 is -9.37164 over 57 frames.
jackson_6_41 six 
LOG (gmm-latgen-faster[5.2.134~1-ecd4]:DecodeUtteranceLatticeFaster():decoder-wrappers.cc:286) Log-like per frame for utterance jackson_6_41 is -9.14658 over 54 frames.
jackson_6_42 six 
LOG (gmm-latgen-faster[5.2.134~1-ecd4]:DecodeUtteranceLatticeFaster():decoder-wrappers.cc:286) Log-like per frame for utterance jackson_6_42 is -8.92976 over 49 frames.
jackson_6_43 six 
LOG (gmm-latgen-faster[5.2.134~1-ecd4]:DecodeUtteranceLatticeFaster():decoder-wrappers.cc:286) Log-like per frame for utterance jackson_6_43 is -8.97418 over 65 frames.
jackson_6_44 six 
LOG (gmm-latgen-faster[5.2.134~1-ecd4]:DecodeUtteranceLatticeFaster():decoder-wrappers.cc:286) Log-like per frame for utterance jackson_6_44 is -9.00142 over 47 frames.
jackson_6_45 six 
LOG (gmm-latgen-faster[5.2.134~1-ecd4]:DecodeUtteranceLatticeFaster():decoder-wrappers.cc:286) Log-like per frame for utterance jackson_6_45 is -9.16262 over 57 frames.
jackson_6_46 six 
LOG (gmm-latgen-faster[5.2.134~1-ecd4]:DecodeUtteranceLatticeFaster():decoder-wrappers.cc:286) Log-like per frame for utterance jackson_6_46 is -8.85438 over 77 frames.
jackson_6_47 six 
LOG (gmm-latgen-faster[5.2.134~1-ecd4]:DecodeUtteranceLatticeFaster():decoder-wrappers.cc:286) Log-like per frame for utterance jackson_6_47 is -9.27951 over 68 frames.
jackson_6_48 six 
LOG (gmm-latgen-faster[5.2.134~1-ecd4]:DecodeUtteranceLatticeFaster():decoder-wrappers.cc:286) Log-like per frame for utterance jackson_6_48 is -8.74659 over 52 frames.
jackson_6_49 six 
LOG (gmm-latgen-faster[5.2.134~1-ecd4]:DecodeUtteranceLatticeFaster():decoder-wrappers.cc:286) Log-like per frame for utterance jackson_6_49 is -9.29353 over 67 frames.
jackson_6_5 six 
LOG (gmm-latgen-faster[5.2.134~1-ecd4]:DecodeUtteranceLatticeFaster():decoder-wrappers.cc:286) Log-like per frame for utterance jackson_6_5 is -8.60571 over 66 frames.
jackson_6_6 six 
LOG (gmm-latgen-faster[5.2.134~1-ecd4]:DecodeUtteranceLatticeFaster():decoder-wrappers.cc:286) Log-like per frame for utterance jackson_6_6 is -8.85179 over 74 frames.
jackson_6_7 six 
LOG (gmm-latgen-faster[5.2.134~1-ecd4]:DecodeUtteranceLatticeFaster():decoder-wrappers.cc:286) Log-like per frame for utterance jackson_6_7 is -8.91826 over 62 frames.
jackson_6_8 six 
LOG (gmm-latgen-faster[5.2.134~1-ecd4]:DecodeUtteranceLatticeFaster():decoder-wrappers.cc:286) Log-like per frame for utterance jackson_6_8 is -9.04098 over 81 frames.
jackson_6_9 six 
LOG (gmm-latgen-faster[5.2.134~1-ecd4]:DecodeUtteranceLatticeFaster():decoder-wrappers.cc:286) Log-like per frame for utterance jackson_6_9 is -8.67897 over 81 frames.
jackson_7_0 seven 
LOG (gmm-latgen-faster[5.2.134~1-ecd4]:DecodeUtteranceLatticeFaster():decoder-wrappers.cc:286) Log-like per frame for utterance jackson_7_0 is -9.23277 over 41 frames.
jackson_7_1 seven 
LOG (gmm-latgen-faster[5.2.134~1-ecd4]:DecodeUtteranceLatticeFaster():decoder-wrappers.cc:286) Log-like per frame for utterance jackson_7_1 is -8.52198 over 45 frames.
jackson_7_10 seven 
LOG (gmm-latgen-faster[5.2.134~1-ecd4]:DecodeUtteranceLatticeFaster():decoder-wrappers.cc:286) Log-like per frame for utterance jackson_7_10 is -8.40589 over 42 frames.
jackson_7_11 five 
LOG (gmm-latgen-faster[5.2.134~1-ecd4]:DecodeUtteranceLatticeFaster():decoder-wrappers.cc:286) Log-like per frame for utterance jackson_7_11 is -8.71989 over 39 frames.
jackson_7_12 seven 
LOG (gmm-latgen-faster[5.2.134~1-ecd4]:DecodeUtteranceLatticeFaster():decoder-wrappers.cc:286) Log-like per frame for utterance jackson_7_12 is -9.41479 over 42 frames.
jackson_7_13 seven 
LOG (gmm-latgen-faster[5.2.134~1-ecd4]:DecodeUtteranceLatticeFaster():decoder-wrappers.cc:286) Log-like per frame for utterance jackson_7_13 is -8.64689 over 43 frames.
jackson_7_14 seven 
LOG (gmm-latgen-faster[5.2.134~1-ecd4]:DecodeUtteranceLatticeFaster():decoder-wrappers.cc:286) Log-like per frame for utterance jackson_7_14 is -8.48138 over 46 frames.
jackson_7_15 
LOG (gmm-latgen-faster[5.2.134~1-ecd4]:DecodeUtteranceLatticeFaster():decoder-wrappers.cc:286) Log-like per frame for utterance jackson_7_15 is -9.43823 over 38 frames.
jackson_7_16 seven 
LOG (gmm-latgen-faster[5.2.134~1-ecd4]:DecodeUtteranceLatticeFaster():decoder-wrappers.cc:286) Log-like per frame for utterance jackson_7_16 is -9.06122 over 41 frames.
jackson_7_17 seven 
LOG (gmm-latgen-faster[5.2.134~1-ecd4]:DecodeUtteranceLatticeFaster():decoder-wrappers.cc:286) Log-like per frame for utterance jackson_7_17 is -8.97059 over 45 frames.
jackson_7_18 seven 
LOG (gmm-latgen-faster[5.2.134~1-ecd4]:DecodeUtteranceLatticeFaster():decoder-wrappers.cc:286) Log-like per frame for utterance jackson_7_18 is -8.72016 over 39 frames.
jackson_7_19 seven 
LOG (gmm-latgen-faster[5.2.134~1-ecd4]:DecodeUtteranceLatticeFaster():decoder-wrappers.cc:286) Log-like per frame for utterance jackson_7_19 is -8.59163 over 45 frames.
jackson_7_2 seven 
LOG (gmm-latgen-faster[5.2.134~1-ecd4]:DecodeUtteranceLatticeFaster():decoder-wrappers.cc:286) Log-like per frame for utterance jackson_7_2 is -8.83894 over 36 frames.
jackson_7_20 seven 
LOG (gmm-latgen-faster[5.2.134~1-ecd4]:DecodeUtteranceLatticeFaster():decoder-wrappers.cc:286) Log-like per frame for utterance jackson_7_20 is -9.2713 over 44 frames.
jackson_7_21 seven 
LOG (gmm-latgen-faster[5.2.134~1-ecd4]:DecodeUtteranceLatticeFaster():decoder-wrappers.cc:286) Log-like per frame for utterance jackson_7_21 is -9.0968 over 50 frames.
jackson_7_22 seven 
LOG (gmm-latgen-faster[5.2.134~1-ecd4]:DecodeUtteranceLatticeFaster():decoder-wrappers.cc:286) Log-like per frame for utterance jackson_7_22 is -9.27669 over 42 frames.
jackson_7_23 seven 
LOG (gmm-latgen-faster[5.2.134~1-ecd4]:DecodeUtteranceLatticeFaster():decoder-wrappers.cc:286) Log-like per frame for utterance jackson_7_23 is -8.52991 over 54 frames.
jackson_7_24 seven 
LOG (gmm-latgen-faster[5.2.134~1-ecd4]:DecodeUtteranceLatticeFaster():decoder-wrappers.cc:286) Log-like per frame for utterance jackson_7_24 is -9.29005 over 42 frames.
jackson_7_25 five seven 
LOG (gmm-latgen-faster[5.2.134~1-ecd4]:DecodeUtteranceLatticeFaster():decoder-wrappers.cc:286) Log-like per frame for utterance jackson_7_25 is -9.69179 over 45 frames.
jackson_7_26 five seven 
LOG (gmm-latgen-faster[5.2.134~1-ecd4]:DecodeUtteranceLatticeFaster():decoder-wrappers.cc:286) Log-like per frame for utterance jackson_7_26 is -9.22881 over 47 frames.
jackson_7_27 five seven 
LOG (gmm-latgen-faster[5.2.134~1-ecd4]:DecodeUtteranceLatticeFaster():decoder-wrappers.cc:286) Log-like per frame for utterance jackson_7_27 is -9.40849 over 47 frames.
jackson_7_28 seven 
LOG (gmm-latgen-faster[5.2.134~1-ecd4]:DecodeUtteranceLatticeFaster():decoder-wrappers.cc:286) Log-like per frame for utterance jackson_7_28 is -9.02006 over 41 frames.
jackson_7_29 seven 
LOG (gmm-latgen-faster[5.2.134~1-ecd4]:DecodeUtteranceLatticeFaster():decoder-wrappers.cc:286) Log-like per frame for utterance jackson_7_29 is -8.98925 over 43 frames.
jackson_7_3 seven 
LOG (gmm-latgen-faster[5.2.134~1-ecd4]:DecodeUtteranceLatticeFaster():decoder-wrappers.cc:286) Log-like per frame for utterance jackson_7_3 is -8.77878 over 41 frames.
jackson_7_30 seven 
LOG (gmm-latgen-faster[5.2.134~1-ecd4]:DecodeUtteranceLatticeFaster():decoder-wrappers.cc:286) Log-like per frame for utterance jackson_7_30 is -8.71054 over 44 frames.
jackson_7_31 seven 
LOG (gmm-latgen-faster[5.2.134~1-ecd4]:DecodeUtteranceLatticeFaster():decoder-wrappers.cc:286) Log-like per frame for utterance jackson_7_31 is -8.55454 over 40 frames.
jackson_7_32 seven 
LOG (gmm-latgen-faster[5.2.134~1-ecd4]:DecodeUtteranceLatticeFaster():decoder-wrappers.cc:286) Log-like per frame for utterance jackson_7_32 is -8.89931 over 52 frames.
jackson_7_33 seven 
LOG (gmm-latgen-faster[5.2.134~1-ecd4]:DecodeUtteranceLatticeFaster():decoder-wrappers.cc:286) Log-like per frame for utterance jackson_7_33 is -9.11366 over 52 frames.
jackson_7_34 seven 
LOG (gmm-latgen-faster[5.2.134~1-ecd4]:DecodeUtteranceLatticeFaster():decoder-wrappers.cc:286) Log-like per frame for utterance jackson_7_34 is -9.44016 over 49 frames.
jackson_7_35 seven 
LOG (gmm-latgen-faster[5.2.134~1-ecd4]:DecodeUtteranceLatticeFaster():decoder-wrappers.cc:286) Log-like per frame for utterance jackson_7_35 is -8.5079 over 39 frames.
jackson_7_36 seven 
LOG (gmm-latgen-faster[5.2.134~1-ecd4]:DecodeUtteranceLatticeFaster():decoder-wrappers.cc:286) Log-like per frame for utterance jackson_7_36 is -9.0638 over 38 frames.
jackson_7_37 seven 
LOG (gmm-latgen-faster[5.2.134~1-ecd4]:DecodeUtteranceLatticeFaster():decoder-wrappers.cc:286) Log-like per frame for utterance jackson_7_37 is -8.68587 over 39 frames.
jackson_7_38 seven 
LOG (gmm-latgen-faster[5.2.134~1-ecd4]:DecodeUtteranceLatticeFaster():decoder-wrappers.cc:286) Log-like per frame for utterance jackson_7_38 is -10.1992 over 46 frames.
jackson_7_39 seven 
LOG (gmm-latgen-faster[5.2.134~1-ecd4]:DecodeUtteranceLatticeFaster():decoder-wrappers.cc:286) Log-like per frame for utterance jackson_7_39 is -9.47503 over 49 frames.
jackson_7_4 seven 
LOG (gmm-latgen-faster[5.2.134~1-ecd4]:DecodeUtteranceLatticeFaster():decoder-wrappers.cc:286) Log-like per frame for utterance jackson_7_4 is -9.28614 over 40 frames.
jackson_7_40 five 
LOG (gmm-latgen-faster[5.2.134~1-ecd4]:DecodeUtteranceLatticeFaster():decoder-wrappers.cc:286) Log-like per frame for utterance jackson_7_40 is -9.25237 over 47 frames.
jackson_7_41 nine 
LOG (gmm-latgen-faster[5.2.134~1-ecd4]:DecodeUtteranceLatticeFaster():decoder-wrappers.cc:286) Log-like per frame for utterance jackson_7_41 is -9.64386 over 48 frames.
jackson_7_42 seven 
LOG (gmm-latgen-faster[5.2.134~1-ecd4]:DecodeUtteranceLatticeFaster():decoder-wrappers.cc:286) Log-like per frame for utterance jackson_7_42 is -9.40794 over 46 frames.
jackson_7_43 seven 
LOG (gmm-latgen-faster[5.2.134~1-ecd4]:DecodeUtteranceLatticeFaster():decoder-wrappers.cc:286) Log-like per frame for utterance jackson_7_43 is -9.11557 over 52 frames.
jackson_7_44 five 
LOG (gmm-latgen-faster[5.2.134~1-ecd4]:DecodeUtteranceLatticeFaster():decoder-wrappers.cc:286) Log-like per frame for utterance jackson_7_44 is -9.1134 over 49 frames.
jackson_7_45 seven 
LOG (gmm-latgen-faster[5.2.134~1-ecd4]:DecodeUtteranceLatticeFaster():decoder-wrappers.cc:286) Log-like per frame for utterance jackson_7_45 is -9.22888 over 44 frames.
jackson_7_46 seven 
LOG (gmm-latgen-faster[5.2.134~1-ecd4]:DecodeUtteranceLatticeFaster():decoder-wrappers.cc:286) Log-like per frame for utterance jackson_7_46 is -9.25119 over 47 frames.
jackson_7_47 seven 
LOG (gmm-latgen-faster[5.2.134~1-ecd4]:DecodeUtteranceLatticeFaster():decoder-wrappers.cc:286) Log-like per frame for utterance jackson_7_47 is -9.71532 over 47 frames.
jackson_7_48 seven 
LOG (gmm-latgen-faster[5.2.134~1-ecd4]:DecodeUtteranceLatticeFaster():decoder-wrappers.cc:286) Log-like per frame for utterance jackson_7_48 is -9.39382 over 44 frames.
jackson_7_49 seven 
LOG (gmm-latgen-faster[5.2.134~1-ecd4]:DecodeUtteranceLatticeFaster():decoder-wrappers.cc:286) Log-like per frame for utterance jackson_7_49 is -9.61529 over 47 frames.
jackson_7_5 seven 
LOG (gmm-latgen-faster[5.2.134~1-ecd4]:DecodeUtteranceLatticeFaster():decoder-wrappers.cc:286) Log-like per frame for utterance jackson_7_5 is -8.50255 over 43 frames.
jackson_7_6 seven 
LOG (gmm-latgen-faster[5.2.134~1-ecd4]:DecodeUtteranceLatticeFaster():decoder-wrappers.cc:286) Log-like per frame for utterance jackson_7_6 is -9.2392 over 43 frames.
jackson_7_7 seven 
LOG (gmm-latgen-faster[5.2.134~1-ecd4]:DecodeUtteranceLatticeFaster():decoder-wrappers.cc:286) Log-like per frame for utterance jackson_7_7 is -8.82532 over 40 frames.
jackson_7_8 seven 
LOG (gmm-latgen-faster[5.2.134~1-ecd4]:DecodeUtteranceLatticeFaster():decoder-wrappers.cc:286) Log-like per frame for utterance jackson_7_8 is -9.08793 over 41 frames.
jackson_7_9 seven 
LOG (gmm-latgen-faster[5.2.134~1-ecd4]:DecodeUtteranceLatticeFaster():decoder-wrappers.cc:286) Log-like per frame for utterance jackson_7_9 is -9.1864 over 42 frames.
jackson_8_0 eight 
LOG (gmm-latgen-faster[5.2.134~1-ecd4]:DecodeUtteranceLatticeFaster():decoder-wrappers.cc:286) Log-like per frame for utterance jackson_8_0 is -8.89406 over 33 frames.
jackson_8_1 eight 
LOG (gmm-latgen-faster[5.2.134~1-ecd4]:DecodeUtteranceLatticeFaster():decoder-wrappers.cc:286) Log-like per frame for utterance jackson_8_1 is -8.82639 over 38 frames.
jackson_8_10 eight 
LOG (gmm-latgen-faster[5.2.134~1-ecd4]:DecodeUtteranceLatticeFaster():decoder-wrappers.cc:286) Log-like per frame for utterance jackson_8_10 is -8.69937 over 34 frames.
jackson_8_11 eight 
LOG (gmm-latgen-faster[5.2.134~1-ecd4]:DecodeUtteranceLatticeFaster():decoder-wrappers.cc:286) Log-like per frame for utterance jackson_8_11 is -9.16829 over 39 frames.
jackson_8_12 eight 
LOG (gmm-latgen-faster[5.2.134~1-ecd4]:DecodeUtteranceLatticeFaster():decoder-wrappers.cc:286) Log-like per frame for utterance jackson_8_12 is -8.72846 over 34 frames.
jackson_8_13 eight 
LOG (gmm-latgen-faster[5.2.134~1-ecd4]:DecodeUtteranceLatticeFaster():decoder-wrappers.cc:286) Log-like per frame for utterance jackson_8_13 is -9.44322 over 36 frames.
jackson_8_14 eight 
LOG (gmm-latgen-faster[5.2.134~1-ecd4]:DecodeUtteranceLatticeFaster():decoder-wrappers.cc:286) Log-like per frame for utterance jackson_8_14 is -8.71098 over 34 frames.
jackson_8_15 eight 
LOG (gmm-latgen-faster[5.2.134~1-ecd4]:DecodeUtteranceLatticeFaster():decoder-wrappers.cc:286) Log-like per frame for utterance jackson_8_15 is -9.15112 over 37 frames.
jackson_8_16 eight 
LOG (gmm-latgen-faster[5.2.134~1-ecd4]:DecodeUtteranceLatticeFaster():decoder-wrappers.cc:286) Log-like per frame for utterance jackson_8_16 is -9.11783 over 33 frames.
jackson_8_17 eight 
LOG (gmm-latgen-faster[5.2.134~1-ecd4]:DecodeUtteranceLatticeFaster():decoder-wrappers.cc:286) Log-like per frame for utterance jackson_8_17 is -9.37867 over 38 frames.
jackson_8_18 eight 
LOG (gmm-latgen-faster[5.2.134~1-ecd4]:DecodeUtteranceLatticeFaster():decoder-wrappers.cc:286) Log-like per frame for utterance jackson_8_18 is -8.87097 over 38 frames.
jackson_8_19 eight 
LOG (gmm-latgen-faster[5.2.134~1-ecd4]:DecodeUtteranceLatticeFaster():decoder-wrappers.cc:286) Log-like per frame for utterance jackson_8_19 is -9.22159 over 36 frames.
jackson_8_2 eight 
LOG (gmm-latgen-faster[5.2.134~1-ecd4]:DecodeUtteranceLatticeFaster():decoder-wrappers.cc:286) Log-like per frame for utterance jackson_8_2 is -9.04344 over 36 frames.
jackson_8_20 eight 
LOG (gmm-latgen-faster[5.2.134~1-ecd4]:DecodeUtteranceLatticeFaster():decoder-wrappers.cc:286) Log-like per frame for utterance jackson_8_20 is -9.22375 over 37 frames.
jackson_8_21 eight 
LOG (gmm-latgen-faster[5.2.134~1-ecd4]:DecodeUtteranceLatticeFaster():decoder-wrappers.cc:286) Log-like per frame for utterance jackson_8_21 is -9.18876 over 37 frames.
jackson_8_22 eight 
LOG (gmm-latgen-faster[5.2.134~1-ecd4]:DecodeUtteranceLatticeFaster():decoder-wrappers.cc:286) Log-like per frame for utterance jackson_8_22 is -8.93156 over 43 frames.
jackson_8_23 eight 
LOG (gmm-latgen-faster[5.2.134~1-ecd4]:DecodeUtteranceLatticeFaster():decoder-wrappers.cc:286) Log-like per frame for utterance jackson_8_23 is -8.76584 over 42 frames.
jackson_8_24 eight 
LOG (gmm-latgen-faster[5.2.134~1-ecd4]:DecodeUtteranceLatticeFaster():decoder-wrappers.cc:286) Log-like per frame for utterance jackson_8_24 is -9.08294 over 35 frames.
jackson_8_25 eight 
LOG (gmm-latgen-faster[5.2.134~1-ecd4]:DecodeUtteranceLatticeFaster():decoder-wrappers.cc:286) Log-like per frame for utterance jackson_8_25 is -9.07664 over 38 frames.
jackson_8_26 eight 
LOG (gmm-latgen-faster[5.2.134~1-ecd4]:DecodeUtteranceLatticeFaster():decoder-wrappers.cc:286) Log-like per frame for utterance jackson_8_26 is -9.33357 over 44 frames.
jackson_8_27 eight 
LOG (gmm-latgen-faster[5.2.134~1-ecd4]:DecodeUtteranceLatticeFaster():decoder-wrappers.cc:286) Log-like per frame for utterance jackson_8_27 is -8.72848 over 39 frames.
jackson_8_28 eight 
LOG (gmm-latgen-faster[5.2.134~1-ecd4]:DecodeUtteranceLatticeFaster():decoder-wrappers.cc:286) Log-like per frame for utterance jackson_8_28 is -9.05103 over 39 frames.
jackson_8_29 eight 
LOG (gmm-latgen-faster[5.2.134~1-ecd4]:DecodeUtteranceLatticeFaster():decoder-wrappers.cc:286) Log-like per frame for utterance jackson_8_29 is -8.84601 over 38 frames.
jackson_8_3 eight 
LOG (gmm-latgen-faster[5.2.134~1-ecd4]:DecodeUtteranceLatticeFaster():decoder-wrappers.cc:286) Log-like per frame for utterance jackson_8_3 is -8.95828 over 37 frames.
jackson_8_30 eight 
LOG (gmm-latgen-faster[5.2.134~1-ecd4]:DecodeUtteranceLatticeFaster():decoder-wrappers.cc:286) Log-like per frame for utterance jackson_8_30 is -8.80236 over 42 frames.
jackson_8_31 eight 
LOG (gmm-latgen-faster[5.2.134~1-ecd4]:DecodeUtteranceLatticeFaster():decoder-wrappers.cc:286) Log-like per frame for utterance jackson_8_31 is -9.14918 over 40 frames.
jackson_8_32 eight 
LOG (gmm-latgen-faster[5.2.134~1-ecd4]:DecodeUtteranceLatticeFaster():decoder-wrappers.cc:286) Log-like per frame for utterance jackson_8_32 is -8.90393 over 44 frames.
jackson_8_33 eight 
LOG (gmm-latgen-faster[5.2.134~1-ecd4]:DecodeUtteranceLatticeFaster():decoder-wrappers.cc:286) Log-like per frame for utterance jackson_8_33 is -9.47263 over 43 frames.
jackson_8_34 eight 
LOG (gmm-latgen-faster[5.2.134~1-ecd4]:DecodeUtteranceLatticeFaster():decoder-wrappers.cc:286) Log-like per frame for utterance jackson_8_34 is -8.6744 over 46 frames.
jackson_8_35 eight 
LOG (gmm-latgen-faster[5.2.134~1-ecd4]:DecodeUtteranceLatticeFaster():decoder-wrappers.cc:286) Log-like per frame for utterance jackson_8_35 is -8.90497 over 46 frames.
jackson_8_36 eight 
LOG (gmm-latgen-faster[5.2.134~1-ecd4]:DecodeUtteranceLatticeFaster():decoder-wrappers.cc:286) Log-like per frame for utterance jackson_8_36 is -9.08994 over 40 frames.
jackson_8_37 eight 
LOG (gmm-latgen-faster[5.2.134~1-ecd4]:DecodeUtteranceLatticeFaster():decoder-wrappers.cc:286) Log-like per frame for utterance jackson_8_37 is -9.1182 over 39 frames.
jackson_8_38 eight 
LOG (gmm-latgen-faster[5.2.134~1-ecd4]:DecodeUtteranceLatticeFaster():decoder-wrappers.cc:286) Log-like per frame for utterance jackson_8_38 is -8.94822 over 43 frames.
jackson_8_39 eight 
LOG (gmm-latgen-faster[5.2.134~1-ecd4]:DecodeUtteranceLatticeFaster():decoder-wrappers.cc:286) Log-like per frame for utterance jackson_8_39 is -9.15363 over 45 frames.
jackson_8_4 eight 
LOG (gmm-latgen-faster[5.2.134~1-ecd4]:DecodeUtteranceLatticeFaster():decoder-wrappers.cc:286) Log-like per frame for utterance jackson_8_4 is -9.01179 over 39 frames.
jackson_8_40 eight 
LOG (gmm-latgen-faster[5.2.134~1-ecd4]:DecodeUtteranceLatticeFaster():decoder-wrappers.cc:286) Log-like per frame for utterance jackson_8_40 is -8.79924 over 42 frames.
jackson_8_41 eight 
LOG (gmm-latgen-faster[5.2.134~1-ecd4]:DecodeUtteranceLatticeFaster():decoder-wrappers.cc:286) Log-like per frame for utterance jackson_8_41 is -9.28802 over 56 frames.
jackson_8_42 eight 
LOG (gmm-latgen-faster[5.2.134~1-ecd4]:DecodeUtteranceLatticeFaster():decoder-wrappers.cc:286) Log-like per frame for utterance jackson_8_42 is -8.67468 over 40 frames.
jackson_8_43 eight 
LOG (gmm-latgen-faster[5.2.134~1-ecd4]:DecodeUtteranceLatticeFaster():decoder-wrappers.cc:286) Log-like per frame for utterance jackson_8_43 is -8.54114 over 40 frames.
jackson_8_44 eight 
LOG (gmm-latgen-faster[5.2.134~1-ecd4]:DecodeUtteranceLatticeFaster():decoder-wrappers.cc:286) Log-like per frame for utterance jackson_8_44 is -8.95659 over 42 frames.
jackson_8_45 eight 
LOG (gmm-latgen-faster[5.2.134~1-ecd4]:DecodeUtteranceLatticeFaster():decoder-wrappers.cc:286) Log-like per frame for utterance jackson_8_45 is -9.26619 over 42 frames.
jackson_8_46 eight 
LOG (gmm-latgen-faster[5.2.134~1-ecd4]:DecodeUtteranceLatticeFaster():decoder-wrappers.cc:286) Log-like per frame for utterance jackson_8_46 is -9.06548 over 40 frames.
jackson_8_47 eight 
LOG (gmm-latgen-faster[5.2.134~1-ecd4]:DecodeUtteranceLatticeFaster():decoder-wrappers.cc:286) Log-like per frame for utterance jackson_8_47 is -8.74262 over 41 frames.
jackson_8_48 eight 
LOG (gmm-latgen-faster[5.2.134~1-ecd4]:DecodeUtteranceLatticeFaster():decoder-wrappers.cc:286) Log-like per frame for utterance jackson_8_48 is -9.09483 over 40 frames.
jackson_8_49 eight 
LOG (gmm-latgen-faster[5.2.134~1-ecd4]:DecodeUtteranceLatticeFaster():decoder-wrappers.cc:286) Log-like per frame for utterance jackson_8_49 is -9.04045 over 45 frames.
jackson_8_5 eight 
LOG (gmm-latgen-faster[5.2.134~1-ecd4]:DecodeUtteranceLatticeFaster():decoder-wrappers.cc:286) Log-like per frame for utterance jackson_8_5 is -8.90502 over 41 frames.
jackson_8_6 eight 
LOG (gmm-latgen-faster[5.2.134~1-ecd4]:DecodeUtteranceLatticeFaster():decoder-wrappers.cc:286) Log-like per frame for utterance jackson_8_6 is -8.95875 over 40 frames.
jackson_8_7 eight 
LOG (gmm-latgen-faster[5.2.134~1-ecd4]:DecodeUtteranceLatticeFaster():decoder-wrappers.cc:286) Log-like per frame for utterance jackson_8_7 is -9.27914 over 41 frames.
jackson_8_8 eight 
LOG (gmm-latgen-faster[5.2.134~1-ecd4]:DecodeUtteranceLatticeFaster():decoder-wrappers.cc:286) Log-like per frame for utterance jackson_8_8 is -9.09087 over 35 frames.
jackson_8_9 
LOG (gmm-latgen-faster[5.2.134~1-ecd4]:DecodeUtteranceLatticeFaster():decoder-wrappers.cc:286) Log-like per frame for utterance jackson_8_9 is -9.39795 over 36 frames.
jackson_9_0 nine 
LOG (gmm-latgen-faster[5.2.134~1-ecd4]:DecodeUtteranceLatticeFaster():decoder-wrappers.cc:286) Log-like per frame for utterance jackson_9_0 is -8.34281 over 58 frames.
jackson_9_1 nine 
LOG (gmm-latgen-faster[5.2.134~1-ecd4]:DecodeUtteranceLatticeFaster():decoder-wrappers.cc:286) Log-like per frame for utterance jackson_9_1 is -8.87451 over 55 frames.
jackson_9_10 five 
LOG (gmm-latgen-faster[5.2.134~1-ecd4]:DecodeUtteranceLatticeFaster():decoder-wrappers.cc:286) Log-like per frame for utterance jackson_9_10 is -9.38168 over 49 frames.
jackson_9_11 nine 
LOG (gmm-latgen-faster[5.2.134~1-ecd4]:DecodeUtteranceLatticeFaster():decoder-wrappers.cc:286) Log-like per frame for utterance jackson_9_11 is -8.63855 over 60 frames.
jackson_9_12 nine 
LOG (gmm-latgen-faster[5.2.134~1-ecd4]:DecodeUtteranceLatticeFaster():decoder-wrappers.cc:286) Log-like per frame for utterance jackson_9_12 is -8.65472 over 56 frames.
jackson_9_13 nine 
LOG (gmm-latgen-faster[5.2.134~1-ecd4]:DecodeUtteranceLatticeFaster():decoder-wrappers.cc:286) Log-like per frame for utterance jackson_9_13 is -8.66783 over 57 frames.
jackson_9_14 nine 
LOG (gmm-latgen-faster[5.2.134~1-ecd4]:DecodeUtteranceLatticeFaster():decoder-wrappers.cc:286) Log-like per frame for utterance jackson_9_14 is -9.19733 over 60 frames.
jackson_9_15 nine 
LOG (gmm-latgen-faster[5.2.134~1-ecd4]:DecodeUtteranceLatticeFaster():decoder-wrappers.cc:286) Log-like per frame for utterance jackson_9_15 is -9.2363 over 57 frames.
jackson_9_16 nine 
LOG (gmm-latgen-faster[5.2.134~1-ecd4]:DecodeUtteranceLatticeFaster():decoder-wrappers.cc:286) Log-like per frame for utterance jackson_9_16 is -8.79056 over 45 frames.
jackson_9_17 nine 
LOG (gmm-latgen-faster[5.2.134~1-ecd4]:DecodeUtteranceLatticeFaster():decoder-wrappers.cc:286) Log-like per frame for utterance jackson_9_17 is -8.93048 over 46 frames.
jackson_9_18 five 
LOG (gmm-latgen-faster[5.2.134~1-ecd4]:DecodeUtteranceLatticeFaster():decoder-wrappers.cc:286) Log-like per frame for utterance jackson_9_18 is -8.80738 over 52 frames.
jackson_9_19 nine 
LOG (gmm-latgen-faster[5.2.134~1-ecd4]:DecodeUtteranceLatticeFaster():decoder-wrappers.cc:286) Log-like per frame for utterance jackson_9_19 is -8.63457 over 52 frames.
jackson_9_2 nine 
LOG (gmm-latgen-faster[5.2.134~1-ecd4]:DecodeUtteranceLatticeFaster():decoder-wrappers.cc:286) Log-like per frame for utterance jackson_9_2 is -9.01379 over 56 frames.
jackson_9_20 nine 
LOG (gmm-latgen-faster[5.2.134~1-ecd4]:DecodeUtteranceLatticeFaster():decoder-wrappers.cc:286) Log-like per frame for utterance jackson_9_20 is -8.70147 over 57 frames.
jackson_9_21 nine 
LOG (gmm-latgen-faster[5.2.134~1-ecd4]:DecodeUtteranceLatticeFaster():decoder-wrappers.cc:286) Log-like per frame for utterance jackson_9_21 is -8.95898 over 52 frames.
jackson_9_22 nine 
LOG (gmm-latgen-faster[5.2.134~1-ecd4]:DecodeUtteranceLatticeFaster():decoder-wrappers.cc:286) Log-like per frame for utterance jackson_9_22 is -8.82248 over 50 frames.
jackson_9_23 nine 
LOG (gmm-latgen-faster[5.2.134~1-ecd4]:DecodeUtteranceLatticeFaster():decoder-wrappers.cc:286) Log-like per frame for utterance jackson_9_23 is -8.86718 over 60 frames.
jackson_9_24 nine 
LOG (gmm-latgen-faster[5.2.134~1-ecd4]:DecodeUtteranceLatticeFaster():decoder-wrappers.cc:286) Log-like per frame for utterance jackson_9_24 is -8.72797 over 52 frames.
jackson_9_25 nine 
LOG (gmm-latgen-faster[5.2.134~1-ecd4]:DecodeUtteranceLatticeFaster():decoder-wrappers.cc:286) Log-like per frame for utterance jackson_9_25 is -8.43567 over 47 frames.
LOG (apply-cmvn[5.2.134~1-ecd4]:main():apply-cmvn.cc:162) Applied cepstral mean normalization to 500 utterances, errors on 0
jackson_9_26 nine 
LOG (gmm-latgen-faster[5.2.134~1-ecd4]:DecodeUtteranceLatticeFaster():decoder-wrappers.cc:286) Log-like per frame for utterance jackson_9_26 is -8.63209 over 60 frames.
jackson_9_27 nine 
LOG (gmm-latgen-faster[5.2.134~1-ecd4]:DecodeUtteranceLatticeFaster():decoder-wrappers.cc:286) Log-like per frame for utterance jackson_9_27 is -8.6008 over 59 frames.
jackson_9_28 nine 
LOG (gmm-latgen-faster[5.2.134~1-ecd4]:DecodeUtteranceLatticeFaster():decoder-wrappers.cc:286) Log-like per frame for utterance jackson_9_28 is -8.5003 over 59 frames.
jackson_9_29 five 
LOG (gmm-latgen-faster[5.2.134~1-ecd4]:DecodeUtteranceLatticeFaster():decoder-wrappers.cc:286) Log-like per frame for utterance jackson_9_29 is -8.63192 over 50 frames.
jackson_9_3 five 
LOG (gmm-latgen-faster[5.2.134~1-ecd4]:DecodeUtteranceLatticeFaster():decoder-wrappers.cc:286) Log-like per frame for utterance jackson_9_3 is -9.20165 over 52 frames.
jackson_9_30 nine 
LOG (gmm-latgen-faster[5.2.134~1-ecd4]:DecodeUtteranceLatticeFaster():decoder-wrappers.cc:286) Log-like per frame for utterance jackson_9_30 is -10.2489 over 62 frames.
jackson_9_31 nine 
LOG (gmm-latgen-faster[5.2.134~1-ecd4]:DecodeUtteranceLatticeFaster():decoder-wrappers.cc:286) Log-like per frame for utterance jackson_9_31 is -9.62753 over 63 frames.
jackson_9_32 nine 
LOG (gmm-latgen-faster[5.2.134~1-ecd4]:DecodeUtteranceLatticeFaster():decoder-wrappers.cc:286) Log-like per frame for utterance jackson_9_32 is -9.32688 over 62 frames.
jackson_9_33 nine 
LOG (gmm-latgen-faster[5.2.134~1-ecd4]:DecodeUtteranceLatticeFaster():decoder-wrappers.cc:286) Log-like per frame for utterance jackson_9_33 is -9.57856 over 66 frames.
jackson_9_34 nine 
LOG (gmm-latgen-faster[5.2.134~1-ecd4]:DecodeUtteranceLatticeFaster():decoder-wrappers.cc:286) Log-like per frame for utterance jackson_9_34 is -9.07154 over 66 frames.
jackson_9_35 nine 
LOG (gmm-latgen-faster[5.2.134~1-ecd4]:DecodeUtteranceLatticeFaster():decoder-wrappers.cc:286) Log-like per frame for utterance jackson_9_35 is -9.28359 over 64 frames.
jackson_9_36 five 
LOG (gmm-latgen-faster[5.2.134~1-ecd4]:DecodeUtteranceLatticeFaster():decoder-wrappers.cc:286) Log-like per frame for utterance jackson_9_36 is -9.42783 over 64 frames.
jackson_9_37 five 
LOG (gmm-latgen-faster[5.2.134~1-ecd4]:DecodeUtteranceLatticeFaster():decoder-wrappers.cc:286) Log-like per frame for utterance jackson_9_37 is -9.4329 over 60 frames.
jackson_9_38 five 
LOG (gmm-latgen-faster[5.2.134~1-ecd4]:DecodeUtteranceLatticeFaster():decoder-wrappers.cc:286) Log-like per frame for utterance jackson_9_38 is -9.60956 over 63 frames.
jackson_9_39 nine 
LOG (gmm-latgen-faster[5.2.134~1-ecd4]:DecodeUtteranceLatticeFaster():decoder-wrappers.cc:286) Log-like per frame for utterance jackson_9_39 is -9.69587 over 58 frames.
jackson_9_4 five 
LOG (gmm-latgen-faster[5.2.134~1-ecd4]:DecodeUtteranceLatticeFaster():decoder-wrappers.cc:286) Log-like per frame for utterance jackson_9_4 is -8.90871 over 56 frames.
jackson_9_40 five 
LOG (gmm-latgen-faster[5.2.134~1-ecd4]:DecodeUtteranceLatticeFaster():decoder-wrappers.cc:286) Log-like per frame for utterance jackson_9_40 is -9.76532 over 60 frames.
jackson_9_41 five 
LOG (gmm-latgen-faster[5.2.134~1-ecd4]:DecodeUtteranceLatticeFaster():decoder-wrappers.cc:286) Log-like per frame for utterance jackson_9_41 is -10.0203 over 54 frames.
jackson_9_42 nine 
LOG (gmm-latgen-faster[5.2.134~1-ecd4]:DecodeUtteranceLatticeFaster():decoder-wrappers.cc:286) Log-like per frame for utterance jackson_9_42 is -9.51624 over 56 frames.
jackson_9_43 five 
LOG (gmm-latgen-faster[5.2.134~1-ecd4]:DecodeUtteranceLatticeFaster():decoder-wrappers.cc:286) Log-like per frame for utterance jackson_9_43 is -9.56852 over 60 frames.
jackson_9_44 five 
LOG (gmm-latgen-faster[5.2.134~1-ecd4]:DecodeUtteranceLatticeFaster():decoder-wrappers.cc:286) Log-like per frame for utterance jackson_9_44 is -9.83332 over 58 frames.
jackson_9_45 five 
LOG (gmm-latgen-faster[5.2.134~1-ecd4]:DecodeUtteranceLatticeFaster():decoder-wrappers.cc:286) Log-like per frame for utterance jackson_9_45 is -9.35155 over 52 frames.
jackson_9_46 five 
LOG (gmm-latgen-faster[5.2.134~1-ecd4]:DecodeUtteranceLatticeFaster():decoder-wrappers.cc:286) Log-like per frame for utterance jackson_9_46 is -9.616 over 63 frames.
jackson_9_47 five 
LOG (gmm-latgen-faster[5.2.134~1-ecd4]:DecodeUtteranceLatticeFaster():decoder-wrappers.cc:286) Log-like per frame for utterance jackson_9_47 is -9.58529 over 59 frames.
jackson_9_48 
LOG (gmm-latgen-faster[5.2.134~1-ecd4]:DecodeUtteranceLatticeFaster():decoder-wrappers.cc:286) Log-like per frame for utterance jackson_9_48 is -9.85026 over 59 frames.
jackson_9_49 five 
LOG (gmm-latgen-faster[5.2.134~1-ecd4]:DecodeUtteranceLatticeFaster():decoder-wrappers.cc:286) Log-like per frame for utterance jackson_9_49 is -9.5525 over 62 frames.
jackson_9_5 five nine 
LOG (gmm-latgen-faster[5.2.134~1-ecd4]:DecodeUtteranceLatticeFaster():decoder-wrappers.cc:286) Log-like per frame for utterance jackson_9_5 is -8.65524 over 56 frames.
jackson_9_6 nine 
LOG (gmm-latgen-faster[5.2.134~1-ecd4]:DecodeUtteranceLatticeFaster():decoder-wrappers.cc:286) Log-like per frame for utterance jackson_9_6 is -8.66883 over 54 frames.
jackson_9_7 nine 
LOG (gmm-latgen-faster[5.2.134~1-ecd4]:DecodeUtteranceLatticeFaster():decoder-wrappers.cc:286) Log-like per frame for utterance jackson_9_7 is -8.8791 over 52 frames.
jackson_9_8 nine 
LOG (gmm-latgen-faster[5.2.134~1-ecd4]:DecodeUtteranceLatticeFaster():decoder-wrappers.cc:286) Log-like per frame for utterance jackson_9_8 is -8.52397 over 62 frames.
jackson_9_9 nine 
LOG (gmm-latgen-faster[5.2.134~1-ecd4]:DecodeUtteranceLatticeFaster():decoder-wrappers.cc:286) Log-like per frame for utterance jackson_9_9 is -8.90252 over 52 frames.
LOG (gmm-latgen-faster[5.2.134~1-ecd4]:main():gmm-latgen-faster.cc:176) Time taken 9.15705s: real-time factor assuming 100 frames/sec is 0.0368834
LOG (gmm-latgen-faster[5.2.134~1-ecd4]:main():gmm-latgen-faster.cc:179) Done 500 utterances, failed for 0
LOG (gmm-latgen-faster[5.2.134~1-ecd4]:main():gmm-latgen-faster.cc:181) Overall log-likelihood per frame is -9.07954 over 24827 frames.
# Accounting: time=9 threads=1
# Ended (code 0) at Sat Nov 11 18:40:41 EST 2017, elapsed time 9 seconds
