# lattice-best-path --lm-scale=13 --word-symbol-table=exp/mono/graph/words.txt "ark:gunzip -c exp/mono/decode/lat.*.gz|" ark,t:exp/mono/decode/scoring/13.tra 
# Started at Sat Nov 11 18:40:08 EST 2017
#
lattice-best-path --lm-scale=13 --word-symbol-table=exp/mono/graph/words.txt 'ark:gunzip -c exp/mono/decode/lat.*.gz|' ark,t:exp/mono/decode/scoring/13.tra 
LOG (lattice-best-path[5.2.134~1-ecd4]:main():lattice-best-path.cc:99) For utterance jackson_0_0, best cost 120.314 + 6121.17 = 6241.48 over 62 frames.
jackson_0_0 zero 
LOG (lattice-best-path[5.2.134~1-ecd4]:main():lattice-best-path.cc:99) For utterance jackson_0_1, best cost 125.353 + 5273.33 = 5398.68 over 51 frames.
jackson_0_1 zero 
LOG (lattice-best-path[5.2.134~1-ecd4]:main():lattice-best-path.cc:99) For utterance jackson_0_10, best cost 121.39 + 6563.1 = 6684.49 over 66 frames.
jackson_0_10 zero 
LOG (lattice-best-path[5.2.134~1-ecd4]:main():lattice-best-path.cc:99) For utterance jackson_0_11, best cost 139.233 + 5794.7 = 5933.94 over 59 frames.
jackson_0_11 zero 
LOG (lattice-best-path[5.2.134~1-ecd4]:main():lattice-best-path.cc:99) For utterance jackson_0_12, best cost 157.794 + 5217.84 = 5375.64 over 49 frames.
jackson_0_12 zero 
LOG (lattice-best-path[5.2.134~1-ecd4]:main():lattice-best-path.cc:99) For utterance jackson_0_13, best cost 115.829 + 5718 = 5833.83 over 57 frames.
jackson_0_13 zero 
LOG (lattice-best-path[5.2.134~1-ecd4]:main():lattice-best-path.cc:99) For utterance jackson_0_14, best cost 109.881 + 6082.96 = 6192.84 over 60 frames.
jackson_0_14 zero 
LOG (lattice-best-path[5.2.134~1-ecd4]:main():lattice-best-path.cc:99) For utterance jackson_0_15, best cost 139.699 + 6228.6 = 6368.3 over 62 frames.
jackson_0_15 zero 
LOG (lattice-best-path[5.2.134~1-ecd4]:main():lattice-best-path.cc:99) For utterance jackson_0_16, best cost 110.414 + 5395.9 = 5506.31 over 53 frames.
jackson_0_16 zero 
LOG (lattice-best-path[5.2.134~1-ecd4]:main():lattice-best-path.cc:99) For utterance jackson_0_17, best cost 108.284 + 5152.07 = 5260.35 over 51 frames.
jackson_0_17 zero 
LOG (lattice-best-path[5.2.134~1-ecd4]:main():lattice-best-path.cc:99) For utterance jackson_0_18, best cost 107.035 + 6279.19 = 6386.23 over 63 frames.
jackson_0_18 zero 
LOG (lattice-best-path[5.2.134~1-ecd4]:main():lattice-best-path.cc:99) For utterance jackson_0_19, best cost 144.855 + 6379.49 = 6524.34 over 62 frames.
jackson_0_19 zero 
LOG (lattice-best-path[5.2.134~1-ecd4]:main():lattice-best-path.cc:99) For utterance jackson_0_2, best cost 114.408 + 5228.21 = 5342.61 over 51 frames.
jackson_0_2 zero 
LOG (lattice-best-path[5.2.134~1-ecd4]:main():lattice-best-path.cc:99) For utterance jackson_0_20, best cost 134.512 + 6174.37 = 6308.89 over 60 frames.
jackson_0_20 zero 
LOG (lattice-best-path[5.2.134~1-ecd4]:main():lattice-best-path.cc:99) For utterance jackson_0_21, best cost 134.477 + 5812.34 = 5946.82 over 58 frames.
jackson_0_21 zero 
LOG (lattice-best-path[5.2.134~1-ecd4]:main():lattice-best-path.cc:99) For utterance jackson_0_22, best cost 112.471 + 5744.08 = 5856.55 over 58 frames.
jackson_0_22 zero 
LOG (lattice-best-path[5.2.134~1-ecd4]:main():lattice-best-path.cc:99) For utterance jackson_0_23, best cost 114.047 + 5639.83 = 5753.87 over 57 frames.
jackson_0_23 zero 
LOG (lattice-best-path[5.2.134~1-ecd4]:main():lattice-best-path.cc:99) For utterance jackson_0_24, best cost 123.184 + 6350.53 = 6473.72 over 62 frames.
jackson_0_24 zero 
LOG (lattice-best-path[5.2.134~1-ecd4]:main():lattice-best-path.cc:99) For utterance jackson_0_25, best cost 119.515 + 5997.52 = 6117.04 over 60 frames.
jackson_0_25 zero 
LOG (lattice-best-path[5.2.134~1-ecd4]:main():lattice-best-path.cc:99) For utterance jackson_0_26, best cost 108.758 + 5588.85 = 5697.61 over 56 frames.
jackson_0_26 zero 
LOG (lattice-best-path[5.2.134~1-ecd4]:main():lattice-best-path.cc:99) For utterance jackson_0_27, best cost 105.147 + 6095.01 = 6200.15 over 63 frames.
jackson_0_27 zero 
LOG (lattice-best-path[5.2.134~1-ecd4]:main():lattice-best-path.cc:99) For utterance jackson_0_28, best cost 109.264 + 6339.43 = 6448.69 over 62 frames.
jackson_0_28 zero 
LOG (lattice-best-path[5.2.134~1-ecd4]:main():lattice-best-path.cc:99) For utterance jackson_0_29, best cost 110.008 + 5761.72 = 5871.73 over 56 frames.
jackson_0_29 zero 
LOG (lattice-best-path[5.2.134~1-ecd4]:main():lattice-best-path.cc:99) For utterance jackson_0_3, best cost 146.221 + 5659.78 = 5806 over 58 frames.
jackson_0_3 zero 
LOG (lattice-best-path[5.2.134~1-ecd4]:main():lattice-best-path.cc:99) For utterance jackson_0_30, best cost 112.36 + 6082.44 = 6194.8 over 62 frames.
jackson_0_30 zero 
LOG (lattice-best-path[5.2.134~1-ecd4]:main():lattice-best-path.cc:99) For utterance jackson_0_31, best cost 102.676 + 5355.94 = 5458.61 over 55 frames.
jackson_0_31 zero 
LOG (lattice-best-path[5.2.134~1-ecd4]:main():lattice-best-path.cc:99) For utterance jackson_0_32, best cost 110.107 + 6416.19 = 6526.29 over 60 frames.
jackson_0_32 zero 
LOG (lattice-best-path[5.2.134~1-ecd4]:main():lattice-best-path.cc:99) For utterance jackson_0_33, best cost 113.167 + 6517.39 = 6630.55 over 64 frames.
jackson_0_33 zero 
LOG (lattice-best-path[5.2.134~1-ecd4]:main():lattice-best-path.cc:99) For utterance jackson_0_34, best cost 114.689 + 6290.22 = 6404.91 over 64 frames.
jackson_0_34 zero 
LOG (lattice-best-path[5.2.134~1-ecd4]:main():lattice-best-path.cc:99) For utterance jackson_0_35, best cost 110.964 + 6380.09 = 6491.05 over 61 frames.
jackson_0_35 zero 
LOG (lattice-best-path[5.2.134~1-ecd4]:main():lattice-best-path.cc:99) For utterance jackson_0_36, best cost 110.19 + 5782.97 = 5893.16 over 58 frames.
jackson_0_36 zero 
LOG (lattice-best-path[5.2.134~1-ecd4]:main():lattice-best-path.cc:99) For utterance jackson_0_37, best cost 113.439 + 5936.66 = 6050.1 over 60 frames.
jackson_0_37 zero 
LOG (lattice-best-path[5.2.134~1-ecd4]:main():lattice-best-path.cc:99) For utterance jackson_0_38, best cost 105.435 + 6376.15 = 6481.59 over 64 frames.
jackson_0_38 zero 
LOG (lattice-best-path[5.2.134~1-ecd4]:main():lattice-best-path.cc:99) For utterance jackson_0_39, best cost 115.393 + 5521.92 = 5637.31 over 56 frames.
jackson_0_39 zero 
LOG (lattice-best-path[5.2.134~1-ecd4]:main():lattice-best-path.cc:99) For utterance jackson_0_4, best cost 115.592 + 4940.28 = 5055.88 over 52 frames.
jackson_0_4 zero 
LOG (lattice-best-path[5.2.134~1-ecd4]:main():lattice-best-path.cc:99) For utterance jackson_0_40, best cost 134.922 + 6619.26 = 6754.18 over 69 frames.
jackson_0_40 zero 
LOG (lattice-best-path[5.2.134~1-ecd4]:main():lattice-best-path.cc:99) For utterance jackson_0_41, best cost 113.349 + 6812.56 = 6925.91 over 67 frames.
jackson_0_41 zero 
LOG (lattice-best-path[5.2.134~1-ecd4]:main():lattice-best-path.cc:99) For utterance jackson_0_42, best cost 112.794 + 6522.53 = 6635.32 over 64 frames.
jackson_0_42 zero 
LOG (lattice-best-path[5.2.134~1-ecd4]:main():lattice-best-path.cc:99) For utterance jackson_0_43, best cost 113.198 + 6135 = 6248.2 over 60 frames.
jackson_0_43 zero 
LOG (lattice-best-path[5.2.134~1-ecd4]:main():lattice-best-path.cc:99) For utterance jackson_0_44, best cost 116.979 + 6837.16 = 6954.14 over 65 frames.
jackson_0_44 zero 
LOG (lattice-best-path[5.2.134~1-ecd4]:main():lattice-best-path.cc:99) For utterance jackson_0_45, best cost 125.707 + 6710.34 = 6836.05 over 64 frames.
jackson_0_45 zero 
LOG (lattice-best-path[5.2.134~1-ecd4]:main():lattice-best-path.cc:99) For utterance jackson_0_46, best cost 109.127 + 6912.35 = 7021.47 over 65 frames.
jackson_0_46 zero 
LOG (lattice-best-path[5.2.134~1-ecd4]:main():lattice-best-path.cc:99) For utterance jackson_0_47, best cost 120.109 + 6822.28 = 6942.39 over 65 frames.
jackson_0_47 zero 
LOG (lattice-best-path[5.2.134~1-ecd4]:main():lattice-best-path.cc:99) For utterance jackson_0_48, best cost 106.429 + 6540.98 = 6647.41 over 63 frames.
jackson_0_48 zero 
LOG (lattice-best-path[5.2.134~1-ecd4]:main():lattice-best-path.cc:99) For utterance jackson_0_49, best cost 172.082 + 8237.09 = 8409.17 over 76 frames.
jackson_0_49 zero 
LOG (lattice-best-path[5.2.134~1-ecd4]:main():lattice-best-path.cc:99) For utterance jackson_0_5, best cost 128.646 + 5357.06 = 5485.7 over 55 frames.
jackson_0_5 zero 
LOG (lattice-best-path[5.2.134~1-ecd4]:main():lattice-best-path.cc:99) For utterance jackson_0_6, best cost 105.855 + 6211.49 = 6317.35 over 61 frames.
jackson_0_6 zero 
LOG (lattice-best-path[5.2.134~1-ecd4]:main():lattice-best-path.cc:99) For utterance jackson_0_7, best cost 148.422 + 5397.78 = 5546.2 over 53 frames.
jackson_0_7 zero 
LOG (lattice-best-path[5.2.134~1-ecd4]:main():lattice-best-path.cc:99) For utterance jackson_0_8, best cost 124.057 + 5637.32 = 5761.37 over 56 frames.
jackson_0_8 zero 
LOG (lattice-best-path[5.2.134~1-ecd4]:main():lattice-best-path.cc:99) For utterance jackson_0_9, best cost 114.141 + 5784.29 = 5898.43 over 61 frames.
jackson_0_9 zero 
LOG (lattice-best-path[5.2.134~1-ecd4]:main():lattice-best-path.cc:99) For utterance jackson_1_0, best cost 108.733 + 4959.34 = 5068.07 over 50 frames.
jackson_1_0 one 
LOG (lattice-best-path[5.2.134~1-ecd4]:main():lattice-best-path.cc:99) For utterance jackson_1_1, best cost 109.69 + 5071.93 = 5181.62 over 51 frames.
jackson_1_1 one 
LOG (lattice-best-path[5.2.134~1-ecd4]:main():lattice-best-path.cc:99) For utterance jackson_1_10, best cost 125.09 + 5838.94 = 5964.03 over 57 frames.
jackson_1_10 one 
LOG (lattice-best-path[5.2.134~1-ecd4]:main():lattice-best-path.cc:99) For utterance jackson_1_11, best cost 115.88 + 5024.31 = 5140.19 over 49 frames.
jackson_1_11 one 
LOG (lattice-best-path[5.2.134~1-ecd4]:main():lattice-best-path.cc:99) For utterance jackson_1_12, best cost 106.448 + 4487.07 = 4593.51 over 43 frames.
jackson_1_12 one 
LOG (lattice-best-path[5.2.134~1-ecd4]:main():lattice-best-path.cc:99) For utterance jackson_1_13, best cost 110.94 + 4799.19 = 4910.13 over 45 frames.
jackson_1_13 one 
LOG (lattice-best-path[5.2.134~1-ecd4]:main():lattice-best-path.cc:99) For utterance jackson_1_14, best cost 124.657 + 6968.33 = 7092.99 over 66 frames.
jackson_1_14 one 
LOG (lattice-best-path[5.2.134~1-ecd4]:main():lattice-best-path.cc:99) For utterance jackson_1_15, best cost 110.425 + 4133.21 = 4243.63 over 43 frames.
jackson_1_15 one 
LOG (lattice-best-path[5.2.134~1-ecd4]:main():lattice-best-path.cc:99) For utterance jackson_1_16, best cost 111.191 + 4520.07 = 4631.26 over 47 frames.
jackson_1_16 one 
LOG (lattice-best-path[5.2.134~1-ecd4]:main():lattice-best-path.cc:99) For utterance jackson_1_17, best cost 107.735 + 4122.78 = 4230.51 over 40 frames.
jackson_1_17 one 
LOG (lattice-best-path[5.2.134~1-ecd4]:main():lattice-best-path.cc:99) For utterance jackson_1_18, best cost 107.164 + 4356.55 = 4463.72 over 43 frames.
jackson_1_18 one 
LOG (lattice-best-path[5.2.134~1-ecd4]:main():lattice-best-path.cc:99) For utterance jackson_1_19, best cost 106.997 + 4651.47 = 4758.47 over 46 frames.
jackson_1_19 one 
LOG (lattice-best-path[5.2.134~1-ecd4]:main():lattice-best-path.cc:99) For utterance jackson_1_2, best cost 114.909 + 4561.79 = 4676.7 over 46 frames.
jackson_1_2 one 
LOG (lattice-best-path[5.2.134~1-ecd4]:main():lattice-best-path.cc:99) For utterance jackson_1_20, best cost 111.903 + 4405.4 = 4517.3 over 44 frames.
jackson_1_20 one 
LOG (lattice-best-path[5.2.134~1-ecd4]:main():lattice-best-path.cc:99) For utterance jackson_1_21, best cost 111.445 + 4937.12 = 5048.57 over 47 frames.
jackson_1_21 one 
LOG (lattice-best-path[5.2.134~1-ecd4]:main():lattice-best-path.cc:99) For utterance jackson_1_22, best cost 113.483 + 4571.23 = 4684.72 over 42 frames.
jackson_1_22 one 
LOG (lattice-best-path[5.2.134~1-ecd4]:main():lattice-best-path.cc:99) For utterance jackson_1_23, best cost 107.358 + 4344.97 = 4452.33 over 45 frames.
jackson_1_23 one 
LOG (lattice-best-path[5.2.134~1-ecd4]:main():lattice-best-path.cc:99) For utterance jackson_1_24, best cost 113.911 + 4413.95 = 4527.87 over 46 frames.
jackson_1_24 one 
LOG (lattice-best-path[5.2.134~1-ecd4]:main():lattice-best-path.cc:99) For utterance jackson_1_25, best cost 124.735 + 4985.8 = 5110.54 over 53 frames.
jackson_1_25 one 
LOG (lattice-best-path[5.2.134~1-ecd4]:main():lattice-best-path.cc:99) For utterance jackson_1_26, best cost 114.143 + 5149.8 = 5263.94 over 51 frames.
jackson_1_26 one 
LOG (lattice-best-path[5.2.134~1-ecd4]:main():lattice-best-path.cc:99) For utterance jackson_1_27, best cost 114.054 + 4645.04 = 4759.09 over 46 frames.
jackson_1_27 one 
LOG (lattice-best-path[5.2.134~1-ecd4]:main():lattice-best-path.cc:99) For utterance jackson_1_28, best cost 113.013 + 4628.74 = 4741.75 over 45 frames.
jackson_1_28 one 
LOG (lattice-best-path[5.2.134~1-ecd4]:main():lattice-best-path.cc:99) For utterance jackson_1_29, best cost 110.777 + 4675.19 = 4785.97 over 45 frames.
jackson_1_29 one 
LOG (lattice-best-path[5.2.134~1-ecd4]:main():lattice-best-path.cc:99) For utterance jackson_1_3, best cost 102.571 + 4812.56 = 4915.13 over 48 frames.
jackson_1_3 one 
LOG (lattice-best-path[5.2.134~1-ecd4]:main():lattice-best-path.cc:99) For utterance jackson_1_30, best cost 107.713 + 5006.07 = 5113.78 over 47 frames.
jackson_1_30 one 
LOG (lattice-best-path[5.2.134~1-ecd4]:main():lattice-best-path.cc:99) For utterance jackson_1_31, best cost 109.777 + 5243.26 = 5353.04 over 51 frames.
jackson_1_31 one 
LOG (lattice-best-path[5.2.134~1-ecd4]:main():lattice-best-path.cc:99) For utterance jackson_1_32, best cost 115.105 + 5044.92 = 5160.03 over 50 frames.
jackson_1_32 one 
LOG (lattice-best-path[5.2.134~1-ecd4]:main():lattice-best-path.cc:99) For utterance jackson_1_33, best cost 117.895 + 6271.59 = 6389.49 over 59 frames.
jackson_1_33 one 
LOG (lattice-best-path[5.2.134~1-ecd4]:main():lattice-best-path.cc:99) For utterance jackson_1_34, best cost 116.548 + 5042.41 = 5158.96 over 49 frames.
jackson_1_34 one 
LOG (lattice-best-path[5.2.134~1-ecd4]:main():lattice-best-path.cc:99) For utterance jackson_1_35, best cost 111.521 + 4722.14 = 4833.66 over 48 frames.
jackson_1_35 one 
LOG (lattice-best-path[5.2.134~1-ecd4]:main():lattice-best-path.cc:99) For utterance jackson_1_36, best cost 113.619 + 4191.03 = 4304.65 over 42 frames.
jackson_1_36 one 
LOG (lattice-best-path[5.2.134~1-ecd4]:main():lattice-best-path.cc:99) For utterance jackson_1_37, best cost 107.85 + 4212.09 = 4319.94 over 42 frames.
jackson_1_37 one 
LOG (lattice-best-path[5.2.134~1-ecd4]:main():lattice-best-path.cc:99) For utterance jackson_1_38, best cost 110.852 + 4869.48 = 4980.33 over 48 frames.
jackson_1_38 one 
LOG (lattice-best-path[5.2.134~1-ecd4]:main():lattice-best-path.cc:99) For utterance jackson_1_39, best cost 115.368 + 5896.32 = 6011.69 over 54 frames.
jackson_1_39 one 
LOG (lattice-best-path[5.2.134~1-ecd4]:main():lattice-best-path.cc:99) For utterance jackson_1_4, best cost 103.959 + 5221.65 = 5325.6 over 51 frames.
jackson_1_4 one 
LOG (lattice-best-path[5.2.134~1-ecd4]:main():lattice-best-path.cc:99) For utterance jackson_1_40, best cost 114.594 + 6479.44 = 6594.03 over 59 frames.
jackson_1_40 one 
LOG (lattice-best-path[5.2.134~1-ecd4]:main():lattice-best-path.cc:99) For utterance jackson_1_41, best cost 112.461 + 6490.52 = 6602.98 over 60 frames.
jackson_1_41 one 
LOG (lattice-best-path[5.2.134~1-ecd4]:main():lattice-best-path.cc:99) For utterance jackson_1_42, best cost 118.54 + 6518.18 = 6636.72 over 61 frames.
jackson_1_42 one 
LOG (lattice-best-path[5.2.134~1-ecd4]:main():lattice-best-path.cc:99) For utterance jackson_1_43, best cost 111.66 + 6185.52 = 6297.18 over 56 frames.
jackson_1_43 one 
LOG (lattice-best-path[5.2.134~1-ecd4]:main():lattice-best-path.cc:99) For utterance jackson_1_44, best cost 110.462 + 6208.47 = 6318.93 over 56 frames.
jackson_1_44 one 
LOG (lattice-best-path[5.2.134~1-ecd4]:main():lattice-best-path.cc:99) For utterance jackson_1_45, best cost 118.889 + 6680.07 = 6798.96 over 58 frames.
jackson_1_45 one 
LOG (lattice-best-path[5.2.134~1-ecd4]:main():lattice-best-path.cc:99) For utterance jackson_1_46, best cost 112.098 + 5452.18 = 5564.28 over 51 frames.
jackson_1_46 one 
LOG (lattice-best-path[5.2.134~1-ecd4]:main():lattice-best-path.cc:99) For utterance jackson_1_47, best cost 112.092 + 6035.1 = 6147.2 over 54 frames.
jackson_1_47 one 
LOG (lattice-best-path[5.2.134~1-ecd4]:main():lattice-best-path.cc:99) For utterance jackson_1_48, best cost 117.899 + 5930.61 = 6048.5 over 57 frames.
jackson_1_48 one 
LOG (lattice-best-path[5.2.134~1-ecd4]:main():lattice-best-path.cc:99) For utterance jackson_1_49, best cost 112.321 + 5381.97 = 5494.29 over 48 frames.
jackson_1_49 one 
LOG (lattice-best-path[5.2.134~1-ecd4]:main():lattice-best-path.cc:99) For utterance jackson_1_5, best cost 109.758 + 5675 = 5784.75 over 55 frames.
jackson_1_5 one 
LOG (lattice-best-path[5.2.134~1-ecd4]:main():lattice-best-path.cc:99) For utterance jackson_1_6, best cost 107.394 + 5104.71 = 5212.1 over 49 frames.
jackson_1_6 one 
LOG (lattice-best-path[5.2.134~1-ecd4]:main():lattice-best-path.cc:99) For utterance jackson_1_7, best cost 119.58 + 5485.94 = 5605.52 over 54 frames.
jackson_1_7 one 
LOG (lattice-best-path[5.2.134~1-ecd4]:main():lattice-best-path.cc:99) For utterance jackson_1_8, best cost 99.9258 + 4759.82 = 4859.75 over 49 frames.
jackson_1_8 one 
LOG (lattice-best-path[5.2.134~1-ecd4]:main():lattice-best-path.cc:99) For utterance jackson_1_9, best cost 114.16 + 5655.63 = 5769.79 over 56 frames.
jackson_1_9 one 
LOG (lattice-best-path[5.2.134~1-ecd4]:main():lattice-best-path.cc:99) For utterance jackson_2_0, best cost 95.5607 + 5052.16 = 5147.72 over 48 frames.
jackson_2_0 two 
LOG (lattice-best-path[5.2.134~1-ecd4]:main():lattice-best-path.cc:99) For utterance jackson_2_1, best cost 114.019 + 5600.07 = 5714.09 over 53 frames.
jackson_2_1 zero 
LOG (lattice-best-path[5.2.134~1-ecd4]:main():lattice-best-path.cc:99) For utterance jackson_2_10, best cost 101.26 + 5038.82 = 5140.08 over 50 frames.
jackson_2_10 two 
LOG (lattice-best-path[5.2.134~1-ecd4]:main():lattice-best-path.cc:99) For utterance jackson_2_11, best cost 101.687 + 4990.64 = 5092.33 over 50 frames.
jackson_2_11 two 
LOG (lattice-best-path[5.2.134~1-ecd4]:main():lattice-best-path.cc:99) For utterance jackson_2_12, best cost 104.821 + 4964.59 = 5069.41 over 47 frames.
jackson_2_12 two 
LOG (lattice-best-path[5.2.134~1-ecd4]:main():lattice-best-path.cc:99) For utterance jackson_2_13, best cost 103.88 + 5479.09 = 5582.97 over 50 frames.
jackson_2_13 two 
LOG (lattice-best-path[5.2.134~1-ecd4]:main():lattice-best-path.cc:99) For utterance jackson_2_14, best cost 95.6499 + 5310.42 = 5406.07 over 49 frames.
jackson_2_14 two 
LOG (lattice-best-path[5.2.134~1-ecd4]:main():lattice-best-path.cc:99) For utterance jackson_2_15, best cost 100.098 + 5464.52 = 5564.62 over 50 frames.
jackson_2_15 two 
LOG (lattice-best-path[5.2.134~1-ecd4]:main():lattice-best-path.cc:99) For utterance jackson_2_16, best cost 94.9125 + 5007.49 = 5102.41 over 46 frames.
jackson_2_16 two 
LOG (lattice-best-path[5.2.134~1-ecd4]:main():lattice-best-path.cc:99) For utterance jackson_2_17, best cost 102.707 + 5717.59 = 5820.29 over 52 frames.
jackson_2_17 two 
LOG (lattice-best-path[5.2.134~1-ecd4]:main():lattice-best-path.cc:99) For utterance jackson_2_18, best cost 96.6255 + 5852.94 = 5949.57 over 53 frames.
jackson_2_18 two 
LOG (lattice-best-path[5.2.134~1-ecd4]:main():lattice-best-path.cc:99) For utterance jackson_2_19, best cost 97.9487 + 5473.15 = 5571.1 over 50 frames.
jackson_2_19 two 
LOG (lattice-best-path[5.2.134~1-ecd4]:main():lattice-best-path.cc:99) For utterance jackson_2_2, best cost 103.622 + 4239.23 = 4342.85 over 42 frames.
jackson_2_2 two 
LOG (lattice-best-path[5.2.134~1-ecd4]:main():lattice-best-path.cc:99) For utterance jackson_2_20, best cost 95.448 + 5184.56 = 5280.01 over 46 frames.
jackson_2_20 two 
LOG (lattice-best-path[5.2.134~1-ecd4]:main():lattice-best-path.cc:99) For utterance jackson_2_21, best cost 115.846 + 7456.32 = 7572.16 over 72 frames.
jackson_2_21 two 
LOG (lattice-best-path[5.2.134~1-ecd4]:main():lattice-best-path.cc:99) For utterance jackson_2_22, best cost 98.5811 + 4635.32 = 4733.9 over 46 frames.
jackson_2_22 two 
LOG (lattice-best-path[5.2.134~1-ecd4]:main():lattice-best-path.cc:99) For utterance jackson_2_23, best cost 105.853 + 4961.41 = 5067.26 over 48 frames.
jackson_2_23 two 
LOG (lattice-best-path[5.2.134~1-ecd4]:main():lattice-best-path.cc:99) For utterance jackson_2_24, best cost 101.613 + 5285.83 = 5387.45 over 50 frames.
jackson_2_24 two 
LOG (lattice-best-path[5.2.134~1-ecd4]:main():lattice-best-path.cc:99) For utterance jackson_2_25, best cost 101.467 + 5517.19 = 5618.65 over 52 frames.
jackson_2_25 two 
LOG (lattice-best-path[5.2.134~1-ecd4]:main():lattice-best-path.cc:99) For utterance jackson_2_26, best cost 105.704 + 5227.54 = 5333.25 over 48 frames.
jackson_2_26 two 
LOG (lattice-best-path[5.2.134~1-ecd4]:main():lattice-best-path.cc:99) For utterance jackson_2_27, best cost 108.026 + 5350.61 = 5458.64 over 51 frames.
jackson_2_27 two 
LOG (lattice-best-path[5.2.134~1-ecd4]:main():lattice-best-path.cc:99) For utterance jackson_2_28, best cost 102.055 + 5201.58 = 5303.64 over 49 frames.
jackson_2_28 two 
LOG (lattice-best-path[5.2.134~1-ecd4]:main():lattice-best-path.cc:99) For utterance jackson_2_29, best cost 108.188 + 5738.6 = 5846.78 over 53 frames.
jackson_2_29 two 
LOG (lattice-best-path[5.2.134~1-ecd4]:main():lattice-best-path.cc:99) For utterance jackson_2_3, best cost 101.97 + 5082.51 = 5184.48 over 48 frames.
jackson_2_3 two 
LOG (lattice-best-path[5.2.134~1-ecd4]:main():lattice-best-path.cc:99) For utterance jackson_2_30, best cost 94.7532 + 4808.98 = 4903.73 over 46 frames.
jackson_2_30 two 
LOG (lattice-best-path[5.2.134~1-ecd4]:main():lattice-best-path.cc:99) For utterance jackson_2_31, best cost 109.818 + 4602.97 = 4712.79 over 45 frames.
jackson_2_31 two 
LOG (lattice-best-path[5.2.134~1-ecd4]:main():lattice-best-path.cc:99) For utterance jackson_2_32, best cost 101.211 + 4991.4 = 5092.61 over 49 frames.
jackson_2_32 two 
LOG (lattice-best-path[5.2.134~1-ecd4]:main():lattice-best-path.cc:99) For utterance jackson_2_33, best cost 102.046 + 5429.23 = 5531.27 over 49 frames.
jackson_2_33 two 
LOG (lattice-best-path[5.2.134~1-ecd4]:main():lattice-best-path.cc:99) For utterance jackson_2_34, best cost 101.584 + 5005.97 = 5107.56 over 47 frames.
jackson_2_34 two 
LOG (lattice-best-path[5.2.134~1-ecd4]:main():lattice-best-path.cc:99) For utterance jackson_2_35, best cost 98.1292 + 4513.68 = 4611.81 over 45 frames.
jackson_2_35 two 
LOG (lattice-best-path[5.2.134~1-ecd4]:main():lattice-best-path.cc:99) For utterance jackson_2_36, best cost 94.7295 + 5167.72 = 5262.45 over 47 frames.
jackson_2_36 two 
LOG (lattice-best-path[5.2.134~1-ecd4]:main():lattice-best-path.cc:99) For utterance jackson_2_37, best cost 91.776 + 4062.8 = 4154.57 over 38 frames.
jackson_2_37 two 
LOG (lattice-best-path[5.2.134~1-ecd4]:main():lattice-best-path.cc:99) For utterance jackson_2_38, best cost 94.2975 + 4706.63 = 4800.93 over 45 frames.
jackson_2_38 two 
LOG (lattice-best-path[5.2.134~1-ecd4]:main():lattice-best-path.cc:99) For utterance jackson_2_39, best cost 93.8431 + 4572.85 = 4666.7 over 44 frames.
jackson_2_39 two 
LOG (lattice-best-path[5.2.134~1-ecd4]:main():lattice-best-path.cc:99) For utterance jackson_2_4, best cost 93.6224 + 4807.19 = 4900.81 over 46 frames.
jackson_2_4 two 
LOG (lattice-best-path[5.2.134~1-ecd4]:main():lattice-best-path.cc:99) For utterance jackson_2_40, best cost 96.8215 + 5403.73 = 5500.55 over 53 frames.
jackson_2_40 two 
LOG (lattice-best-path[5.2.134~1-ecd4]:main():lattice-best-path.cc:99) For utterance jackson_2_41, best cost 98.4027 + 5879.97 = 5978.38 over 56 frames.
jackson_2_41 two 
LOG (lattice-best-path[5.2.134~1-ecd4]:main():lattice-best-path.cc:99) For utterance jackson_2_42, best cost 97.4057 + 5917.41 = 6014.82 over 57 frames.
jackson_2_42 two 
LOG (lattice-best-path[5.2.134~1-ecd4]:main():lattice-best-path.cc:99) For utterance jackson_2_43, best cost 101.738 + 5397.34 = 5499.08 over 50 frames.
jackson_2_43 two 
LOG (lattice-best-path[5.2.134~1-ecd4]:main():lattice-best-path.cc:99) For utterance jackson_2_44, best cost 105.704 + 6602.56 = 6708.27 over 60 frames.
jackson_2_44 two 
LOG (lattice-best-path[5.2.134~1-ecd4]:main():lattice-best-path.cc:99) For utterance jackson_2_45, best cost 106.106 + 6550.54 = 6656.65 over 63 frames.
jackson_2_45 two 
LOG (lattice-best-path[5.2.134~1-ecd4]:main():lattice-best-path.cc:99) For utterance jackson_2_46, best cost 95.7502 + 5286.98 = 5382.73 over 50 frames.
jackson_2_46 two 
LOG (lattice-best-path[5.2.134~1-ecd4]:main():lattice-best-path.cc:99) For utterance jackson_2_47, best cost 94.9415 + 4797.88 = 4892.82 over 47 frames.
jackson_2_47 two 
LOG (lattice-best-path[5.2.134~1-ecd4]:main():lattice-best-path.cc:99) For utterance jackson_2_48, best cost 100.849 + 5088.87 = 5189.72 over 48 frames.
jackson_2_48 two 
LOG (lattice-best-path[5.2.134~1-ecd4]:main():lattice-best-path.cc:99) For utterance jackson_2_49, best cost 102.511 + 5407.3 = 5509.81 over 52 frames.
jackson_2_49 two 
LOG (lattice-best-path[5.2.134~1-ecd4]:main():lattice-best-path.cc:99) For utterance jackson_2_5, best cost 99.7505 + 4659.59 = 4759.34 over 45 frames.
jackson_2_5 two 
LOG (lattice-best-path[5.2.134~1-ecd4]:main():lattice-best-path.cc:99) For utterance jackson_2_6, best cost 98.721 + 4505.06 = 4603.78 over 45 frames.
jackson_2_6 two 
LOG (lattice-best-path[5.2.134~1-ecd4]:main():lattice-best-path.cc:99) For utterance jackson_2_7, best cost 104.317 + 4812.05 = 4916.37 over 46 frames.
jackson_2_7 two 
LOG (lattice-best-path[5.2.134~1-ecd4]:main():lattice-best-path.cc:99) For utterance jackson_2_8, best cost 95.0845 + 4973.96 = 5069.04 over 46 frames.
jackson_2_8 two 
LOG (lattice-best-path[5.2.134~1-ecd4]:main():lattice-best-path.cc:99) For utterance jackson_2_9, best cost 121.643 + 5269.76 = 5391.4 over 52 frames.
jackson_2_9 two 
LOG (lattice-best-path[5.2.134~1-ecd4]:main():lattice-best-path.cc:99) For utterance jackson_3_0, best cost 44.2089 + 4997.06 = 5041.27 over 47 frames.
jackson_3_0 
LOG (lattice-best-path[5.2.134~1-ecd4]:main():lattice-best-path.cc:99) For utterance jackson_3_1, best cost 43.5101 + 5063.26 = 5106.77 over 45 frames.
jackson_3_1 
LOG (lattice-best-path[5.2.134~1-ecd4]:main():lattice-best-path.cc:99) For utterance jackson_3_10, best cost 110.617 + 4627.5 = 4738.11 over 44 frames.
jackson_3_10 three 
LOG (lattice-best-path[5.2.134~1-ecd4]:main():lattice-best-path.cc:99) For utterance jackson_3_11, best cost 106.255 + 4297.8 = 4404.05 over 43 frames.
jackson_3_11 three 
LOG (lattice-best-path[5.2.134~1-ecd4]:main():lattice-best-path.cc:99) For utterance jackson_3_12, best cost 43.8595 + 5160.74 = 5204.6 over 46 frames.
jackson_3_12 
LOG (lattice-best-path[5.2.134~1-ecd4]:main():lattice-best-path.cc:99) For utterance jackson_3_13, best cost 104.891 + 4268.99 = 4373.88 over 42 frames.
jackson_3_13 three 
LOG (lattice-best-path[5.2.134~1-ecd4]:main():lattice-best-path.cc:99) For utterance jackson_3_14, best cost 126.898 + 4969.96 = 5096.86 over 48 frames.
jackson_3_14 three 
LOG (lattice-best-path[5.2.134~1-ecd4]:main():lattice-best-path.cc:99) For utterance jackson_3_15, best cost 110.038 + 4434.32 = 4544.36 over 44 frames.
jackson_3_15 three 
LOG (lattice-best-path[5.2.134~1-ecd4]:main():lattice-best-path.cc:99) For utterance jackson_3_16, best cost 93.0837 + 4773.53 = 4866.61 over 46 frames.
jackson_3_16 three 
LOG (lattice-best-path[5.2.134~1-ecd4]:main():lattice-best-path.cc:99) For utterance jackson_3_17, best cost 94.9346 + 4373.14 = 4468.08 over 43 frames.
jackson_3_17 three 
LOG (lattice-best-path[5.2.134~1-ecd4]:main():lattice-best-path.cc:99) For utterance jackson_3_18, best cost 99.8363 + 4902.76 = 5002.6 over 46 frames.
jackson_3_18 three 
LOG (lattice-best-path[5.2.134~1-ecd4]:main():lattice-best-path.cc:99) For utterance jackson_3_19, best cost 97.368 + 4552.57 = 4649.94 over 42 frames.
jackson_3_19 three 
LOG (lattice-best-path[5.2.134~1-ecd4]:main():lattice-best-path.cc:99) For utterance jackson_3_2, best cost 44.9077 + 5420.72 = 5465.63 over 49 frames.
jackson_3_2 
LOG (lattice-best-path[5.2.134~1-ecd4]:main():lattice-best-path.cc:99) For utterance jackson_3_20, best cost 100.354 + 4763.18 = 4863.54 over 45 frames.
jackson_3_20 three 
LOG (lattice-best-path[5.2.134~1-ecd4]:main():lattice-best-path.cc:99) For utterance jackson_3_21, best cost 91.8965 + 4540.63 = 4632.53 over 44 frames.
jackson_3_21 three 
LOG (lattice-best-path[5.2.134~1-ecd4]:main():lattice-best-path.cc:99) For utterance jackson_3_22, best cost 129.335 + 4320.85 = 4450.19 over 41 frames.
jackson_3_22 three 
LOG (lattice-best-path[5.2.134~1-ecd4]:main():lattice-best-path.cc:99) For utterance jackson_3_23, best cost 43.1607 + 4814.96 = 4858.12 over 44 frames.
jackson_3_23 
LOG (lattice-best-path[5.2.134~1-ecd4]:main():lattice-best-path.cc:99) For utterance jackson_3_24, best cost 110.108 + 4225.02 = 4335.13 over 41 frames.
jackson_3_24 three 
LOG (lattice-best-path[5.2.134~1-ecd4]:main():lattice-best-path.cc:99) For utterance jackson_3_25, best cost 43.8595 + 4998.34 = 5042.2 over 46 frames.
jackson_3_25 
LOG (lattice-best-path[5.2.134~1-ecd4]:main():lattice-best-path.cc:99) For utterance jackson_3_26, best cost 120.385 + 4386.58 = 4506.97 over 42 frames.
jackson_3_26 three 
LOG (lattice-best-path[5.2.134~1-ecd4]:main():lattice-best-path.cc:99) For utterance jackson_3_27, best cost 105.385 + 4556.81 = 4662.2 over 44 frames.
jackson_3_27 three 
LOG (lattice-best-path[5.2.134~1-ecd4]:main():lattice-best-path.cc:99) For utterance jackson_3_28, best cost 42.4619 + 4672.22 = 4714.68 over 42 frames.
jackson_3_28 
LOG (lattice-best-path[5.2.134~1-ecd4]:main():lattice-best-path.cc:99) For utterance jackson_3_29, best cost 43.8595 + 5086.7 = 5130.56 over 46 frames.
jackson_3_29 
LOG (lattice-best-path[5.2.134~1-ecd4]:main():lattice-best-path.cc:99) For utterance jackson_3_3, best cost 108.513 + 5373.02 = 5481.53 over 49 frames.
jackson_3_3 three 
LOG (lattice-best-path[5.2.134~1-ecd4]:main():lattice-best-path.cc:99) For utterance jackson_3_30, best cost 43.8595 + 5109.85 = 5153.71 over 46 frames.
jackson_3_30 
LOG (lattice-best-path[5.2.134~1-ecd4]:main():lattice-best-path.cc:99) For utterance jackson_3_31, best cost 98.2766 + 5353.5 = 5451.77 over 47 frames.
jackson_3_31 three 
LOG (lattice-best-path[5.2.134~1-ecd4]:main():lattice-best-path.cc:99) For utterance jackson_3_32, best cost 43.8595 + 5261.19 = 5305.05 over 46 frames.
jackson_3_32 
LOG (lattice-best-path[5.2.134~1-ecd4]:main():lattice-best-path.cc:99) For utterance jackson_3_33, best cost 96.9199 + 5164.23 = 5261.15 over 46 frames.
jackson_3_33 three 
LOG (lattice-best-path[5.2.134~1-ecd4]:main():lattice-best-path.cc:99) For utterance jackson_3_34, best cost 98.791 + 4767.67 = 4866.47 over 46 frames.
jackson_3_34 three 
LOG (lattice-best-path[5.2.134~1-ecd4]:main():lattice-best-path.cc:99) For utterance jackson_3_35, best cost 96.8819 + 5439.12 = 5536 over 50 frames.
jackson_3_35 three 
LOG (lattice-best-path[5.2.134~1-ecd4]:main():lattice-best-path.cc:99) For utterance jackson_3_36, best cost 104.528 + 5332.34 = 5436.87 over 49 frames.
jackson_3_36 three 
LOG (lattice-best-path[5.2.134~1-ecd4]:main():lattice-best-path.cc:99) For utterance jackson_3_37, best cost 44.9077 + 5411.81 = 5456.71 over 49 frames.
jackson_3_37 
LOG (lattice-best-path[5.2.134~1-ecd4]:main():lattice-best-path.cc:99) For utterance jackson_3_38, best cost 113.81 + 5619.72 = 5733.53 over 51 frames.
jackson_3_38 three 
LOG (lattice-best-path[5.2.134~1-ecd4]:main():lattice-best-path.cc:99) For utterance jackson_3_39, best cost 96.4488 + 5286.52 = 5382.97 over 49 frames.
jackson_3_39 three 
LOG (lattice-best-path[5.2.134~1-ecd4]:main():lattice-best-path.cc:99) For utterance jackson_3_4, best cost 42.8113 + 4515.41 = 4558.22 over 43 frames.
jackson_3_4 
LOG (lattice-best-path[5.2.134~1-ecd4]:main():lattice-best-path.cc:99) For utterance jackson_3_40, best cost 45.2571 + 5472.7 = 5517.95 over 50 frames.
jackson_3_40 
LOG (lattice-best-path[5.2.134~1-ecd4]:main():lattice-best-path.cc:99) For utterance jackson_3_41, best cost 44.5583 + 5421.09 = 5465.65 over 48 frames.
jackson_3_41 
LOG (lattice-best-path[5.2.134~1-ecd4]:main():lattice-best-path.cc:99) For utterance jackson_3_42, best cost 102.924 + 5146.72 = 5249.64 over 48 frames.
jackson_3_42 three 
LOG (lattice-best-path[5.2.134~1-ecd4]:main():lattice-best-path.cc:99) For utterance jackson_3_43, best cost 102.784 + 5205.91 = 5308.69 over 48 frames.
jackson_3_43 three 
LOG (lattice-best-path[5.2.134~1-ecd4]:main():lattice-best-path.cc:99) For utterance jackson_3_44, best cost 100.338 + 5812.27 = 5912.61 over 53 frames.
jackson_3_44 three 
LOG (lattice-best-path[5.2.134~1-ecd4]:main():lattice-best-path.cc:99) For utterance jackson_3_45, best cost 116.547 + 5929.49 = 6046.04 over 55 frames.
jackson_3_45 three 
LOG (lattice-best-path[5.2.134~1-ecd4]:main():lattice-best-path.cc:99) For utterance jackson_3_46, best cost 119.665 + 5717.76 = 5837.42 over 52 frames.
jackson_3_46 three 
LOG (lattice-best-path[5.2.134~1-ecd4]:main():lattice-best-path.cc:99) For utterance jackson_3_47, best cost 47.0656 + 5981.24 = 6028.31 over 55 frames.
jackson_3_47 
LOG (lattice-best-path[5.2.134~1-ecd4]:main():lattice-best-path.cc:99) For utterance jackson_3_48, best cost 108.476 + 5217.36 = 5325.83 over 49 frames.
jackson_3_48 three 
LOG (lattice-best-path[5.2.134~1-ecd4]:main():lattice-best-path.cc:99) For utterance jackson_3_49, best cost 45.2571 + 5548.21 = 5593.47 over 50 frames.
jackson_3_49 
LOG (lattice-best-path[5.2.134~1-ecd4]:main():lattice-best-path.cc:99) For utterance jackson_3_5, best cost 42.8113 + 4585.23 = 4628.04 over 43 frames.
jackson_3_5 
LOG (lattice-best-path[5.2.134~1-ecd4]:main():lattice-best-path.cc:99) For utterance jackson_3_6, best cost 113.672 + 4605.78 = 4719.45 over 45 frames.
jackson_3_6 three 
LOG (lattice-best-path[5.2.134~1-ecd4]:main():lattice-best-path.cc:99) For utterance jackson_3_7, best cost 44.2089 + 5206.63 = 5250.84 over 47 frames.
jackson_3_7 
LOG (lattice-best-path[5.2.134~1-ecd4]:main():lattice-best-path.cc:99) For utterance jackson_3_8, best cost 98.619 + 4525.14 = 4623.76 over 43 frames.
jackson_3_8 three 
LOG (lattice-best-path[5.2.134~1-ecd4]:main():lattice-best-path.cc:99) For utterance jackson_3_9, best cost 103.073 + 4884.08 = 4987.15 over 47 frames.
jackson_3_9 three 
LOG (lattice-best-path[5.2.134~1-ecd4]:main():lattice-best-path.cc:99) For utterance jackson_4_0, best cost 104.558 + 4322.59 = 4427.15 over 44 frames.
jackson_4_0 four 
LOG (lattice-best-path[5.2.134~1-ecd4]:main():lattice-best-path.cc:99) For utterance jackson_4_1, best cost 97.7234 + 3718.91 = 3816.63 over 40 frames.
jackson_4_1 four 
LOG (lattice-best-path[5.2.134~1-ecd4]:main():lattice-best-path.cc:99) For utterance jackson_4_10, best cost 92.592 + 4008.69 = 4101.28 over 36 frames.
jackson_4_10 four 
LOG (lattice-best-path[5.2.134~1-ecd4]:main():lattice-best-path.cc:99) For utterance jackson_4_11, best cost 92.8246 + 3881.58 = 3974.41 over 36 frames.
jackson_4_11 four 
LOG (lattice-best-path[5.2.134~1-ecd4]:main():lattice-best-path.cc:99) For utterance jackson_4_12, best cost 94.9832 + 3513.27 = 3608.26 over 39 frames.
jackson_4_12 four 
LOG (lattice-best-path[5.2.134~1-ecd4]:main():lattice-best-path.cc:99) For utterance jackson_4_13, best cost 91.5787 + 3749.69 = 3841.27 over 35 frames.
jackson_4_13 four 
LOG (lattice-best-path[5.2.134~1-ecd4]:main():lattice-best-path.cc:99) For utterance jackson_4_14, best cost 91.0697 + 3673.37 = 3764.44 over 35 frames.
jackson_4_14 four 
LOG (lattice-best-path[5.2.134~1-ecd4]:main():lattice-best-path.cc:99) For utterance jackson_4_15, best cost 99.725 + 4547.54 = 4647.26 over 43 frames.
jackson_4_15 four 
LOG (lattice-best-path[5.2.134~1-ecd4]:main():lattice-best-path.cc:99) For utterance jackson_4_16, best cost 100.277 + 4357.93 = 4458.2 over 41 frames.
jackson_4_16 four 
LOG (lattice-best-path[5.2.134~1-ecd4]:main():lattice-best-path.cc:99) For utterance jackson_4_17, best cost 98.1582 + 4436.37 = 4534.53 over 38 frames.
jackson_4_17 four 
LOG (lattice-best-path[5.2.134~1-ecd4]:main():lattice-best-path.cc:99) For utterance jackson_4_18, best cost 94.6218 + 4167.05 = 4261.67 over 38 frames.
jackson_4_18 four 
LOG (lattice-best-path[5.2.134~1-ecd4]:main():lattice-best-path.cc:99) For utterance jackson_4_19, best cost 92.2195 + 3795.95 = 3888.17 over 34 frames.
jackson_4_19 four 
LOG (lattice-best-path[5.2.134~1-ecd4]:main():lattice-best-path.cc:99) For utterance jackson_4_2, best cost 94.8028 + 3748.3 = 3843.11 over 40 frames.
jackson_4_2 four 
LOG (lattice-best-path[5.2.134~1-ecd4]:main():lattice-best-path.cc:99) For utterance jackson_4_20, best cost 97.6431 + 4155.4 = 4253.05 over 37 frames.
jackson_4_20 four 
LOG (lattice-best-path[5.2.134~1-ecd4]:main():lattice-best-path.cc:99) For utterance jackson_4_21, best cost 90.7286 + 3601.56 = 3692.29 over 33 frames.
jackson_4_21 four 
LOG (lattice-best-path[5.2.134~1-ecd4]:main():lattice-best-path.cc:99) For utterance jackson_4_22, best cost 100.061 + 4480.13 = 4580.19 over 40 frames.
jackson_4_22 four 
LOG (lattice-best-path[5.2.134~1-ecd4]:main():lattice-best-path.cc:99) For utterance jackson_4_23, best cost 94.6169 + 3879.68 = 3974.3 over 39 frames.
jackson_4_23 four 
LOG (lattice-best-path[5.2.134~1-ecd4]:main():lattice-best-path.cc:99) For utterance jackson_4_24, best cost 94.1404 + 4071.6 = 4165.74 over 38 frames.
jackson_4_24 four 
LOG (lattice-best-path[5.2.134~1-ecd4]:main():lattice-best-path.cc:99) For utterance jackson_4_25, best cost 98.5711 + 4205.11 = 4303.68 over 39 frames.
jackson_4_25 four 
LOG (lattice-best-path[5.2.134~1-ecd4]:main():lattice-best-path.cc:99) For utterance jackson_4_26, best cost 95.5112 + 4417.38 = 4512.89 over 41 frames.
jackson_4_26 four 
LOG (lattice-best-path[5.2.134~1-ecd4]:main():lattice-best-path.cc:99) For utterance jackson_4_27, best cost 95.922 + 4279.67 = 4375.6 over 41 frames.
jackson_4_27 four 
LOG (lattice-best-path[5.2.134~1-ecd4]:main():lattice-best-path.cc:99) For utterance jackson_4_28, best cost 101.758 + 5069.01 = 5170.77 over 45 frames.
jackson_4_28 four 
LOG (lattice-best-path[5.2.134~1-ecd4]:main():lattice-best-path.cc:99) For utterance jackson_4_29, best cost 100.161 + 4499.53 = 4599.69 over 42 frames.
jackson_4_29 four 
LOG (lattice-best-path[5.2.134~1-ecd4]:main():lattice-best-path.cc:99) For utterance jackson_4_3, best cost 92.4212 + 3765.8 = 3858.22 over 39 frames.
jackson_4_3 four 
LOG (lattice-best-path[5.2.134~1-ecd4]:main():lattice-best-path.cc:99) For utterance jackson_4_30, best cost 101.943 + 4427.92 = 4529.86 over 42 frames.
jackson_4_30 four 
LOG (lattice-best-path[5.2.134~1-ecd4]:main():lattice-best-path.cc:99) For utterance jackson_4_31, best cost 94.4685 + 4592.96 = 4687.43 over 41 frames.
jackson_4_31 four 
LOG (lattice-best-path[5.2.134~1-ecd4]:main():lattice-best-path.cc:99) For utterance jackson_4_32, best cost 99.3644 + 3992.94 = 4092.3 over 41 frames.
jackson_4_32 four 
LOG (lattice-best-path[5.2.134~1-ecd4]:main():lattice-best-path.cc:99) For utterance jackson_4_33, best cost 92.9182 + 3888.24 = 3981.16 over 40 frames.
jackson_4_33 four 
LOG (lattice-best-path[5.2.134~1-ecd4]:main():lattice-best-path.cc:99) For utterance jackson_4_34, best cost 95.6277 + 3575.27 = 3670.89 over 38 frames.
jackson_4_34 four 
LOG (lattice-best-path[5.2.134~1-ecd4]:main():lattice-best-path.cc:99) For utterance jackson_4_35, best cost 99.189 + 4002.44 = 4101.63 over 41 frames.
jackson_4_35 four 
LOG (lattice-best-path[5.2.134~1-ecd4]:main():lattice-best-path.cc:99) For utterance jackson_4_36, best cost 92.0032 + 3693.08 = 3785.08 over 38 frames.
jackson_4_36 four 
LOG (lattice-best-path[5.2.134~1-ecd4]:main():lattice-best-path.cc:99) For utterance jackson_4_37, best cost 108.865 + 4971.66 = 5080.53 over 48 frames.
jackson_4_37 four 
LOG (lattice-best-path[5.2.134~1-ecd4]:main():lattice-best-path.cc:99) For utterance jackson_4_38, best cost 96.9257 + 4652.89 = 4749.81 over 45 frames.
jackson_4_38 four 
LOG (lattice-best-path[5.2.134~1-ecd4]:main():lattice-best-path.cc:99) For utterance jackson_4_39, best cost 96.8243 + 4770.67 = 4867.49 over 46 frames.
jackson_4_39 four 
LOG (lattice-best-path[5.2.134~1-ecd4]:main():lattice-best-path.cc:99) For utterance jackson_4_4, best cost 97.035 + 3994.95 = 4091.99 over 41 frames.
jackson_4_4 four 
LOG (lattice-best-path[5.2.134~1-ecd4]:main():lattice-best-path.cc:99) For utterance jackson_4_40, best cost 96.7062 + 4674.23 = 4770.94 over 45 frames.
jackson_4_40 four 
LOG (lattice-best-path[5.2.134~1-ecd4]:main():lattice-best-path.cc:99) For utterance jackson_4_41, best cost 98.4034 + 4517.84 = 4616.24 over 43 frames.
jackson_4_41 four 
LOG (lattice-best-path[5.2.134~1-ecd4]:main():lattice-best-path.cc:99) For utterance jackson_4_42, best cost 95.6896 + 4263.7 = 4359.39 over 41 frames.
jackson_4_42 four 
LOG (lattice-best-path[5.2.134~1-ecd4]:main():lattice-best-path.cc:99) For utterance jackson_4_43, best cost 101.116 + 4612.36 = 4713.48 over 44 frames.
jackson_4_43 four 
LOG (lattice-best-path[5.2.134~1-ecd4]:main():lattice-best-path.cc:99) For utterance jackson_4_44, best cost 103.617 + 5023.79 = 5127.41 over 45 frames.
jackson_4_44 four 
LOG (lattice-best-path[5.2.134~1-ecd4]:main():lattice-best-path.cc:99) For utterance jackson_4_45, best cost 96.8547 + 4286.54 = 4383.39 over 42 frames.
jackson_4_45 four 
LOG (lattice-best-path[5.2.134~1-ecd4]:main():lattice-best-path.cc:99) For utterance jackson_4_46, best cost 100.604 + 5059.58 = 5160.19 over 49 frames.
jackson_4_46 four 
LOG (lattice-best-path[5.2.134~1-ecd4]:main():lattice-best-path.cc:99) For utterance jackson_4_47, best cost 105.449 + 4958.75 = 5064.2 over 47 frames.
jackson_4_47 four 
LOG (lattice-best-path[5.2.134~1-ecd4]:main():lattice-best-path.cc:99) For utterance jackson_4_48, best cost 97.676 + 4737.75 = 4835.43 over 45 frames.
jackson_4_48 four 
LOG (lattice-best-path[5.2.134~1-ecd4]:main():lattice-best-path.cc:99) For utterance jackson_4_49, best cost 103.239 + 4961.87 = 5065.11 over 48 frames.
jackson_4_49 four 
LOG (lattice-best-path[5.2.134~1-ecd4]:main():lattice-best-path.cc:99) For utterance jackson_4_5, best cost 104.115 + 4345.67 = 4449.78 over 42 frames.
jackson_4_5 four 
LOG (lattice-best-path[5.2.134~1-ecd4]:main():lattice-best-path.cc:99) For utterance jackson_4_6, best cost 105.142 + 4557.26 = 4662.4 over 43 frames.
jackson_4_6 four 
LOG (lattice-best-path[5.2.134~1-ecd4]:main():lattice-best-path.cc:99) For utterance jackson_4_7, best cost 93.8598 + 4130.62 = 4224.48 over 39 frames.
jackson_4_7 four 
LOG (lattice-best-path[5.2.134~1-ecd4]:main():lattice-best-path.cc:99) For utterance jackson_4_8, best cost 95.9038 + 4189.49 = 4285.4 over 40 frames.
jackson_4_8 four 
LOG (lattice-best-path[5.2.134~1-ecd4]:main():lattice-best-path.cc:99) For utterance jackson_4_9, best cost 99.3311 + 4043.7 = 4143.04 over 40 frames.
jackson_4_9 four 
LOG (lattice-best-path[5.2.134~1-ecd4]:main():lattice-best-path.cc:99) For utterance jackson_5_0, best cost 96.3952 + 3825.22 = 3921.62 over 40 frames.
jackson_5_0 five 
LOG (lattice-best-path[5.2.134~1-ecd4]:main():lattice-best-path.cc:99) For utterance jackson_5_1, best cost 92.9433 + 3610.26 = 3703.2 over 39 frames.
jackson_5_1 five 
LOG (lattice-best-path[5.2.134~1-ecd4]:main():lattice-best-path.cc:99) For utterance jackson_5_10, best cost 92.0381 + 3206.52 = 3298.55 over 37 frames.
jackson_5_10 five 
LOG (lattice-best-path[5.2.134~1-ecd4]:main():lattice-best-path.cc:99) For utterance jackson_5_11, best cost 99.5091 + 3762.08 = 3861.59 over 42 frames.
jackson_5_11 five 
LOG (lattice-best-path[5.2.134~1-ecd4]:main():lattice-best-path.cc:99) For utterance jackson_5_12, best cost 91.3026 + 3139.66 = 3230.97 over 35 frames.
jackson_5_12 five 
LOG (lattice-best-path[5.2.134~1-ecd4]:main():lattice-best-path.cc:99) For utterance jackson_5_13, best cost 98.26 + 3687.45 = 3785.71 over 40 frames.
jackson_5_13 five 
LOG (lattice-best-path[5.2.134~1-ecd4]:main():lattice-best-path.cc:99) For utterance jackson_5_14, best cost 90.3001 + 2986.45 = 3076.75 over 36 frames.
jackson_5_14 five 
LOG (lattice-best-path[5.2.134~1-ecd4]:main():lattice-best-path.cc:99) For utterance jackson_5_15, best cost 100.426 + 3826.43 = 3926.86 over 41 frames.
jackson_5_15 five 
LOG (lattice-best-path[5.2.134~1-ecd4]:main():lattice-best-path.cc:99) For utterance jackson_5_16, best cost 94.5676 + 3446.38 = 3540.95 over 38 frames.
jackson_5_16 five 
LOG (lattice-best-path[5.2.134~1-ecd4]:main():lattice-best-path.cc:99) For utterance jackson_5_17, best cost 93.8623 + 3594.4 = 3688.26 over 38 frames.
jackson_5_17 five 
LOG (lattice-best-path[5.2.134~1-ecd4]:main():lattice-best-path.cc:99) For utterance jackson_5_18, best cost 91.5032 + 2964.56 = 3056.07 over 34 frames.
jackson_5_18 five 
LOG (lattice-best-path[5.2.134~1-ecd4]:main():lattice-best-path.cc:99) For utterance jackson_5_19, best cost 92.6562 + 3168.47 = 3261.12 over 35 frames.
jackson_5_19 five 
LOG (lattice-best-path[5.2.134~1-ecd4]:main():lattice-best-path.cc:99) For utterance jackson_5_2, best cost 99.7157 + 4051.45 = 4151.16 over 43 frames.
jackson_5_2 five 
LOG (lattice-best-path[5.2.134~1-ecd4]:main():lattice-best-path.cc:99) For utterance jackson_5_20, best cost 92.0073 + 3094.56 = 3186.57 over 32 frames.
jackson_5_20 five 
LOG (lattice-best-path[5.2.134~1-ecd4]:main():lattice-best-path.cc:99) For utterance jackson_5_21, best cost 96.8804 + 3546.05 = 3642.93 over 36 frames.
jackson_5_21 five 
LOG (lattice-best-path[5.2.134~1-ecd4]:main():lattice-best-path.cc:99) For utterance jackson_5_22, best cost 92.3395 + 3330.38 = 3422.72 over 35 frames.
jackson_5_22 five 
LOG (lattice-best-path[5.2.134~1-ecd4]:main():lattice-best-path.cc:99) For utterance jackson_5_23, best cost 93.5201 + 3811.95 = 3905.47 over 39 frames.
jackson_5_23 five 
LOG (lattice-best-path[5.2.134~1-ecd4]:main():lattice-best-path.cc:99) For utterance jackson_5_24, best cost 98.205 + 3413.05 = 3511.26 over 38 frames.
jackson_5_24 five 
LOG (lattice-best-path[5.2.134~1-ecd4]:main():lattice-best-path.cc:99) For utterance jackson_5_25, best cost 98.875 + 3458.37 = 3557.25 over 37 frames.
jackson_5_25 five 
LOG (lattice-best-path[5.2.134~1-ecd4]:main():lattice-best-path.cc:99) For utterance jackson_5_26, best cost 95.9343 + 3721.1 = 3817.03 over 39 frames.
jackson_5_26 five 
LOG (lattice-best-path[5.2.134~1-ecd4]:main():lattice-best-path.cc:99) For utterance jackson_5_27, best cost 98.7364 + 3541.5 = 3640.24 over 38 frames.
jackson_5_27 five 
LOG (lattice-best-path[5.2.134~1-ecd4]:main():lattice-best-path.cc:99) For utterance jackson_5_28, best cost 94.368 + 3153.89 = 3248.25 over 35 frames.
jackson_5_28 five 
LOG (lattice-best-path[5.2.134~1-ecd4]:main():lattice-best-path.cc:99) For utterance jackson_5_29, best cost 102.274 + 4412.92 = 4515.19 over 46 frames.
jackson_5_29 five 
LOG (lattice-best-path[5.2.134~1-ecd4]:main():lattice-best-path.cc:99) For utterance jackson_5_3, best cost 92.2381 + 3457.91 = 3550.15 over 38 frames.
jackson_5_3 five 
LOG (lattice-best-path[5.2.134~1-ecd4]:main():lattice-best-path.cc:99) For utterance jackson_5_30, best cost 100.396 + 4214.58 = 4314.98 over 41 frames.
jackson_5_30 five 
LOG (lattice-best-path[5.2.134~1-ecd4]:main():lattice-best-path.cc:99) For utterance jackson_5_31, best cost 98.1799 + 3572.83 = 3671.01 over 39 frames.
jackson_5_31 five 
LOG (lattice-best-path[5.2.134~1-ecd4]:main():lattice-best-path.cc:99) For utterance jackson_5_32, best cost 99.4725 + 3675.86 = 3775.33 over 39 frames.
jackson_5_32 five 
LOG (lattice-best-path[5.2.134~1-ecd4]:main():lattice-best-path.cc:99) For utterance jackson_5_33, best cost 94.4304 + 3488.45 = 3582.88 over 37 frames.
jackson_5_33 five 
LOG (lattice-best-path[5.2.134~1-ecd4]:main():lattice-best-path.cc:99) For utterance jackson_5_34, best cost 91.4186 + 3249.8 = 3341.22 over 34 frames.
jackson_5_34 five 
LOG (lattice-best-path[5.2.134~1-ecd4]:main():lattice-best-path.cc:99) For utterance jackson_5_35, best cost 95.8825 + 3970.34 = 4066.23 over 41 frames.
jackson_5_35 five 
LOG (lattice-best-path[5.2.134~1-ecd4]:main():lattice-best-path.cc:99) For utterance jackson_5_36, best cost 92.4904 + 2976.03 = 3068.52 over 35 frames.
jackson_5_36 five 
LOG (lattice-best-path[5.2.134~1-ecd4]:main():lattice-best-path.cc:99) For utterance jackson_5_37, best cost 92.8293 + 3460.89 = 3553.72 over 37 frames.
jackson_5_37 five 
LOG (lattice-best-path[5.2.134~1-ecd4]:main():lattice-best-path.cc:99) For utterance jackson_5_38, best cost 96.8179 + 4067.08 = 4163.9 over 41 frames.
jackson_5_38 five 
LOG (lattice-best-path[5.2.134~1-ecd4]:main():lattice-best-path.cc:99) For utterance jackson_5_39, best cost 92.26 + 3290.17 = 3382.43 over 36 frames.
jackson_5_39 five 
LOG (lattice-best-path[5.2.134~1-ecd4]:main():lattice-best-path.cc:99) For utterance jackson_5_4, best cost 107.912 + 4922.55 = 5030.46 over 51 frames.
jackson_5_4 five 
LOG (lattice-best-path[5.2.134~1-ecd4]:main():lattice-best-path.cc:99) For utterance jackson_5_40, best cost 92.6125 + 3747.05 = 3839.66 over 39 frames.
jackson_5_40 five 
LOG (lattice-best-path[5.2.134~1-ecd4]:main():lattice-best-path.cc:99) For utterance jackson_5_41, best cost 96.0037 + 3743.46 = 3839.46 over 38 frames.
jackson_5_41 five 
LOG (lattice-best-path[5.2.134~1-ecd4]:main():lattice-best-path.cc:99) For utterance jackson_5_42, best cost 108.124 + 4654.63 = 4762.75 over 45 frames.
jackson_5_42 one 
LOG (lattice-best-path[5.2.134~1-ecd4]:main():lattice-best-path.cc:99) For utterance jackson_5_43, best cost 106.359 + 4239.28 = 4345.63 over 42 frames.
jackson_5_43 one 
LOG (lattice-best-path[5.2.134~1-ecd4]:main():lattice-best-path.cc:99) For utterance jackson_5_44, best cost 114.074 + 4825.12 = 4939.19 over 47 frames.
jackson_5_44 one 
LOG (lattice-best-path[5.2.134~1-ecd4]:main():lattice-best-path.cc:99) For utterance jackson_5_45, best cost 107.829 + 4402.22 = 4510.05 over 44 frames.
jackson_5_45 one 
LOG (lattice-best-path[5.2.134~1-ecd4]:main():lattice-best-path.cc:99) For utterance jackson_5_46, best cost 96.5713 + 5002.31 = 5098.88 over 48 frames.
jackson_5_46 five 
LOG (lattice-best-path[5.2.134~1-ecd4]:main():lattice-best-path.cc:99) For utterance jackson_5_47, best cost 100.662 + 5248.46 = 5349.12 over 49 frames.
jackson_5_47 five 
LOG (lattice-best-path[5.2.134~1-ecd4]:main():lattice-best-path.cc:99) For utterance jackson_5_48, best cost 107.117 + 5531.46 = 5638.57 over 49 frames.
jackson_5_48 five 
LOG (lattice-best-path[5.2.134~1-ecd4]:main():lattice-best-path.cc:99) For utterance jackson_5_49, best cost 107.054 + 4673.48 = 4780.54 over 46 frames.
jackson_5_49 one 
LOG (lattice-best-path[5.2.134~1-ecd4]:main():lattice-best-path.cc:99) For utterance jackson_5_5, best cost 97.5793 + 3574.02 = 3671.6 over 37 frames.
jackson_5_5 five 
LOG (lattice-best-path[5.2.134~1-ecd4]:main():lattice-best-path.cc:99) For utterance jackson_5_6, best cost 94.2333 + 3705.7 = 3799.93 over 38 frames.
jackson_5_6 five 
LOG (lattice-best-path[5.2.134~1-ecd4]:main():lattice-best-path.cc:99) For utterance jackson_5_7, best cost 92.6826 + 3474.03 = 3566.71 over 36 frames.
jackson_5_7 five 
LOG (lattice-best-path[5.2.134~1-ecd4]:main():lattice-best-path.cc:99) For utterance jackson_5_8, best cost 90.855 + 3243.72 = 3334.57 over 35 frames.
jackson_5_8 five 
LOG (lattice-best-path[5.2.134~1-ecd4]:main():lattice-best-path.cc:99) For utterance jackson_5_9, best cost 106.431 + 5680.96 = 5787.39 over 56 frames.
jackson_5_9 five 
LOG (lattice-best-path[5.2.134~1-ecd4]:main():lattice-best-path.cc:99) For utterance jackson_6_0, best cost 125.831 + 8438.28 = 8564.11 over 81 frames.
jackson_6_0 six 
LOG (lattice-best-path[5.2.134~1-ecd4]:main():lattice-best-path.cc:99) For utterance jackson_6_1, best cost 114.054 + 6904.33 = 7018.39 over 62 frames.
jackson_6_1 six 
LOG (lattice-best-path[5.2.134~1-ecd4]:main():lattice-best-path.cc:99) For utterance jackson_6_10, best cost 120.678 + 8504.92 = 8625.59 over 84 frames.
jackson_6_10 six 
LOG (lattice-best-path[5.2.134~1-ecd4]:main():lattice-best-path.cc:99) For utterance jackson_6_11, best cost 126.267 + 8575.28 = 8701.54 over 85 frames.
jackson_6_11 six 
LOG (lattice-best-path[5.2.134~1-ecd4]:main():lattice-best-path.cc:99) For utterance jackson_6_12, best cost 125.228 + 8427.42 = 8552.64 over 84 frames.
jackson_6_12 six 
LOG (lattice-best-path[5.2.134~1-ecd4]:main():lattice-best-path.cc:99) For utterance jackson_6_13, best cost 113.662 + 6968.3 = 7081.96 over 69 frames.
jackson_6_13 six 
LOG (lattice-best-path[5.2.134~1-ecd4]:main():lattice-best-path.cc:99) For utterance jackson_6_14, best cost 116.214 + 7762.48 = 7878.69 over 75 frames.
jackson_6_14 six 
LOG (lattice-best-path[5.2.134~1-ecd4]:main():lattice-best-path.cc:99) For utterance jackson_6_15, best cost 121.859 + 8757.99 = 8879.84 over 86 frames.
jackson_6_15 six 
LOG (lattice-best-path[5.2.134~1-ecd4]:main():lattice-best-path.cc:99) For utterance jackson_6_16, best cost 113.747 + 7178.94 = 7292.69 over 71 frames.
jackson_6_16 six 
LOG (lattice-best-path[5.2.134~1-ecd4]:main():lattice-best-path.cc:99) For utterance jackson_6_17, best cost 115.602 + 7315.14 = 7430.74 over 72 frames.
jackson_6_17 six 
LOG (lattice-best-path[5.2.134~1-ecd4]:main():lattice-best-path.cc:99) For utterance jackson_6_18, best cost 121.51 + 8196.88 = 8318.39 over 84 frames.
jackson_6_18 six 
LOG (lattice-best-path[5.2.134~1-ecd4]:main():lattice-best-path.cc:99) For utterance jackson_6_19, best cost 112.701 + 6897.82 = 7010.52 over 67 frames.
jackson_6_19 six 
LOG (lattice-best-path[5.2.134~1-ecd4]:main():lattice-best-path.cc:99) For utterance jackson_6_2, best cost 112.366 + 6393.25 = 6505.61 over 61 frames.
jackson_6_2 six 
LOG (lattice-best-path[5.2.134~1-ecd4]:main():lattice-best-path.cc:99) For utterance jackson_6_20, best cost 118.527 + 6987.75 = 7106.27 over 67 frames.
jackson_6_20 six 
LOG (lattice-best-path[5.2.134~1-ecd4]:main():lattice-best-path.cc:99) For utterance jackson_6_21, best cost 122.258 + 8079.15 = 8201.41 over 78 frames.
jackson_6_21 six 
LOG (lattice-best-path[5.2.134~1-ecd4]:main():lattice-best-path.cc:99) For utterance jackson_6_22, best cost 115.362 + 6869.1 = 6984.47 over 69 frames.
jackson_6_22 six 
LOG (lattice-best-path[5.2.134~1-ecd4]:main():lattice-best-path.cc:99) For utterance jackson_6_23, best cost 117.984 + 8133.11 = 8251.1 over 80 frames.
jackson_6_23 six 
LOG (lattice-best-path[5.2.134~1-ecd4]:main():lattice-best-path.cc:99) For utterance jackson_6_24, best cost 114.444 + 7118.97 = 7233.42 over 70 frames.
jackson_6_24 six 
LOG (lattice-best-path[5.2.134~1-ecd4]:main():lattice-best-path.cc:99) For utterance jackson_6_25, best cost 119.153 + 7749.62 = 7868.77 over 77 frames.
jackson_6_25 six 
LOG (lattice-best-path[5.2.134~1-ecd4]:main():lattice-best-path.cc:99) For utterance jackson_6_26, best cost 105.599 + 7211.21 = 7316.81 over 70 frames.
jackson_6_26 eight 
LOG (lattice-best-path[5.2.134~1-ecd4]:main():lattice-best-path.cc:99) For utterance jackson_6_27, best cost 123.139 + 7945.01 = 8068.15 over 79 frames.
jackson_6_27 six 
LOG (lattice-best-path[5.2.134~1-ecd4]:main():lattice-best-path.cc:99) For utterance jackson_6_28, best cost 112.843 + 6787.36 = 6900.2 over 63 frames.
jackson_6_28 six 
LOG (lattice-best-path[5.2.134~1-ecd4]:main():lattice-best-path.cc:99) For utterance jackson_6_29, best cost 110.352 + 6377.77 = 6488.12 over 60 frames.
jackson_6_29 six 
LOG (lattice-best-path[5.2.134~1-ecd4]:main():lattice-best-path.cc:99) For utterance jackson_6_3, best cost 122.27 + 9069.18 = 9191.45 over 85 frames.
jackson_6_3 six 
LOG (lattice-best-path[5.2.134~1-ecd4]:main():lattice-best-path.cc:99) For utterance jackson_6_30, best cost 118.333 + 8088.43 = 8206.76 over 78 frames.
jackson_6_30 six 
LOG (lattice-best-path[5.2.134~1-ecd4]:main():lattice-best-path.cc:99) For utterance jackson_6_31, best cost 106.442 + 6280.48 = 6386.93 over 61 frames.
jackson_6_31 six 
LOG (lattice-best-path[5.2.134~1-ecd4]:main():lattice-best-path.cc:99) For utterance jackson_6_32, best cost 124.814 + 8812.19 = 8937.01 over 83 frames.
jackson_6_32 six 
LOG (lattice-best-path[5.2.134~1-ecd4]:main():lattice-best-path.cc:99) For utterance jackson_6_33, best cost 111.151 + 6460.09 = 6571.24 over 62 frames.
jackson_6_33 six 
LOG (lattice-best-path[5.2.134~1-ecd4]:main():lattice-best-path.cc:99) For utterance jackson_6_34, best cost 108.567 + 6004.57 = 6113.14 over 56 frames.
jackson_6_34 six 
LOG (lattice-best-path[5.2.134~1-ecd4]:main():lattice-best-path.cc:99) For utterance jackson_6_35, best cost 112.4 + 6820.29 = 6932.69 over 62 frames.
jackson_6_35 six 
LOG (lattice-best-path[5.2.134~1-ecd4]:main():lattice-best-path.cc:99) For utterance jackson_6_36, best cost 103.742 + 6101.35 = 6205.09 over 56 frames.
jackson_6_36 six 
LOG (lattice-best-path[5.2.134~1-ecd4]:main():lattice-best-path.cc:99) For utterance jackson_6_37, best cost 120.497 + 6915.62 = 7036.12 over 68 frames.
jackson_6_37 six 
LOG (lattice-best-path[5.2.134~1-ecd4]:main():lattice-best-path.cc:99) For utterance jackson_6_38, best cost 116.652 + 7721.78 = 7838.43 over 73 frames.
jackson_6_38 six 
LOG (lattice-best-path[5.2.134~1-ecd4]:main():lattice-best-path.cc:99) For utterance jackson_6_39, best cost 115.566 + 6794.98 = 6910.55 over 64 frames.
jackson_6_39 six 
LOG (lattice-best-path[5.2.134~1-ecd4]:main():lattice-best-path.cc:99) For utterance jackson_6_4, best cost 111.216 + 6528.41 = 6639.62 over 61 frames.
jackson_6_4 six 
LOG (lattice-best-path[5.2.134~1-ecd4]:main():lattice-best-path.cc:99) For utterance jackson_6_40, best cost 117.472 + 6134 = 6251.47 over 57 frames.
jackson_6_40 six 
LOG (lattice-best-path[5.2.134~1-ecd4]:main():lattice-best-path.cc:99) For utterance jackson_6_41, best cost 111.469 + 5649.74 = 5761.21 over 54 frames.
jackson_6_41 six 
LOG (lattice-best-path[5.2.134~1-ecd4]:main():lattice-best-path.cc:99) For utterance jackson_6_42, best cost 108.885 + 5012.78 = 5121.67 over 49 frames.
jackson_6_42 six 
LOG (lattice-best-path[5.2.134~1-ecd4]:main():lattice-best-path.cc:99) For utterance jackson_6_43, best cost 111.979 + 6690.23 = 6802.21 over 65 frames.
jackson_6_43 six 
LOG (lattice-best-path[5.2.134~1-ecd4]:main():lattice-best-path.cc:99) For utterance jackson_6_44, best cost 111.236 + 4923.22 = 5034.45 over 47 frames.
jackson_6_44 six 
LOG (lattice-best-path[5.2.134~1-ecd4]:main():lattice-best-path.cc:99) For utterance jackson_6_45, best cost 114.564 + 6057.51 = 6172.08 over 57 frames.
jackson_6_45 six 
LOG (lattice-best-path[5.2.134~1-ecd4]:main():lattice-best-path.cc:99) For utterance jackson_6_46, best cost 115.437 + 7862.71 = 7978.15 over 77 frames.
jackson_6_46 six 
LOG (lattice-best-path[5.2.134~1-ecd4]:main():lattice-best-path.cc:99) For utterance jackson_6_47, best cost 120.072 + 7218.78 = 7338.85 over 68 frames.
jackson_6_47 six 
LOG (lattice-best-path[5.2.134~1-ecd4]:main():lattice-best-path.cc:99) For utterance jackson_6_48, best cost 102.579 + 5294.48 = 5397.06 over 52 frames.
jackson_6_48 six 
LOG (lattice-best-path[5.2.134~1-ecd4]:main():lattice-best-path.cc:99) For utterance jackson_6_49, best cost 118.979 + 7237.04 = 7356.02 over 67 frames.
jackson_6_49 six 
LOG (lattice-best-path[5.2.134~1-ecd4]:main():lattice-best-path.cc:99) For utterance jackson_6_5, best cost 109.391 + 6626.86 = 6736.26 over 66 frames.
jackson_6_5 seven 
LOG (lattice-best-path[5.2.134~1-ecd4]:main():lattice-best-path.cc:99) For utterance jackson_6_6, best cost 118.4 + 7664.14 = 7782.54 over 74 frames.
jackson_6_6 six 
LOG (lattice-best-path[5.2.134~1-ecd4]:main():lattice-best-path.cc:99) For utterance jackson_6_7, best cost 111.314 + 6287.54 = 6398.85 over 62 frames.
jackson_6_7 six 
LOG (lattice-best-path[5.2.134~1-ecd4]:main():lattice-best-path.cc:99) For utterance jackson_6_8, best cost 119.015 + 8251.78 = 8370.8 over 81 frames.
jackson_6_8 six 
LOG (lattice-best-path[5.2.134~1-ecd4]:main():lattice-best-path.cc:99) For utterance jackson_6_9, best cost 120.038 + 8153.68 = 8273.72 over 81 frames.
jackson_6_9 six 
LOG (lattice-best-path[5.2.134~1-ecd4]:main():lattice-best-path.cc:99) For utterance jackson_7_0, best cost 116.158 + 4314.67 = 4430.83 over 41 frames.
jackson_7_0 seven 
LOG (lattice-best-path[5.2.134~1-ecd4]:main():lattice-best-path.cc:99) For utterance jackson_7_1, best cost 113.753 + 4332.42 = 4446.17 over 45 frames.
jackson_7_1 seven 
LOG (lattice-best-path[5.2.134~1-ecd4]:main():lattice-best-path.cc:99) For utterance jackson_7_10, best cost 109.472 + 4010.75 = 4120.22 over 42 frames.
jackson_7_10 seven 
LOG (lattice-best-path[5.2.134~1-ecd4]:main():lattice-best-path.cc:99) For utterance jackson_7_11, best cost 101.16 + 3852.37 = 3953.53 over 39 frames.
jackson_7_11 five 
LOG (lattice-best-path[5.2.134~1-ecd4]:main():lattice-best-path.cc:99) For utterance jackson_7_12, best cost 98.8571 + 4489.29 = 4588.14 over 42 frames.
jackson_7_12 seven 
LOG (lattice-best-path[5.2.134~1-ecd4]:main():lattice-best-path.cc:99) For utterance jackson_7_13, best cost 101.151 + 4323.93 = 4425.08 over 43 frames.
jackson_7_13 seven 
LOG (lattice-best-path[5.2.134~1-ecd4]:main():lattice-best-path.cc:99) For utterance jackson_7_14, best cost 108.028 + 4490.78 = 4598.8 over 46 frames.
jackson_7_14 seven 
LOG (lattice-best-path[5.2.134~1-ecd4]:main():lattice-best-path.cc:99) For utterance jackson_7_15, best cost 102.771 + 4023.89 = 4126.66 over 38 frames.
jackson_7_15 one 
LOG (lattice-best-path[5.2.134~1-ecd4]:main():lattice-best-path.cc:99) For utterance jackson_7_16, best cost 99.2482 + 4254.19 = 4353.44 over 41 frames.
jackson_7_16 seven 
LOG (lattice-best-path[5.2.134~1-ecd4]:main():lattice-best-path.cc:99) For utterance jackson_7_17, best cost 101.082 + 4621.44 = 4722.52 over 45 frames.
jackson_7_17 seven 
LOG (lattice-best-path[5.2.134~1-ecd4]:main():lattice-best-path.cc:99) For utterance jackson_7_18, best cost 99.5739 + 3968.23 = 4067.8 over 39 frames.
jackson_7_18 seven 
LOG (lattice-best-path[5.2.134~1-ecd4]:main():lattice-best-path.cc:99) For utterance jackson_7_19, best cost 110.949 + 4454.75 = 4565.7 over 45 frames.
jackson_7_19 seven 
LOG (lattice-best-path[5.2.134~1-ecd4]:main():lattice-best-path.cc:99) For utterance jackson_7_2, best cost 92.2682 + 3579.58 = 3671.85 over 36 frames.
jackson_7_2 nine 
LOG (lattice-best-path[5.2.134~1-ecd4]:main():lattice-best-path.cc:99) For utterance jackson_7_20, best cost 118.885 + 4667.51 = 4786.39 over 44 frames.
jackson_7_20 seven 
LOG (lattice-best-path[5.2.134~1-ecd4]:main():lattice-best-path.cc:99) For utterance jackson_7_21, best cost 114.967 + 5131.99 = 5246.96 over 50 frames.
jackson_7_21 seven 
LOG (lattice-best-path[5.2.134~1-ecd4]:main():lattice-best-path.cc:99) For utterance jackson_7_22, best cost 117.228 + 4465.07 = 4582.29 over 42 frames.
jackson_7_22 seven 
LOG (lattice-best-path[5.2.134~1-ecd4]:main():lattice-best-path.cc:99) For utterance jackson_7_23, best cost 103.966 + 5352.19 = 5456.16 over 54 frames.
jackson_7_23 seven 
LOG (lattice-best-path[5.2.134~1-ecd4]:main():lattice-best-path.cc:99) For utterance jackson_7_24, best cost 110.905 + 4508.03 = 4618.93 over 42 frames.
jackson_7_24 seven 
LOG (lattice-best-path[5.2.134~1-ecd4]:main():lattice-best-path.cc:99) For utterance jackson_7_25, best cost 103.567 + 4926.23 = 5029.8 over 45 frames.
jackson_7_25 seven 
LOG (lattice-best-path[5.2.134~1-ecd4]:main():lattice-best-path.cc:99) For utterance jackson_7_26, best cost 106.095 + 4942.48 = 5048.57 over 47 frames.
jackson_7_26 seven 
LOG (lattice-best-path[5.2.134~1-ecd4]:main():lattice-best-path.cc:99) For utterance jackson_7_27, best cost 107.234 + 5025.32 = 5132.55 over 47 frames.
jackson_7_27 seven 
LOG (lattice-best-path[5.2.134~1-ecd4]:main():lattice-best-path.cc:99) For utterance jackson_7_28, best cost 115.28 + 4253.45 = 4368.73 over 41 frames.
jackson_7_28 seven 
LOG (lattice-best-path[5.2.134~1-ecd4]:main():lattice-best-path.cc:99) For utterance jackson_7_29, best cost 114.22 + 4357.56 = 4471.78 over 43 frames.
jackson_7_29 seven 
LOG (lattice-best-path[5.2.134~1-ecd4]:main():lattice-best-path.cc:99) For utterance jackson_7_3, best cost 104.352 + 4076.31 = 4180.67 over 41 frames.
jackson_7_3 seven 
LOG (lattice-best-path[5.2.134~1-ecd4]:main():lattice-best-path.cc:99) For utterance jackson_7_30, best cost 119.001 + 4368.92 = 4487.92 over 44 frames.
jackson_7_30 seven 
LOG (lattice-best-path[5.2.134~1-ecd4]:main():lattice-best-path.cc:99) For utterance jackson_7_31, best cost 97.5214 + 3934.3 = 4031.82 over 40 frames.
jackson_7_31 seven 
LOG (lattice-best-path[5.2.134~1-ecd4]:main():lattice-best-path.cc:99) For utterance jackson_7_32, best cost 111.595 + 5261.41 = 5373.01 over 52 frames.
jackson_7_32 seven 
LOG (lattice-best-path[5.2.134~1-ecd4]:main():lattice-best-path.cc:99) For utterance jackson_7_33, best cost 106.225 + 5406.93 = 5513.16 over 52 frames.
jackson_7_33 seven 
LOG (lattice-best-path[5.2.134~1-ecd4]:main():lattice-best-path.cc:99) For utterance jackson_7_34, best cost 116.311 + 5350.71 = 5467.02 over 49 frames.
jackson_7_34 seven 
LOG (lattice-best-path[5.2.134~1-ecd4]:main():lattice-best-path.cc:99) For utterance jackson_7_35, best cost 100.359 + 3797.57 = 3897.93 over 39 frames.
jackson_7_35 five 
LOG (lattice-best-path[5.2.134~1-ecd4]:main():lattice-best-path.cc:99) For utterance jackson_7_36, best cost 98.8748 + 3883.96 = 3982.84 over 38 frames.
jackson_7_36 seven 
LOG (lattice-best-path[5.2.134~1-ecd4]:main():lattice-best-path.cc:99) For utterance jackson_7_37, best cost 104.107 + 3881.42 = 3985.53 over 39 frames.
jackson_7_37 seven 
LOG (lattice-best-path[5.2.134~1-ecd4]:main():lattice-best-path.cc:99) For utterance jackson_7_38, best cost 145.564 + 5147.06 = 5292.62 over 46 frames.
jackson_7_38 nine 
LOG (lattice-best-path[5.2.134~1-ecd4]:main():lattice-best-path.cc:99) For utterance jackson_7_39, best cost 151.045 + 5152.22 = 5303.27 over 49 frames.
jackson_7_39 seven 
LOG (lattice-best-path[5.2.134~1-ecd4]:main():lattice-best-path.cc:99) For utterance jackson_7_4, best cost 113.716 + 4200.49 = 4314.21 over 40 frames.
jackson_7_4 seven 
LOG (lattice-best-path[5.2.134~1-ecd4]:main():lattice-best-path.cc:99) For utterance jackson_7_40, best cost 99.5675 + 4865.42 = 4964.99 over 47 frames.
jackson_7_40 nine 
LOG (lattice-best-path[5.2.134~1-ecd4]:main():lattice-best-path.cc:99) For utterance jackson_7_41, best cost 145.884 + 5168.82 = 5314.7 over 48 frames.
jackson_7_41 nine 
LOG (lattice-best-path[5.2.134~1-ecd4]:main():lattice-best-path.cc:99) For utterance jackson_7_42, best cost 101.007 + 4831.46 = 4932.47 over 46 frames.
jackson_7_42 nine 
LOG (lattice-best-path[5.2.134~1-ecd4]:main():lattice-best-path.cc:99) For utterance jackson_7_43, best cost 128.347 + 5376.94 = 5505.29 over 52 frames.
jackson_7_43 seven 
LOG (lattice-best-path[5.2.134~1-ecd4]:main():lattice-best-path.cc:99) For utterance jackson_7_44, best cost 105.612 + 5123.96 = 5229.57 over 49 frames.
jackson_7_44 five 
LOG (lattice-best-path[5.2.134~1-ecd4]:main():lattice-best-path.cc:99) For utterance jackson_7_45, best cost 161.82 + 4491.14 = 4652.96 over 44 frames.
jackson_7_45 nine 
LOG (lattice-best-path[5.2.134~1-ecd4]:main():lattice-best-path.cc:99) For utterance jackson_7_46, best cost 120.846 + 4921.13 = 5041.97 over 47 frames.
jackson_7_46 seven 
LOG (lattice-best-path[5.2.134~1-ecd4]:main():lattice-best-path.cc:99) For utterance jackson_7_47, best cost 120.452 + 5098.32 = 5218.78 over 47 frames.
jackson_7_47 seven 
LOG (lattice-best-path[5.2.134~1-ecd4]:main():lattice-best-path.cc:99) For utterance jackson_7_48, best cost 109.229 + 4639.1 = 4748.33 over 44 frames.
jackson_7_48 seven 
LOG (lattice-best-path[5.2.134~1-ecd4]:main():lattice-best-path.cc:99) For utterance jackson_7_49, best cost 112.456 + 5109.23 = 5221.69 over 47 frames.
jackson_7_49 seven 
LOG (lattice-best-path[5.2.134~1-ecd4]:main():lattice-best-path.cc:99) For utterance jackson_7_5, best cost 101.545 + 4282.77 = 4384.31 over 43 frames.
jackson_7_5 seven 
LOG (lattice-best-path[5.2.134~1-ecd4]:main():lattice-best-path.cc:99) For utterance jackson_7_6, best cost 105.991 + 4468.3 = 4574.3 over 43 frames.
jackson_7_6 seven 
LOG (lattice-best-path[5.2.134~1-ecd4]:main():lattice-best-path.cc:99) For utterance jackson_7_7, best cost 105.861 + 4020.73 = 4126.59 over 40 frames.
jackson_7_7 seven 
LOG (lattice-best-path[5.2.134~1-ecd4]:main():lattice-best-path.cc:99) For utterance jackson_7_8, best cost 42.1126 + 4293.81 = 4335.92 over 41 frames.
jackson_7_8 
LOG (lattice-best-path[5.2.134~1-ecd4]:main():lattice-best-path.cc:99) For utterance jackson_7_9, best cost 125.875 + 4359.6 = 4485.48 over 42 frames.
jackson_7_9 seven 
LOG (lattice-best-path[5.2.134~1-ecd4]:main():lattice-best-path.cc:99) For utterance jackson_8_0, best cost 90.1911 + 3315.88 = 3406.07 over 33 frames.
jackson_8_0 eight 
LOG (lattice-best-path[5.2.134~1-ecd4]:main():lattice-best-path.cc:99) For utterance jackson_8_1, best cost 85.7111 + 3872.11 = 3957.82 over 38 frames.
jackson_8_1 eight 
LOG (lattice-best-path[5.2.134~1-ecd4]:main():lattice-best-path.cc:99) For utterance jackson_8_10, best cost 90.602 + 3409.6 = 3500.21 over 34 frames.
jackson_8_10 eight 
LOG (lattice-best-path[5.2.134~1-ecd4]:main():lattice-best-path.cc:99) For utterance jackson_8_11, best cost 90.9781 + 4087.84 = 4178.82 over 39 frames.
jackson_8_11 eight 
LOG (lattice-best-path[5.2.134~1-ecd4]:main():lattice-best-path.cc:99) For utterance jackson_8_12, best cost 97.1926 + 3480.21 = 3577.4 over 34 frames.
jackson_8_12 eight 
LOG (lattice-best-path[5.2.134~1-ecd4]:main():lattice-best-path.cc:99) For utterance jackson_8_13, best cost 85.3701 + 3971.69 = 4057.06 over 36 frames.
jackson_8_13 eight 
LOG (lattice-best-path[5.2.134~1-ecd4]:main():lattice-best-path.cc:99) For utterance jackson_8_14, best cost 90.1119 + 3380.03 = 3470.15 over 34 frames.
jackson_8_14 eight 
LOG (lattice-best-path[5.2.134~1-ecd4]:main():lattice-best-path.cc:99) For utterance jackson_8_15, best cost 97.4085 + 3922.37 = 4019.78 over 37 frames.
jackson_8_15 eight 
LOG (lattice-best-path[5.2.134~1-ecd4]:main():lattice-best-path.cc:99) For utterance jackson_8_16, best cost 90.2639 + 3380.36 = 3470.62 over 33 frames.
jackson_8_16 eight 
LOG (lattice-best-path[5.2.134~1-ecd4]:main():lattice-best-path.cc:99) For utterance jackson_8_17, best cost 84.7489 + 4135.28 = 4220.03 over 38 frames.
jackson_8_17 eight 
LOG (lattice-best-path[5.2.134~1-ecd4]:main():lattice-best-path.cc:99) For utterance jackson_8_18, best cost 86.4365 + 3874.28 = 3960.72 over 38 frames.
jackson_8_18 eight 
LOG (lattice-best-path[5.2.134~1-ecd4]:main():lattice-best-path.cc:99) For utterance jackson_8_19, best cost 86.1316 + 3857.09 = 3943.22 over 36 frames.
jackson_8_19 eight 
LOG (lattice-best-path[5.2.134~1-ecd4]:main():lattice-best-path.cc:99) For utterance jackson_8_2, best cost 85.3485 + 3813.33 = 3898.68 over 36 frames.
jackson_8_2 eight 
LOG (lattice-best-path[5.2.134~1-ecd4]:main():lattice-best-path.cc:99) For utterance jackson_8_20, best cost 85.5006 + 3960.62 = 4046.12 over 37 frames.
jackson_8_20 eight 
LOG (lattice-best-path[5.2.134~1-ecd4]:main():lattice-best-path.cc:99) For utterance jackson_8_21, best cost 85.4038 + 3968.57 = 4053.97 over 37 frames.
jackson_8_21 eight 
LOG (lattice-best-path[5.2.134~1-ecd4]:main():lattice-best-path.cc:99) For utterance jackson_8_22, best cost 87.2271 + 4437.81 = 4525.03 over 43 frames.
jackson_8_22 eight 
LOG (lattice-best-path[5.2.134~1-ecd4]:main():lattice-best-path.cc:99) For utterance jackson_8_23, best cost 93.9131 + 4217.09 = 4311 over 42 frames.
jackson_8_23 eight 
LOG (lattice-best-path[5.2.134~1-ecd4]:main():lattice-best-path.cc:99) For utterance jackson_8_24, best cost 84.1656 + 3634.33 = 3718.49 over 35 frames.
jackson_8_24 eight 
LOG (lattice-best-path[5.2.134~1-ecd4]:main():lattice-best-path.cc:99) For utterance jackson_8_25, best cost 91.1126 + 3970.58 = 4061.69 over 38 frames.
jackson_8_25 eight 
LOG (lattice-best-path[5.2.134~1-ecd4]:main():lattice-best-path.cc:99) For utterance jackson_8_26, best cost 94.7953 + 4692.65 = 4787.44 over 44 frames.
jackson_8_26 eight 
LOG (lattice-best-path[5.2.134~1-ecd4]:main():lattice-best-path.cc:99) For utterance jackson_8_27, best cost 92.6564 + 3925.88 = 4018.54 over 39 frames.
jackson_8_27 eight 
LOG (lattice-best-path[5.2.134~1-ecd4]:main():lattice-best-path.cc:99) For utterance jackson_8_28, best cost 92.7057 + 4017.89 = 4110.6 over 39 frames.
jackson_8_28 eight 
LOG (lattice-best-path[5.2.134~1-ecd4]:main():lattice-best-path.cc:99) For utterance jackson_8_29, best cost 87.2642 + 3849.06 = 3936.32 over 38 frames.
jackson_8_29 eight 
LOG (lattice-best-path[5.2.134~1-ecd4]:main():lattice-best-path.cc:99) For utterance jackson_8_3, best cost 84.8144 + 3851.42 = 3936.23 over 37 frames.
jackson_8_3 eight 
LOG (lattice-best-path[5.2.134~1-ecd4]:main():lattice-best-path.cc:99) For utterance jackson_8_30, best cost 93.9353 + 4235.34 = 4329.28 over 42 frames.
jackson_8_30 eight 
LOG (lattice-best-path[5.2.134~1-ecd4]:main():lattice-best-path.cc:99) For utterance jackson_8_31, best cost 91.7931 + 4192.72 = 4284.51 over 40 frames.
jackson_8_31 eight 
LOG (lattice-best-path[5.2.134~1-ecd4]:main():lattice-best-path.cc:99) For utterance jackson_8_32, best cost 87.3205 + 4656.35 = 4743.67 over 44 frames.
jackson_8_32 eight 
LOG (lattice-best-path[5.2.134~1-ecd4]:main():lattice-best-path.cc:99) For utterance jackson_8_33, best cost 89.4456 + 4694.08 = 4783.53 over 43 frames.
jackson_8_33 eight 
LOG (lattice-best-path[5.2.134~1-ecd4]:main():lattice-best-path.cc:99) For utterance jackson_8_34, best cost 89.3053 + 4587.79 = 4677.09 over 46 frames.
jackson_8_34 eight 
LOG (lattice-best-path[5.2.134~1-ecd4]:main():lattice-best-path.cc:99) For utterance jackson_8_35, best cost 92.083 + 4684.63 = 4776.71 over 46 frames.
jackson_8_35 eight 
LOG (lattice-best-path[5.2.134~1-ecd4]:main():lattice-best-path.cc:99) For utterance jackson_8_36, best cost 85.2467 + 4283.25 = 4368.49 over 40 frames.
jackson_8_36 eight 
LOG (lattice-best-path[5.2.134~1-ecd4]:main():lattice-best-path.cc:99) For utterance jackson_8_37, best cost 85.2203 + 4147 = 4232.22 over 39 frames.
jackson_8_37 eight 
LOG (lattice-best-path[5.2.134~1-ecd4]:main():lattice-best-path.cc:99) For utterance jackson_8_38, best cost 42.8113 + 4602.49 = 4645.3 over 43 frames.
jackson_8_38 
LOG (lattice-best-path[5.2.134~1-ecd4]:main():lattice-best-path.cc:99) For utterance jackson_8_39, best cost 90.5069 + 4832.79 = 4923.3 over 45 frames.
jackson_8_39 eight 
LOG (lattice-best-path[5.2.134~1-ecd4]:main():lattice-best-path.cc:99) For utterance jackson_8_4, best cost 91.4921 + 4128.64 = 4220.13 over 39 frames.
jackson_8_4 eight 
LOG (lattice-best-path[5.2.134~1-ecd4]:main():lattice-best-path.cc:99) For utterance jackson_8_40, best cost 89.8111 + 4290.02 = 4379.83 over 42 frames.
jackson_8_40 eight 
LOG (lattice-best-path[5.2.134~1-ecd4]:main():lattice-best-path.cc:99) For utterance jackson_8_41, best cost 98.138 + 6069.02 = 6167.15 over 56 frames.
jackson_8_41 eight 
LOG (lattice-best-path[5.2.134~1-ecd4]:main():lattice-best-path.cc:99) For utterance jackson_8_42, best cost 85.1301 + 3997.39 = 4082.52 over 40 frames.
jackson_8_42 eight 
LOG (lattice-best-path[5.2.134~1-ecd4]:main():lattice-best-path.cc:99) For utterance jackson_8_43, best cost 86.682 + 4009.85 = 4096.53 over 40 frames.
jackson_8_43 eight 
LOG (lattice-best-path[5.2.134~1-ecd4]:main():lattice-best-path.cc:99) For utterance jackson_8_44, best cost 92.3052 + 4363.86 = 4456.16 over 42 frames.
jackson_8_44 eight 
LOG (lattice-best-path[5.2.134~1-ecd4]:main():lattice-best-path.cc:99) For utterance jackson_8_45, best cost 89.482 + 4557.22 = 4646.7 over 42 frames.
jackson_8_45 eight 
LOG (lattice-best-path[5.2.134~1-ecd4]:main():lattice-best-path.cc:99) For utterance jackson_8_46, best cost 85.5151 + 4297.61 = 4383.13 over 40 frames.
jackson_8_46 eight 
LOG (lattice-best-path[5.2.134~1-ecd4]:main():lattice-best-path.cc:99) For utterance jackson_8_47, best cost 86.2947 + 4166.33 = 4252.63 over 41 frames.
jackson_8_47 eight 
LOG (lattice-best-path[5.2.134~1-ecd4]:main():lattice-best-path.cc:99) For utterance jackson_8_48, best cost 86.0721 + 4222.11 = 4308.18 over 40 frames.
jackson_8_48 eight 
LOG (lattice-best-path[5.2.134~1-ecd4]:main():lattice-best-path.cc:99) For utterance jackson_8_49, best cost 89.2011 + 4642.45 = 4731.65 over 45 frames.
jackson_8_49 eight 
LOG (lattice-best-path[5.2.134~1-ecd4]:main():lattice-best-path.cc:99) For utterance jackson_8_5, best cost 94.2315 + 4234.57 = 4328.8 over 41 frames.
jackson_8_5 eight 
LOG (lattice-best-path[5.2.134~1-ecd4]:main():lattice-best-path.cc:99) For utterance jackson_8_6, best cost 86.1027 + 4181.81 = 4267.92 over 40 frames.
jackson_8_6 eight 
LOG (lattice-best-path[5.2.134~1-ecd4]:main():lattice-best-path.cc:99) For utterance jackson_8_7, best cost 93.4266 + 4386.21 = 4479.64 over 41 frames.
jackson_8_7 eight 
LOG (lattice-best-path[5.2.134~1-ecd4]:main():lattice-best-path.cc:99) For utterance jackson_8_8, best cost 40.2007 + 3651.02 = 3691.23 over 35 frames.
jackson_8_8 
LOG (lattice-best-path[5.2.134~1-ecd4]:main():lattice-best-path.cc:99) For utterance jackson_8_9, best cost 40.3656 + 3833.34 = 3873.71 over 36 frames.
jackson_8_9 
LOG (lattice-best-path[5.2.134~1-ecd4]:main():lattice-best-path.cc:99) For utterance jackson_9_0, best cost 107.563 + 5478.22 = 5585.78 over 58 frames.
jackson_9_0 nine 
LOG (lattice-best-path[5.2.134~1-ecd4]:main():lattice-best-path.cc:99) For utterance jackson_9_1, best cost 111.314 + 5485.54 = 5596.85 over 55 frames.
jackson_9_1 nine 
LOG (lattice-best-path[5.2.134~1-ecd4]:main():lattice-best-path.cc:99) For utterance jackson_9_10, best cost 95.092 + 5149.18 = 5244.27 over 49 frames.
jackson_9_10 nine 
LOG (lattice-best-path[5.2.134~1-ecd4]:main():lattice-best-path.cc:99) For utterance jackson_9_11, best cost 108.841 + 5909.57 = 6018.41 over 60 frames.
jackson_9_11 nine 
LOG (lattice-best-path[5.2.134~1-ecd4]:main():lattice-best-path.cc:99) For utterance jackson_9_12, best cost 118.134 + 5540.18 = 5658.32 over 56 frames.
jackson_9_12 nine 
LOG (lattice-best-path[5.2.134~1-ecd4]:main():lattice-best-path.cc:99) For utterance jackson_9_13, best cost 107.144 + 5490.17 = 5597.32 over 57 frames.
jackson_9_13 nine 
LOG (lattice-best-path[5.2.134~1-ecd4]:main():lattice-best-path.cc:99) For utterance jackson_9_14, best cost 108.117 + 6261.76 = 6369.87 over 60 frames.
jackson_9_14 nine 
LOG (lattice-best-path[5.2.134~1-ecd4]:main():lattice-best-path.cc:99) For utterance jackson_9_15, best cost 115.082 + 5828.78 = 5943.86 over 57 frames.
jackson_9_15 nine 
LOG (lattice-best-path[5.2.134~1-ecd4]:main():lattice-best-path.cc:99) For utterance jackson_9_16, best cost 102.551 + 4459.18 = 4561.73 over 45 frames.
jackson_9_16 nine 
LOG (lattice-best-path[5.2.134~1-ecd4]:main():lattice-best-path.cc:99) For utterance jackson_9_17, best cost 95.6421 + 4633.95 = 4729.59 over 46 frames.
jackson_9_17 nine 
LOG (lattice-best-path[5.2.134~1-ecd4]:main():lattice-best-path.cc:99) For utterance jackson_9_18, best cost 94.6656 + 5179.53 = 5274.2 over 52 frames.
jackson_9_18 nine 
LOG (lattice-best-path[5.2.134~1-ecd4]:main():lattice-best-path.cc:99) For utterance jackson_9_19, best cost 110.289 + 4984.23 = 5094.52 over 52 frames.
jackson_9_19 nine 
LOG (lattice-best-path[5.2.134~1-ecd4]:main():lattice-best-path.cc:99) For utterance jackson_9_2, best cost 110.748 + 5581.57 = 5692.32 over 56 frames.
jackson_9_2 nine 
LOG (lattice-best-path[5.2.134~1-ecd4]:main():lattice-best-path.cc:99) For utterance jackson_9_20, best cost 108.545 + 5532.59 = 5641.14 over 57 frames.
jackson_9_20 nine 
LOG (lattice-best-path[5.2.134~1-ecd4]:main():lattice-best-path.cc:99) For utterance jackson_9_21, best cost 103.91 + 5130.95 = 5234.86 over 52 frames.
jackson_9_21 nine 
LOG (lattice-best-path[5.2.134~1-ecd4]:main():lattice-best-path.cc:99) For utterance jackson_9_22, best cost 103.673 + 4903.78 = 5007.46 over 50 frames.
jackson_9_22 nine 
LOG (lattice-best-path[5.2.134~1-ecd4]:main():lattice-best-path.cc:99) For utterance jackson_9_23, best cost 106.213 + 6001.64 = 6107.85 over 60 frames.
jackson_9_23 nine 
LOG (lattice-best-path[5.2.134~1-ecd4]:main():lattice-best-path.cc:99) For utterance jackson_9_24, best cost 109.992 + 5042.51 = 5152.5 over 52 frames.
jackson_9_24 nine 
LOG (lattice-best-path[5.2.134~1-ecd4]:main():lattice-best-path.cc:99) For utterance jackson_9_25, best cost 97.6116 + 4483.26 = 4580.87 over 47 frames.
jackson_9_25 nine 
LOG (lattice-best-path[5.2.134~1-ecd4]:main():lattice-best-path.cc:99) For utterance jackson_9_26, best cost 109.897 + 5833.72 = 5943.62 over 60 frames.
jackson_9_26 nine 
LOG (lattice-best-path[5.2.134~1-ecd4]:main():lattice-best-path.cc:99) For utterance jackson_9_27, best cost 114.225 + 5759.58 = 5873.81 over 59 frames.
jackson_9_27 nine 
LOG (lattice-best-path[5.2.134~1-ecd4]:main():lattice-best-path.cc:99) For utterance jackson_9_28, best cost 100.583 + 5663.22 = 5763.81 over 59 frames.
jackson_9_28 nine 
LOG (lattice-best-path[5.2.134~1-ecd4]:main():lattice-best-path.cc:99) For utterance jackson_9_29, best cost 110.181 + 4815.99 = 4926.17 over 50 frames.
jackson_9_29 nine 
LOG (lattice-best-path[5.2.134~1-ecd4]:main():lattice-best-path.cc:99) For utterance jackson_9_3, best cost 100.198 + 5344.56 = 5444.76 over 52 frames.
jackson_9_3 nine 
LOG (lattice-best-path[5.2.134~1-ecd4]:main():lattice-best-path.cc:99) For utterance jackson_9_30, best cost 115.857 + 7207.31 = 7323.17 over 62 frames.
jackson_9_30 nine 
LOG (lattice-best-path[5.2.134~1-ecd4]:main():lattice-best-path.cc:99) For utterance jackson_9_31, best cost 109.112 + 6705.2 = 6814.31 over 63 frames.
jackson_9_31 nine 
LOG (lattice-best-path[5.2.134~1-ecd4]:main():lattice-best-path.cc:99) For utterance jackson_9_32, best cost 118.425 + 6468.74 = 6587.17 over 62 frames.
jackson_9_32 nine 
LOG (lattice-best-path[5.2.134~1-ecd4]:main():lattice-best-path.cc:99) For utterance jackson_9_33, best cost 131.707 + 7016.06 = 7147.77 over 66 frames.
jackson_9_33 nine 
LOG (lattice-best-path[5.2.134~1-ecd4]:main():lattice-best-path.cc:99) For utterance jackson_9_34, best cost 117.709 + 6675.88 = 6793.59 over 66 frames.
jackson_9_34 nine 
LOG (lattice-best-path[5.2.134~1-ecd4]:main():lattice-best-path.cc:99) For utterance jackson_9_35, best cost 109.67 + 6670.6 = 6780.27 over 64 frames.
jackson_9_35 nine 
LOG (lattice-best-path[5.2.134~1-ecd4]:main():lattice-best-path.cc:99) For utterance jackson_9_36, best cost 115.799 + 6889.08 = 7004.87 over 64 frames.
jackson_9_36 nine 
LOG (lattice-best-path[5.2.134~1-ecd4]:main():lattice-best-path.cc:99) For utterance jackson_9_37, best cost 113.068 + 6592.32 = 6705.39 over 60 frames.
jackson_9_37 nine 
LOG (lattice-best-path[5.2.134~1-ecd4]:main():lattice-best-path.cc:99) For utterance jackson_9_38, best cost 125.674 + 6657.8 = 6783.47 over 63 frames.
jackson_9_38 one 
LOG (lattice-best-path[5.2.134~1-ecd4]:main():lattice-best-path.cc:99) For utterance jackson_9_39, best cost 115.413 + 6341.43 = 6456.85 over 58 frames.
jackson_9_39 nine 
LOG (lattice-best-path[5.2.134~1-ecd4]:main():lattice-best-path.cc:99) For utterance jackson_9_4, best cost 111.595 + 5581.96 = 5693.55 over 56 frames.
jackson_9_4 nine 
LOG (lattice-best-path[5.2.134~1-ecd4]:main():lattice-best-path.cc:99) For utterance jackson_9_40, best cost 107.597 + 6663.98 = 6771.58 over 60 frames.
jackson_9_40 nine 
LOG (lattice-best-path[5.2.134~1-ecd4]:main():lattice-best-path.cc:99) For utterance jackson_9_41, best cost 46.6547 + 6190.09 = 6236.74 over 54 frames.
jackson_9_41 
LOG (lattice-best-path[5.2.134~1-ecd4]:main():lattice-best-path.cc:99) For utterance jackson_9_42, best cost 118.046 + 5860.84 = 5978.88 over 56 frames.
jackson_9_42 nine 
LOG (lattice-best-path[5.2.134~1-ecd4]:main():lattice-best-path.cc:99) For utterance jackson_9_43, best cost 124.36 + 6496.96 = 6621.32 over 60 frames.
jackson_9_43 nine 
LOG (lattice-best-path[5.2.134~1-ecd4]:main():lattice-best-path.cc:99) For utterance jackson_9_44, best cost 108.155 + 6284.42 = 6392.58 over 58 frames.
jackson_9_44 nine 
LOG (lattice-best-path[5.2.134~1-ecd4]:main():lattice-best-path.cc:99) For utterance jackson_9_45, best cost 100.77 + 5366.56 = 5467.33 over 52 frames.
jackson_9_45 nine 
LOG (lattice-best-path[5.2.134~1-ecd4]:main():lattice-best-path.cc:99) For utterance jackson_9_46, best cost 126.572 + 6835.14 = 6961.71 over 63 frames.
jackson_9_46 nine 
LOG (lattice-best-path[5.2.134~1-ecd4]:main():lattice-best-path.cc:99) For utterance jackson_9_47, best cost 111.749 + 6419.63 = 6531.38 over 59 frames.
jackson_9_47 nine 
LOG (lattice-best-path[5.2.134~1-ecd4]:main():lattice-best-path.cc:99) For utterance jackson_9_48, best cost 112.534 + 6603.41 = 6715.94 over 59 frames.
jackson_9_48 nine 
LOG (lattice-best-path[5.2.134~1-ecd4]:main():lattice-best-path.cc:99) For utterance jackson_9_49, best cost 110.293 + 6562.9 = 6673.2 over 62 frames.
jackson_9_49 nine 
LOG (lattice-best-path[5.2.134~1-ecd4]:main():lattice-best-path.cc:99) For utterance jackson_9_5, best cost 121.131 + 5332.24 = 5453.37 over 56 frames.
jackson_9_5 nine 
LOG (lattice-best-path[5.2.134~1-ecd4]:main():lattice-best-path.cc:99) For utterance jackson_9_6, best cost 110.731 + 5242.17 = 5352.9 over 54 frames.
jackson_9_6 nine 
LOG (lattice-best-path[5.2.134~1-ecd4]:main():lattice-best-path.cc:99) For utterance jackson_9_7, best cost 103.152 + 5077.62 = 5180.77 over 52 frames.
jackson_9_7 nine 
LOG (lattice-best-path[5.2.134~1-ecd4]:main():lattice-best-path.cc:99) For utterance jackson_9_8, best cost 97.8209 + 6025.11 = 6122.93 over 62 frames.
jackson_9_8 nine 
LOG (lattice-best-path[5.2.134~1-ecd4]:main():lattice-best-path.cc:99) For utterance jackson_9_9, best cost 96.8415 + 5326.53 = 5423.37 over 52 frames.
jackson_9_9 nine 
LOG (lattice-best-path[5.2.134~1-ecd4]:main():lattice-best-path.cc:124) Overall cost per frame is 105.255 = 2.08063 [graph] + 103.174 [acoustic] over 24827 frames.
LOG (lattice-best-path[5.2.134~1-ecd4]:main():lattice-best-path.cc:128) Done 500 lattices, failed for 0
# Accounting: time=0 threads=1
# Ended (code 0) at Sat Nov 11 18:40:08 EST 2017, elapsed time 0 seconds
