# lattice-best-path --lm-scale=14 --word-symbol-table=exp/mono/graph/words.txt "ark:gunzip -c exp/mono/decode/lat.*.gz|" ark,t:exp/mono/decode/scoring/14.tra 
# Started at Sat Nov 11 18:40:08 EST 2017
#
lattice-best-path --lm-scale=14 --word-symbol-table=exp/mono/graph/words.txt 'ark:gunzip -c exp/mono/decode/lat.*.gz|' ark,t:exp/mono/decode/scoring/14.tra 
LOG (lattice-best-path[5.2.134~1-ecd4]:main():lattice-best-path.cc:99) For utterance jackson_0_0, best cost 129.569 + 6121.17 = 6250.74 over 62 frames.
jackson_0_0 zero 
LOG (lattice-best-path[5.2.134~1-ecd4]:main():lattice-best-path.cc:99) For utterance jackson_0_1, best cost 134.995 + 5273.33 = 5408.32 over 51 frames.
jackson_0_1 zero 
LOG (lattice-best-path[5.2.134~1-ecd4]:main():lattice-best-path.cc:99) For utterance jackson_0_10, best cost 130.727 + 6563.1 = 6693.83 over 66 frames.
jackson_0_10 zero 
LOG (lattice-best-path[5.2.134~1-ecd4]:main():lattice-best-path.cc:99) For utterance jackson_0_11, best cost 149.943 + 5794.7 = 5944.65 over 59 frames.
jackson_0_11 zero 
LOG (lattice-best-path[5.2.134~1-ecd4]:main():lattice-best-path.cc:99) For utterance jackson_0_12, best cost 169.932 + 5217.84 = 5387.77 over 49 frames.
jackson_0_12 zero 
LOG (lattice-best-path[5.2.134~1-ecd4]:main():lattice-best-path.cc:99) For utterance jackson_0_13, best cost 124.739 + 5718 = 5842.74 over 57 frames.
jackson_0_13 zero 
LOG (lattice-best-path[5.2.134~1-ecd4]:main():lattice-best-path.cc:99) For utterance jackson_0_14, best cost 118.333 + 6082.96 = 6201.3 over 60 frames.
jackson_0_14 zero 
LOG (lattice-best-path[5.2.134~1-ecd4]:main():lattice-best-path.cc:99) For utterance jackson_0_15, best cost 150.445 + 6228.6 = 6379.05 over 62 frames.
jackson_0_15 zero 
LOG (lattice-best-path[5.2.134~1-ecd4]:main():lattice-best-path.cc:99) For utterance jackson_0_16, best cost 118.908 + 5395.9 = 5514.8 over 53 frames.
jackson_0_16 zero 
LOG (lattice-best-path[5.2.134~1-ecd4]:main():lattice-best-path.cc:99) For utterance jackson_0_17, best cost 116.614 + 5152.07 = 5268.68 over 51 frames.
jackson_0_17 zero 
LOG (lattice-best-path[5.2.134~1-ecd4]:main():lattice-best-path.cc:99) For utterance jackson_0_18, best cost 115.269 + 6279.19 = 6394.46 over 63 frames.
jackson_0_18 zero 
LOG (lattice-best-path[5.2.134~1-ecd4]:main():lattice-best-path.cc:99) For utterance jackson_0_19, best cost 155.998 + 6379.49 = 6535.49 over 62 frames.
jackson_0_19 zero 
LOG (lattice-best-path[5.2.134~1-ecd4]:main():lattice-best-path.cc:99) For utterance jackson_0_2, best cost 123.208 + 5228.21 = 5351.42 over 51 frames.
jackson_0_2 zero 
LOG (lattice-best-path[5.2.134~1-ecd4]:main():lattice-best-path.cc:99) For utterance jackson_0_20, best cost 144.859 + 6174.37 = 6319.23 over 60 frames.
jackson_0_20 zero 
LOG (lattice-best-path[5.2.134~1-ecd4]:main():lattice-best-path.cc:99) For utterance jackson_0_21, best cost 144.821 + 5812.34 = 5957.17 over 58 frames.
jackson_0_21 zero 
LOG (lattice-best-path[5.2.134~1-ecd4]:main():lattice-best-path.cc:99) For utterance jackson_0_22, best cost 121.123 + 5744.08 = 5865.2 over 58 frames.
jackson_0_22 zero 
LOG (lattice-best-path[5.2.134~1-ecd4]:main():lattice-best-path.cc:99) For utterance jackson_0_23, best cost 122.82 + 5639.83 = 5762.65 over 57 frames.
jackson_0_23 zero 
LOG (lattice-best-path[5.2.134~1-ecd4]:main():lattice-best-path.cc:99) For utterance jackson_0_24, best cost 132.66 + 6350.53 = 6483.19 over 62 frames.
jackson_0_24 zero 
LOG (lattice-best-path[5.2.134~1-ecd4]:main():lattice-best-path.cc:99) For utterance jackson_0_25, best cost 128.708 + 5997.52 = 6126.23 over 60 frames.
jackson_0_25 zero 
LOG (lattice-best-path[5.2.134~1-ecd4]:main():lattice-best-path.cc:99) For utterance jackson_0_26, best cost 117.124 + 5588.85 = 5705.98 over 56 frames.
jackson_0_26 zero 
LOG (lattice-best-path[5.2.134~1-ecd4]:main():lattice-best-path.cc:99) For utterance jackson_0_27, best cost 113.235 + 6095.01 = 6208.24 over 63 frames.
jackson_0_27 zero 
LOG (lattice-best-path[5.2.134~1-ecd4]:main():lattice-best-path.cc:99) For utterance jackson_0_28, best cost 117.669 + 6339.43 = 6457.1 over 62 frames.
jackson_0_28 zero 
LOG (lattice-best-path[5.2.134~1-ecd4]:main():lattice-best-path.cc:99) For utterance jackson_0_29, best cost 118.47 + 5761.72 = 5880.19 over 56 frames.
jackson_0_29 zero 
LOG (lattice-best-path[5.2.134~1-ecd4]:main():lattice-best-path.cc:99) For utterance jackson_0_3, best cost 157.468 + 5659.78 = 5817.25 over 58 frames.
jackson_0_3 zero 
LOG (lattice-best-path[5.2.134~1-ecd4]:main():lattice-best-path.cc:99) For utterance jackson_0_30, best cost 121.003 + 6082.44 = 6203.44 over 62 frames.
jackson_0_30 zero 
LOG (lattice-best-path[5.2.134~1-ecd4]:main():lattice-best-path.cc:99) For utterance jackson_0_31, best cost 110.575 + 5355.94 = 5466.51 over 55 frames.
jackson_0_31 zero 
LOG (lattice-best-path[5.2.134~1-ecd4]:main():lattice-best-path.cc:99) For utterance jackson_0_32, best cost 118.577 + 6416.19 = 6534.76 over 60 frames.
jackson_0_32 zero 
LOG (lattice-best-path[5.2.134~1-ecd4]:main():lattice-best-path.cc:99) For utterance jackson_0_33, best cost 121.872 + 6517.39 = 6639.26 over 64 frames.
jackson_0_33 zero 
LOG (lattice-best-path[5.2.134~1-ecd4]:main():lattice-best-path.cc:99) For utterance jackson_0_34, best cost 123.511 + 6290.22 = 6413.73 over 64 frames.
jackson_0_34 zero 
LOG (lattice-best-path[5.2.134~1-ecd4]:main():lattice-best-path.cc:99) For utterance jackson_0_35, best cost 119.5 + 6380.09 = 6499.59 over 61 frames.
jackson_0_35 zero 
LOG (lattice-best-path[5.2.134~1-ecd4]:main():lattice-best-path.cc:99) For utterance jackson_0_36, best cost 118.666 + 5782.97 = 5901.63 over 58 frames.
jackson_0_36 zero 
LOG (lattice-best-path[5.2.134~1-ecd4]:main():lattice-best-path.cc:99) For utterance jackson_0_37, best cost 122.165 + 5936.66 = 6058.82 over 60 frames.
jackson_0_37 zero 
LOG (lattice-best-path[5.2.134~1-ecd4]:main():lattice-best-path.cc:99) For utterance jackson_0_38, best cost 113.546 + 6376.15 = 6489.7 over 64 frames.
jackson_0_38 zero 
LOG (lattice-best-path[5.2.134~1-ecd4]:main():lattice-best-path.cc:99) For utterance jackson_0_39, best cost 124.269 + 5521.92 = 5646.19 over 56 frames.
jackson_0_39 zero 
LOG (lattice-best-path[5.2.134~1-ecd4]:main():lattice-best-path.cc:99) For utterance jackson_0_4, best cost 124.483 + 4940.28 = 5064.77 over 52 frames.
jackson_0_4 zero 
LOG (lattice-best-path[5.2.134~1-ecd4]:main():lattice-best-path.cc:99) For utterance jackson_0_40, best cost 145.301 + 6619.26 = 6764.56 over 69 frames.
jackson_0_40 zero 
LOG (lattice-best-path[5.2.134~1-ecd4]:main():lattice-best-path.cc:99) For utterance jackson_0_41, best cost 122.068 + 6812.56 = 6934.63 over 67 frames.
jackson_0_41 zero 
LOG (lattice-best-path[5.2.134~1-ecd4]:main():lattice-best-path.cc:99) For utterance jackson_0_42, best cost 121.47 + 6522.53 = 6644 over 64 frames.
jackson_0_42 zero 
LOG (lattice-best-path[5.2.134~1-ecd4]:main():lattice-best-path.cc:99) For utterance jackson_0_43, best cost 121.906 + 6135 = 6256.9 over 60 frames.
jackson_0_43 zero 
LOG (lattice-best-path[5.2.134~1-ecd4]:main():lattice-best-path.cc:99) For utterance jackson_0_44, best cost 125.978 + 6837.16 = 6963.14 over 65 frames.
jackson_0_44 zero 
LOG (lattice-best-path[5.2.134~1-ecd4]:main():lattice-best-path.cc:99) For utterance jackson_0_45, best cost 135.377 + 6710.34 = 6845.72 over 64 frames.
jackson_0_45 zero 
LOG (lattice-best-path[5.2.134~1-ecd4]:main():lattice-best-path.cc:99) For utterance jackson_0_46, best cost 117.522 + 6912.35 = 7029.87 over 65 frames.
jackson_0_46 zero 
LOG (lattice-best-path[5.2.134~1-ecd4]:main():lattice-best-path.cc:99) For utterance jackson_0_47, best cost 129.348 + 6822.28 = 6951.63 over 65 frames.
jackson_0_47 zero 
LOG (lattice-best-path[5.2.134~1-ecd4]:main():lattice-best-path.cc:99) For utterance jackson_0_48, best cost 114.616 + 6540.98 = 6655.6 over 63 frames.
jackson_0_48 zero 
LOG (lattice-best-path[5.2.134~1-ecd4]:main():lattice-best-path.cc:99) For utterance jackson_0_49, best cost 185.319 + 8237.09 = 8422.41 over 76 frames.
jackson_0_49 zero 
LOG (lattice-best-path[5.2.134~1-ecd4]:main():lattice-best-path.cc:99) For utterance jackson_0_5, best cost 138.542 + 5357.06 = 5495.6 over 55 frames.
jackson_0_5 zero 
LOG (lattice-best-path[5.2.134~1-ecd4]:main():lattice-best-path.cc:99) For utterance jackson_0_6, best cost 113.998 + 6211.49 = 6325.49 over 61 frames.
jackson_0_6 zero 
LOG (lattice-best-path[5.2.134~1-ecd4]:main():lattice-best-path.cc:99) For utterance jackson_0_7, best cost 159.839 + 5397.78 = 5557.62 over 53 frames.
jackson_0_7 zero 
LOG (lattice-best-path[5.2.134~1-ecd4]:main():lattice-best-path.cc:99) For utterance jackson_0_8, best cost 133.6 + 5637.32 = 5770.92 over 56 frames.
jackson_0_8 zero 
LOG (lattice-best-path[5.2.134~1-ecd4]:main():lattice-best-path.cc:99) For utterance jackson_0_9, best cost 122.921 + 5784.29 = 5907.21 over 61 frames.
jackson_0_9 zero 
LOG (lattice-best-path[5.2.134~1-ecd4]:main():lattice-best-path.cc:99) For utterance jackson_1_0, best cost 117.097 + 4959.34 = 5076.44 over 50 frames.
jackson_1_0 one 
LOG (lattice-best-path[5.2.134~1-ecd4]:main():lattice-best-path.cc:99) For utterance jackson_1_1, best cost 118.128 + 5071.93 = 5190.06 over 51 frames.
jackson_1_1 one 
LOG (lattice-best-path[5.2.134~1-ecd4]:main():lattice-best-path.cc:99) For utterance jackson_1_10, best cost 134.712 + 5838.94 = 5973.66 over 57 frames.
jackson_1_10 one 
LOG (lattice-best-path[5.2.134~1-ecd4]:main():lattice-best-path.cc:99) For utterance jackson_1_11, best cost 124.794 + 5024.31 = 5149.11 over 49 frames.
jackson_1_11 one 
LOG (lattice-best-path[5.2.134~1-ecd4]:main():lattice-best-path.cc:99) For utterance jackson_1_12, best cost 114.637 + 4487.07 = 4601.7 over 43 frames.
jackson_1_12 one 
LOG (lattice-best-path[5.2.134~1-ecd4]:main():lattice-best-path.cc:99) For utterance jackson_1_13, best cost 119.474 + 4799.19 = 4918.67 over 45 frames.
jackson_1_13 one 
LOG (lattice-best-path[5.2.134~1-ecd4]:main():lattice-best-path.cc:99) For utterance jackson_1_14, best cost 134.246 + 6968.33 = 7102.58 over 66 frames.
jackson_1_14 one 
LOG (lattice-best-path[5.2.134~1-ecd4]:main():lattice-best-path.cc:99) For utterance jackson_1_15, best cost 118.919 + 4133.21 = 4252.13 over 43 frames.
jackson_1_15 one 
LOG (lattice-best-path[5.2.134~1-ecd4]:main():lattice-best-path.cc:99) For utterance jackson_1_16, best cost 119.744 + 4520.07 = 4639.81 over 47 frames.
jackson_1_16 one 
LOG (lattice-best-path[5.2.134~1-ecd4]:main():lattice-best-path.cc:99) For utterance jackson_1_17, best cost 116.022 + 4122.78 = 4238.8 over 40 frames.
jackson_1_17 one 
LOG (lattice-best-path[5.2.134~1-ecd4]:main():lattice-best-path.cc:99) For utterance jackson_1_18, best cost 115.407 + 4356.55 = 4471.96 over 43 frames.
jackson_1_18 one 
LOG (lattice-best-path[5.2.134~1-ecd4]:main():lattice-best-path.cc:99) For utterance jackson_1_19, best cost 115.228 + 4651.47 = 4766.7 over 46 frames.
jackson_1_19 one 
LOG (lattice-best-path[5.2.134~1-ecd4]:main():lattice-best-path.cc:99) For utterance jackson_1_2, best cost 123.749 + 4561.79 = 4685.54 over 46 frames.
jackson_1_2 one 
LOG (lattice-best-path[5.2.134~1-ecd4]:main():lattice-best-path.cc:99) For utterance jackson_1_20, best cost 120.511 + 4405.4 = 4525.91 over 44 frames.
jackson_1_20 one 
LOG (lattice-best-path[5.2.134~1-ecd4]:main():lattice-best-path.cc:99) For utterance jackson_1_21, best cost 120.018 + 4937.12 = 5057.14 over 47 frames.
jackson_1_21 one 
LOG (lattice-best-path[5.2.134~1-ecd4]:main():lattice-best-path.cc:99) For utterance jackson_1_22, best cost 122.213 + 4571.23 = 4693.45 over 42 frames.
jackson_1_22 one 
LOG (lattice-best-path[5.2.134~1-ecd4]:main():lattice-best-path.cc:99) For utterance jackson_1_23, best cost 115.616 + 4344.97 = 4460.59 over 45 frames.
jackson_1_23 one 
LOG (lattice-best-path[5.2.134~1-ecd4]:main():lattice-best-path.cc:99) For utterance jackson_1_24, best cost 122.673 + 4413.95 = 4536.63 over 46 frames.
jackson_1_24 one 
LOG (lattice-best-path[5.2.134~1-ecd4]:main():lattice-best-path.cc:99) For utterance jackson_1_25, best cost 134.33 + 4985.8 = 5120.13 over 53 frames.
jackson_1_25 one 
LOG (lattice-best-path[5.2.134~1-ecd4]:main():lattice-best-path.cc:99) For utterance jackson_1_26, best cost 122.923 + 5149.8 = 5272.72 over 51 frames.
jackson_1_26 one 
LOG (lattice-best-path[5.2.134~1-ecd4]:main():lattice-best-path.cc:99) For utterance jackson_1_27, best cost 122.827 + 4645.04 = 4767.87 over 46 frames.
jackson_1_27 one 
LOG (lattice-best-path[5.2.134~1-ecd4]:main():lattice-best-path.cc:99) For utterance jackson_1_28, best cost 121.706 + 4628.74 = 4750.45 over 45 frames.
jackson_1_28 one 
LOG (lattice-best-path[5.2.134~1-ecd4]:main():lattice-best-path.cc:99) For utterance jackson_1_29, best cost 119.299 + 4675.19 = 4794.49 over 45 frames.
jackson_1_29 one 
LOG (lattice-best-path[5.2.134~1-ecd4]:main():lattice-best-path.cc:99) For utterance jackson_1_3, best cost 110.461 + 4812.56 = 4923.02 over 48 frames.
jackson_1_3 one 
LOG (lattice-best-path[5.2.134~1-ecd4]:main():lattice-best-path.cc:99) For utterance jackson_1_30, best cost 115.998 + 5006.07 = 5122.07 over 47 frames.
jackson_1_30 one 
LOG (lattice-best-path[5.2.134~1-ecd4]:main():lattice-best-path.cc:99) For utterance jackson_1_31, best cost 118.221 + 5243.26 = 5361.48 over 51 frames.
jackson_1_31 one 
LOG (lattice-best-path[5.2.134~1-ecd4]:main():lattice-best-path.cc:99) For utterance jackson_1_32, best cost 123.96 + 5044.92 = 5168.88 over 50 frames.
jackson_1_32 one 
LOG (lattice-best-path[5.2.134~1-ecd4]:main():lattice-best-path.cc:99) For utterance jackson_1_33, best cost 126.963 + 6271.59 = 6398.55 over 59 frames.
jackson_1_33 one 
LOG (lattice-best-path[5.2.134~1-ecd4]:main():lattice-best-path.cc:99) For utterance jackson_1_34, best cost 125.514 + 5042.41 = 5167.92 over 49 frames.
jackson_1_34 one 
LOG (lattice-best-path[5.2.134~1-ecd4]:main():lattice-best-path.cc:99) For utterance jackson_1_35, best cost 120.1 + 4722.14 = 4842.24 over 48 frames.
jackson_1_35 one 
LOG (lattice-best-path[5.2.134~1-ecd4]:main():lattice-best-path.cc:99) For utterance jackson_1_36, best cost 122.358 + 4191.03 = 4313.38 over 42 frames.
jackson_1_36 one 
LOG (lattice-best-path[5.2.134~1-ecd4]:main():lattice-best-path.cc:99) For utterance jackson_1_37, best cost 116.146 + 4212.09 = 4328.24 over 42 frames.
jackson_1_37 one 
LOG (lattice-best-path[5.2.134~1-ecd4]:main():lattice-best-path.cc:99) For utterance jackson_1_38, best cost 119.379 + 4869.48 = 4988.86 over 48 frames.
jackson_1_38 one 
LOG (lattice-best-path[5.2.134~1-ecd4]:main():lattice-best-path.cc:99) For utterance jackson_1_39, best cost 124.243 + 5896.32 = 6020.56 over 54 frames.
jackson_1_39 one 
LOG (lattice-best-path[5.2.134~1-ecd4]:main():lattice-best-path.cc:99) For utterance jackson_1_4, best cost 111.955 + 5221.65 = 5333.6 over 51 frames.
jackson_1_4 one 
LOG (lattice-best-path[5.2.134~1-ecd4]:main():lattice-best-path.cc:99) For utterance jackson_1_40, best cost 123.409 + 6479.44 = 6602.85 over 59 frames.
jackson_1_40 one 
LOG (lattice-best-path[5.2.134~1-ecd4]:main():lattice-best-path.cc:99) For utterance jackson_1_41, best cost 121.112 + 6490.52 = 6611.63 over 60 frames.
jackson_1_41 one 
LOG (lattice-best-path[5.2.134~1-ecd4]:main():lattice-best-path.cc:99) For utterance jackson_1_42, best cost 127.659 + 6518.18 = 6645.84 over 61 frames.
jackson_1_42 one 
LOG (lattice-best-path[5.2.134~1-ecd4]:main():lattice-best-path.cc:99) For utterance jackson_1_43, best cost 120.249 + 6185.52 = 6305.77 over 56 frames.
jackson_1_43 one 
LOG (lattice-best-path[5.2.134~1-ecd4]:main():lattice-best-path.cc:99) For utterance jackson_1_44, best cost 118.959 + 6208.47 = 6327.43 over 56 frames.
jackson_1_44 one 
LOG (lattice-best-path[5.2.134~1-ecd4]:main():lattice-best-path.cc:99) For utterance jackson_1_45, best cost 128.035 + 6680.07 = 6808.11 over 58 frames.
jackson_1_45 one 
LOG (lattice-best-path[5.2.134~1-ecd4]:main():lattice-best-path.cc:99) For utterance jackson_1_46, best cost 120.721 + 5452.18 = 5572.91 over 51 frames.
jackson_1_46 one 
LOG (lattice-best-path[5.2.134~1-ecd4]:main():lattice-best-path.cc:99) For utterance jackson_1_47, best cost 120.714 + 6035.1 = 6155.82 over 54 frames.
jackson_1_47 one 
LOG (lattice-best-path[5.2.134~1-ecd4]:main():lattice-best-path.cc:99) For utterance jackson_1_48, best cost 126.968 + 5930.61 = 6057.57 over 57 frames.
jackson_1_48 one 
LOG (lattice-best-path[5.2.134~1-ecd4]:main():lattice-best-path.cc:99) For utterance jackson_1_49, best cost 120.961 + 5381.97 = 5502.93 over 48 frames.
jackson_1_49 one 
LOG (lattice-best-path[5.2.134~1-ecd4]:main():lattice-best-path.cc:99) For utterance jackson_1_5, best cost 118.201 + 5675 = 5793.2 over 55 frames.
jackson_1_5 one 
LOG (lattice-best-path[5.2.134~1-ecd4]:main():lattice-best-path.cc:99) For utterance jackson_1_6, best cost 115.655 + 5104.71 = 5220.36 over 49 frames.
jackson_1_6 one 
LOG (lattice-best-path[5.2.134~1-ecd4]:main():lattice-best-path.cc:99) For utterance jackson_1_7, best cost 128.778 + 5485.94 = 5614.72 over 54 frames.
jackson_1_7 one 
LOG (lattice-best-path[5.2.134~1-ecd4]:main():lattice-best-path.cc:99) For utterance jackson_1_8, best cost 107.612 + 4759.82 = 4867.44 over 49 frames.
jackson_1_8 one 
LOG (lattice-best-path[5.2.134~1-ecd4]:main():lattice-best-path.cc:99) For utterance jackson_1_9, best cost 122.942 + 5655.63 = 5778.58 over 56 frames.
jackson_1_9 one 
LOG (lattice-best-path[5.2.134~1-ecd4]:main():lattice-best-path.cc:99) For utterance jackson_2_0, best cost 102.912 + 5052.16 = 5155.07 over 48 frames.
jackson_2_0 two 
LOG (lattice-best-path[5.2.134~1-ecd4]:main():lattice-best-path.cc:99) For utterance jackson_2_1, best cost 122.79 + 5600.07 = 5722.86 over 53 frames.
jackson_2_1 zero 
LOG (lattice-best-path[5.2.134~1-ecd4]:main():lattice-best-path.cc:99) For utterance jackson_2_10, best cost 109.049 + 5038.82 = 5147.87 over 50 frames.
jackson_2_10 two 
LOG (lattice-best-path[5.2.134~1-ecd4]:main():lattice-best-path.cc:99) For utterance jackson_2_11, best cost 109.509 + 4990.64 = 5100.15 over 50 frames.
jackson_2_11 two 
LOG (lattice-best-path[5.2.134~1-ecd4]:main():lattice-best-path.cc:99) For utterance jackson_2_12, best cost 112.884 + 4964.59 = 5077.48 over 47 frames.
jackson_2_12 two 
LOG (lattice-best-path[5.2.134~1-ecd4]:main():lattice-best-path.cc:99) For utterance jackson_2_13, best cost 111.871 + 5479.09 = 5590.96 over 50 frames.
jackson_2_13 two 
LOG (lattice-best-path[5.2.134~1-ecd4]:main():lattice-best-path.cc:99) For utterance jackson_2_14, best cost 103.008 + 5310.42 = 5413.43 over 49 frames.
jackson_2_14 two 
LOG (lattice-best-path[5.2.134~1-ecd4]:main():lattice-best-path.cc:99) For utterance jackson_2_15, best cost 107.797 + 5464.52 = 5572.31 over 50 frames.
jackson_2_15 two 
LOG (lattice-best-path[5.2.134~1-ecd4]:main():lattice-best-path.cc:99) For utterance jackson_2_16, best cost 102.213 + 5007.49 = 5109.71 over 46 frames.
jackson_2_16 two 
LOG (lattice-best-path[5.2.134~1-ecd4]:main():lattice-best-path.cc:99) For utterance jackson_2_17, best cost 110.608 + 5717.59 = 5828.19 over 52 frames.
jackson_2_17 two 
LOG (lattice-best-path[5.2.134~1-ecd4]:main():lattice-best-path.cc:99) For utterance jackson_2_18, best cost 104.058 + 5852.94 = 5957 over 53 frames.
jackson_2_18 two 
LOG (lattice-best-path[5.2.134~1-ecd4]:main():lattice-best-path.cc:99) For utterance jackson_2_19, best cost 105.483 + 5473.15 = 5578.63 over 50 frames.
jackson_2_19 two 
LOG (lattice-best-path[5.2.134~1-ecd4]:main():lattice-best-path.cc:99) For utterance jackson_2_2, best cost 111.593 + 4239.23 = 4350.82 over 42 frames.
jackson_2_2 two 
LOG (lattice-best-path[5.2.134~1-ecd4]:main():lattice-best-path.cc:99) For utterance jackson_2_20, best cost 102.79 + 5184.56 = 5287.35 over 46 frames.
jackson_2_20 two 
LOG (lattice-best-path[5.2.134~1-ecd4]:main():lattice-best-path.cc:99) For utterance jackson_2_21, best cost 124.757 + 7456.32 = 7581.08 over 72 frames.
jackson_2_21 two 
LOG (lattice-best-path[5.2.134~1-ecd4]:main():lattice-best-path.cc:99) For utterance jackson_2_22, best cost 106.164 + 4635.32 = 4741.49 over 46 frames.
jackson_2_22 two 
LOG (lattice-best-path[5.2.134~1-ecd4]:main():lattice-best-path.cc:99) For utterance jackson_2_23, best cost 113.995 + 4961.41 = 5075.4 over 48 frames.
jackson_2_23 two 
LOG (lattice-best-path[5.2.134~1-ecd4]:main():lattice-best-path.cc:99) For utterance jackson_2_24, best cost 109.429 + 5285.83 = 5395.26 over 50 frames.
jackson_2_24 two 
LOG (lattice-best-path[5.2.134~1-ecd4]:main():lattice-best-path.cc:99) For utterance jackson_2_25, best cost 109.273 + 5517.19 = 5626.46 over 52 frames.
jackson_2_25 two 
LOG (lattice-best-path[5.2.134~1-ecd4]:main():lattice-best-path.cc:99) For utterance jackson_2_26, best cost 113.835 + 5227.54 = 5341.38 over 48 frames.
jackson_2_26 two 
LOG (lattice-best-path[5.2.134~1-ecd4]:main():lattice-best-path.cc:99) For utterance jackson_2_27, best cost 116.336 + 5350.61 = 5466.95 over 51 frames.
jackson_2_27 two 
LOG (lattice-best-path[5.2.134~1-ecd4]:main():lattice-best-path.cc:99) For utterance jackson_2_28, best cost 109.905 + 5201.58 = 5311.49 over 49 frames.
jackson_2_28 two 
LOG (lattice-best-path[5.2.134~1-ecd4]:main():lattice-best-path.cc:99) For utterance jackson_2_29, best cost 116.51 + 5738.6 = 5855.11 over 53 frames.
jackson_2_29 two 
LOG (lattice-best-path[5.2.134~1-ecd4]:main():lattice-best-path.cc:99) For utterance jackson_2_3, best cost 109.813 + 5082.51 = 5192.32 over 48 frames.
jackson_2_3 two 
LOG (lattice-best-path[5.2.134~1-ecd4]:main():lattice-best-path.cc:99) For utterance jackson_2_30, best cost 102.042 + 4808.98 = 4911.02 over 46 frames.
jackson_2_30 two 
LOG (lattice-best-path[5.2.134~1-ecd4]:main():lattice-best-path.cc:99) For utterance jackson_2_31, best cost 118.265 + 4602.97 = 4721.23 over 45 frames.
jackson_2_31 two 
LOG (lattice-best-path[5.2.134~1-ecd4]:main():lattice-best-path.cc:99) For utterance jackson_2_32, best cost 108.997 + 4991.4 = 5100.4 over 49 frames.
jackson_2_32 two 
LOG (lattice-best-path[5.2.134~1-ecd4]:main():lattice-best-path.cc:99) For utterance jackson_2_33, best cost 109.895 + 5429.23 = 5539.12 over 49 frames.
jackson_2_33 two 
LOG (lattice-best-path[5.2.134~1-ecd4]:main():lattice-best-path.cc:99) For utterance jackson_2_34, best cost 109.399 + 5005.97 = 5115.37 over 47 frames.
jackson_2_34 two 
LOG (lattice-best-path[5.2.134~1-ecd4]:main():lattice-best-path.cc:99) For utterance jackson_2_35, best cost 105.678 + 4513.68 = 4619.35 over 45 frames.
jackson_2_35 two 
LOG (lattice-best-path[5.2.134~1-ecd4]:main():lattice-best-path.cc:99) For utterance jackson_2_36, best cost 102.016 + 5167.72 = 5269.73 over 47 frames.
jackson_2_36 two 
LOG (lattice-best-path[5.2.134~1-ecd4]:main():lattice-best-path.cc:99) For utterance jackson_2_37, best cost 98.8357 + 4062.8 = 4161.63 over 38 frames.
jackson_2_37 two 
LOG (lattice-best-path[5.2.134~1-ecd4]:main():lattice-best-path.cc:99) For utterance jackson_2_38, best cost 101.551 + 4706.63 = 4808.18 over 45 frames.
jackson_2_38 two 
LOG (lattice-best-path[5.2.134~1-ecd4]:main():lattice-best-path.cc:99) For utterance jackson_2_39, best cost 101.062 + 4572.85 = 4673.92 over 44 frames.
jackson_2_39 two 
LOG (lattice-best-path[5.2.134~1-ecd4]:main():lattice-best-path.cc:99) For utterance jackson_2_4, best cost 100.824 + 4807.19 = 4908.02 over 46 frames.
jackson_2_4 two 
LOG (lattice-best-path[5.2.134~1-ecd4]:main():lattice-best-path.cc:99) For utterance jackson_2_40, best cost 104.269 + 5403.73 = 5508 over 53 frames.
jackson_2_40 two 
LOG (lattice-best-path[5.2.134~1-ecd4]:main():lattice-best-path.cc:99) For utterance jackson_2_41, best cost 105.972 + 5879.97 = 5985.95 over 56 frames.
jackson_2_41 two 
LOG (lattice-best-path[5.2.134~1-ecd4]:main():lattice-best-path.cc:99) For utterance jackson_2_42, best cost 104.898 + 5917.41 = 6022.31 over 57 frames.
jackson_2_42 two 
LOG (lattice-best-path[5.2.134~1-ecd4]:main():lattice-best-path.cc:99) For utterance jackson_2_43, best cost 109.564 + 5397.34 = 5506.9 over 50 frames.
jackson_2_43 two 
LOG (lattice-best-path[5.2.134~1-ecd4]:main():lattice-best-path.cc:99) For utterance jackson_2_44, best cost 113.835 + 6602.56 = 6716.4 over 60 frames.
jackson_2_44 two 
LOG (lattice-best-path[5.2.134~1-ecd4]:main():lattice-best-path.cc:99) For utterance jackson_2_45, best cost 114.268 + 6550.54 = 6664.81 over 63 frames.
jackson_2_45 two 
LOG (lattice-best-path[5.2.134~1-ecd4]:main():lattice-best-path.cc:99) For utterance jackson_2_46, best cost 103.116 + 5286.98 = 5390.09 over 50 frames.
jackson_2_46 two 
LOG (lattice-best-path[5.2.134~1-ecd4]:main():lattice-best-path.cc:99) For utterance jackson_2_47, best cost 102.245 + 4797.88 = 4900.12 over 47 frames.
jackson_2_47 two 
LOG (lattice-best-path[5.2.134~1-ecd4]:main():lattice-best-path.cc:99) For utterance jackson_2_48, best cost 108.607 + 5088.87 = 5197.47 over 48 frames.
jackson_2_48 two 
LOG (lattice-best-path[5.2.134~1-ecd4]:main():lattice-best-path.cc:99) For utterance jackson_2_49, best cost 110.397 + 5407.3 = 5517.7 over 52 frames.
jackson_2_49 two 
LOG (lattice-best-path[5.2.134~1-ecd4]:main():lattice-best-path.cc:99) For utterance jackson_2_5, best cost 107.424 + 4659.59 = 4767.01 over 45 frames.
jackson_2_5 two 
LOG (lattice-best-path[5.2.134~1-ecd4]:main():lattice-best-path.cc:99) For utterance jackson_2_6, best cost 106.315 + 4505.06 = 4611.37 over 45 frames.
jackson_2_6 two 
LOG (lattice-best-path[5.2.134~1-ecd4]:main():lattice-best-path.cc:99) For utterance jackson_2_7, best cost 112.342 + 4812.05 = 4924.39 over 46 frames.
jackson_2_7 two 
LOG (lattice-best-path[5.2.134~1-ecd4]:main():lattice-best-path.cc:99) For utterance jackson_2_8, best cost 102.399 + 4973.96 = 5076.35 over 46 frames.
jackson_2_8 two 
LOG (lattice-best-path[5.2.134~1-ecd4]:main():lattice-best-path.cc:99) For utterance jackson_2_9, best cost 131 + 5269.76 = 5400.76 over 52 frames.
jackson_2_9 two 
LOG (lattice-best-path[5.2.134~1-ecd4]:main():lattice-best-path.cc:99) For utterance jackson_3_0, best cost 47.6096 + 4997.06 = 5044.67 over 47 frames.
jackson_3_0 
LOG (lattice-best-path[5.2.134~1-ecd4]:main():lattice-best-path.cc:99) For utterance jackson_3_1, best cost 46.8571 + 5063.26 = 5110.11 over 45 frames.
jackson_3_1 
LOG (lattice-best-path[5.2.134~1-ecd4]:main():lattice-best-path.cc:99) For utterance jackson_3_10, best cost 119.126 + 4627.5 = 4746.62 over 44 frames.
jackson_3_10 three 
LOG (lattice-best-path[5.2.134~1-ecd4]:main():lattice-best-path.cc:99) For utterance jackson_3_11, best cost 114.429 + 4297.8 = 4412.23 over 43 frames.
jackson_3_11 three 
LOG (lattice-best-path[5.2.134~1-ecd4]:main():lattice-best-path.cc:99) For utterance jackson_3_12, best cost 47.2333 + 5160.74 = 5207.97 over 46 frames.
jackson_3_12 
LOG (lattice-best-path[5.2.134~1-ecd4]:main():lattice-best-path.cc:99) For utterance jackson_3_13, best cost 112.959 + 4268.99 = 4381.95 over 42 frames.
jackson_3_13 three 
LOG (lattice-best-path[5.2.134~1-ecd4]:main():lattice-best-path.cc:99) For utterance jackson_3_14, best cost 136.66 + 4969.96 = 5106.62 over 48 frames.
jackson_3_14 three 
LOG (lattice-best-path[5.2.134~1-ecd4]:main():lattice-best-path.cc:99) For utterance jackson_3_15, best cost 118.502 + 4434.32 = 4552.82 over 44 frames.
jackson_3_15 three 
LOG (lattice-best-path[5.2.134~1-ecd4]:main():lattice-best-path.cc:99) For utterance jackson_3_16, best cost 100.244 + 4773.53 = 4873.77 over 46 frames.
jackson_3_16 three 
LOG (lattice-best-path[5.2.134~1-ecd4]:main():lattice-best-path.cc:99) For utterance jackson_3_17, best cost 102.237 + 4373.14 = 4475.38 over 43 frames.
jackson_3_17 three 
LOG (lattice-best-path[5.2.134~1-ecd4]:main():lattice-best-path.cc:99) For utterance jackson_3_18, best cost 107.516 + 4902.76 = 5010.28 over 46 frames.
jackson_3_18 three 
LOG (lattice-best-path[5.2.134~1-ecd4]:main():lattice-best-path.cc:99) For utterance jackson_3_19, best cost 104.858 + 4552.57 = 4657.43 over 42 frames.
jackson_3_19 three 
LOG (lattice-best-path[5.2.134~1-ecd4]:main():lattice-best-path.cc:99) For utterance jackson_3_2, best cost 48.3621 + 5420.72 = 5469.08 over 49 frames.
jackson_3_2 
LOG (lattice-best-path[5.2.134~1-ecd4]:main():lattice-best-path.cc:99) For utterance jackson_3_20, best cost 108.074 + 4763.18 = 4871.26 over 45 frames.
jackson_3_20 three 
LOG (lattice-best-path[5.2.134~1-ecd4]:main():lattice-best-path.cc:99) For utterance jackson_3_21, best cost 98.9655 + 4540.63 = 4639.6 over 44 frames.
jackson_3_21 three 
LOG (lattice-best-path[5.2.134~1-ecd4]:main():lattice-best-path.cc:99) For utterance jackson_3_22, best cost 45.352 + 4409.14 = 4454.49 over 41 frames.
jackson_3_22 
LOG (lattice-best-path[5.2.134~1-ecd4]:main():lattice-best-path.cc:99) For utterance jackson_3_23, best cost 46.4808 + 4814.96 = 4861.44 over 44 frames.
jackson_3_23 
LOG (lattice-best-path[5.2.134~1-ecd4]:main():lattice-best-path.cc:99) For utterance jackson_3_24, best cost 118.577 + 4225.02 = 4343.6 over 41 frames.
jackson_3_24 three 
LOG (lattice-best-path[5.2.134~1-ecd4]:main():lattice-best-path.cc:99) For utterance jackson_3_25, best cost 47.2333 + 4998.34 = 5045.57 over 46 frames.
jackson_3_25 
LOG (lattice-best-path[5.2.134~1-ecd4]:main():lattice-best-path.cc:99) For utterance jackson_3_26, best cost 129.645 + 4386.58 = 4516.23 over 42 frames.
jackson_3_26 three 
LOG (lattice-best-path[5.2.134~1-ecd4]:main():lattice-best-path.cc:99) For utterance jackson_3_27, best cost 113.491 + 4556.81 = 4670.31 over 44 frames.
jackson_3_27 three 
LOG (lattice-best-path[5.2.134~1-ecd4]:main():lattice-best-path.cc:99) For utterance jackson_3_28, best cost 45.7282 + 4672.22 = 4717.94 over 42 frames.
jackson_3_28 
LOG (lattice-best-path[5.2.134~1-ecd4]:main():lattice-best-path.cc:99) For utterance jackson_3_29, best cost 47.2333 + 5086.7 = 5133.93 over 46 frames.
jackson_3_29 
LOG (lattice-best-path[5.2.134~1-ecd4]:main():lattice-best-path.cc:99) For utterance jackson_3_3, best cost 116.86 + 5373.02 = 5489.88 over 49 frames.
jackson_3_3 three 
LOG (lattice-best-path[5.2.134~1-ecd4]:main():lattice-best-path.cc:99) For utterance jackson_3_30, best cost 47.2333 + 5109.85 = 5157.09 over 46 frames.
jackson_3_30 
LOG (lattice-best-path[5.2.134~1-ecd4]:main():lattice-best-path.cc:99) For utterance jackson_3_31, best cost 105.836 + 5353.5 = 5459.33 over 47 frames.
jackson_3_31 three 
LOG (lattice-best-path[5.2.134~1-ecd4]:main():lattice-best-path.cc:99) For utterance jackson_3_32, best cost 47.2333 + 5261.19 = 5308.42 over 46 frames.
jackson_3_32 
LOG (lattice-best-path[5.2.134~1-ecd4]:main():lattice-best-path.cc:99) For utterance jackson_3_33, best cost 104.375 + 5164.23 = 5268.6 over 46 frames.
jackson_3_33 three 
LOG (lattice-best-path[5.2.134~1-ecd4]:main():lattice-best-path.cc:99) For utterance jackson_3_34, best cost 106.39 + 4767.67 = 4874.06 over 46 frames.
jackson_3_34 three 
LOG (lattice-best-path[5.2.134~1-ecd4]:main():lattice-best-path.cc:99) For utterance jackson_3_35, best cost 104.334 + 5439.12 = 5543.45 over 50 frames.
jackson_3_35 three 
LOG (lattice-best-path[5.2.134~1-ecd4]:main():lattice-best-path.cc:99) For utterance jackson_3_36, best cost 48.3621 + 5393.3 = 5441.66 over 49 frames.
jackson_3_36 
LOG (lattice-best-path[5.2.134~1-ecd4]:main():lattice-best-path.cc:99) For utterance jackson_3_37, best cost 48.3621 + 5411.81 = 5460.17 over 49 frames.
jackson_3_37 
LOG (lattice-best-path[5.2.134~1-ecd4]:main():lattice-best-path.cc:99) For utterance jackson_3_38, best cost 122.565 + 5619.72 = 5742.28 over 51 frames.
jackson_3_38 three 
LOG (lattice-best-path[5.2.134~1-ecd4]:main():lattice-best-path.cc:99) For utterance jackson_3_39, best cost 103.868 + 5286.52 = 5390.39 over 49 frames.
jackson_3_39 three 
LOG (lattice-best-path[5.2.134~1-ecd4]:main():lattice-best-path.cc:99) For utterance jackson_3_4, best cost 46.1045 + 4515.41 = 4561.51 over 43 frames.
jackson_3_4 
LOG (lattice-best-path[5.2.134~1-ecd4]:main():lattice-best-path.cc:99) For utterance jackson_3_40, best cost 48.7384 + 5472.7 = 5521.43 over 50 frames.
jackson_3_40 
LOG (lattice-best-path[5.2.134~1-ecd4]:main():lattice-best-path.cc:99) For utterance jackson_3_41, best cost 47.9859 + 5421.09 = 5469.08 over 48 frames.
jackson_3_41 
LOG (lattice-best-path[5.2.134~1-ecd4]:main():lattice-best-path.cc:99) For utterance jackson_3_42, best cost 110.841 + 5146.72 = 5257.56 over 48 frames.
jackson_3_42 three 
LOG (lattice-best-path[5.2.134~1-ecd4]:main():lattice-best-path.cc:99) For utterance jackson_3_43, best cost 110.69 + 5205.91 = 5316.6 over 48 frames.
jackson_3_43 three 
LOG (lattice-best-path[5.2.134~1-ecd4]:main():lattice-best-path.cc:99) For utterance jackson_3_44, best cost 108.056 + 5812.27 = 5920.33 over 53 frames.
jackson_3_44 three 
LOG (lattice-best-path[5.2.134~1-ecd4]:main():lattice-best-path.cc:99) For utterance jackson_3_45, best cost 125.512 + 5929.49 = 6055.01 over 55 frames.
jackson_3_45 three 
LOG (lattice-best-path[5.2.134~1-ecd4]:main():lattice-best-path.cc:99) For utterance jackson_3_46, best cost 128.87 + 5717.76 = 5846.63 over 52 frames.
jackson_3_46 three 
LOG (lattice-best-path[5.2.134~1-ecd4]:main():lattice-best-path.cc:99) For utterance jackson_3_47, best cost 50.686 + 5981.24 = 6031.93 over 55 frames.
jackson_3_47 
LOG (lattice-best-path[5.2.134~1-ecd4]:main():lattice-best-path.cc:99) For utterance jackson_3_48, best cost 116.82 + 5217.36 = 5334.18 over 49 frames.
jackson_3_48 three 
LOG (lattice-best-path[5.2.134~1-ecd4]:main():lattice-best-path.cc:99) For utterance jackson_3_49, best cost 48.7384 + 5548.21 = 5596.95 over 50 frames.
jackson_3_49 
LOG (lattice-best-path[5.2.134~1-ecd4]:main():lattice-best-path.cc:99) For utterance jackson_3_5, best cost 46.1045 + 4585.23 = 4631.33 over 43 frames.
jackson_3_5 
LOG (lattice-best-path[5.2.134~1-ecd4]:main():lattice-best-path.cc:99) For utterance jackson_3_6, best cost 122.416 + 4605.78 = 4728.19 over 45 frames.
jackson_3_6 three 
LOG (lattice-best-path[5.2.134~1-ecd4]:main():lattice-best-path.cc:99) For utterance jackson_3_7, best cost 47.6096 + 5206.63 = 5254.24 over 47 frames.
jackson_3_7 
LOG (lattice-best-path[5.2.134~1-ecd4]:main():lattice-best-path.cc:99) For utterance jackson_3_8, best cost 106.205 + 4525.14 = 4631.35 over 43 frames.
jackson_3_8 three 
LOG (lattice-best-path[5.2.134~1-ecd4]:main():lattice-best-path.cc:99) For utterance jackson_3_9, best cost 111.001 + 4884.08 = 4995.08 over 47 frames.
jackson_3_9 three 
LOG (lattice-best-path[5.2.134~1-ecd4]:main():lattice-best-path.cc:99) For utterance jackson_4_0, best cost 112.601 + 4322.59 = 4435.19 over 44 frames.
jackson_4_0 four 
LOG (lattice-best-path[5.2.134~1-ecd4]:main():lattice-best-path.cc:99) For utterance jackson_4_1, best cost 105.241 + 3718.91 = 3824.15 over 40 frames.
jackson_4_1 four 
LOG (lattice-best-path[5.2.134~1-ecd4]:main():lattice-best-path.cc:99) For utterance jackson_4_10, best cost 99.7145 + 4008.69 = 4108.4 over 36 frames.
jackson_4_10 four 
LOG (lattice-best-path[5.2.134~1-ecd4]:main():lattice-best-path.cc:99) For utterance jackson_4_11, best cost 99.9649 + 3881.58 = 3981.55 over 36 frames.
jackson_4_11 four 
LOG (lattice-best-path[5.2.134~1-ecd4]:main():lattice-best-path.cc:99) For utterance jackson_4_12, best cost 102.29 + 3513.27 = 3615.56 over 39 frames.
jackson_4_12 four 
LOG (lattice-best-path[5.2.134~1-ecd4]:main():lattice-best-path.cc:99) For utterance jackson_4_13, best cost 98.6232 + 3749.69 = 3848.32 over 35 frames.
jackson_4_13 four 
LOG (lattice-best-path[5.2.134~1-ecd4]:main():lattice-best-path.cc:99) For utterance jackson_4_14, best cost 98.0751 + 3673.37 = 3771.44 over 35 frames.
jackson_4_14 four 
LOG (lattice-best-path[5.2.134~1-ecd4]:main():lattice-best-path.cc:99) For utterance jackson_4_15, best cost 107.396 + 4547.54 = 4654.93 over 43 frames.
jackson_4_15 four 
LOG (lattice-best-path[5.2.134~1-ecd4]:main():lattice-best-path.cc:99) For utterance jackson_4_16, best cost 107.991 + 4357.93 = 4465.92 over 41 frames.
jackson_4_16 four 
LOG (lattice-best-path[5.2.134~1-ecd4]:main():lattice-best-path.cc:99) For utterance jackson_4_17, best cost 105.709 + 4436.37 = 4542.08 over 38 frames.
jackson_4_17 four 
LOG (lattice-best-path[5.2.134~1-ecd4]:main():lattice-best-path.cc:99) For utterance jackson_4_18, best cost 101.9 + 4167.05 = 4268.95 over 38 frames.
jackson_4_18 four 
LOG (lattice-best-path[5.2.134~1-ecd4]:main():lattice-best-path.cc:99) For utterance jackson_4_19, best cost 99.3133 + 3795.95 = 3895.26 over 34 frames.
jackson_4_19 four 
LOG (lattice-best-path[5.2.134~1-ecd4]:main():lattice-best-path.cc:99) For utterance jackson_4_2, best cost 102.095 + 3748.3 = 3850.4 over 40 frames.
jackson_4_2 four 
LOG (lattice-best-path[5.2.134~1-ecd4]:main():lattice-best-path.cc:99) For utterance jackson_4_20, best cost 105.154 + 4155.4 = 4260.56 over 37 frames.
jackson_4_20 four 
LOG (lattice-best-path[5.2.134~1-ecd4]:main():lattice-best-path.cc:99) For utterance jackson_4_21, best cost 97.7078 + 3601.56 = 3699.27 over 33 frames.
jackson_4_21 four 
LOG (lattice-best-path[5.2.134~1-ecd4]:main():lattice-best-path.cc:99) For utterance jackson_4_22, best cost 107.758 + 4480.13 = 4587.89 over 40 frames.
jackson_4_22 four 
LOG (lattice-best-path[5.2.134~1-ecd4]:main():lattice-best-path.cc:99) For utterance jackson_4_23, best cost 101.895 + 3879.68 = 3981.57 over 39 frames.
jackson_4_23 four 
LOG (lattice-best-path[5.2.134~1-ecd4]:main():lattice-best-path.cc:99) For utterance jackson_4_24, best cost 101.382 + 4071.6 = 4172.98 over 38 frames.
jackson_4_24 four 
LOG (lattice-best-path[5.2.134~1-ecd4]:main():lattice-best-path.cc:99) For utterance jackson_4_25, best cost 106.153 + 4205.11 = 4311.26 over 39 frames.
jackson_4_25 four 
LOG (lattice-best-path[5.2.134~1-ecd4]:main():lattice-best-path.cc:99) For utterance jackson_4_26, best cost 102.858 + 4417.38 = 4520.24 over 41 frames.
jackson_4_26 four 
LOG (lattice-best-path[5.2.134~1-ecd4]:main():lattice-best-path.cc:99) For utterance jackson_4_27, best cost 103.301 + 4279.67 = 4382.98 over 41 frames.
jackson_4_27 four 
LOG (lattice-best-path[5.2.134~1-ecd4]:main():lattice-best-path.cc:99) For utterance jackson_4_28, best cost 109.585 + 5069.01 = 5178.6 over 45 frames.
jackson_4_28 four 
LOG (lattice-best-path[5.2.134~1-ecd4]:main():lattice-best-path.cc:99) For utterance jackson_4_29, best cost 107.866 + 4499.53 = 4607.4 over 42 frames.
jackson_4_29 four 
LOG (lattice-best-path[5.2.134~1-ecd4]:main():lattice-best-path.cc:99) For utterance jackson_4_3, best cost 99.5305 + 3765.8 = 3865.33 over 39 frames.
jackson_4_3 four 
LOG (lattice-best-path[5.2.134~1-ecd4]:main():lattice-best-path.cc:99) For utterance jackson_4_30, best cost 109.785 + 4427.92 = 4537.7 over 42 frames.
jackson_4_30 four 
LOG (lattice-best-path[5.2.134~1-ecd4]:main():lattice-best-path.cc:99) For utterance jackson_4_31, best cost 101.735 + 4592.96 = 4694.7 over 41 frames.
jackson_4_31 four 
LOG (lattice-best-path[5.2.134~1-ecd4]:main():lattice-best-path.cc:99) For utterance jackson_4_32, best cost 107.008 + 3992.94 = 4099.94 over 41 frames.
jackson_4_32 four 
LOG (lattice-best-path[5.2.134~1-ecd4]:main():lattice-best-path.cc:99) For utterance jackson_4_33, best cost 100.066 + 3888.24 = 3988.31 over 40 frames.
jackson_4_33 four 
LOG (lattice-best-path[5.2.134~1-ecd4]:main():lattice-best-path.cc:99) For utterance jackson_4_34, best cost 102.984 + 3575.27 = 3678.25 over 38 frames.
jackson_4_34 four 
LOG (lattice-best-path[5.2.134~1-ecd4]:main():lattice-best-path.cc:99) For utterance jackson_4_35, best cost 106.819 + 4002.44 = 4109.26 over 41 frames.
jackson_4_35 four 
LOG (lattice-best-path[5.2.134~1-ecd4]:main():lattice-best-path.cc:99) For utterance jackson_4_36, best cost 99.0803 + 3693.08 = 3792.16 over 38 frames.
jackson_4_36 four 
LOG (lattice-best-path[5.2.134~1-ecd4]:main():lattice-best-path.cc:99) For utterance jackson_4_37, best cost 117.239 + 4971.66 = 5088.9 over 48 frames.
jackson_4_37 four 
LOG (lattice-best-path[5.2.134~1-ecd4]:main():lattice-best-path.cc:99) For utterance jackson_4_38, best cost 104.381 + 4652.89 = 4757.27 over 45 frames.
jackson_4_38 four 
LOG (lattice-best-path[5.2.134~1-ecd4]:main():lattice-best-path.cc:99) For utterance jackson_4_39, best cost 104.272 + 4770.67 = 4874.94 over 46 frames.
jackson_4_39 four 
LOG (lattice-best-path[5.2.134~1-ecd4]:main():lattice-best-path.cc:99) For utterance jackson_4_4, best cost 104.499 + 3994.95 = 4099.45 over 41 frames.
jackson_4_4 four 
LOG (lattice-best-path[5.2.134~1-ecd4]:main():lattice-best-path.cc:99) For utterance jackson_4_40, best cost 104.145 + 4674.23 = 4778.38 over 45 frames.
jackson_4_40 four 
LOG (lattice-best-path[5.2.134~1-ecd4]:main():lattice-best-path.cc:99) For utterance jackson_4_41, best cost 105.973 + 4517.84 = 4623.81 over 43 frames.
jackson_4_41 four 
LOG (lattice-best-path[5.2.134~1-ecd4]:main():lattice-best-path.cc:99) For utterance jackson_4_42, best cost 103.05 + 4263.7 = 4366.75 over 41 frames.
jackson_4_42 four 
LOG (lattice-best-path[5.2.134~1-ecd4]:main():lattice-best-path.cc:99) For utterance jackson_4_43, best cost 108.894 + 4612.36 = 4721.26 over 44 frames.
jackson_4_43 four 
LOG (lattice-best-path[5.2.134~1-ecd4]:main():lattice-best-path.cc:99) For utterance jackson_4_44, best cost 111.588 + 5023.79 = 5135.38 over 45 frames.
jackson_4_44 four 
LOG (lattice-best-path[5.2.134~1-ecd4]:main():lattice-best-path.cc:99) For utterance jackson_4_45, best cost 104.305 + 4286.54 = 4390.84 over 42 frames.
jackson_4_45 four 
LOG (lattice-best-path[5.2.134~1-ecd4]:main():lattice-best-path.cc:99) For utterance jackson_4_46, best cost 108.342 + 5059.58 = 5167.93 over 49 frames.
jackson_4_46 four 
LOG (lattice-best-path[5.2.134~1-ecd4]:main():lattice-best-path.cc:99) For utterance jackson_4_47, best cost 113.56 + 4958.75 = 5072.31 over 47 frames.
jackson_4_47 four 
LOG (lattice-best-path[5.2.134~1-ecd4]:main():lattice-best-path.cc:99) For utterance jackson_4_48, best cost 105.19 + 4737.75 = 4842.94 over 45 frames.
jackson_4_48 four 
LOG (lattice-best-path[5.2.134~1-ecd4]:main():lattice-best-path.cc:99) For utterance jackson_4_49, best cost 111.181 + 4961.87 = 5073.05 over 48 frames.
jackson_4_49 four 
LOG (lattice-best-path[5.2.134~1-ecd4]:main():lattice-best-path.cc:99) For utterance jackson_4_5, best cost 112.123 + 4345.67 = 4457.79 over 42 frames.
jackson_4_5 four 
LOG (lattice-best-path[5.2.134~1-ecd4]:main():lattice-best-path.cc:99) For utterance jackson_4_6, best cost 113.23 + 4557.26 = 4670.49 over 43 frames.
jackson_4_6 four 
LOG (lattice-best-path[5.2.134~1-ecd4]:main():lattice-best-path.cc:99) For utterance jackson_4_7, best cost 101.08 + 4130.62 = 4231.7 over 39 frames.
jackson_4_7 four 
LOG (lattice-best-path[5.2.134~1-ecd4]:main():lattice-best-path.cc:99) For utterance jackson_4_8, best cost 103.281 + 4189.49 = 4292.77 over 40 frames.
jackson_4_8 four 
LOG (lattice-best-path[5.2.134~1-ecd4]:main():lattice-best-path.cc:99) For utterance jackson_4_9, best cost 106.972 + 4043.7 = 4150.68 over 40 frames.
jackson_4_9 four 
LOG (lattice-best-path[5.2.134~1-ecd4]:main():lattice-best-path.cc:99) For utterance jackson_5_0, best cost 103.81 + 3825.22 = 3929.03 over 40 frames.
jackson_5_0 five 
LOG (lattice-best-path[5.2.134~1-ecd4]:main():lattice-best-path.cc:99) For utterance jackson_5_1, best cost 100.093 + 3610.26 = 3710.35 over 39 frames.
jackson_5_1 five 
LOG (lattice-best-path[5.2.134~1-ecd4]:main():lattice-best-path.cc:99) For utterance jackson_5_10, best cost 99.118 + 3206.52 = 3305.63 over 37 frames.
jackson_5_10 five 
LOG (lattice-best-path[5.2.134~1-ecd4]:main():lattice-best-path.cc:99) For utterance jackson_5_11, best cost 107.164 + 3762.08 = 3869.24 over 42 frames.
jackson_5_11 five 
LOG (lattice-best-path[5.2.134~1-ecd4]:main():lattice-best-path.cc:99) For utterance jackson_5_12, best cost 98.3259 + 3139.66 = 3237.99 over 35 frames.
jackson_5_12 five 
LOG (lattice-best-path[5.2.134~1-ecd4]:main():lattice-best-path.cc:99) For utterance jackson_5_13, best cost 105.818 + 3687.45 = 3793.27 over 40 frames.
jackson_5_13 five 
LOG (lattice-best-path[5.2.134~1-ecd4]:main():lattice-best-path.cc:99) For utterance jackson_5_14, best cost 97.2463 + 2986.45 = 3083.69 over 36 frames.
jackson_5_14 five 
LOG (lattice-best-path[5.2.134~1-ecd4]:main():lattice-best-path.cc:99) For utterance jackson_5_15, best cost 108.152 + 3826.43 = 3934.58 over 41 frames.
jackson_5_15 five 
LOG (lattice-best-path[5.2.134~1-ecd4]:main():lattice-best-path.cc:99) For utterance jackson_5_16, best cost 101.842 + 3446.38 = 3548.23 over 38 frames.
jackson_5_16 five 
LOG (lattice-best-path[5.2.134~1-ecd4]:main():lattice-best-path.cc:99) For utterance jackson_5_17, best cost 101.083 + 3594.4 = 3695.48 over 38 frames.
jackson_5_17 five 
LOG (lattice-best-path[5.2.134~1-ecd4]:main():lattice-best-path.cc:99) For utterance jackson_5_18, best cost 98.5419 + 2964.56 = 3063.11 over 34 frames.
jackson_5_18 five 
LOG (lattice-best-path[5.2.134~1-ecd4]:main():lattice-best-path.cc:99) For utterance jackson_5_19, best cost 99.7836 + 3168.47 = 3268.25 over 35 frames.
jackson_5_19 five 
LOG (lattice-best-path[5.2.134~1-ecd4]:main():lattice-best-path.cc:99) For utterance jackson_5_2, best cost 107.386 + 4051.45 = 4158.83 over 43 frames.
jackson_5_2 five 
LOG (lattice-best-path[5.2.134~1-ecd4]:main():lattice-best-path.cc:99) For utterance jackson_5_20, best cost 99.0848 + 3094.56 = 3193.64 over 32 frames.
jackson_5_20 five 
LOG (lattice-best-path[5.2.134~1-ecd4]:main():lattice-best-path.cc:99) For utterance jackson_5_21, best cost 104.333 + 3546.05 = 3650.38 over 36 frames.
jackson_5_21 five 
LOG (lattice-best-path[5.2.134~1-ecd4]:main():lattice-best-path.cc:99) For utterance jackson_5_22, best cost 99.4425 + 3330.38 = 3429.82 over 35 frames.
jackson_5_22 five 
LOG (lattice-best-path[5.2.134~1-ecd4]:main():lattice-best-path.cc:99) For utterance jackson_5_23, best cost 100.714 + 3811.95 = 3912.66 over 39 frames.
jackson_5_23 five 
LOG (lattice-best-path[5.2.134~1-ecd4]:main():lattice-best-path.cc:99) For utterance jackson_5_24, best cost 105.759 + 3413.05 = 3518.81 over 38 frames.
jackson_5_24 five 
LOG (lattice-best-path[5.2.134~1-ecd4]:main():lattice-best-path.cc:99) For utterance jackson_5_25, best cost 106.481 + 3458.37 = 3564.85 over 37 frames.
jackson_5_25 five 
LOG (lattice-best-path[5.2.134~1-ecd4]:main():lattice-best-path.cc:99) For utterance jackson_5_26, best cost 103.314 + 3721.1 = 3824.41 over 39 frames.
jackson_5_26 five 
LOG (lattice-best-path[5.2.134~1-ecd4]:main():lattice-best-path.cc:99) For utterance jackson_5_27, best cost 106.332 + 3541.5 = 3647.83 over 38 frames.
jackson_5_27 five 
LOG (lattice-best-path[5.2.134~1-ecd4]:main():lattice-best-path.cc:99) For utterance jackson_5_28, best cost 101.627 + 3153.89 = 3255.51 over 35 frames.
jackson_5_28 five 
LOG (lattice-best-path[5.2.134~1-ecd4]:main():lattice-best-path.cc:99) For utterance jackson_5_29, best cost 110.141 + 4412.92 = 4523.06 over 46 frames.
jackson_5_29 five 
LOG (lattice-best-path[5.2.134~1-ecd4]:main():lattice-best-path.cc:99) For utterance jackson_5_3, best cost 99.3333 + 3457.91 = 3557.24 over 38 frames.
jackson_5_3 five 
LOG (lattice-best-path[5.2.134~1-ecd4]:main():lattice-best-path.cc:99) For utterance jackson_5_30, best cost 108.119 + 4214.58 = 4322.7 over 41 frames.
jackson_5_30 five 
LOG (lattice-best-path[5.2.134~1-ecd4]:main():lattice-best-path.cc:99) For utterance jackson_5_31, best cost 105.732 + 3572.83 = 3678.57 over 39 frames.
jackson_5_31 five 
LOG (lattice-best-path[5.2.134~1-ecd4]:main():lattice-best-path.cc:99) For utterance jackson_5_32, best cost 107.124 + 3675.86 = 3782.98 over 39 frames.
jackson_5_32 five 
LOG (lattice-best-path[5.2.134~1-ecd4]:main():lattice-best-path.cc:99) For utterance jackson_5_33, best cost 101.694 + 3488.45 = 3590.14 over 37 frames.
jackson_5_33 five 
LOG (lattice-best-path[5.2.134~1-ecd4]:main():lattice-best-path.cc:99) For utterance jackson_5_34, best cost 98.4509 + 3249.8 = 3348.25 over 34 frames.
jackson_5_34 five 
LOG (lattice-best-path[5.2.134~1-ecd4]:main():lattice-best-path.cc:99) For utterance jackson_5_35, best cost 103.258 + 3970.34 = 4073.6 over 41 frames.
jackson_5_35 five 
LOG (lattice-best-path[5.2.134~1-ecd4]:main():lattice-best-path.cc:99) For utterance jackson_5_36, best cost 99.605 + 2976.03 = 3075.63 over 35 frames.
jackson_5_36 five 
LOG (lattice-best-path[5.2.134~1-ecd4]:main():lattice-best-path.cc:99) For utterance jackson_5_37, best cost 99.97 + 3460.89 = 3560.86 over 37 frames.
jackson_5_37 five 
LOG (lattice-best-path[5.2.134~1-ecd4]:main():lattice-best-path.cc:99) For utterance jackson_5_38, best cost 104.265 + 4067.08 = 4171.35 over 41 frames.
jackson_5_38 five 
LOG (lattice-best-path[5.2.134~1-ecd4]:main():lattice-best-path.cc:99) For utterance jackson_5_39, best cost 99.3569 + 3290.17 = 3389.53 over 36 frames.
jackson_5_39 five 
LOG (lattice-best-path[5.2.134~1-ecd4]:main():lattice-best-path.cc:99) For utterance jackson_5_4, best cost 116.213 + 4922.55 = 5038.76 over 51 frames.
jackson_5_4 five 
LOG (lattice-best-path[5.2.134~1-ecd4]:main():lattice-best-path.cc:99) For utterance jackson_5_40, best cost 99.7365 + 3747.05 = 3846.78 over 39 frames.
jackson_5_40 five 
LOG (lattice-best-path[5.2.134~1-ecd4]:main():lattice-best-path.cc:99) For utterance jackson_5_41, best cost 103.389 + 3743.46 = 3846.85 over 38 frames.
jackson_5_41 five 
LOG (lattice-best-path[5.2.134~1-ecd4]:main():lattice-best-path.cc:99) For utterance jackson_5_42, best cost 116.442 + 4654.63 = 4771.07 over 45 frames.
jackson_5_42 one 
LOG (lattice-best-path[5.2.134~1-ecd4]:main():lattice-best-path.cc:99) For utterance jackson_5_43, best cost 114.541 + 4239.28 = 4353.82 over 42 frames.
jackson_5_43 one 
LOG (lattice-best-path[5.2.134~1-ecd4]:main():lattice-best-path.cc:99) For utterance jackson_5_44, best cost 122.849 + 4825.12 = 4947.97 over 47 frames.
jackson_5_44 one 
LOG (lattice-best-path[5.2.134~1-ecd4]:main():lattice-best-path.cc:99) For utterance jackson_5_45, best cost 116.124 + 4402.22 = 4518.35 over 44 frames.
jackson_5_45 one 
LOG (lattice-best-path[5.2.134~1-ecd4]:main():lattice-best-path.cc:99) For utterance jackson_5_46, best cost 104 + 5002.31 = 5106.31 over 48 frames.
jackson_5_46 five 
LOG (lattice-best-path[5.2.134~1-ecd4]:main():lattice-best-path.cc:99) For utterance jackson_5_47, best cost 108.406 + 5248.46 = 5356.86 over 49 frames.
jackson_5_47 five 
LOG (lattice-best-path[5.2.134~1-ecd4]:main():lattice-best-path.cc:99) For utterance jackson_5_48, best cost 115.357 + 5531.46 = 5646.81 over 49 frames.
jackson_5_48 five 
LOG (lattice-best-path[5.2.134~1-ecd4]:main():lattice-best-path.cc:99) For utterance jackson_5_49, best cost 115.289 + 4673.48 = 4788.77 over 46 frames.
jackson_5_49 one 
LOG (lattice-best-path[5.2.134~1-ecd4]:main():lattice-best-path.cc:99) For utterance jackson_5_5, best cost 105.085 + 3574.02 = 3679.11 over 37 frames.
jackson_5_5 five 
LOG (lattice-best-path[5.2.134~1-ecd4]:main():lattice-best-path.cc:99) For utterance jackson_5_6, best cost 101.482 + 3705.7 = 3807.18 over 38 frames.
jackson_5_6 five 
LOG (lattice-best-path[5.2.134~1-ecd4]:main():lattice-best-path.cc:99) For utterance jackson_5_7, best cost 99.8121 + 3474.03 = 3573.84 over 36 frames.
jackson_5_7 five 
LOG (lattice-best-path[5.2.134~1-ecd4]:main():lattice-best-path.cc:99) For utterance jackson_5_8, best cost 97.8438 + 3243.72 = 3341.56 over 35 frames.
jackson_5_8 five 
LOG (lattice-best-path[5.2.134~1-ecd4]:main():lattice-best-path.cc:99) For utterance jackson_5_9, best cost 114.618 + 5680.96 = 5795.58 over 56 frames.
jackson_5_9 five 
LOG (lattice-best-path[5.2.134~1-ecd4]:main():lattice-best-path.cc:99) For utterance jackson_6_0, best cost 135.511 + 8438.28 = 8573.79 over 81 frames.
jackson_6_0 six 
LOG (lattice-best-path[5.2.134~1-ecd4]:main():lattice-best-path.cc:99) For utterance jackson_6_1, best cost 54.444 + 6970.98 = 7025.42 over 62 frames.
jackson_6_1 
LOG (lattice-best-path[5.2.134~1-ecd4]:main():lattice-best-path.cc:99) For utterance jackson_6_10, best cost 129.961 + 8504.92 = 8634.88 over 84 frames.
jackson_6_10 six 
LOG (lattice-best-path[5.2.134~1-ecd4]:main():lattice-best-path.cc:99) For utterance jackson_6_11, best cost 135.98 + 8575.28 = 8711.26 over 85 frames.
jackson_6_11 six 
LOG (lattice-best-path[5.2.134~1-ecd4]:main():lattice-best-path.cc:99) For utterance jackson_6_12, best cost 134.861 + 8427.42 = 8562.28 over 84 frames.
jackson_6_12 six 
LOG (lattice-best-path[5.2.134~1-ecd4]:main():lattice-best-path.cc:99) For utterance jackson_6_13, best cost 122.405 + 6968.3 = 7090.71 over 69 frames.
jackson_6_13 six 
LOG (lattice-best-path[5.2.134~1-ecd4]:main():lattice-best-path.cc:99) For utterance jackson_6_14, best cost 125.153 + 7762.48 = 7887.63 over 75 frames.
jackson_6_14 six 
LOG (lattice-best-path[5.2.134~1-ecd4]:main():lattice-best-path.cc:99) For utterance jackson_6_15, best cost 131.232 + 8757.99 = 8889.22 over 86 frames.
jackson_6_15 six 
LOG (lattice-best-path[5.2.134~1-ecd4]:main():lattice-best-path.cc:99) For utterance jackson_6_16, best cost 122.496 + 7178.94 = 7301.44 over 71 frames.
jackson_6_16 six 
LOG (lattice-best-path[5.2.134~1-ecd4]:main():lattice-best-path.cc:99) For utterance jackson_6_17, best cost 124.494 + 7315.14 = 7439.64 over 72 frames.
jackson_6_17 six 
LOG (lattice-best-path[5.2.134~1-ecd4]:main():lattice-best-path.cc:99) For utterance jackson_6_18, best cost 130.857 + 8196.88 = 8327.74 over 84 frames.
jackson_6_18 six 
LOG (lattice-best-path[5.2.134~1-ecd4]:main():lattice-best-path.cc:99) For utterance jackson_6_19, best cost 121.371 + 6897.82 = 7019.19 over 67 frames.
jackson_6_19 six 
LOG (lattice-best-path[5.2.134~1-ecd4]:main():lattice-best-path.cc:99) For utterance jackson_6_2, best cost 121.009 + 6393.25 = 6514.26 over 61 frames.
jackson_6_2 six 
LOG (lattice-best-path[5.2.134~1-ecd4]:main():lattice-best-path.cc:99) For utterance jackson_6_20, best cost 127.644 + 6987.75 = 7115.39 over 67 frames.
jackson_6_20 six 
LOG (lattice-best-path[5.2.134~1-ecd4]:main():lattice-best-path.cc:99) For utterance jackson_6_21, best cost 131.662 + 8079.15 = 8210.82 over 78 frames.
jackson_6_21 six 
LOG (lattice-best-path[5.2.134~1-ecd4]:main():lattice-best-path.cc:99) For utterance jackson_6_22, best cost 124.236 + 6869.1 = 6993.34 over 69 frames.
jackson_6_22 six 
LOG (lattice-best-path[5.2.134~1-ecd4]:main():lattice-best-path.cc:99) For utterance jackson_6_23, best cost 127.06 + 8133.11 = 8260.17 over 80 frames.
jackson_6_23 six 
LOG (lattice-best-path[5.2.134~1-ecd4]:main():lattice-best-path.cc:99) For utterance jackson_6_24, best cost 123.248 + 7118.97 = 7242.22 over 70 frames.
jackson_6_24 six 
LOG (lattice-best-path[5.2.134~1-ecd4]:main():lattice-best-path.cc:99) For utterance jackson_6_25, best cost 128.319 + 7749.62 = 7877.94 over 77 frames.
jackson_6_25 six 
LOG (lattice-best-path[5.2.134~1-ecd4]:main():lattice-best-path.cc:99) For utterance jackson_6_26, best cost 113.722 + 7211.21 = 7324.93 over 70 frames.
jackson_6_26 eight 
LOG (lattice-best-path[5.2.134~1-ecd4]:main():lattice-best-path.cc:99) For utterance jackson_6_27, best cost 132.611 + 7945.01 = 8077.62 over 79 frames.
jackson_6_27 six 
LOG (lattice-best-path[5.2.134~1-ecd4]:main():lattice-best-path.cc:99) For utterance jackson_6_28, best cost 121.524 + 6787.36 = 6908.88 over 63 frames.
jackson_6_28 six 
LOG (lattice-best-path[5.2.134~1-ecd4]:main():lattice-best-path.cc:99) For utterance jackson_6_29, best cost 118.841 + 6377.77 = 6496.61 over 60 frames.
jackson_6_29 six 
LOG (lattice-best-path[5.2.134~1-ecd4]:main():lattice-best-path.cc:99) For utterance jackson_6_3, best cost 131.676 + 9069.18 = 9200.85 over 85 frames.
jackson_6_3 six 
LOG (lattice-best-path[5.2.134~1-ecd4]:main():lattice-best-path.cc:99) For utterance jackson_6_30, best cost 127.436 + 8088.43 = 8215.87 over 78 frames.
jackson_6_30 six 
LOG (lattice-best-path[5.2.134~1-ecd4]:main():lattice-best-path.cc:99) For utterance jackson_6_31, best cost 114.63 + 6280.48 = 6395.11 over 61 frames.
jackson_6_31 six 
LOG (lattice-best-path[5.2.134~1-ecd4]:main():lattice-best-path.cc:99) For utterance jackson_6_32, best cost 134.415 + 8812.19 = 8946.61 over 83 frames.
jackson_6_32 six 
LOG (lattice-best-path[5.2.134~1-ecd4]:main():lattice-best-path.cc:99) For utterance jackson_6_33, best cost 119.701 + 6460.09 = 6579.79 over 62 frames.
jackson_6_33 six 
LOG (lattice-best-path[5.2.134~1-ecd4]:main():lattice-best-path.cc:99) For utterance jackson_6_34, best cost 116.919 + 6004.57 = 6121.49 over 56 frames.
jackson_6_34 six 
LOG (lattice-best-path[5.2.134~1-ecd4]:main():lattice-best-path.cc:99) For utterance jackson_6_35, best cost 121.046 + 6820.29 = 6941.33 over 62 frames.
jackson_6_35 six 
LOG (lattice-best-path[5.2.134~1-ecd4]:main():lattice-best-path.cc:99) For utterance jackson_6_36, best cost 111.722 + 6101.35 = 6213.07 over 56 frames.
jackson_6_36 six 
LOG (lattice-best-path[5.2.134~1-ecd4]:main():lattice-best-path.cc:99) For utterance jackson_6_37, best cost 129.766 + 6915.62 = 7045.39 over 68 frames.
jackson_6_37 six 
LOG (lattice-best-path[5.2.134~1-ecd4]:main():lattice-best-path.cc:99) For utterance jackson_6_38, best cost 125.625 + 7721.78 = 7847.4 over 73 frames.
jackson_6_38 six 
LOG (lattice-best-path[5.2.134~1-ecd4]:main():lattice-best-path.cc:99) For utterance jackson_6_39, best cost 124.455 + 6794.98 = 6919.44 over 64 frames.
jackson_6_39 six 
LOG (lattice-best-path[5.2.134~1-ecd4]:main():lattice-best-path.cc:99) For utterance jackson_6_4, best cost 119.771 + 6528.41 = 6648.18 over 61 frames.
jackson_6_4 six 
LOG (lattice-best-path[5.2.134~1-ecd4]:main():lattice-best-path.cc:99) For utterance jackson_6_40, best cost 126.508 + 6134 = 6260.51 over 57 frames.
jackson_6_40 six 
LOG (lattice-best-path[5.2.134~1-ecd4]:main():lattice-best-path.cc:99) For utterance jackson_6_41, best cost 120.043 + 5649.74 = 5769.79 over 54 frames.
jackson_6_41 six 
LOG (lattice-best-path[5.2.134~1-ecd4]:main():lattice-best-path.cc:99) For utterance jackson_6_42, best cost 117.261 + 5012.78 = 5130.04 over 49 frames.
jackson_6_42 six 
LOG (lattice-best-path[5.2.134~1-ecd4]:main():lattice-best-path.cc:99) For utterance jackson_6_43, best cost 120.593 + 6690.23 = 6810.83 over 65 frames.
jackson_6_43 six 
LOG (lattice-best-path[5.2.134~1-ecd4]:main():lattice-best-path.cc:99) For utterance jackson_6_44, best cost 119.793 + 4923.22 = 5043.01 over 47 frames.
jackson_6_44 six 
LOG (lattice-best-path[5.2.134~1-ecd4]:main():lattice-best-path.cc:99) For utterance jackson_6_45, best cost 123.376 + 6057.51 = 6180.89 over 57 frames.
jackson_6_45 six 
LOG (lattice-best-path[5.2.134~1-ecd4]:main():lattice-best-path.cc:99) For utterance jackson_6_46, best cost 124.316 + 7862.71 = 7987.03 over 77 frames.
jackson_6_46 six 
LOG (lattice-best-path[5.2.134~1-ecd4]:main():lattice-best-path.cc:99) For utterance jackson_6_47, best cost 129.308 + 7218.78 = 7348.09 over 68 frames.
jackson_6_47 six 
LOG (lattice-best-path[5.2.134~1-ecd4]:main():lattice-best-path.cc:99) For utterance jackson_6_48, best cost 110.469 + 5294.48 = 5404.95 over 52 frames.
jackson_6_48 six 
LOG (lattice-best-path[5.2.134~1-ecd4]:main():lattice-best-path.cc:99) For utterance jackson_6_49, best cost 128.131 + 7237.04 = 7365.18 over 67 frames.
jackson_6_49 six 
LOG (lattice-best-path[5.2.134~1-ecd4]:main():lattice-best-path.cc:99) For utterance jackson_6_5, best cost 117.806 + 6626.86 = 6744.67 over 66 frames.
jackson_6_5 seven 
LOG (lattice-best-path[5.2.134~1-ecd4]:main():lattice-best-path.cc:99) For utterance jackson_6_6, best cost 127.508 + 7664.14 = 7791.65 over 74 frames.
jackson_6_6 six 
LOG (lattice-best-path[5.2.134~1-ecd4]:main():lattice-best-path.cc:99) For utterance jackson_6_7, best cost 119.877 + 6287.54 = 6407.41 over 62 frames.
jackson_6_7 six 
LOG (lattice-best-path[5.2.134~1-ecd4]:main():lattice-best-path.cc:99) For utterance jackson_6_8, best cost 128.17 + 8251.78 = 8379.95 over 81 frames.
jackson_6_8 six 
LOG (lattice-best-path[5.2.134~1-ecd4]:main():lattice-best-path.cc:99) For utterance jackson_6_9, best cost 129.272 + 8153.68 = 8282.95 over 81 frames.
jackson_6_9 six 
LOG (lattice-best-path[5.2.134~1-ecd4]:main():lattice-best-path.cc:99) For utterance jackson_7_0, best cost 125.093 + 4314.67 = 4439.76 over 41 frames.
jackson_7_0 seven 
LOG (lattice-best-path[5.2.134~1-ecd4]:main():lattice-best-path.cc:99) For utterance jackson_7_1, best cost 122.504 + 4332.42 = 4454.92 over 45 frames.
jackson_7_1 seven 
LOG (lattice-best-path[5.2.134~1-ecd4]:main():lattice-best-path.cc:99) For utterance jackson_7_10, best cost 117.893 + 4010.75 = 4128.64 over 42 frames.
jackson_7_10 seven 
LOG (lattice-best-path[5.2.134~1-ecd4]:main():lattice-best-path.cc:99) For utterance jackson_7_11, best cost 108.942 + 3852.37 = 3961.31 over 39 frames.
jackson_7_11 five 
LOG (lattice-best-path[5.2.134~1-ecd4]:main():lattice-best-path.cc:99) For utterance jackson_7_12, best cost 106.461 + 4489.29 = 4595.75 over 42 frames.
jackson_7_12 seven 
LOG (lattice-best-path[5.2.134~1-ecd4]:main():lattice-best-path.cc:99) For utterance jackson_7_13, best cost 108.932 + 4323.93 = 4432.86 over 43 frames.
jackson_7_13 seven 
LOG (lattice-best-path[5.2.134~1-ecd4]:main():lattice-best-path.cc:99) For utterance jackson_7_14, best cost 116.338 + 4490.78 = 4607.11 over 46 frames.
jackson_7_14 seven 
LOG (lattice-best-path[5.2.134~1-ecd4]:main():lattice-best-path.cc:99) For utterance jackson_7_15, best cost 110.676 + 4023.89 = 4134.57 over 38 frames.
jackson_7_15 one 
LOG (lattice-best-path[5.2.134~1-ecd4]:main():lattice-best-path.cc:99) For utterance jackson_7_16, best cost 106.883 + 4254.19 = 4361.07 over 41 frames.
jackson_7_16 seven 
LOG (lattice-best-path[5.2.134~1-ecd4]:main():lattice-best-path.cc:99) For utterance jackson_7_17, best cost 108.858 + 4621.44 = 4730.3 over 45 frames.
jackson_7_17 seven 
LOG (lattice-best-path[5.2.134~1-ecd4]:main():lattice-best-path.cc:99) For utterance jackson_7_18, best cost 107.233 + 3968.23 = 4075.46 over 39 frames.
jackson_7_18 seven 
LOG (lattice-best-path[5.2.134~1-ecd4]:main():lattice-best-path.cc:99) For utterance jackson_7_19, best cost 119.483 + 4454.75 = 4574.24 over 45 frames.
jackson_7_19 seven 
LOG (lattice-best-path[5.2.134~1-ecd4]:main():lattice-best-path.cc:99) For utterance jackson_7_2, best cost 99.3658 + 3579.58 = 3678.95 over 36 frames.
jackson_7_2 nine 
LOG (lattice-best-path[5.2.134~1-ecd4]:main():lattice-best-path.cc:99) For utterance jackson_7_20, best cost 128.03 + 4667.51 = 4795.54 over 44 frames.
jackson_7_20 seven 
LOG (lattice-best-path[5.2.134~1-ecd4]:main():lattice-best-path.cc:99) For utterance jackson_7_21, best cost 123.811 + 5131.99 = 5255.8 over 50 frames.
jackson_7_21 seven 
LOG (lattice-best-path[5.2.134~1-ecd4]:main():lattice-best-path.cc:99) For utterance jackson_7_22, best cost 126.245 + 4465.07 = 4591.31 over 42 frames.
jackson_7_22 seven 
LOG (lattice-best-path[5.2.134~1-ecd4]:main():lattice-best-path.cc:99) For utterance jackson_7_23, best cost 111.964 + 5352.19 = 5464.15 over 54 frames.
jackson_7_23 seven 
LOG (lattice-best-path[5.2.134~1-ecd4]:main():lattice-best-path.cc:99) For utterance jackson_7_24, best cost 119.436 + 4508.03 = 4627.46 over 42 frames.
jackson_7_24 seven 
LOG (lattice-best-path[5.2.134~1-ecd4]:main():lattice-best-path.cc:99) For utterance jackson_7_25, best cost 111.534 + 4926.23 = 5037.76 over 45 frames.
jackson_7_25 seven 
LOG (lattice-best-path[5.2.134~1-ecd4]:main():lattice-best-path.cc:99) For utterance jackson_7_26, best cost 114.257 + 4942.48 = 5056.73 over 47 frames.
jackson_7_26 seven 
LOG (lattice-best-path[5.2.134~1-ecd4]:main():lattice-best-path.cc:99) For utterance jackson_7_27, best cost 115.483 + 5025.32 = 5140.8 over 47 frames.
jackson_7_27 seven 
LOG (lattice-best-path[5.2.134~1-ecd4]:main():lattice-best-path.cc:99) For utterance jackson_7_28, best cost 124.148 + 4253.45 = 4377.6 over 41 frames.
jackson_7_28 seven 
LOG (lattice-best-path[5.2.134~1-ecd4]:main():lattice-best-path.cc:99) For utterance jackson_7_29, best cost 123.006 + 4357.56 = 4480.57 over 43 frames.
jackson_7_29 seven 
LOG (lattice-best-path[5.2.134~1-ecd4]:main():lattice-best-path.cc:99) For utterance jackson_7_3, best cost 112.38 + 4076.31 = 4188.69 over 41 frames.
jackson_7_3 seven 
LOG (lattice-best-path[5.2.134~1-ecd4]:main():lattice-best-path.cc:99) For utterance jackson_7_30, best cost 128.155 + 4368.92 = 4497.07 over 44 frames.
jackson_7_30 seven 
LOG (lattice-best-path[5.2.134~1-ecd4]:main():lattice-best-path.cc:99) For utterance jackson_7_31, best cost 105.023 + 3934.3 = 4039.32 over 40 frames.
jackson_7_31 seven 
LOG (lattice-best-path[5.2.134~1-ecd4]:main():lattice-best-path.cc:99) For utterance jackson_7_32, best cost 120.179 + 5261.41 = 5381.59 over 52 frames.
jackson_7_32 seven 
LOG (lattice-best-path[5.2.134~1-ecd4]:main():lattice-best-path.cc:99) For utterance jackson_7_33, best cost 114.396 + 5406.93 = 5521.33 over 52 frames.
jackson_7_33 seven 
LOG (lattice-best-path[5.2.134~1-ecd4]:main():lattice-best-path.cc:99) For utterance jackson_7_34, best cost 125.258 + 5350.71 = 5475.97 over 49 frames.
jackson_7_34 seven 
LOG (lattice-best-path[5.2.134~1-ecd4]:main():lattice-best-path.cc:99) For utterance jackson_7_35, best cost 108.079 + 3797.57 = 3905.65 over 39 frames.
jackson_7_35 five 
LOG (lattice-best-path[5.2.134~1-ecd4]:main():lattice-best-path.cc:99) For utterance jackson_7_36, best cost 106.481 + 3883.96 = 3990.44 over 38 frames.
jackson_7_36 seven 
LOG (lattice-best-path[5.2.134~1-ecd4]:main():lattice-best-path.cc:99) For utterance jackson_7_37, best cost 112.115 + 3881.42 = 3993.54 over 39 frames.
jackson_7_37 seven 
LOG (lattice-best-path[5.2.134~1-ecd4]:main():lattice-best-path.cc:99) For utterance jackson_7_38, best cost 156.762 + 5147.06 = 5303.82 over 46 frames.
jackson_7_38 nine 
LOG (lattice-best-path[5.2.134~1-ecd4]:main():lattice-best-path.cc:99) For utterance jackson_7_39, best cost 162.664 + 5152.22 = 5314.89 over 49 frames.
jackson_7_39 seven 
LOG (lattice-best-path[5.2.134~1-ecd4]:main():lattice-best-path.cc:99) For utterance jackson_7_4, best cost 122.463 + 4200.49 = 4322.95 over 40 frames.
jackson_7_4 seven 
LOG (lattice-best-path[5.2.134~1-ecd4]:main():lattice-best-path.cc:99) For utterance jackson_7_40, best cost 107.227 + 4865.42 = 4972.65 over 47 frames.
jackson_7_40 nine 
LOG (lattice-best-path[5.2.134~1-ecd4]:main():lattice-best-path.cc:99) For utterance jackson_7_41, best cost 157.106 + 5168.82 = 5325.93 over 48 frames.
jackson_7_41 nine 
LOG (lattice-best-path[5.2.134~1-ecd4]:main():lattice-best-path.cc:99) For utterance jackson_7_42, best cost 108.777 + 4831.46 = 4940.24 over 46 frames.
jackson_7_42 nine 
LOG (lattice-best-path[5.2.134~1-ecd4]:main():lattice-best-path.cc:99) For utterance jackson_7_43, best cost 138.22 + 5376.94 = 5515.16 over 52 frames.
jackson_7_43 seven 
LOG (lattice-best-path[5.2.134~1-ecd4]:main():lattice-best-path.cc:99) For utterance jackson_7_44, best cost 113.736 + 5123.96 = 5237.69 over 49 frames.
jackson_7_44 five 
LOG (lattice-best-path[5.2.134~1-ecd4]:main():lattice-best-path.cc:99) For utterance jackson_7_45, best cost 174.267 + 4491.14 = 4665.4 over 44 frames.
jackson_7_45 nine 
LOG (lattice-best-path[5.2.134~1-ecd4]:main():lattice-best-path.cc:99) For utterance jackson_7_46, best cost 130.142 + 4921.13 = 5051.27 over 47 frames.
jackson_7_46 seven 
LOG (lattice-best-path[5.2.134~1-ecd4]:main():lattice-best-path.cc:99) For utterance jackson_7_47, best cost 129.718 + 5098.32 = 5228.04 over 47 frames.
jackson_7_47 seven 
LOG (lattice-best-path[5.2.134~1-ecd4]:main():lattice-best-path.cc:99) For utterance jackson_7_48, best cost 117.632 + 4639.1 = 4756.73 over 44 frames.
jackson_7_48 seven 
LOG (lattice-best-path[5.2.134~1-ecd4]:main():lattice-best-path.cc:99) For utterance jackson_7_49, best cost 121.107 + 5109.23 = 5230.34 over 47 frames.
jackson_7_49 seven 
LOG (lattice-best-path[5.2.134~1-ecd4]:main():lattice-best-path.cc:99) For utterance jackson_7_5, best cost 109.356 + 4282.77 = 4392.12 over 43 frames.
jackson_7_5 seven 
LOG (lattice-best-path[5.2.134~1-ecd4]:main():lattice-best-path.cc:99) For utterance jackson_7_6, best cost 114.144 + 4468.3 = 4582.45 over 43 frames.
jackson_7_6 seven 
LOG (lattice-best-path[5.2.134~1-ecd4]:main():lattice-best-path.cc:99) For utterance jackson_7_7, best cost 114.005 + 4020.73 = 4134.73 over 40 frames.
jackson_7_7 seven 
LOG (lattice-best-path[5.2.134~1-ecd4]:main():lattice-best-path.cc:99) For utterance jackson_7_8, best cost 45.352 + 4293.81 = 4339.16 over 41 frames.
jackson_7_8 
LOG (lattice-best-path[5.2.134~1-ecd4]:main():lattice-best-path.cc:99) For utterance jackson_7_9, best cost 135.557 + 4359.6 = 4495.16 over 42 frames.
jackson_7_9 seven 
LOG (lattice-best-path[5.2.134~1-ecd4]:main():lattice-best-path.cc:99) For utterance jackson_8_0, best cost 97.1289 + 3315.88 = 3413.01 over 33 frames.
jackson_8_0 eight 
LOG (lattice-best-path[5.2.134~1-ecd4]:main():lattice-best-path.cc:99) For utterance jackson_8_1, best cost 92.3042 + 3872.11 = 3964.41 over 38 frames.
jackson_8_1 eight 
LOG (lattice-best-path[5.2.134~1-ecd4]:main():lattice-best-path.cc:99) For utterance jackson_8_10, best cost 97.5714 + 3409.6 = 3507.17 over 34 frames.
jackson_8_10 eight 
LOG (lattice-best-path[5.2.134~1-ecd4]:main():lattice-best-path.cc:99) For utterance jackson_8_11, best cost 97.9764 + 4087.84 = 4185.82 over 39 frames.
jackson_8_11 eight 
LOG (lattice-best-path[5.2.134~1-ecd4]:main():lattice-best-path.cc:99) For utterance jackson_8_12, best cost 104.669 + 3480.21 = 3584.87 over 34 frames.
jackson_8_12 eight 
LOG (lattice-best-path[5.2.134~1-ecd4]:main():lattice-best-path.cc:99) For utterance jackson_8_13, best cost 91.937 + 3971.69 = 4063.63 over 36 frames.
jackson_8_13 eight 
LOG (lattice-best-path[5.2.134~1-ecd4]:main():lattice-best-path.cc:99) For utterance jackson_8_14, best cost 97.0436 + 3380.03 = 3477.08 over 34 frames.
jackson_8_14 eight 
LOG (lattice-best-path[5.2.134~1-ecd4]:main():lattice-best-path.cc:99) For utterance jackson_8_15, best cost 104.901 + 3922.37 = 4027.27 over 37 frames.
jackson_8_15 eight 
LOG (lattice-best-path[5.2.134~1-ecd4]:main():lattice-best-path.cc:99) For utterance jackson_8_16, best cost 97.2072 + 3380.36 = 3477.57 over 33 frames.
jackson_8_16 eight 
LOG (lattice-best-path[5.2.134~1-ecd4]:main():lattice-best-path.cc:99) For utterance jackson_8_17, best cost 91.268 + 4135.28 = 4226.55 over 38 frames.
jackson_8_17 eight 
LOG (lattice-best-path[5.2.134~1-ecd4]:main():lattice-best-path.cc:99) For utterance jackson_8_18, best cost 93.0854 + 3874.28 = 3967.36 over 38 frames.
jackson_8_18 eight 
LOG (lattice-best-path[5.2.134~1-ecd4]:main():lattice-best-path.cc:99) For utterance jackson_8_19, best cost 92.7571 + 3857.09 = 3949.84 over 36 frames.
jackson_8_19 eight 
LOG (lattice-best-path[5.2.134~1-ecd4]:main():lattice-best-path.cc:99) For utterance jackson_8_2, best cost 91.9138 + 3813.33 = 3905.24 over 36 frames.
jackson_8_2 eight 
LOG (lattice-best-path[5.2.134~1-ecd4]:main():lattice-best-path.cc:99) For utterance jackson_8_20, best cost 92.0776 + 3960.62 = 4052.7 over 37 frames.
jackson_8_20 eight 
LOG (lattice-best-path[5.2.134~1-ecd4]:main():lattice-best-path.cc:99) For utterance jackson_8_21, best cost 91.9733 + 3968.57 = 4060.54 over 37 frames.
jackson_8_21 eight 
LOG (lattice-best-path[5.2.134~1-ecd4]:main():lattice-best-path.cc:99) For utterance jackson_8_22, best cost 93.9368 + 4437.81 = 4531.74 over 43 frames.
jackson_8_22 eight 
LOG (lattice-best-path[5.2.134~1-ecd4]:main():lattice-best-path.cc:99) For utterance jackson_8_23, best cost 101.137 + 4217.09 = 4318.22 over 42 frames.
jackson_8_23 eight 
LOG (lattice-best-path[5.2.134~1-ecd4]:main():lattice-best-path.cc:99) For utterance jackson_8_24, best cost 90.6399 + 3634.33 = 3724.97 over 35 frames.
jackson_8_24 eight 
LOG (lattice-best-path[5.2.134~1-ecd4]:main():lattice-best-path.cc:99) For utterance jackson_8_25, best cost 98.1212 + 3970.58 = 4068.7 over 38 frames.
jackson_8_25 eight 
LOG (lattice-best-path[5.2.134~1-ecd4]:main():lattice-best-path.cc:99) For utterance jackson_8_26, best cost 102.087 + 4692.65 = 4794.74 over 44 frames.
jackson_8_26 eight 
LOG (lattice-best-path[5.2.134~1-ecd4]:main():lattice-best-path.cc:99) For utterance jackson_8_27, best cost 99.7839 + 3925.88 = 4025.67 over 39 frames.
jackson_8_27 eight 
LOG (lattice-best-path[5.2.134~1-ecd4]:main():lattice-best-path.cc:99) For utterance jackson_8_28, best cost 99.8369 + 4017.89 = 4117.73 over 39 frames.
jackson_8_28 eight 
LOG (lattice-best-path[5.2.134~1-ecd4]:main():lattice-best-path.cc:99) For utterance jackson_8_29, best cost 93.9769 + 3849.06 = 3943.03 over 38 frames.
jackson_8_29 eight 
LOG (lattice-best-path[5.2.134~1-ecd4]:main():lattice-best-path.cc:99) For utterance jackson_8_3, best cost 91.3386 + 3851.42 = 3942.75 over 37 frames.
jackson_8_3 eight 
LOG (lattice-best-path[5.2.134~1-ecd4]:main():lattice-best-path.cc:99) For utterance jackson_8_30, best cost 101.161 + 4235.34 = 4336.5 over 42 frames.
jackson_8_30 eight 
LOG (lattice-best-path[5.2.134~1-ecd4]:main():lattice-best-path.cc:99) For utterance jackson_8_31, best cost 98.8541 + 4192.72 = 4291.57 over 40 frames.
jackson_8_31 eight 
LOG (lattice-best-path[5.2.134~1-ecd4]:main():lattice-best-path.cc:99) For utterance jackson_8_32, best cost 94.0375 + 4656.35 = 4750.39 over 44 frames.
jackson_8_32 eight 
LOG (lattice-best-path[5.2.134~1-ecd4]:main():lattice-best-path.cc:99) For utterance jackson_8_33, best cost 96.326 + 4694.08 = 4790.41 over 43 frames.
jackson_8_33 eight 
LOG (lattice-best-path[5.2.134~1-ecd4]:main():lattice-best-path.cc:99) For utterance jackson_8_34, best cost 96.1749 + 4587.79 = 4683.96 over 46 frames.
jackson_8_34 eight 
LOG (lattice-best-path[5.2.134~1-ecd4]:main():lattice-best-path.cc:99) For utterance jackson_8_35, best cost 99.1663 + 4684.63 = 4783.79 over 46 frames.
jackson_8_35 eight 
LOG (lattice-best-path[5.2.134~1-ecd4]:main():lattice-best-path.cc:99) For utterance jackson_8_36, best cost 91.8042 + 4283.25 = 4375.05 over 40 frames.
jackson_8_36 eight 
LOG (lattice-best-path[5.2.134~1-ecd4]:main():lattice-best-path.cc:99) For utterance jackson_8_37, best cost 91.7757 + 4147 = 4238.78 over 39 frames.
jackson_8_37 eight 
LOG (lattice-best-path[5.2.134~1-ecd4]:main():lattice-best-path.cc:99) For utterance jackson_8_38, best cost 46.1045 + 4602.49 = 4648.59 over 43 frames.
jackson_8_38 
LOG (lattice-best-path[5.2.134~1-ecd4]:main():lattice-best-path.cc:99) For utterance jackson_8_39, best cost 97.4689 + 4832.79 = 4930.26 over 45 frames.
jackson_8_39 eight 
LOG (lattice-best-path[5.2.134~1-ecd4]:main():lattice-best-path.cc:99) For utterance jackson_8_4, best cost 98.5299 + 4128.64 = 4227.17 over 39 frames.
jackson_8_4 eight 
LOG (lattice-best-path[5.2.134~1-ecd4]:main():lattice-best-path.cc:99) For utterance jackson_8_40, best cost 96.7196 + 4290.02 = 4386.74 over 42 frames.
jackson_8_40 eight 
LOG (lattice-best-path[5.2.134~1-ecd4]:main():lattice-best-path.cc:99) For utterance jackson_8_41, best cost 105.687 + 6069.02 = 6174.7 over 56 frames.
jackson_8_41 eight 
LOG (lattice-best-path[5.2.134~1-ecd4]:main():lattice-best-path.cc:99) For utterance jackson_8_42, best cost 91.6786 + 3997.39 = 4089.06 over 40 frames.
jackson_8_42 eight 
LOG (lattice-best-path[5.2.134~1-ecd4]:main():lattice-best-path.cc:99) For utterance jackson_8_43, best cost 93.3498 + 4009.85 = 4103.2 over 40 frames.
jackson_8_43 eight 
LOG (lattice-best-path[5.2.134~1-ecd4]:main():lattice-best-path.cc:99) For utterance jackson_8_44, best cost 99.4056 + 4363.86 = 4463.26 over 42 frames.
jackson_8_44 eight 
LOG (lattice-best-path[5.2.134~1-ecd4]:main():lattice-best-path.cc:99) For utterance jackson_8_45, best cost 96.3653 + 4557.22 = 4653.58 over 42 frames.
jackson_8_45 eight 
LOG (lattice-best-path[5.2.134~1-ecd4]:main():lattice-best-path.cc:99) For utterance jackson_8_46, best cost 92.0931 + 4297.61 = 4389.7 over 40 frames.
jackson_8_46 eight 
LOG (lattice-best-path[5.2.134~1-ecd4]:main():lattice-best-path.cc:99) For utterance jackson_8_47, best cost 92.9327 + 4166.33 = 4259.26 over 41 frames.
jackson_8_47 eight 
LOG (lattice-best-path[5.2.134~1-ecd4]:main():lattice-best-path.cc:99) For utterance jackson_8_48, best cost 92.6931 + 4222.11 = 4314.8 over 40 frames.
jackson_8_48 eight 
LOG (lattice-best-path[5.2.134~1-ecd4]:main():lattice-best-path.cc:99) For utterance jackson_8_49, best cost 96.0627 + 4642.45 = 4738.52 over 45 frames.
jackson_8_49 eight 
LOG (lattice-best-path[5.2.134~1-ecd4]:main():lattice-best-path.cc:99) For utterance jackson_8_5, best cost 101.48 + 4234.57 = 4336.05 over 41 frames.
jackson_8_5 eight 
LOG (lattice-best-path[5.2.134~1-ecd4]:main():lattice-best-path.cc:99) For utterance jackson_8_6, best cost 92.726 + 4181.81 = 4274.54 over 40 frames.
jackson_8_6 eight 
LOG (lattice-best-path[5.2.134~1-ecd4]:main():lattice-best-path.cc:99) For utterance jackson_8_7, best cost 45.352 + 4438.13 = 4483.48 over 41 frames.
jackson_8_7 
LOG (lattice-best-path[5.2.134~1-ecd4]:main():lattice-best-path.cc:99) For utterance jackson_8_8, best cost 43.293 + 3651.02 = 3694.32 over 35 frames.
jackson_8_8 
LOG (lattice-best-path[5.2.134~1-ecd4]:main():lattice-best-path.cc:99) For utterance jackson_8_9, best cost 43.4706 + 3833.34 = 3876.81 over 36 frames.
jackson_8_9 
LOG (lattice-best-path[5.2.134~1-ecd4]:main():lattice-best-path.cc:99) For utterance jackson_9_0, best cost 115.837 + 5478.22 = 5594.05 over 58 frames.
jackson_9_0 nine 
LOG (lattice-best-path[5.2.134~1-ecd4]:main():lattice-best-path.cc:99) For utterance jackson_9_1, best cost 119.877 + 5485.54 = 5605.42 over 55 frames.
jackson_9_1 nine 
LOG (lattice-best-path[5.2.134~1-ecd4]:main():lattice-best-path.cc:99) For utterance jackson_9_10, best cost 102.407 + 5149.18 = 5251.59 over 49 frames.
jackson_9_10 nine 
LOG (lattice-best-path[5.2.134~1-ecd4]:main():lattice-best-path.cc:99) For utterance jackson_9_11, best cost 117.213 + 5909.57 = 6026.78 over 60 frames.
jackson_9_11 nine 
LOG (lattice-best-path[5.2.134~1-ecd4]:main():lattice-best-path.cc:99) For utterance jackson_9_12, best cost 127.221 + 5540.18 = 5667.41 over 56 frames.
jackson_9_12 nine 
LOG (lattice-best-path[5.2.134~1-ecd4]:main():lattice-best-path.cc:99) For utterance jackson_9_13, best cost 115.386 + 5490.17 = 5605.56 over 57 frames.
jackson_9_13 nine 
LOG (lattice-best-path[5.2.134~1-ecd4]:main():lattice-best-path.cc:99) For utterance jackson_9_14, best cost 116.434 + 6261.76 = 6378.19 over 60 frames.
jackson_9_14 nine 
LOG (lattice-best-path[5.2.134~1-ecd4]:main():lattice-best-path.cc:99) For utterance jackson_9_15, best cost 123.934 + 5828.78 = 5952.71 over 57 frames.
jackson_9_15 nine 
LOG (lattice-best-path[5.2.134~1-ecd4]:main():lattice-best-path.cc:99) For utterance jackson_9_16, best cost 110.44 + 4459.18 = 4569.62 over 45 frames.
jackson_9_16 nine 
LOG (lattice-best-path[5.2.134~1-ecd4]:main():lattice-best-path.cc:99) For utterance jackson_9_17, best cost 102.999 + 4633.95 = 4736.95 over 46 frames.
jackson_9_17 nine 
LOG (lattice-best-path[5.2.134~1-ecd4]:main():lattice-best-path.cc:99) For utterance jackson_9_18, best cost 101.948 + 5179.53 = 5281.48 over 52 frames.
jackson_9_18 nine 
LOG (lattice-best-path[5.2.134~1-ecd4]:main():lattice-best-path.cc:99) For utterance jackson_9_19, best cost 118.773 + 4984.23 = 5103 over 52 frames.
jackson_9_19 nine 
LOG (lattice-best-path[5.2.134~1-ecd4]:main():lattice-best-path.cc:99) For utterance jackson_9_2, best cost 119.267 + 5581.57 = 5700.84 over 56 frames.
jackson_9_2 nine 
LOG (lattice-best-path[5.2.134~1-ecd4]:main():lattice-best-path.cc:99) For utterance jackson_9_20, best cost 116.895 + 5532.59 = 5649.49 over 57 frames.
jackson_9_20 nine 
LOG (lattice-best-path[5.2.134~1-ecd4]:main():lattice-best-path.cc:99) For utterance jackson_9_21, best cost 111.903 + 5130.95 = 5242.85 over 52 frames.
jackson_9_21 nine 
LOG (lattice-best-path[5.2.134~1-ecd4]:main():lattice-best-path.cc:99) For utterance jackson_9_22, best cost 111.648 + 4903.78 = 5015.43 over 50 frames.
jackson_9_22 nine 
LOG (lattice-best-path[5.2.134~1-ecd4]:main():lattice-best-path.cc:99) For utterance jackson_9_23, best cost 114.383 + 6001.64 = 6116.02 over 60 frames.
jackson_9_23 nine 
LOG (lattice-best-path[5.2.134~1-ecd4]:main():lattice-best-path.cc:99) For utterance jackson_9_24, best cost 118.453 + 5042.51 = 5160.96 over 52 frames.
jackson_9_24 nine 
LOG (lattice-best-path[5.2.134~1-ecd4]:main():lattice-best-path.cc:99) For utterance jackson_9_25, best cost 105.12 + 4483.26 = 4588.38 over 47 frames.
jackson_9_25 nine 
LOG (lattice-best-path[5.2.134~1-ecd4]:main():lattice-best-path.cc:99) For utterance jackson_9_26, best cost 118.351 + 5833.72 = 5952.07 over 60 frames.
jackson_9_26 nine 
LOG (lattice-best-path[5.2.134~1-ecd4]:main():lattice-best-path.cc:99) For utterance jackson_9_27, best cost 123.011 + 5759.58 = 5882.59 over 59 frames.
jackson_9_27 nine 
LOG (lattice-best-path[5.2.134~1-ecd4]:main():lattice-best-path.cc:99) For utterance jackson_9_28, best cost 108.32 + 5663.22 = 5771.54 over 59 frames.
jackson_9_28 nine 
LOG (lattice-best-path[5.2.134~1-ecd4]:main():lattice-best-path.cc:99) For utterance jackson_9_29, best cost 118.657 + 4815.99 = 4934.65 over 50 frames.
jackson_9_29 nine 
LOG (lattice-best-path[5.2.134~1-ecd4]:main():lattice-best-path.cc:99) For utterance jackson_9_3, best cost 107.906 + 5344.56 = 5452.47 over 52 frames.
jackson_9_3 nine 
LOG (lattice-best-path[5.2.134~1-ecd4]:main():lattice-best-path.cc:99) For utterance jackson_9_30, best cost 124.77 + 7207.31 = 7332.08 over 62 frames.
jackson_9_30 nine 
LOG (lattice-best-path[5.2.134~1-ecd4]:main():lattice-best-path.cc:99) For utterance jackson_9_31, best cost 117.505 + 6705.2 = 6822.7 over 63 frames.
jackson_9_31 nine 
LOG (lattice-best-path[5.2.134~1-ecd4]:main():lattice-best-path.cc:99) For utterance jackson_9_32, best cost 127.535 + 6468.74 = 6596.28 over 62 frames.
jackson_9_32 nine 
LOG (lattice-best-path[5.2.134~1-ecd4]:main():lattice-best-path.cc:99) For utterance jackson_9_33, best cost 141.838 + 7016.06 = 7157.9 over 66 frames.
jackson_9_33 nine 
LOG (lattice-best-path[5.2.134~1-ecd4]:main():lattice-best-path.cc:99) For utterance jackson_9_34, best cost 126.763 + 6675.88 = 6802.65 over 66 frames.
jackson_9_34 nine 
LOG (lattice-best-path[5.2.134~1-ecd4]:main():lattice-best-path.cc:99) For utterance jackson_9_35, best cost 118.106 + 6670.6 = 6788.71 over 64 frames.
jackson_9_35 nine 
LOG (lattice-best-path[5.2.134~1-ecd4]:main():lattice-best-path.cc:99) For utterance jackson_9_36, best cost 124.706 + 6889.08 = 7013.78 over 64 frames.
jackson_9_36 nine 
LOG (lattice-best-path[5.2.134~1-ecd4]:main():lattice-best-path.cc:99) For utterance jackson_9_37, best cost 121.765 + 6592.32 = 6714.09 over 60 frames.
jackson_9_37 nine 
LOG (lattice-best-path[5.2.134~1-ecd4]:main():lattice-best-path.cc:99) For utterance jackson_9_38, best cost 135.341 + 6657.8 = 6793.14 over 63 frames.
jackson_9_38 one 
LOG (lattice-best-path[5.2.134~1-ecd4]:main():lattice-best-path.cc:99) For utterance jackson_9_39, best cost 124.291 + 6341.43 = 6465.72 over 58 frames.
jackson_9_39 nine 
LOG (lattice-best-path[5.2.134~1-ecd4]:main():lattice-best-path.cc:99) For utterance jackson_9_4, best cost 120.18 + 5581.96 = 5702.14 over 56 frames.
jackson_9_4 nine 
LOG (lattice-best-path[5.2.134~1-ecd4]:main():lattice-best-path.cc:99) For utterance jackson_9_40, best cost 115.874 + 6663.98 = 6779.85 over 60 frames.
jackson_9_40 nine 
LOG (lattice-best-path[5.2.134~1-ecd4]:main():lattice-best-path.cc:99) For utterance jackson_9_41, best cost 50.2435 + 6190.09 = 6240.33 over 54 frames.
jackson_9_41 
LOG (lattice-best-path[5.2.134~1-ecd4]:main():lattice-best-path.cc:99) For utterance jackson_9_42, best cost 127.126 + 5860.84 = 5987.97 over 56 frames.
jackson_9_42 nine 
LOG (lattice-best-path[5.2.134~1-ecd4]:main():lattice-best-path.cc:99) For utterance jackson_9_43, best cost 133.926 + 6496.96 = 6630.89 over 60 frames.
jackson_9_43 nine 
LOG (lattice-best-path[5.2.134~1-ecd4]:main():lattice-best-path.cc:99) For utterance jackson_9_44, best cost 116.475 + 6284.42 = 6400.9 over 58 frames.
jackson_9_44 nine 
LOG (lattice-best-path[5.2.134~1-ecd4]:main():lattice-best-path.cc:99) For utterance jackson_9_45, best cost 108.522 + 5366.56 = 5475.08 over 52 frames.
jackson_9_45 nine 
LOG (lattice-best-path[5.2.134~1-ecd4]:main():lattice-best-path.cc:99) For utterance jackson_9_46, best cost 136.308 + 6835.14 = 6971.44 over 63 frames.
jackson_9_46 nine 
LOG (lattice-best-path[5.2.134~1-ecd4]:main():lattice-best-path.cc:99) For utterance jackson_9_47, best cost 120.345 + 6419.63 = 6539.97 over 59 frames.
jackson_9_47 nine 
LOG (lattice-best-path[5.2.134~1-ecd4]:main():lattice-best-path.cc:99) For utterance jackson_9_48, best cost 121.19 + 6603.41 = 6724.6 over 59 frames.
jackson_9_48 nine 
LOG (lattice-best-path[5.2.134~1-ecd4]:main():lattice-best-path.cc:99) For utterance jackson_9_49, best cost 118.777 + 6562.9 = 6681.68 over 62 frames.
jackson_9_49 nine 
LOG (lattice-best-path[5.2.134~1-ecd4]:main():lattice-best-path.cc:99) For utterance jackson_9_5, best cost 130.448 + 5332.24 = 5462.69 over 56 frames.
jackson_9_5 nine 
LOG (lattice-best-path[5.2.134~1-ecd4]:main():lattice-best-path.cc:99) For utterance jackson_9_6, best cost 119.249 + 5242.17 = 5361.42 over 54 frames.
jackson_9_6 nine 
LOG (lattice-best-path[5.2.134~1-ecd4]:main():lattice-best-path.cc:99) For utterance jackson_9_7, best cost 111.087 + 5077.62 = 5188.7 over 52 frames.
jackson_9_7 nine 
LOG (lattice-best-path[5.2.134~1-ecd4]:main():lattice-best-path.cc:99) For utterance jackson_9_8, best cost 105.346 + 6025.11 = 6130.45 over 62 frames.
jackson_9_8 nine 
LOG (lattice-best-path[5.2.134~1-ecd4]:main():lattice-best-path.cc:99) For utterance jackson_9_9, best cost 104.291 + 5326.53 = 5430.82 over 52 frames.
jackson_9_9 nine 
LOG (lattice-best-path[5.2.134~1-ecd4]:main():lattice-best-path.cc:124) Overall cost per frame is 105.414 = 2.22933 [graph] + 103.185 [acoustic] over 24827 frames.
LOG (lattice-best-path[5.2.134~1-ecd4]:main():lattice-best-path.cc:128) Done 500 lattices, failed for 0
# Accounting: time=0 threads=1
# Ended (code 0) at Sat Nov 11 18:40:08 EST 2017, elapsed time 0 seconds
