# gmm-acc-stats-ali exp/mono/6.mdl "ark,s,cs:apply-cmvn  --utt2spk=ark:data/train/split1/1/utt2spk scp:data/train/split1/1/cmvn.scp scp:data/train/split1/1/feats.scp ark:- | add-deltas ark:- ark:- |" "ark:gunzip -c exp/mono/ali.1.gz|" exp/mono/6.1.acc 
# Started at Sun Oct 29 19:39:28 EDT 2017
#
gmm-acc-stats-ali exp/mono/6.mdl 'ark,s,cs:apply-cmvn  --utt2spk=ark:data/train/split1/1/utt2spk scp:data/train/split1/1/cmvn.scp scp:data/train/split1/1/feats.scp ark:- | add-deltas ark:- ark:- |' 'ark:gunzip -c exp/mono/ali.1.gz|' exp/mono/6.1.acc 
apply-cmvn --utt2spk=ark:data/train/split1/1/utt2spk scp:data/train/split1/1/cmvn.scp scp:data/train/split1/1/feats.scp ark:- 
add-deltas ark:- ark:- 
LOG (gmm-acc-stats-ali[5.2.134~1-ecd4]:main():gmm-acc-stats-ali.cc:105) Processed 50 utterances; for utterance jackson_0_9 avg. like is -84.5306 over 61 frames.
LOG (gmm-acc-stats-ali[5.2.134~1-ecd4]:main():gmm-acc-stats-ali.cc:105) Processed 100 utterances; for utterance jackson_1_9 avg. like is -88.4436 over 56 frames.
LOG (gmm-acc-stats-ali[5.2.134~1-ecd4]:main():gmm-acc-stats-ali.cc:105) Processed 150 utterances; for utterance jackson_2_9 avg. like is -88.3684 over 52 frames.
LOG (gmm-acc-stats-ali[5.2.134~1-ecd4]:main():gmm-acc-stats-ali.cc:105) Processed 200 utterances; for utterance jackson_3_9 avg. like is -90.2888 over 47 frames.
LOG (gmm-acc-stats-ali[5.2.134~1-ecd4]:main():gmm-acc-stats-ali.cc:105) Processed 250 utterances; for utterance jackson_4_9 avg. like is -90.9429 over 40 frames.
LOG (gmm-acc-stats-ali[5.2.134~1-ecd4]:main():gmm-acc-stats-ali.cc:105) Processed 300 utterances; for utterance jackson_5_9 avg. like is -94.9148 over 56 frames.
LOG (gmm-acc-stats-ali[5.2.134~1-ecd4]:main():gmm-acc-stats-ali.cc:105) Processed 350 utterances; for utterance jackson_6_9 avg. like is -86.7228 over 81 frames.
LOG (gmm-acc-stats-ali[5.2.134~1-ecd4]:main():gmm-acc-stats-ali.cc:105) Processed 400 utterances; for utterance jackson_7_9 avg. like is -92.8814 over 42 frames.
LOG (gmm-acc-stats-ali[5.2.134~1-ecd4]:main():gmm-acc-stats-ali.cc:105) Processed 450 utterances; for utterance jackson_8_9 avg. like is -92.4452 over 36 frames.
LOG (gmm-acc-stats-ali[5.2.134~1-ecd4]:main():gmm-acc-stats-ali.cc:105) Processed 500 utterances; for utterance jackson_9_9 avg. like is -88.2767 over 52 frames.
LOG (gmm-acc-stats-ali[5.2.134~1-ecd4]:main():gmm-acc-stats-ali.cc:105) Processed 550 utterances; for utterance nicolas_0_9 avg. like is -83.8703 over 46 frames.
LOG (gmm-acc-stats-ali[5.2.134~1-ecd4]:main():gmm-acc-stats-ali.cc:105) Processed 600 utterances; for utterance nicolas_1_9 avg. like is -80.8688 over 29 frames.
LOG (gmm-acc-stats-ali[5.2.134~1-ecd4]:main():gmm-acc-stats-ali.cc:105) Processed 650 utterances; for utterance nicolas_2_9 avg. like is -91.7912 over 33 frames.
LOG (gmm-acc-stats-ali[5.2.134~1-ecd4]:main():gmm-acc-stats-ali.cc:105) Processed 700 utterances; for utterance nicolas_3_9 avg. like is -79.6627 over 22 frames.
LOG (gmm-acc-stats-ali[5.2.134~1-ecd4]:main():gmm-acc-stats-ali.cc:105) Processed 750 utterances; for utterance nicolas_4_9 avg. like is -82.6559 over 31 frames.
LOG (gmm-acc-stats-ali[5.2.134~1-ecd4]:main():gmm-acc-stats-ali.cc:105) Processed 800 utterances; for utterance nicolas_5_9 avg. like is -80.4475 over 32 frames.
LOG (gmm-acc-stats-ali[5.2.134~1-ecd4]:main():gmm-acc-stats-ali.cc:105) Processed 850 utterances; for utterance nicolas_6_9 avg. like is -101.285 over 14 frames.
LOG (gmm-acc-stats-ali[5.2.134~1-ecd4]:main():gmm-acc-stats-ali.cc:105) Processed 900 utterances; for utterance nicolas_7_9 avg. like is -83.4139 over 35 frames.
LOG (gmm-acc-stats-ali[5.2.134~1-ecd4]:main():gmm-acc-stats-ali.cc:105) Processed 950 utterances; for utterance nicolas_8_9 avg. like is -86.3731 over 25 frames.
LOG (gmm-acc-stats-ali[5.2.134~1-ecd4]:main():gmm-acc-stats-ali.cc:105) Processed 1000 utterances; for utterance nicolas_9_9 avg. like is -83.1415 over 42 frames.
LOG (gmm-acc-stats-ali[5.2.134~1-ecd4]:main():gmm-acc-stats-ali.cc:105) Processed 1050 utterances; for utterance theo_0_9 avg. like is -87.4719 over 37 frames.
LOG (gmm-acc-stats-ali[5.2.134~1-ecd4]:main():gmm-acc-stats-ali.cc:105) Processed 1100 utterances; for utterance theo_1_9 avg. like is -86.3519 over 22 frames.
LOG (gmm-acc-stats-ali[5.2.134~1-ecd4]:main():gmm-acc-stats-ali.cc:105) Processed 1150 utterances; for utterance theo_2_9 avg. like is -102.787 over 22 frames.
LOG (gmm-acc-stats-ali[5.2.134~1-ecd4]:main():gmm-acc-stats-ali.cc:105) Processed 1200 utterances; for utterance theo_3_9 avg. like is -100.417 over 23 frames.
LOG (gmm-acc-stats-ali[5.2.134~1-ecd4]:main():gmm-acc-stats-ali.cc:105) Processed 1250 utterances; for utterance theo_4_9 avg. like is -85.0153 over 24 frames.
LOG (gmm-acc-stats-ali[5.2.134~1-ecd4]:main():gmm-acc-stats-ali.cc:105) Processed 1300 utterances; for utterance theo_5_9 avg. like is -84.2592 over 30 frames.
LOG (gmm-acc-stats-ali[5.2.134~1-ecd4]:main():gmm-acc-stats-ali.cc:105) Processed 1350 utterances; for utterance theo_6_9 avg. like is -89.79 over 48 frames.
LOG (gmm-acc-stats-ali[5.2.134~1-ecd4]:main():gmm-acc-stats-ali.cc:105) Processed 1400 utterances; for utterance theo_7_9 avg. like is -88.193 over 38 frames.
LOG (gmm-acc-stats-ali[5.2.134~1-ecd4]:main():gmm-acc-stats-ali.cc:105) Processed 1450 utterances; for utterance theo_8_9 avg. like is -89.315 over 33 frames.
LOG (apply-cmvn[5.2.134~1-ecd4]:main():apply-cmvn.cc:162) Applied cepstral mean normalization to 1500 utterances, errors on 0
LOG (gmm-acc-stats-ali[5.2.134~1-ecd4]:main():gmm-acc-stats-ali.cc:105) Processed 1500 utterances; for utterance theo_9_9 avg. like is -85.7052 over 40 frames.
LOG (gmm-acc-stats-ali[5.2.134~1-ecd4]:main():gmm-acc-stats-ali.cc:112) Done 1500 files, 0 with errors.
LOG (gmm-acc-stats-ali[5.2.134~1-ecd4]:main():gmm-acc-stats-ali.cc:115) Overall avg like per frame (Gaussian only) = -88.7921 over 59729 frames.
LOG (gmm-acc-stats-ali[5.2.134~1-ecd4]:main():gmm-acc-stats-ali.cc:123) Written accs.
# Accounting: time=1 threads=1
# Ended (code 0) at Sun Oct 29 19:39:29 EDT 2017, elapsed time 1 seconds
