# align-equal-compiled "ark:gunzip -c exp/mono/fsts.1.gz|" "ark,s,cs:apply-cmvn  --utt2spk=ark:data/train/split1/1/utt2spk scp:data/train/split1/1/cmvn.scp scp:data/train/split1/1/feats.scp ark:- | add-deltas ark:- ark:- |" ark,t:- | gmm-acc-stats-ali --binary=true exp/mono/0.mdl "ark,s,cs:apply-cmvn  --utt2spk=ark:data/train/split1/1/utt2spk scp:data/train/split1/1/cmvn.scp scp:data/train/split1/1/feats.scp ark:- | add-deltas ark:- ark:- |" ark:- exp/mono/0.1.acc 
# Started at Sat Nov 11 18:39:22 EST 2017
#
align-equal-compiled 'ark:gunzip -c exp/mono/fsts.1.gz|' 'ark,s,cs:apply-cmvn  --utt2spk=ark:data/train/split1/1/utt2spk scp:data/train/split1/1/cmvn.scp scp:data/train/split1/1/feats.scp ark:- | add-deltas ark:- ark:- |' ark,t:- 
add-deltas ark:- ark:- 
apply-cmvn --utt2spk=ark:data/train/split1/1/utt2spk scp:data/train/split1/1/cmvn.scp scp:data/train/split1/1/feats.scp ark:- 
gmm-acc-stats-ali --binary=true exp/mono/0.mdl 'ark,s,cs:apply-cmvn  --utt2spk=ark:data/train/split1/1/utt2spk scp:data/train/split1/1/cmvn.scp scp:data/train/split1/1/feats.scp ark:- | add-deltas ark:- ark:- |' ark:- exp/mono/0.1.acc 
add-deltas ark:- ark:- 
apply-cmvn --utt2spk=ark:data/train/split1/1/utt2spk scp:data/train/split1/1/cmvn.scp scp:data/train/split1/1/feats.scp ark:- 
LOG (gmm-acc-stats-ali[5.2.134~1-ecd4]:main():gmm-acc-stats-ali.cc:105) Processed 50 utterances; for utterance nicolas_0_9 avg. like is -87.2336 over 46 frames.
LOG (gmm-acc-stats-ali[5.2.134~1-ecd4]:main():gmm-acc-stats-ali.cc:105) Processed 100 utterances; for utterance nicolas_1_9 avg. like is -96.231 over 29 frames.
LOG (gmm-acc-stats-ali[5.2.134~1-ecd4]:main():gmm-acc-stats-ali.cc:105) Processed 150 utterances; for utterance nicolas_2_9 avg. like is -109.533 over 33 frames.
LOG (gmm-acc-stats-ali[5.2.134~1-ecd4]:main():gmm-acc-stats-ali.cc:105) Processed 200 utterances; for utterance nicolas_3_9 avg. like is -82.3861 over 22 frames.
LOG (gmm-acc-stats-ali[5.2.134~1-ecd4]:main():gmm-acc-stats-ali.cc:105) Processed 250 utterances; for utterance nicolas_4_9 avg. like is -93.1256 over 31 frames.
LOG (gmm-acc-stats-ali[5.2.134~1-ecd4]:main():gmm-acc-stats-ali.cc:105) Processed 300 utterances; for utterance nicolas_5_9 avg. like is -102.03 over 32 frames.
WARNING (align-equal-compiled[5.2.134~1-ecd4]:EqualAlign():fstext/fstext-utils-inl.h:876) EqualAlign: the randomly constructed paths lengths: 18,25,22,19,21,18,23,22,20,18
WARNING (align-equal-compiled[5.2.134~1-ecd4]:EqualAlign():fstext/fstext-utils-inl.h:877) EqualAlign: utterance has too few frames 12 to align.
WARNING (align-equal-compiled[5.2.134~1-ecd4]:main():align-equal-compiled.cc:100) AlignEqual: did not align utterence nicolas_6_7
LOG (apply-cmvn[5.2.134~1-ecd4]:main():apply-cmvn.cc:162) Applied cepstral mean normalization to 1000 utterances, errors on 0
WARNING (align-equal-compiled[5.2.134~1-ecd4]:main():align-equal-compiled.cc:109) Computed 999 alignments; 0 lacked features, 1 had other errors.
WARNING (gmm-acc-stats-ali[5.2.134~1-ecd4]:main():gmm-acc-stats-ali.cc:79) No alignment for utterance nicolas_6_7
LOG (gmm-acc-stats-ali[5.2.134~1-ecd4]:main():gmm-acc-stats-ali.cc:105) Processed 350 utterances; for utterance nicolas_7_0 avg. like is -106.885 over 35 frames.
LOG (gmm-acc-stats-ali[5.2.134~1-ecd4]:main():gmm-acc-stats-ali.cc:105) Processed 400 utterances; for utterance nicolas_8_0 avg. like is -100.978 over 21 frames.
LOG (gmm-acc-stats-ali[5.2.134~1-ecd4]:main():gmm-acc-stats-ali.cc:105) Processed 450 utterances; for utterance nicolas_9_0 avg. like is -106.296 over 40 frames.
LOG (gmm-acc-stats-ali[5.2.134~1-ecd4]:main():gmm-acc-stats-ali.cc:105) Processed 500 utterances; for utterance theo_0_0 avg. like is -103.068 over 37 frames.
LOG (gmm-acc-stats-ali[5.2.134~1-ecd4]:main():gmm-acc-stats-ali.cc:105) Processed 550 utterances; for utterance theo_1_0 avg. like is -125.152 over 22 frames.
LOG (gmm-acc-stats-ali[5.2.134~1-ecd4]:main():gmm-acc-stats-ali.cc:105) Processed 600 utterances; for utterance theo_2_0 avg. like is -132.633 over 22 frames.
LOG (gmm-acc-stats-ali[5.2.134~1-ecd4]:main():gmm-acc-stats-ali.cc:105) Processed 650 utterances; for utterance theo_3_0 avg. like is -135.526 over 22 frames.
LOG (gmm-acc-stats-ali[5.2.134~1-ecd4]:main():gmm-acc-stats-ali.cc:105) Processed 700 utterances; for utterance theo_4_0 avg. like is -103.341 over 25 frames.
LOG (gmm-acc-stats-ali[5.2.134~1-ecd4]:main():gmm-acc-stats-ali.cc:105) Processed 750 utterances; for utterance theo_5_0 avg. like is -111.326 over 28 frames.
LOG (gmm-acc-stats-ali[5.2.134~1-ecd4]:main():gmm-acc-stats-ali.cc:105) Processed 800 utterances; for utterance theo_6_0 avg. like is -129.024 over 47 frames.
LOG (gmm-acc-stats-ali[5.2.134~1-ecd4]:main():gmm-acc-stats-ali.cc:105) Processed 850 utterances; for utterance theo_7_0 avg. like is -113.605 over 41 frames.
LOG (gmm-acc-stats-ali[5.2.134~1-ecd4]:main():gmm-acc-stats-ali.cc:105) Processed 900 utterances; for utterance theo_8_0 avg. like is -116.587 over 34 frames.
LOG (gmm-acc-stats-ali[5.2.134~1-ecd4]:main():gmm-acc-stats-ali.cc:105) Processed 950 utterances; for utterance theo_9_0 avg. like is -108.117 over 36 frames.
LOG (apply-cmvn[5.2.134~1-ecd4]:main():apply-cmvn.cc:162) Applied cepstral mean normalization to 1000 utterances, errors on 0
LOG (gmm-acc-stats-ali[5.2.134~1-ecd4]:main():gmm-acc-stats-ali.cc:112) Done 999 files, 1 with errors.
LOG (gmm-acc-stats-ali[5.2.134~1-ecd4]:main():gmm-acc-stats-ali.cc:115) Overall avg like per frame (Gaussian only) = -108.262 over 34890 frames.
LOG (gmm-acc-stats-ali[5.2.134~1-ecd4]:main():gmm-acc-stats-ali.cc:123) Written accs.
# Accounting: time=0 threads=1
# Ended (code 0) at Sat Nov 11 18:39:22 EST 2017, elapsed time 0 seconds
