# gmm-est --write-occs=exp/mono/19.occs --mix-up=597 --power=0.25 exp/mono/18.mdl "gmm-sum-accs - exp/mono/18.*.acc|" exp/mono/19.mdl 
# Started at Sun Oct 29 19:39:49 EDT 2017
#
gmm-est --write-occs=exp/mono/19.occs --mix-up=597 --power=0.25 exp/mono/18.mdl 'gmm-sum-accs - exp/mono/18.*.acc|' exp/mono/19.mdl 
gmm-sum-accs - exp/mono/18.1.acc 
LOG (gmm-sum-accs[5.2.134~1-ecd4]:main():gmm-sum-accs.cc:63) Summed 1 stats, total count 59729, avg like/frame -82.6339
LOG (gmm-sum-accs[5.2.134~1-ecd4]:main():gmm-sum-accs.cc:66) Total count of stats is 59729
LOG (gmm-sum-accs[5.2.134~1-ecd4]:main():gmm-sum-accs.cc:67) Written stats to -
LOG (gmm-est[5.2.134~1-ecd4]:MleUpdate():transition-model.cc:517) TransitionModel::Update, objf change is 0.000250544 per frame over 59729 frames. 
LOG (gmm-est[5.2.134~1-ecd4]:MleUpdate():transition-model.cc:520) 7 probabilities floored, 205 out of 290 transition-states skipped due to insuffient data (it is normal to have some skipped.)
LOG (gmm-est[5.2.134~1-ecd4]:main():gmm-est.cc:102) Transition model update: Overall 0.000250544 log-like improvement per frame over 59729 frames.
WARNING (gmm-est[5.2.134~1-ecd4]:MleDiagGmmUpdate():mle-diag-gmm.cc:365) Gaussian has too little data but not removing it because it is the last Gaussian: i = 0, occ = 0, weight = 1
WARNING (gmm-est[5.2.134~1-ecd4]:MleDiagGmmUpdate():mle-diag-gmm.cc:365) Gaussian has too little data but not removing it because it is the last Gaussian: i = 0, occ = 0, weight = 1
WARNING (gmm-est[5.2.134~1-ecd4]:MleDiagGmmUpdate():mle-diag-gmm.cc:365) Gaussian has too little data but not removing it because it is the last Gaussian: i = 0, occ = 0, weight = 1
WARNING (gmm-est[5.2.134~1-ecd4]:MleDiagGmmUpdate():mle-diag-gmm.cc:365) Gaussian has too little data but not removing it because it is the last Gaussian: i = 0, occ = 0, weight = 1
WARNING (gmm-est[5.2.134~1-ecd4]:MleDiagGmmUpdate():mle-diag-gmm.cc:365) Gaussian has too little data but not removing it because it is the last Gaussian: i = 0, occ = 0, weight = 1
WARNING (gmm-est[5.2.134~1-ecd4]:MleDiagGmmUpdate():mle-diag-gmm.cc:365) Gaussian has too little data but not removing it because it is the last Gaussian: i = 0, occ = 0, weight = 1
LOG (gmm-est[5.2.134~1-ecd4]:MleAmDiagGmmUpdate():mle-am-diag-gmm.cc:225) 0 variance elements floored in 0 Gaussians, out of 566
LOG (gmm-est[5.2.134~1-ecd4]:MleAmDiagGmmUpdate():mle-am-diag-gmm.cc:229) Removed 0 Gaussians due to counts < --min-gaussian-occupancy=10 and --remove-low-count-gaussians=true
LOG (gmm-est[5.2.134~1-ecd4]:main():gmm-est.cc:113) GMM update: Overall 0.174632 objective function improvement per frame over 59729 frames
LOG (gmm-est[5.2.134~1-ecd4]:main():gmm-est.cc:116) GMM update: Overall avg like per frame = -82.6339 over 59729 frames.
LOG (gmm-est[5.2.134~1-ecd4]:SplitByCount():am-diag-gmm.cc:116) Split 70 states with target = 597, power = 0.25, perturb_factor = 0.01 and min_count = 20, split #Gauss from 566 to 597
LOG (gmm-est[5.2.134~1-ecd4]:main():gmm-est.cc:146) Written model to exp/mono/19.mdl
# Accounting: time=0 threads=1
# Ended (code 0) at Sun Oct 29 19:39:49 EDT 2017, elapsed time 0 seconds
